
Showing logs for build [32mentando-k8s-entando-k8s-custom-b9sb8-16[0m stage [32mfrom-build-pack[0m and container [32mstep-credential-initializer-dnqld[0m
{"level":"warn","ts":1612270067.3021626,"logger":"fallback-logger","caller":"logging/config.go:69","msg":"Fetch GitHub commit ID from kodata failed: \"ref: refs/heads/0.8.0-**-support-backwards-incompats\" is not a valid GitHub commit ID"}
{"level":"info","ts":1612270067.3162124,"logger":"fallback-logger","caller":"creds-init/main.go:40","msg":"Credentials initialized."}

Showing logs for build [32mentando-k8s-entando-k8s-custom-b9sb8-16[0m stage [32mfrom-build-pack[0m and container [32mstep-working-dir-initializer-kc2kx[0m
{"level":"warn","ts":1612270074.590914,"logger":"fallback-logger","caller":"logging/config.go:69","msg":"Fetch GitHub commit ID from kodata failed: open /var/run/ko/HEAD: no such file or directory"}
{"level":"info","ts":1612270074.6190012,"logger":"fallback-logger","caller":"bash/main.go:64","msg":"Successfully e**cuted command \"sh -c mkdir -p /workspace/source\"; output "}

Showing logs for build [32mentando-k8s-entando-k8s-custom-b9sb8-16[0m stage [32mfrom-build-pack[0m and container [32mstep-place-tools[0m

Showing logs for build [32mentando-k8s-entando-k8s-custom-b9sb8-16[0m stage [32mfrom-build-pack[0m and container [32mstep-git-source-entando-k8s-entando-k8s-custom-7hp2d[0m
{"level":"warn","ts":1612270105.3423083,"logger":"fallback-logger","caller":"logging/config.go:69","msg":"Fetch GitHub commit ID from kodata failed: \"ref: refs/heads/0.8.0-**-support-backwards-incompats\" is not a valid GitHub commit ID"}
{"level":"info","ts":1612270107.2119231,"logger":"fallback-logger","caller":"git/git.go:103","msg":"Successfully cloned https://github.com/entando-k8s/entando-k8s-custom-model.git @ v6.3.0 in path /workspace/source"}

Showing logs for build [32mentando-k8s-entando-k8s-custom-b9sb8-16[0m stage [32mfrom-build-pack[0m and container [32mstep-git-merge[0m
Using SHAs from PULL_REFS=master:6cd58cbc37ee97b8a294262f5f9fef4f217c4195
WARNING: no SHAs to merge, falling back to initial cloned commit

Showing logs for build [32mentando-k8s-entando-k8s-custom-b9sb8-16[0m stage [32mfrom-build-pack[0m and container [32mstep-setup-jx-git-credentials[0m
Generated Git credentials file /workspace/xdg_config/git/credentials

Showing logs for build [32mentando-k8s-entando-k8s-custom-b9sb8-16[0m stage [32mfrom-build-pack[0m and container [32mstep-build-fetch-history-for-sonar[0m
From https://github.com/entando-k8s/entando-k8s-custom-model
 * [new branch]      ENG-1218_added_resource_requirements -> origin/ENG-1218_added_resource_requirements
 * [new branch]      ENG-1301_single_host_quickstart -> origin/ENG-1301_single_host_quickstart
 * [new branch]      ENG-1447_improved_keycloak_config -> origin/ENG-1447_improved_keycloak_config
 * [new branch]      ENG-1737_added_standardImage_to_keycloak_crd -> origin/ENG-1737_added_standardImage_to_keycloak_crd
 * [new branch]      ENG-395_bundle-crd-rewrite -> origin/ENG-395_bundle-crd-rewrite
 * [new branch]      ENG-562_support_h2_and_derby -> origin/ENG-562_support_h2_and_derby
 * [new branch]      ENG-872_parameters_migrated_to_envvars -> origin/ENG-872_parameters_migrated_to_envvars
 * [new branch]      configurable_serviceacount -> origin/configurable_serviceacount
 * [new branch]      entando-**-patch-1 -> origin/entando-**-patch-1
 * [new branch]      firegloves-owners  -> origin/firegloves-owners
 * [new branch]      master             -> origin/master
 * [new branch]      poste              -> origin/poste
 * [new tag]         v6.3.0             -> v6.3.0

Showing logs for build [32mentando-k8s-entando-k8s-custom-b9sb8-16[0m stage [32mfrom-build-pack[0m and container [32mstep-build-mvn-deploy-release[0m
Picked up _JAVA_OPTIONS: -XX:+UnlockExperimentalVMOptions -Dsun.zip.disableMemoryMapping=**** -XX:+UseParallelGC -XX:MinHeapFreeRatio=5 -XX:MaxHeapFreeRatio=10 -XX:GCTimeRatio=4 -XX:AdaptiveSizePolicyWeight=90 -Xms10m -Xmx8000m
[INFO] Scanning for projects...
[INFO] 
[INFO] ----------------< org.entando:entando-k8s-custom-model >----------------
[INFO] Building Entando Kubernetes Custom Model 6.3.0
[INFO] --------------------------------[ jar ]---------------------------------
[INFO] 
[INFO] --- maven-clean-plugin:2.5:clean (default-clean) @ entando-k8s-custom-model ---
[INFO] 
[INFO] --- maven-checkstyle-plugin:3.1.1:check (validate) @ entando-k8s-custom-model ---
[INFO] Starting audit...
Audit done.
[INFO] You have 0 Checkstyle violations.
[INFO] 
[INFO] --- maven-checkstyle-plugin:3.1.1:checkstyle (validate) @ entando-k8s-custom-model ---
[INFO] Starting audit...
Audit done.
[INFO] 
[INFO] --- jacoco-maven-plugin:0.8.5:prepare-agent (prepare-agent) @ entando-k8s-custom-model ---
[INFO] argLine set to -javaagent:/home/jenkins/.mvnrepository/org/jacoco/org.jacoco.agent/0.8.5/org.jacoco.agent-0.8.5-runtime.jar=destfile=/workspace/source/target/jacoco.e**c
[INFO] 
[INFO] --- maven-resources-plugin:2.6:resources (default-resources) @ entando-k8s-custom-model ---
[INFO] Using 'UTF-8' encoding to copy filtered resources.
[INFO] Copying 18 resources
[INFO] 
[INFO] --- maven-compiler-plugin:3.8.1:compile (default-compile) @ entando-k8s-custom-model ---
[INFO] Changes detected - recompiling the module!
[INFO] Compiling 135 source files to /workspace/source/target/classes
[INFO] 
[INFO] --- maven-resources-plugin:2.6:testResources (default-testResources) @ entando-k8s-custom-model ---
[INFO] Using 'UTF-8' encoding to copy filtered resources.
[INFO] Copying 3 resources
[INFO] 
[INFO] --- maven-compiler-plugin:3.8.1:testCompile (default-testCompile) @ entando-k8s-custom-model ---
[INFO] Changes detected - recompiling the module!
[INFO] Compiling 28 source files to /workspace/source/target/test-classes
[INFO] 
[INFO] --- maven-surefire-plugin:3.0.0-M1:test (default-test) @ entando-k8s-custom-model ---
[INFO] 
[INFO] -------------------------------------------------------
[INFO]  T E S T S
[INFO] -------------------------------------------------------
[INFO] Running org.entando.kubernetes.model.inprocesstest.EntandoCustomResourceStatusTest
[INFO] Tests run: 1, Failures: 0, Errors: 0, Skipped: 0, Time elapsed: 3.096 s - in org.entando.kubernetes.model.inprocesstest.EntandoCustomResourceStatusTest
[INFO] Running org.entando.kubernetes.model.inprocesstest.EntandoPluginMockedTest
Feb 02, 2021 12:49:04 PM okhttp3.mockwebserver.MockWebServer$2 e**cute
INFO: MockWebServer[42438] starting to accept connections
Feb 02, 2021 12:49:05 PM okhttp3.mockwebserver.MockWebServer$3 processOneRequest
INFO: MockWebServer[42438] received request: GET /apis/apiextensions.k8s.io/v1beta1/customresourcedefinitions/entandoplugins.entando.org HTTP/1.1 and responded: HTTP/1.1 404 Client Error
Feb 02, 2021 12:49:05 PM okhttp3.mockwebserver.MockWebServer$3 processOneRequest
INFO: MockWebServer[42438] received request: POST /apis/apiextensions.k8s.io/v1beta1/customresourcedefinitions HTTP/1.1 and responded: HTTP/1.1 202 OK
Feb 02, 2021 12:49:05 PM okhttp3.mockwebserver.MockWebServer$3 processOneRequest
INFO: MockWebServer[42438] received request: GET /api/v1/namespaces/test HTTP/1.1 and responded: HTTP/1.1 404 Client Error
Feb 02, 2021 12:49:05 PM okhttp3.mockwebserver.MockWebServer$3 processOneRequest
INFO: MockWebServer[42438] received request: GET /apis/entando.org/v1/namespaces/default/entandoplugins HTTP/1.1 and responded: HTTP/1.1 200 OK
Feb 02, 2021 12:49:06 PM okhttp3.mockwebserver.MockWebServer$3 processOneRequest
INFO: MockWebServer[42438] received request: GET /api/v1/namespaces/test HTTP/1.1 and responded: HTTP/1.1 404 Client Error
Feb 02, 2021 12:49:06 PM okhttp3.mockwebserver.MockWebServer$3 processOneRequest
INFO: MockWebServer[42438] received request: GET /apis/entando.org/v1/namespaces/default/entandoplugins HTTP/1.1 and responded: HTTP/1.1 200 OK
Feb 02, 2021 12:49:06 PM okhttp3.mockwebserver.MockWebServer$3 processOneRequest
INFO: MockWebServer[42438] received request: GET /api/v1/namespaces/entando-k8s-custom-model-cums16 HTTP/1.1 and responded: HTTP/1.1 404 Client Error
Feb 02, 2021 12:49:06 PM okhttp3.mockwebserver.MockWebServer$3 processOneRequest
INFO: MockWebServer[42438] received request: POST /api/v1/namespaces HTTP/1.1 and responded: HTTP/1.1 202 OK
Feb 02, 2021 12:49:06 PM okhttp3.mockwebserver.MockWebServer$3 processOneRequest
INFO: MockWebServer[42438] received request: POST /apis/entando.org/v1/namespaces/entando-k8s-custom-model-cums16/entandoplugins HTTP/1.1 and responded: HTTP/1.1 202 OK
Feb 02, 2021 12:49:06 PM okhttp3.mockwebserver.MockWebServer$3 processOneRequest
INFO: MockWebServer[42438] received request: GET /apis/entando.org/v1/namespaces/entando-k8s-custom-model-cums16/entandoplugins/my-plugin HTTP/1.1 and responded: HTTP/1.1 200 OK
Feb 02, 2021 12:49:06 PM okhttp3.mockwebserver.MockWebServer$3 processOneRequest
INFO: MockWebServer[42438] received request: GET /apis/entando.org/v1/namespaces/entando-k8s-custom-model-cums16/entandoplugins/my-plugin HTTP/1.1 and responded: HTTP/1.1 200 OK
Feb 02, 2021 12:49:06 PM okhttp3.mockwebserver.MockWebServer$3 processOneRequest
INFO: MockWebServer[42438] received request: PATCH /apis/entando.org/v1/namespaces/entando-k8s-custom-model-cums16/entandoplugins/my-plugin HTTP/1.1 and responded: HTTP/1.1 202 OK
Feb 02, 2021 12:49:06 PM okhttp3.mockwebserver.MockWebServer$3 processOneRequest
INFO: MockWebServer[42438] received request: PUT /apis/entando.org/v1/namespaces/entando-k8s-custom-model-cums16/entandoplugins/my-plugin/status HTTP/1.1 and responded: HTTP/1.1 202 OK
Feb 02, 2021 12:49:06 PM okhttp3.mockwebserver.MockWebServer$2 acceptConnections
INFO: MockWebServer[42438] done accepting connections: Socket closed
Feb 02, 2021 12:49:06 PM okhttp3.mockwebserver.MockWebServer$2 e**cute
INFO: MockWebServer[42458] starting to accept connections
Feb 02, 2021 12:49:07 PM okhttp3.mockwebserver.MockWebServer$3 processOneRequest
INFO: MockWebServer[42458] received request: GET /api/v1/namespaces/test HTTP/1.1 and responded: HTTP/1.1 404 Client Error
Feb 02, 2021 12:49:07 PM okhttp3.mockwebserver.MockWebServer$3 processOneRequest
INFO: MockWebServer[42458] received request: GET /apis/entando.org/v1/namespaces/default/entandoplugins HTTP/1.1 and responded: HTTP/1.1 200 OK
Feb 02, 2021 12:49:07 PM okhttp3.mockwebserver.MockWebServer$3 processOneRequest
INFO: MockWebServer[42458] received request: GET /api/v1/namespaces/test HTTP/1.1 and responded: HTTP/1.1 404 Client Error
Feb 02, 2021 12:49:07 PM okhttp3.mockwebserver.MockWebServer$3 processOneRequest
INFO: MockWebServer[42458] received request: GET /apis/entando.org/v1/namespaces/default/entandoplugins HTTP/1.1 and responded: HTTP/1.1 200 OK
Feb 02, 2021 12:49:07 PM okhttp3.mockwebserver.MockWebServer$3 processOneRequest
INFO: MockWebServer[42458] received request: GET /api/v1/namespaces/entando-k8s-custom-model-cums16 HTTP/1.1 and responded: HTTP/1.1 404 Client Error
Feb 02, 2021 12:49:07 PM okhttp3.mockwebserver.MockWebServer$3 processOneRequest
INFO: MockWebServer[42458] received request: POST /api/v1/namespaces HTTP/1.1 and responded: HTTP/1.1 202 OK
Feb 02, 2021 12:49:07 PM okhttp3.mockwebserver.MockWebServer$3 processOneRequest
INFO: MockWebServer[42458] received request: POST /apis/entando.org/v1/namespaces/entando-k8s-custom-model-cums16/entandoplugins HTTP/1.1 and responded: HTTP/1.1 202 OK
Feb 02, 2021 12:49:07 PM okhttp3.mockwebserver.MockWebServer$3 processOneRequest
INFO: MockWebServer[42458] received request: GET /apis/entando.org/v1/namespaces/entando-k8s-custom-model-cums16/entandoplugins/my-plugin HTTP/1.1 and responded: HTTP/1.1 200 OK
Feb 02, 2021 12:49:07 PM okhttp3.mockwebserver.MockWebServer$2 acceptConnections
INFO: MockWebServer[42458] done accepting connections: Socket closed
Feb 02, 2021 12:49:07 PM okhttp3.mockwebserver.MockWebServer$2 e**cute
INFO: MockWebServer[43762] starting to accept connections
Feb 02, 2021 12:49:07 PM okhttp3.mockwebserver.MockWebServer$3 processOneRequest
INFO: MockWebServer[43762] received request: GET /api/v1/namespaces/test HTTP/1.1 and responded: HTTP/1.1 404 Client Error
Feb 02, 2021 12:49:07 PM okhttp3.mockwebserver.MockWebServer$3 processOneRequest
INFO: MockWebServer[43762] received request: GET /apis/entando.org/v1/namespaces/default/entandoplugins HTTP/1.1 and responded: HTTP/1.1 200 OK
Feb 02, 2021 12:49:07 PM okhttp3.mockwebserver.MockWebServer$3 processOneRequest
INFO: MockWebServer[43762] received request: GET /api/v1/namespaces/test HTTP/1.1 and responded: HTTP/1.1 404 Client Error
Feb 02, 2021 12:49:08 PM okhttp3.mockwebserver.MockWebServer$3 processOneRequest
INFO: MockWebServer[43762] received request: GET /apis/entando.org/v1/namespaces/default/entandoplugins HTTP/1.1 and responded: HTTP/1.1 200 OK
Feb 02, 2021 12:49:08 PM okhttp3.mockwebserver.MockWebServer$3 processOneRequest
INFO: MockWebServer[43762] received request: GET /api/v1/namespaces/entando-k8s-custom-model-cums16 HTTP/1.1 and responded: HTTP/1.1 404 Client Error
Feb 02, 2021 12:49:08 PM okhttp3.mockwebserver.MockWebServer$3 processOneRequest
INFO: MockWebServer[43762] received request: POST /api/v1/namespaces HTTP/1.1 and responded: HTTP/1.1 202 OK
Feb 02, 2021 12:49:08 PM okhttp3.mockwebserver.MockWebServer$2 acceptConnections
INFO: MockWebServer[43762] done accepting connections: Socket closed
[INFO] Tests run: 3, Failures: 0, Errors: 0, Skipped: 0, Time elapsed: 4.144 s - in org.entando.kubernetes.model.inprocesstest.EntandoPluginMockedTest
[INFO] Running org.entando.kubernetes.model.inprocesstest.EntandoKeycloakServerMockedTest
Feb 02, 2021 12:49:08 PM okhttp3.mockwebserver.MockWebServer$2 e**cute
INFO: MockWebServer[60510] starting to accept connections
Feb 02, 2021 12:49:08 PM okhttp3.mockwebserver.MockWebServer$3 processOneRequest
INFO: MockWebServer[60510] received request: GET /apis/apiextensions.k8s.io/v1beta1/customresourcedefinitions/entandokeycloakservers.entando.org HTTP/1.1 and responded: HTTP/1.1 404 Client Error
Feb 02, 2021 12:49:08 PM okhttp3.mockwebserver.MockWebServer$3 processOneRequest
INFO: MockWebServer[60510] received request: POST /apis/apiextensions.k8s.io/v1beta1/customresourcedefinitions HTTP/1.1 and responded: HTTP/1.1 202 OK
Feb 02, 2021 12:49:08 PM okhttp3.mockwebserver.MockWebServer$3 processOneRequest
INFO: MockWebServer[60510] received request: GET /api/v1/namespaces/test HTTP/1.1 and responded: HTTP/1.1 404 Client Error
Feb 02, 2021 12:49:08 PM okhttp3.mockwebserver.MockWebServer$3 processOneRequest
INFO: MockWebServer[60510] received request: GET /apis/entando.org/v1/namespaces/default/entandokeycloakservers HTTP/1.1 and responded: HTTP/1.1 200 OK
Feb 02, 2021 12:49:08 PM okhttp3.mockwebserver.MockWebServer$3 processOneRequest
INFO: MockWebServer[60510] received request: GET /api/v1/namespaces/test HTTP/1.1 and responded: HTTP/1.1 404 Client Error
Feb 02, 2021 12:49:08 PM okhttp3.mockwebserver.MockWebServer$3 processOneRequest
INFO: MockWebServer[60510] received request: GET /apis/entando.org/v1/namespaces/default/entandokeycloakservers HTTP/1.1 and responded: HTTP/1.1 200 OK
Feb 02, 2021 12:49:09 PM okhttp3.mockwebserver.MockWebServer$3 processOneRequest
INFO: MockWebServer[60510] received request: GET /api/v1/namespaces/entando-k8s-custom-model-cums16 HTTP/1.1 and responded: HTTP/1.1 404 Client Error
Feb 02, 2021 12:49:09 PM okhttp3.mockwebserver.MockWebServer$3 processOneRequest
INFO: MockWebServer[60510] received request: POST /api/v1/namespaces HTTP/1.1 and responded: HTTP/1.1 202 OK
Feb 02, 2021 12:49:09 PM okhttp3.mockwebserver.MockWebServer$3 processOneRequest
INFO: MockWebServer[60510] received request: POST /apis/entando.org/v1/namespaces/entando-k8s-custom-model-cums16/entandokeycloakservers HTTP/1.1 and responded: HTTP/1.1 202 OK
Feb 02, 2021 12:49:09 PM okhttp3.mockwebserver.MockWebServer$3 processOneRequest
INFO: MockWebServer[60510] received request: GET /apis/entando.org/v1/namespaces/entando-k8s-custom-model-cums16/entandokeycloakservers/my-keycloak HTTP/1.1 and responded: HTTP/1.1 200 OK
Feb 02, 2021 12:49:09 PM okhttp3.mockwebserver.MockWebServer$2 acceptConnections
INFO: MockWebServer[60510] done accepting connections: Socket closed
Feb 02, 2021 12:49:09 PM okhttp3.mockwebserver.MockWebServer$2 e**cute
INFO: MockWebServer[37002] starting to accept connections
Feb 02, 2021 12:49:09 PM okhttp3.mockwebserver.MockWebServer$3 processOneRequest
INFO: MockWebServer[37002] received request: GET /api/v1/namespaces/test HTTP/1.1 and responded: HTTP/1.1 404 Client Error
Feb 02, 2021 12:49:09 PM okhttp3.mockwebserver.MockWebServer$3 processOneRequest
INFO: MockWebServer[37002] received request: GET /apis/entando.org/v1/namespaces/default/entandokeycloakservers HTTP/1.1 and responded: HTTP/1.1 200 OK
Feb 02, 2021 12:49:09 PM okhttp3.mockwebserver.MockWebServer$3 processOneRequest
INFO: MockWebServer[37002] received request: GET /api/v1/namespaces/test HTTP/1.1 and responded: HTTP/1.1 404 Client Error
Feb 02, 2021 12:49:09 PM okhttp3.mockwebserver.MockWebServer$3 processOneRequest
INFO: MockWebServer[37002] received request: GET /apis/entando.org/v1/namespaces/default/entandokeycloakservers HTTP/1.1 and responded: HTTP/1.1 200 OK
Feb 02, 2021 12:49:09 PM okhttp3.mockwebserver.MockWebServer$3 processOneRequest
INFO: MockWebServer[37002] received request: GET /api/v1/namespaces/entando-k8s-custom-model-cums16 HTTP/1.1 and responded: HTTP/1.1 404 Client Error
Feb 02, 2021 12:49:09 PM okhttp3.mockwebserver.MockWebServer$3 processOneRequest
INFO: MockWebServer[37002] received request: POST /api/v1/namespaces HTTP/1.1 and responded: HTTP/1.1 202 OK
Feb 02, 2021 12:49:09 PM okhttp3.mockwebserver.MockWebServer$3 processOneRequest
INFO: MockWebServer[37002] received request: POST /apis/entando.org/v1/namespaces/entando-k8s-custom-model-cums16/entandokeycloakservers HTTP/1.1 and responded: HTTP/1.1 202 OK
Feb 02, 2021 12:49:10 PM okhttp3.mockwebserver.MockWebServer$3 processOneRequest
INFO: MockWebServer[37002] received request: GET /apis/entando.org/v1/namespaces/entando-k8s-custom-model-cums16/entandokeycloakservers/my-keycloak HTTP/1.1 and responded: HTTP/1.1 200 OK
Feb 02, 2021 12:49:10 PM okhttp3.mockwebserver.MockWebServer$3 processOneRequest
INFO: MockWebServer[37002] received request: GET /apis/entando.org/v1/namespaces/entando-k8s-custom-model-cums16/entandokeycloakservers/my-keycloak HTTP/1.1 and responded: HTTP/1.1 200 OK
Feb 02, 2021 12:49:10 PM okhttp3.mockwebserver.MockWebServer$3 processOneRequest
INFO: MockWebServer[37002] received request: PATCH /apis/entando.org/v1/namespaces/entando-k8s-custom-model-cums16/entandokeycloakservers/my-keycloak HTTP/1.1 and responded: HTTP/1.1 202 OK
Feb 02, 2021 12:49:10 PM okhttp3.mockwebserver.MockWebServer$3 processOneRequest
INFO: MockWebServer[37002] received request: PUT /apis/entando.org/v1/namespaces/entando-k8s-custom-model-cums16/entandokeycloakservers/my-keycloak/status HTTP/1.1 and responded: HTTP/1.1 202 OK
Feb 02, 2021 12:49:10 PM okhttp3.mockwebserver.MockWebServer$2 acceptConnections
INFO: MockWebServer[37002] done accepting connections: Socket closed
Feb 02, 2021 12:49:10 PM okhttp3.mockwebserver.MockWebServer$2 e**cute
INFO: MockWebServer[58844] starting to accept connections
Feb 02, 2021 12:49:10 PM okhttp3.mockwebserver.MockWebServer$3 processOneRequest
INFO: MockWebServer[58844] received request: GET /api/v1/namespaces/test HTTP/1.1 and responded: HTTP/1.1 404 Client Error
Feb 02, 2021 12:49:10 PM okhttp3.mockwebserver.MockWebServer$3 processOneRequest
INFO: MockWebServer[58844] received request: GET /apis/entando.org/v1/namespaces/default/entandokeycloakservers HTTP/1.1 and responded: HTTP/1.1 200 OK
Feb 02, 2021 12:49:10 PM okhttp3.mockwebserver.MockWebServer$3 processOneRequest
INFO: MockWebServer[58844] received request: GET /api/v1/namespaces/test HTTP/1.1 and responded: HTTP/1.1 404 Client Error
Feb 02, 2021 12:49:10 PM okhttp3.mockwebserver.MockWebServer$3 processOneRequest
INFO: MockWebServer[58844] received request: GET /apis/entando.org/v1/namespaces/default/entandokeycloakservers HTTP/1.1 and responded: HTTP/1.1 200 OK
Feb 02, 2021 12:49:10 PM okhttp3.mockwebserver.MockWebServer$3 processOneRequest
INFO: MockWebServer[58844] received request: GET /api/v1/namespaces/entando-k8s-custom-model-cums16 HTTP/1.1 and responded: HTTP/1.1 404 Client Error
Feb 02, 2021 12:49:10 PM okhttp3.mockwebserver.MockWebServer$3 processOneRequest
INFO: MockWebServer[58844] received request: POST /api/v1/namespaces HTTP/1.1 and responded: HTTP/1.1 202 OK
Feb 02, 2021 12:49:10 PM okhttp3.mockwebserver.MockWebServer$2 acceptConnections
INFO: MockWebServer[58844] done accepting connections: Socket closed
Feb 02, 2021 12:49:10 PM okhttp3.mockwebserver.MockWebServer$2 e**cute
INFO: MockWebServer[58753] starting to accept connections
[INFO] Tests run: 3, Failures: 0, Errors: 0, Skipped: 0, Time elapsed: 2.496 s - in org.entando.kubernetes.model.inprocesstest.EntandoKeycloakServerMockedTest
[INFO] Running org.entando.kubernetes.model.inprocesstest.EntandoClusterInfrastructureMockedTest
Feb 02, 2021 12:49:11 PM okhttp3.mockwebserver.MockWebServer$3 processOneRequest
INFO: MockWebServer[58753] received request: GET /apis/apiextensions.k8s.io/v1beta1/customresourcedefinitions/entandoclusterinfrastructures.entando.org HTTP/1.1 and responded: HTTP/1.1 404 Client Error
Feb 02, 2021 12:49:11 PM okhttp3.mockwebserver.MockWebServer$3 processOneRequest
INFO: MockWebServer[58753] received request: POST /apis/apiextensions.k8s.io/v1beta1/customresourcedefinitions HTTP/1.1 and responded: HTTP/1.1 202 OK
Feb 02, 2021 12:49:11 PM okhttp3.mockwebserver.MockWebServer$3 processOneRequest
INFO: MockWebServer[58753] received request: GET /api/v1/namespaces/test HTTP/1.1 and responded: HTTP/1.1 404 Client Error
Feb 02, 2021 12:49:11 PM okhttp3.mockwebserver.MockWebServer$3 processOneRequest
INFO: MockWebServer[58753] received request: GET /apis/entando.org/v1/namespaces/default/entandoclusterinfrastructures HTTP/1.1 and responded: HTTP/1.1 200 OK
Feb 02, 2021 12:49:11 PM okhttp3.mockwebserver.MockWebServer$3 processOneRequest
INFO: MockWebServer[58753] received request: GET /api/v1/namespaces/test HTTP/1.1 and responded: HTTP/1.1 404 Client Error
Feb 02, 2021 12:49:11 PM okhttp3.mockwebserver.MockWebServer$3 processOneRequest
INFO: MockWebServer[58753] received request: GET /apis/entando.org/v1/namespaces/default/entandoclusterinfrastructures HTTP/1.1 and responded: HTTP/1.1 200 OK
Feb 02, 2021 12:49:11 PM okhttp3.mockwebserver.MockWebServer$3 processOneRequest
INFO: MockWebServer[58753] received request: GET /api/v1/namespaces/entando-k8s-custom-model-cums16 HTTP/1.1 and responded: HTTP/1.1 404 Client Error
Feb 02, 2021 12:49:11 PM okhttp3.mockwebserver.MockWebServer$3 processOneRequest
INFO: MockWebServer[58753] received request: POST /api/v1/namespaces HTTP/1.1 and responded: HTTP/1.1 202 OK
Feb 02, 2021 12:49:11 PM okhttp3.mockwebserver.MockWebServer$3 processOneRequest
INFO: MockWebServer[58753] received request: POST /apis/entando.org/v1/namespaces/entando-k8s-custom-model-cums16/entandoclusterinfrastructures HTTP/1.1 and responded: HTTP/1.1 202 OK
Feb 02, 2021 12:49:11 PM okhttp3.mockwebserver.MockWebServer$3 processOneRequest
INFO: MockWebServer[58753] received request: GET /apis/entando.org/v1/namespaces/entando-k8s-custom-model-cums16/entandoclusterinfrastructures/my-entando-cluster-infrastructure HTTP/1.1 and responded: HTTP/1.1 200 OK
Feb 02, 2021 12:49:11 PM okhttp3.mockwebserver.MockWebServer$2 acceptConnections
INFO: MockWebServer[58753] done accepting connections: Socket closed
Feb 02, 2021 12:49:11 PM okhttp3.mockwebserver.MockWebServer$2 e**cute
INFO: MockWebServer[45361] starting to accept connections
Feb 02, 2021 12:49:12 PM okhttp3.mockwebserver.MockWebServer$3 processOneRequest
INFO: MockWebServer[45361] received request: GET /api/v1/namespaces/test HTTP/1.1 and responded: HTTP/1.1 404 Client Error
Feb 02, 2021 12:49:12 PM okhttp3.mockwebserver.MockWebServer$3 processOneRequest
INFO: MockWebServer[45361] received request: GET /apis/entando.org/v1/namespaces/default/entandoclusterinfrastructures HTTP/1.1 and responded: HTTP/1.1 200 OK
Feb 02, 2021 12:49:12 PM okhttp3.mockwebserver.MockWebServer$3 processOneRequest
INFO: MockWebServer[45361] received request: GET /api/v1/namespaces/test HTTP/1.1 and responded: HTTP/1.1 404 Client Error
Feb 02, 2021 12:49:12 PM okhttp3.mockwebserver.MockWebServer$3 processOneRequest
INFO: MockWebServer[45361] received request: GET /apis/entando.org/v1/namespaces/default/entandoclusterinfrastructures HTTP/1.1 and responded: HTTP/1.1 200 OK
Feb 02, 2021 12:49:12 PM okhttp3.mockwebserver.MockWebServer$3 processOneRequest
INFO: MockWebServer[45361] received request: GET /api/v1/namespaces/entando-k8s-custom-model-cums16 HTTP/1.1 and responded: HTTP/1.1 404 Client Error
Feb 02, 2021 12:49:12 PM okhttp3.mockwebserver.MockWebServer$3 processOneRequest
INFO: MockWebServer[45361] received request: POST /api/v1/namespaces HTTP/1.1 and responded: HTTP/1.1 202 OK
Feb 02, 2021 12:49:12 PM okhttp3.mockwebserver.MockWebServer$3 processOneRequest
INFO: MockWebServer[45361] received request: POST /apis/entando.org/v1/namespaces/entando-k8s-custom-model-cums16/entandoclusterinfrastructures HTTP/1.1 and responded: HTTP/1.1 202 OK
Feb 02, 2021 12:49:12 PM okhttp3.mockwebserver.MockWebServer$3 processOneRequest
INFO: MockWebServer[45361] received request: GET /apis/entando.org/v1/namespaces/entando-k8s-custom-model-cums16/entandoclusterinfrastructures/my-entando-cluster-infrastructure HTTP/1.1 and responded: HTTP/1.1 200 OK
Feb 02, 2021 12:49:12 PM okhttp3.mockwebserver.MockWebServer$3 processOneRequest
INFO: MockWebServer[45361] received request: GET /apis/entando.org/v1/namespaces/entando-k8s-custom-model-cums16/entandoclusterinfrastructures/my-entando-cluster-infrastructure HTTP/1.1 and responded: HTTP/1.1 200 OK
Feb 02, 2021 12:49:12 PM okhttp3.mockwebserver.MockWebServer$3 processOneRequest
INFO: MockWebServer[45361] received request: PATCH /apis/entando.org/v1/namespaces/entando-k8s-custom-model-cums16/entandoclusterinfrastructures/my-entando-cluster-infrastructure HTTP/1.1 and responded: HTTP/1.1 202 OK
Feb 02, 2021 12:49:12 PM okhttp3.mockwebserver.MockWebServer$3 processOneRequest
INFO: MockWebServer[45361] received request: PUT /apis/entando.org/v1/namespaces/entando-k8s-custom-model-cums16/entandoclusterinfrastructures/my-entando-cluster-infrastructure/status HTTP/1.1 and responded: HTTP/1.1 202 OK
Feb 02, 2021 12:49:12 PM okhttp3.mockwebserver.MockWebServer$2 acceptConnections
INFO: MockWebServer[45361] done accepting connections: Socket closed
Feb 02, 2021 12:49:12 PM okhttp3.mockwebserver.MockWebServer$2 e**cute
INFO: MockWebServer[38086] starting to accept connections
Feb 02, 2021 12:49:12 PM okhttp3.mockwebserver.MockWebServer$3 processOneRequest
INFO: MockWebServer[38086] received request: GET /api/v1/namespaces/test HTTP/1.1 and responded: HTTP/1.1 404 Client Error
Feb 02, 2021 12:49:13 PM okhttp3.mockwebserver.MockWebServer$3 processOneRequest
INFO: MockWebServer[38086] received request: GET /apis/entando.org/v1/namespaces/default/entandoclusterinfrastructures HTTP/1.1 and responded: HTTP/1.1 200 OK
Feb 02, 2021 12:49:13 PM okhttp3.mockwebserver.MockWebServer$3 processOneRequest
INFO: MockWebServer[38086] received request: GET /api/v1/namespaces/test HTTP/1.1 and responded: HTTP/1.1 404 Client Error
Feb 02, 2021 12:49:13 PM okhttp3.mockwebserver.MockWebServer$3 processOneRequest
INFO: MockWebServer[38086] received request: GET /apis/entando.org/v1/namespaces/default/entandoclusterinfrastructures HTTP/1.1 and responded: HTTP/1.1 200 OK
Feb 02, 2021 12:49:13 PM okhttp3.mockwebserver.MockWebServer$3 processOneRequest
INFO: MockWebServer[38086] received request: GET /api/v1/namespaces/entando-k8s-custom-model-cums16 HTTP/1.1 and responded: HTTP/1.1 404 Client Error
Feb 02, 2021 12:49:13 PM okhttp3.mockwebserver.MockWebServer$3 processOneRequest
INFO: MockWebServer[38086] received request: POST /api/v1/namespaces HTTP/1.1 and responded: HTTP/1.1 202 OK
Feb 02, 2021 12:49:13 PM okhttp3.mockwebserver.MockWebServer$2 acceptConnections
INFO: MockWebServer[38086] done accepting connections: Socket closed
[INFO] Tests run: 3, Failures: 0, Errors: 0, Skipped: 0, Time elapsed: 2.509 s - in org.entando.kubernetes.model.inprocesstest.EntandoClusterInfrastructureMockedTest
[INFO] Running org.entando.kubernetes.model.inprocesstest.EntandoDeBundleMockedTest
Feb 02, 2021 12:49:13 PM okhttp3.mockwebserver.MockWebServer$2 e**cute
INFO: MockWebServer[46650] starting to accept connections
Feb 02, 2021 12:49:13 PM okhttp3.mockwebserver.MockWebServer$3 processOneRequest
INFO: MockWebServer[46650] received request: GET /apis/apiextensions.k8s.io/v1beta1/customresourcedefinitions/entandodebundles.entando.org HTTP/1.1 and responded: HTTP/1.1 404 Client Error
Feb 02, 2021 12:49:13 PM okhttp3.mockwebserver.MockWebServer$3 processOneRequest
INFO: MockWebServer[46650] received request: POST /apis/apiextensions.k8s.io/v1beta1/customresourcedefinitions HTTP/1.1 and responded: HTTP/1.1 202 OK
Feb 02, 2021 12:49:13 PM okhttp3.mockwebserver.MockWebServer$3 processOneRequest
INFO: MockWebServer[46650] received request: GET /api/v1/namespaces/test HTTP/1.1 and responded: HTTP/1.1 404 Client Error
Feb 02, 2021 12:49:13 PM okhttp3.mockwebserver.MockWebServer$3 processOneRequest
INFO: MockWebServer[46650] received request: GET /apis/entando.org/v1/namespaces/default/entandodebundles HTTP/1.1 and responded: HTTP/1.1 200 OK
Feb 02, 2021 12:49:13 PM okhttp3.mockwebserver.MockWebServer$3 processOneRequest
INFO: MockWebServer[46650] received request: GET /api/v1/namespaces/test HTTP/1.1 and responded: HTTP/1.1 404 Client Error
Feb 02, 2021 12:49:13 PM okhttp3.mockwebserver.MockWebServer$3 processOneRequest
INFO: MockWebServer[46650] received request: GET /apis/entando.org/v1/namespaces/default/entandodebundles HTTP/1.1 and responded: HTTP/1.1 200 OK
Feb 02, 2021 12:49:14 PM okhttp3.mockwebserver.MockWebServer$3 processOneRequest
INFO: MockWebServer[46650] received request: GET /api/v1/namespaces/entando-k8s-custom-model-cums16 HTTP/1.1 and responded: HTTP/1.1 404 Client Error
Feb 02, 2021 12:49:14 PM okhttp3.mockwebserver.MockWebServer$3 processOneRequest
INFO: MockWebServer[46650] received request: POST /api/v1/namespaces HTTP/1.1 and responded: HTTP/1.1 202 OK
Feb 02, 2021 12:49:14 PM okhttp3.mockwebserver.MockWebServer$3 processOneRequest
INFO: MockWebServer[46650] received request: POST /apis/entando.org/v1/namespaces/entando-k8s-custom-model-cums16/entandodebundles HTTP/1.1 and responded: HTTP/1.1 202 OK
Feb 02, 2021 12:49:14 PM okhttp3.mockwebserver.MockWebServer$3 processOneRequest
INFO: MockWebServer[46650] received request: GET /apis/entando.org/v1/namespaces/entando-k8s-custom-model-cums16/entandodebundles/my-bundle HTTP/1.1 and responded: HTTP/1.1 200 OK
Feb 02, 2021 12:49:14 PM okhttp3.mockwebserver.MockWebServer$3 processOneRequest
INFO: MockWebServer[46650] received request: GET /apis/entando.org/v1/namespaces/entando-k8s-custom-model-cums16/entandodebundles/my-bundle HTTP/1.1 and responded: HTTP/1.1 200 OK
Feb 02, 2021 12:49:14 PM okhttp3.mockwebserver.MockWebServer$3 processOneRequest
INFO: MockWebServer[46650] received request: PATCH /apis/entando.org/v1/namespaces/entando-k8s-custom-model-cums16/entandodebundles/my-bundle HTTP/1.1 and responded: HTTP/1.1 202 OK
Feb 02, 2021 12:49:14 PM okhttp3.mockwebserver.MockWebServer$2 acceptConnections
INFO: MockWebServer[46650] done accepting connections: Socket closed
Feb 02, 2021 12:49:14 PM okhttp3.mockwebserver.MockWebServer$2 e**cute
INFO: MockWebServer[54687] starting to accept connections
Feb 02, 2021 12:49:14 PM okhttp3.mockwebserver.MockWebServer$3 processOneRequest
INFO: MockWebServer[54687] received request: GET /api/v1/namespaces/test HTTP/1.1 and responded: HTTP/1.1 404 Client Error
Feb 02, 2021 12:49:14 PM okhttp3.mockwebserver.MockWebServer$3 processOneRequest
INFO: MockWebServer[54687] received request: GET /apis/entando.org/v1/namespaces/default/entandodebundles HTTP/1.1 and responded: HTTP/1.1 200 OK
Feb 02, 2021 12:49:14 PM okhttp3.mockwebserver.MockWebServer$3 processOneRequest
INFO: MockWebServer[54687] received request: GET /api/v1/namespaces/test HTTP/1.1 and responded: HTTP/1.1 404 Client Error
Feb 02, 2021 12:49:14 PM okhttp3.mockwebserver.MockWebServer$3 processOneRequest
INFO: MockWebServer[54687] received request: GET /apis/entando.org/v1/namespaces/default/entandodebundles HTTP/1.1 and responded: HTTP/1.1 200 OK
Feb 02, 2021 12:49:14 PM okhttp3.mockwebserver.MockWebServer$3 processOneRequest
INFO: MockWebServer[54687] received request: GET /api/v1/namespaces/entando-k8s-custom-model-cums16 HTTP/1.1 and responded: HTTP/1.1 404 Client Error
Feb 02, 2021 12:49:15 PM okhttp3.mockwebserver.MockWebServer$3 processOneRequest
INFO: MockWebServer[54687] received request: POST /api/v1/namespaces HTTP/1.1 and responded: HTTP/1.1 202 OK
Feb 02, 2021 12:49:15 PM okhttp3.mockwebserver.MockWebServer$3 processOneRequest
INFO: MockWebServer[54687] received request: POST /apis/entando.org/v1/namespaces/entando-k8s-custom-model-cums16/entandodebundles HTTP/1.1 and responded: HTTP/1.1 202 OK
Feb 02, 2021 12:49:15 PM okhttp3.mockwebserver.MockWebServer$3 processOneRequest
INFO: MockWebServer[54687] received request: GET /apis/entando.org/v1/namespaces/entando-k8s-custom-model-cums16/entandodebundles/my-bundle HTTP/1.1 and responded: HTTP/1.1 200 OK
Feb 02, 2021 12:49:15 PM okhttp3.mockwebserver.MockWebServer$2 acceptConnections
INFO: MockWebServer[54687] done accepting connections: Socket closed
Feb 02, 2021 12:49:15 PM okhttp3.mockwebserver.MockWebServer$2 e**cute
INFO: MockWebServer[51498] starting to accept connections
Feb 02, 2021 12:49:15 PM okhttp3.mockwebserver.MockWebServer$3 processOneRequest
INFO: MockWebServer[51498] received request: GET /api/v1/namespaces/test HTTP/1.1 and responded: HTTP/1.1 404 Client Error
Feb 02, 2021 12:49:15 PM okhttp3.mockwebserver.MockWebServer$3 processOneRequest
INFO: MockWebServer[51498] received request: GET /apis/entando.org/v1/namespaces/default/entandodebundles HTTP/1.1 and responded: HTTP/1.1 200 OK
Feb 02, 2021 12:49:15 PM okhttp3.mockwebserver.MockWebServer$3 processOneRequest
INFO: MockWebServer[51498] received request: GET /api/v1/namespaces/test HTTP/1.1 and responded: HTTP/1.1 404 Client Error
Feb 02, 2021 12:49:15 PM okhttp3.mockwebserver.MockWebServer$3 processOneRequest
INFO: MockWebServer[51498] received request: GET /apis/entando.org/v1/namespaces/default/entandodebundles HTTP/1.1 and responded: HTTP/1.1 200 OK
Feb 02, 2021 12:49:15 PM okhttp3.mockwebserver.MockWebServer$3 processOneRequest
INFO: MockWebServer[51498] received request: GET /api/v1/namespaces/entando-k8s-custom-model-cums16 HTTP/1.1 and responded: HTTP/1.1 404 Client Error
Feb 02, 2021 12:49:15 PM okhttp3.mockwebserver.MockWebServer$3 processOneRequest
INFO: MockWebServer[51498] received request: POST /api/v1/namespaces HTTP/1.1 and responded: HTTP/1.1 202 OK
Feb 02, 2021 12:49:15 PM okhttp3.mockwebserver.MockWebServer$2 acceptConnections
INFO: MockWebServer[51498] done accepting connections: Socket closed
[INFO] Tests run: 3, Failures: 0, Errors: 0, Skipped: 0, Time elapsed: 2.357 s - in org.entando.kubernetes.model.inprocesstest.EntandoDeBundleMockedTest
[INFO] Running org.entando.kubernetes.model.inprocesstest.EntandoAppPluginLinkMockedTest
Feb 02, 2021 12:49:15 PM okhttp3.mockwebserver.MockWebServer$2 e**cute
INFO: MockWebServer[42112] starting to accept connections
Feb 02, 2021 12:49:15 PM okhttp3.mockwebserver.MockWebServer$3 processOneRequest
INFO: MockWebServer[42112] received request: GET /apis/apiextensions.k8s.io/v1beta1/customresourcedefinitions/entandoapppluginlinks.entando.org HTTP/1.1 and responded: HTTP/1.1 404 Client Error
Feb 02, 2021 12:49:15 PM okhttp3.mockwebserver.MockWebServer$3 processOneRequest
INFO: MockWebServer[42112] received request: POST /apis/apiextensions.k8s.io/v1beta1/customresourcedefinitions HTTP/1.1 and responded: HTTP/1.1 202 OK
Feb 02, 2021 12:49:16 PM okhttp3.mockwebserver.MockWebServer$3 processOneRequest
INFO: MockWebServer[42112] received request: GET /api/v1/namespaces/test HTTP/1.1 and responded: HTTP/1.1 404 Client Error
Feb 02, 2021 12:49:16 PM okhttp3.mockwebserver.MockWebServer$3 processOneRequest
INFO: MockWebServer[42112] received request: GET /apis/entando.org/v1/namespaces/default/entandoapppluginlinks HTTP/1.1 and responded: HTTP/1.1 200 OK
Feb 02, 2021 12:49:16 PM okhttp3.mockwebserver.MockWebServer$3 processOneRequest
INFO: MockWebServer[42112] received request: GET /api/v1/namespaces/test HTTP/1.1 and responded: HTTP/1.1 404 Client Error
Feb 02, 2021 12:49:16 PM okhttp3.mockwebserver.MockWebServer$3 processOneRequest
INFO: MockWebServer[42112] received request: GET /apis/entando.org/v1/namespaces/default/entandoapppluginlinks HTTP/1.1 and responded: HTTP/1.1 200 OK
Feb 02, 2021 12:49:16 PM okhttp3.mockwebserver.MockWebServer$3 processOneRequest
INFO: MockWebServer[42112] received request: GET /api/v1/namespaces/entando-k8s-custom-model-cums16 HTTP/1.1 and responded: HTTP/1.1 404 Client Error
Feb 02, 2021 12:49:16 PM okhttp3.mockwebserver.MockWebServer$3 processOneRequest
INFO: MockWebServer[42112] received request: POST /api/v1/namespaces HTTP/1.1 and responded: HTTP/1.1 202 OK
Feb 02, 2021 12:49:16 PM okhttp3.mockwebserver.MockWebServer$3 processOneRequest
INFO: MockWebServer[42112] received request: POST /apis/entando.org/v1/namespaces/entando-k8s-custom-model-cums16/entandoapppluginlinks HTTP/1.1 and responded: HTTP/1.1 202 OK
Feb 02, 2021 12:49:16 PM okhttp3.mockwebserver.MockWebServer$3 processOneRequest
INFO: MockWebServer[42112] received request: GET /apis/entando.org/v1/namespaces/entando-k8s-custom-model-cums16/entandoapppluginlinks/my-app-plugin-link HTTP/1.1 and responded: HTTP/1.1 200 OK
Feb 02, 2021 12:49:16 PM okhttp3.mockwebserver.MockWebServer$3 processOneRequest
INFO: MockWebServer[42112] received request: GET /apis/entando.org/v1/namespaces/entando-k8s-custom-model-cums16/entandoapppluginlinks/my-app-plugin-link HTTP/1.1 and responded: HTTP/1.1 200 OK
Feb 02, 2021 12:49:16 PM okhttp3.mockwebserver.MockWebServer$3 processOneRequest
INFO: MockWebServer[42112] received request: PATCH /apis/entando.org/v1/namespaces/entando-k8s-custom-model-cums16/entandoapppluginlinks/my-app-plugin-link HTTP/1.1 and responded: HTTP/1.1 202 OK
Feb 02, 2021 12:49:16 PM okhttp3.mockwebserver.MockWebServer$2 acceptConnections
INFO: MockWebServer[42112] done accepting connections: Socket closed
Feb 02, 2021 12:49:16 PM okhttp3.mockwebserver.MockWebServer$2 e**cute
INFO: MockWebServer[57008] starting to accept connections
Feb 02, 2021 12:49:17 PM okhttp3.mockwebserver.MockWebServer$3 processOneRequest
INFO: MockWebServer[57008] received request: GET /api/v1/namespaces/test HTTP/1.1 and responded: HTTP/1.1 404 Client Error
Feb 02, 2021 12:49:17 PM okhttp3.mockwebserver.MockWebServer$3 processOneRequest
INFO: MockWebServer[57008] received request: GET /apis/entando.org/v1/namespaces/default/entandoapppluginlinks HTTP/1.1 and responded: HTTP/1.1 200 OK
Feb 02, 2021 12:49:17 PM okhttp3.mockwebserver.MockWebServer$3 processOneRequest
INFO: MockWebServer[57008] received request: GET /api/v1/namespaces/test HTTP/1.1 and responded: HTTP/1.1 404 Client Error
Feb 02, 2021 12:49:17 PM okhttp3.mockwebserver.MockWebServer$3 processOneRequest
INFO: MockWebServer[57008] received request: GET /apis/entando.org/v1/namespaces/default/entandoapppluginlinks HTTP/1.1 and responded: HTTP/1.1 200 OK
Feb 02, 2021 12:49:17 PM okhttp3.mockwebserver.MockWebServer$3 processOneRequest
INFO: MockWebServer[57008] received request: GET /api/v1/namespaces/entando-k8s-custom-model-cums16 HTTP/1.1 and responded: HTTP/1.1 404 Client Error
Feb 02, 2021 12:49:17 PM okhttp3.mockwebserver.MockWebServer$3 processOneRequest
INFO: MockWebServer[57008] received request: POST /api/v1/namespaces HTTP/1.1 and responded: HTTP/1.1 202 OK
Feb 02, 2021 12:49:17 PM okhttp3.mockwebserver.MockWebServer$3 processOneRequest
INFO: MockWebServer[57008] received request: POST /apis/entando.org/v1/namespaces/entando-k8s-custom-model-cums16/entandoapppluginlinks HTTP/1.1 and responded: HTTP/1.1 202 OK
Feb 02, 2021 12:49:17 PM okhttp3.mockwebserver.MockWebServer$3 processOneRequest
INFO: MockWebServer[57008] received request: GET /apis/entando.org/v1/namespaces/entando-k8s-custom-model-cums16/entandoapppluginlinks/my-app-plugin-link HTTP/1.1 and responded: HTTP/1.1 200 OK
Feb 02, 2021 12:49:17 PM okhttp3.mockwebserver.MockWebServer$2 acceptConnections
INFO: MockWebServer[57008] done accepting connections: Socket closed
Feb 02, 2021 12:49:17 PM okhttp3.mockwebserver.MockWebServer$2 e**cute
INFO: MockWebServer[53787] starting to accept connections
Feb 02, 2021 12:49:17 PM okhttp3.mockwebserver.MockWebServer$3 processOneRequest
INFO: MockWebServer[53787] received request: GET /api/v1/namespaces/test HTTP/1.1 and responded: HTTP/1.1 404 Client Error
Feb 02, 2021 12:49:17 PM okhttp3.mockwebserver.MockWebServer$3 processOneRequest
INFO: MockWebServer[53787] received request: GET /apis/entando.org/v1/namespaces/default/entandoapppluginlinks HTTP/1.1 and responded: HTTP/1.1 200 OK
Feb 02, 2021 12:49:17 PM okhttp3.mockwebserver.MockWebServer$3 processOneRequest
INFO: MockWebServer[53787] received request: GET /api/v1/namespaces/test HTTP/1.1 and responded: HTTP/1.1 404 Client Error
Feb 02, 2021 12:49:17 PM okhttp3.mockwebserver.MockWebServer$3 processOneRequest
INFO: MockWebServer[53787] received request: GET /apis/entando.org/v1/namespaces/default/entandoapppluginlinks HTTP/1.1 and responded: HTTP/1.1 200 OK
Feb 02, 2021 12:49:18 PM okhttp3.mockwebserver.MockWebServer$3 processOneRequest
INFO: MockWebServer[53787] received request: GET /api/v1/namespaces/entando-k8s-custom-model-cums16 HTTP/1.1 and responded: HTTP/1.1 404 Client Error
Feb 02, 2021 12:49:18 PM okhttp3.mockwebserver.MockWebServer$3 processOneRequest
INFO: MockWebServer[53787] received request: POST /api/v1/namespaces HTTP/1.1 and responded: HTTP/1.1 202 OK
Feb 02, 2021 12:49:18 PM okhttp3.mockwebserver.MockWebServer$2 acceptConnections
INFO: MockWebServer[53787] done accepting connections: Socket closed
Feb 02, 2021 12:49:18 PM okhttp3.mockwebserver.MockWebServer$2 e**cute
INFO: MockWebServer[37854] starting to accept connections
[INFO] Tests run: 3, Failures: 0, Errors: 0, Skipped: 0, Time elapsed: 2.375 s - in org.entando.kubernetes.model.inprocesstest.EntandoAppPluginLinkMockedTest
[INFO] Running org.entando.kubernetes.model.inprocesstest.EntandoCompositeAppMockedTest
Feb 02, 2021 12:49:18 PM okhttp3.mockwebserver.MockWebServer$3 processOneRequest
INFO: MockWebServer[37854] received request: GET /apis/apiextensions.k8s.io/v1beta1/customresourcedefinitions/entandocompositeapps.entando.org HTTP/1.1 and responded: HTTP/1.1 404 Client Error
Feb 02, 2021 12:49:18 PM okhttp3.mockwebserver.MockWebServer$3 processOneRequest
INFO: MockWebServer[37854] received request: POST /apis/apiextensions.k8s.io/v1beta1/customresourcedefinitions HTTP/1.1 and responded: HTTP/1.1 202 OK
Feb 02, 2021 12:49:18 PM okhttp3.mockwebserver.MockWebServer$3 processOneRequest
INFO: MockWebServer[37854] received request: GET /api/v1/namespaces/test HTTP/1.1 and responded: HTTP/1.1 404 Client Error
Feb 02, 2021 12:49:18 PM okhttp3.mockwebserver.MockWebServer$3 processOneRequest
INFO: MockWebServer[37854] received request: GET /apis/entando.org/v1/namespaces/default/entandocompositeapps HTTP/1.1 and responded: HTTP/1.1 200 OK
Feb 02, 2021 12:49:18 PM okhttp3.mockwebserver.MockWebServer$3 processOneRequest
INFO: MockWebServer[37854] received request: GET /api/v1/namespaces/test HTTP/1.1 and responded: HTTP/1.1 404 Client Error
Feb 02, 2021 12:49:18 PM okhttp3.mockwebserver.MockWebServer$3 processOneRequest
INFO: MockWebServer[37854] received request: GET /apis/entando.org/v1/namespaces/default/entandocompositeapps HTTP/1.1 and responded: HTTP/1.1 200 OK
Feb 02, 2021 12:49:18 PM okhttp3.mockwebserver.MockWebServer$3 processOneRequest
INFO: MockWebServer[37854] received request: GET /api/v1/namespaces/entando-k8s-custom-model-cums16 HTTP/1.1 and responded: HTTP/1.1 404 Client Error
Feb 02, 2021 12:49:18 PM okhttp3.mockwebserver.MockWebServer$3 processOneRequest
INFO: MockWebServer[37854] received request: POST /api/v1/namespaces HTTP/1.1 and responded: HTTP/1.1 202 OK
Feb 02, 2021 12:49:19 PM okhttp3.mockwebserver.MockWebServer$3 processOneRequest
INFO: MockWebServer[37854] received request: POST /apis/entando.org/v1/namespaces/entando-k8s-custom-model-cums16/entandocompositeapps HTTP/1.1 and responded: HTTP/1.1 202 OK
Feb 02, 2021 12:49:19 PM okhttp3.mockwebserver.MockWebServer$3 processOneRequest
INFO: MockWebServer[37854] received request: GET /apis/entando.org/v1/namespaces/entando-k8s-custom-model-cums16/entandocompositeapps/my-comnposite-app HTTP/1.1 and responded: HTTP/1.1 200 OK
Feb 02, 2021 12:49:19 PM okhttp3.mockwebserver.MockWebServer$2 acceptConnections
INFO: MockWebServer[37854] done accepting connections: Socket closed
Feb 02, 2021 12:49:19 PM okhttp3.mockwebserver.MockWebServer$2 e**cute
INFO: MockWebServer[51221] starting to accept connections
Feb 02, 2021 12:49:19 PM okhttp3.mockwebserver.MockWebServer$3 processOneRequest
INFO: MockWebServer[51221] received request: GET /api/v1/namespaces/test HTTP/1.1 and responded: HTTP/1.1 404 Client Error
Feb 02, 2021 12:49:19 PM okhttp3.mockwebserver.MockWebServer$3 processOneRequest
INFO: MockWebServer[51221] received request: GET /apis/entando.org/v1/namespaces/default/entandocompositeapps HTTP/1.1 and responded: HTTP/1.1 200 OK
Feb 02, 2021 12:49:19 PM okhttp3.mockwebserver.MockWebServer$3 processOneRequest
INFO: MockWebServer[51221] received request: GET /api/v1/namespaces/test HTTP/1.1 and responded: HTTP/1.1 404 Client Error
Feb 02, 2021 12:49:19 PM okhttp3.mockwebserver.MockWebServer$3 processOneRequest
INFO: MockWebServer[51221] received request: GET /apis/entando.org/v1/namespaces/default/entandocompositeapps HTTP/1.1 and responded: HTTP/1.1 200 OK
Feb 02, 2021 12:49:19 PM okhttp3.mockwebserver.MockWebServer$3 processOneRequest
INFO: MockWebServer[51221] received request: GET /api/v1/namespaces/entando-k8s-custom-model-cums16 HTTP/1.1 and responded: HTTP/1.1 404 Client Error
Feb 02, 2021 12:49:19 PM okhttp3.mockwebserver.MockWebServer$3 processOneRequest
INFO: MockWebServer[51221] received request: POST /api/v1/namespaces HTTP/1.1 and responded: HTTP/1.1 202 OK
Feb 02, 2021 12:49:19 PM okhttp3.mockwebserver.MockWebServer$3 processOneRequest
INFO: MockWebServer[51221] received request: POST /apis/entando.org/v1/namespaces/entando-k8s-custom-model-cums16/entandocompositeapps HTTP/1.1 and responded: HTTP/1.1 202 OK
Feb 02, 2021 12:49:19 PM okhttp3.mockwebserver.MockWebServer$3 processOneRequest
INFO: MockWebServer[51221] received request: GET /apis/entando.org/v1/namespaces/entando-k8s-custom-model-cums16/entandocompositeapps/my-comnposite-app HTTP/1.1 and responded: HTTP/1.1 200 OK
Feb 02, 2021 12:49:19 PM okhttp3.mockwebserver.MockWebServer$3 processOneRequest
INFO: MockWebServer[51221] received request: GET /apis/entando.org/v1/namespaces/entando-k8s-custom-model-cums16/entandocompositeapps/my-comnposite-app HTTP/1.1 and responded: HTTP/1.1 200 OK
Feb 02, 2021 12:49:19 PM okhttp3.mockwebserver.MockWebServer$3 processOneRequest
INFO: MockWebServer[51221] received request: PATCH /apis/entando.org/v1/namespaces/entando-k8s-custom-model-cums16/entandocompositeapps/my-comnposite-app HTTP/1.1 and responded: HTTP/1.1 202 OK
Feb 02, 2021 12:49:20 PM okhttp3.mockwebserver.MockWebServer$3 processOneRequest
INFO: MockWebServer[51221] received request: PUT /apis/entando.org/v1/namespaces/entando-k8s-custom-model-cums16/entandocompositeapps/my-comnposite-app/status HTTP/1.1 and responded: HTTP/1.1 202 OK
Feb 02, 2021 12:49:20 PM okhttp3.mockwebserver.MockWebServer$2 acceptConnections
INFO: MockWebServer[51221] done accepting connections: Socket closed
Feb 02, 2021 12:49:20 PM okhttp3.mockwebserver.MockWebServer$2 e**cute
INFO: MockWebServer[47825] starting to accept connections
Feb 02, 2021 12:49:20 PM okhttp3.mockwebserver.MockWebServer$3 processOneRequest
INFO: MockWebServer[47825] received request: GET /api/v1/namespaces/test HTTP/1.1 and responded: HTTP/1.1 404 Client Error
Feb 02, 2021 12:49:20 PM okhttp3.mockwebserver.MockWebServer$3 processOneRequest
INFO: MockWebServer[47825] received request: GET /apis/entando.org/v1/namespaces/default/entandocompositeapps HTTP/1.1 and responded: HTTP/1.1 200 OK
Feb 02, 2021 12:49:20 PM okhttp3.mockwebserver.MockWebServer$3 processOneRequest
INFO: MockWebServer[47825] received request: GET /api/v1/namespaces/test HTTP/1.1 and responded: HTTP/1.1 404 Client Error
Feb 02, 2021 12:49:20 PM okhttp3.mockwebserver.MockWebServer$3 processOneRequest
INFO: MockWebServer[47825] received request: GET /apis/entando.org/v1/namespaces/default/entandocompositeapps HTTP/1.1 and responded: HTTP/1.1 200 OK
Feb 02, 2021 12:49:20 PM okhttp3.mockwebserver.MockWebServer$3 processOneRequest
INFO: MockWebServer[47825] received request: GET /api/v1/namespaces/entando-k8s-custom-model-cums16 HTTP/1.1 and responded: HTTP/1.1 404 Client Error
Feb 02, 2021 12:49:20 PM okhttp3.mockwebserver.MockWebServer$3 processOneRequest
INFO: MockWebServer[47825] received request: POST /api/v1/namespaces HTTP/1.1 and responded: HTTP/1.1 202 OK
Feb 02, 2021 12:49:20 PM okhttp3.mockwebserver.MockWebServer$2 acceptConnections
INFO: MockWebServer[47825] done accepting connections: Socket closed
Feb 02, 2021 12:49:20 PM okhttp3.mockwebserver.MockWebServer$2 e**cute
INFO: MockWebServer[53233] starting to accept connections
[INFO] Tests run: 3, Failures: 0, Errors: 0, Skipped: 0, Time elapsed: 2.444 s - in org.entando.kubernetes.model.inprocesstest.EntandoCompositeAppMockedTest
[INFO] Running org.entando.kubernetes.model.inprocesstest.EntandoAppMockedTest
Feb 02, 2021 12:49:20 PM okhttp3.mockwebserver.MockWebServer$3 processOneRequest
INFO: MockWebServer[53233] received request: GET /apis/apiextensions.k8s.io/v1beta1/customresourcedefinitions/entandoapps.entando.org HTTP/1.1 and responded: HTTP/1.1 404 Client Error
Feb 02, 2021 12:49:20 PM okhttp3.mockwebserver.MockWebServer$3 processOneRequest
INFO: MockWebServer[53233] received request: POST /apis/apiextensions.k8s.io/v1beta1/customresourcedefinitions HTTP/1.1 and responded: HTTP/1.1 202 OK
Feb 02, 2021 12:49:20 PM okhttp3.mockwebserver.MockWebServer$3 processOneRequest
INFO: MockWebServer[53233] received request: GET /api/v1/namespaces/test HTTP/1.1 and responded: HTTP/1.1 404 Client Error
Feb 02, 2021 12:49:20 PM okhttp3.mockwebserver.MockWebServer$3 processOneRequest
INFO: MockWebServer[53233] received request: GET /apis/entando.org/v1/namespaces/default/entandoapps HTTP/1.1 and responded: HTTP/1.1 200 OK
Feb 02, 2021 12:49:21 PM okhttp3.mockwebserver.MockWebServer$3 processOneRequest
INFO: MockWebServer[53233] received request: GET /api/v1/namespaces/test HTTP/1.1 and responded: HTTP/1.1 404 Client Error
Feb 02, 2021 12:49:21 PM okhttp3.mockwebserver.MockWebServer$3 processOneRequest
INFO: MockWebServer[53233] received request: GET /apis/entando.org/v1/namespaces/default/entandoapps HTTP/1.1 and responded: HTTP/1.1 200 OK
Feb 02, 2021 12:49:21 PM okhttp3.mockwebserver.MockWebServer$3 processOneRequest
INFO: MockWebServer[53233] received request: GET /api/v1/namespaces/entando-k8s-custom-model-cums16 HTTP/1.1 and responded: HTTP/1.1 404 Client Error
Feb 02, 2021 12:49:21 PM okhttp3.mockwebserver.MockWebServer$3 processOneRequest
INFO: MockWebServer[53233] received request: POST /api/v1/namespaces HTTP/1.1 and responded: HTTP/1.1 202 OK
Feb 02, 2021 12:49:21 PM okhttp3.mockwebserver.MockWebServer$3 processOneRequest
INFO: MockWebServer[53233] received request: POST /apis/entando.org/v1/namespaces/entando-k8s-custom-model-cums16/entandoapps HTTP/1.1 and responded: HTTP/1.1 202 OK
Feb 02, 2021 12:49:21 PM okhttp3.mockwebserver.MockWebServer$3 processOneRequest
INFO: MockWebServer[53233] received request: GET /apis/entando.org/v1/namespaces/entando-k8s-custom-model-cums16/entandoapps/my-app HTTP/1.1 and responded: HTTP/1.1 200 OK
Feb 02, 2021 12:49:21 PM okhttp3.mockwebserver.MockWebServer$3 processOneRequest
INFO: MockWebServer[53233] received request: GET /apis/entando.org/v1/namespaces/entando-k8s-custom-model-cums16/entandoapps/my-app HTTP/1.1 and responded: HTTP/1.1 200 OK
Feb 02, 2021 12:49:21 PM okhttp3.mockwebserver.MockWebServer$3 processOneRequest
INFO: MockWebServer[53233] received request: GET /apis/entando.org/v1/namespaces/entando-k8s-custom-model-cums16/entandoapps/my-app HTTP/1.1 and responded: HTTP/1.1 200 OK
Feb 02, 2021 12:49:21 PM okhttp3.mockwebserver.MockWebServer$3 processOneRequest
INFO: MockWebServer[53233] received request: PATCH /apis/entando.org/v1/namespaces/entando-k8s-custom-model-cums16/entandoapps/my-app HTTP/1.1 and responded: HTTP/1.1 202 OK
Feb 02, 2021 12:49:21 PM okhttp3.mockwebserver.MockWebServer$2 acceptConnections
INFO: MockWebServer[53233] done accepting connections: Socket closed
Feb 02, 2021 12:49:21 PM okhttp3.mockwebserver.MockWebServer$2 e**cute
INFO: MockWebServer[60770] starting to accept connections
Feb 02, 2021 12:49:21 PM okhttp3.mockwebserver.MockWebServer$3 processOneRequest
INFO: MockWebServer[60770] received request: GET /api/v1/namespaces/test HTTP/1.1 and responded: HTTP/1.1 404 Client Error
Feb 02, 2021 12:49:21 PM okhttp3.mockwebserver.MockWebServer$3 processOneRequest
INFO: MockWebServer[60770] received request: GET /apis/entando.org/v1/namespaces/default/entandoapps HTTP/1.1 and responded: HTTP/1.1 200 OK
Feb 02, 2021 12:49:22 PM okhttp3.mockwebserver.MockWebServer$3 processOneRequest
INFO: MockWebServer[60770] received request: GET /api/v1/namespaces/test HTTP/1.1 and responded: HTTP/1.1 404 Client Error
Feb 02, 2021 12:49:22 PM okhttp3.mockwebserver.MockWebServer$3 processOneRequest
INFO: MockWebServer[60770] received request: GET /apis/entando.org/v1/namespaces/default/entandoapps HTTP/1.1 and responded: HTTP/1.1 200 OK
Feb 02, 2021 12:49:22 PM okhttp3.mockwebserver.MockWebServer$3 processOneRequest
INFO: MockWebServer[60770] received request: GET /api/v1/namespaces/entando-k8s-custom-model-cums16 HTTP/1.1 and responded: HTTP/1.1 404 Client Error
Feb 02, 2021 12:49:22 PM okhttp3.mockwebserver.MockWebServer$3 processOneRequest
INFO: MockWebServer[60770] received request: POST /api/v1/namespaces HTTP/1.1 and responded: HTTP/1.1 202 OK
Feb 02, 2021 12:49:22 PM okhttp3.mockwebserver.MockWebServer$3 processOneRequest
INFO: MockWebServer[60770] received request: POST /apis/entando.org/v1/namespaces/entando-k8s-custom-model-cums16/entandoapps HTTP/1.1 and responded: HTTP/1.1 202 OK
Feb 02, 2021 12:49:22 PM okhttp3.mockwebserver.MockWebServer$3 processOneRequest
INFO: MockWebServer[60770] received request: GET /apis/entando.org/v1/namespaces/entando-k8s-custom-model-cums16/entandoapps/my-app HTTP/1.1 and responded: HTTP/1.1 200 OK
Feb 02, 2021 12:49:22 PM okhttp3.mockwebserver.MockWebServer$2 acceptConnections
INFO: MockWebServer[60770] done accepting connections: Socket closed
Feb 02, 2021 12:49:22 PM okhttp3.mockwebserver.MockWebServer$2 e**cute
INFO: MockWebServer[41401] starting to accept connections
Feb 02, 2021 12:49:22 PM okhttp3.mockwebserver.MockWebServer$3 processOneRequest
INFO: MockWebServer[41401] received request: GET /api/v1/namespaces/test HTTP/1.1 and responded: HTTP/1.1 404 Client Error
Feb 02, 2021 12:49:22 PM okhttp3.mockwebserver.MockWebServer$3 processOneRequest
INFO: MockWebServer[41401] received request: GET /apis/entando.org/v1/namespaces/default/entandoapps HTTP/1.1 and responded: HTTP/1.1 200 OK
Feb 02, 2021 12:49:22 PM okhttp3.mockwebserver.MockWebServer$3 processOneRequest
INFO: MockWebServer[41401] received request: GET /api/v1/namespaces/test HTTP/1.1 and responded: HTTP/1.1 404 Client Error
Feb 02, 2021 12:49:22 PM okhttp3.mockwebserver.MockWebServer$3 processOneRequest
INFO: MockWebServer[41401] received request: GET /apis/entando.org/v1/namespaces/default/entandoapps HTTP/1.1 and responded: HTTP/1.1 200 OK
Feb 02, 2021 12:49:22 PM okhttp3.mockwebserver.MockWebServer$3 processOneRequest
INFO: MockWebServer[41401] received request: GET /api/v1/namespaces/entando-k8s-custom-model-cums16 HTTP/1.1 and responded: HTTP/1.1 404 Client Error
Feb 02, 2021 12:49:23 PM okhttp3.mockwebserver.MockWebServer$3 processOneRequest
INFO: MockWebServer[41401] received request: POST /api/v1/namespaces HTTP/1.1 and responded: HTTP/1.1 202 OK
Feb 02, 2021 12:49:23 PM okhttp3.mockwebserver.MockWebServer$2 acceptConnections
INFO: MockWebServer[41401] done accepting connections: Socket closed
Feb 02, 2021 12:49:23 PM okhttp3.mockwebserver.MockWebServer$2 e**cute
INFO: MockWebServer[42951] starting to accept connections
[INFO] Tests run: 3, Failures: 0, Errors: 0, Skipped: 0, Time elapsed: 2.412 s - in org.entando.kubernetes.model.inprocesstest.EntandoAppMockedTest
[INFO] Running org.entando.kubernetes.model.inprocesstest.EntandoDatabaseServiceMockedTest
Feb 02, 2021 12:49:23 PM okhttp3.mockwebserver.MockWebServer$3 processOneRequest
INFO: MockWebServer[42951] received request: GET /apis/apiextensions.k8s.io/v1beta1/customresourcedefinitions/entandodatabaseservices.entando.org HTTP/1.1 and responded: HTTP/1.1 404 Client Error
Feb 02, 2021 12:49:23 PM okhttp3.mockwebserver.MockWebServer$3 processOneRequest
INFO: MockWebServer[42951] received request: POST /apis/apiextensions.k8s.io/v1beta1/customresourcedefinitions HTTP/1.1 and responded: HTTP/1.1 202 OK
Feb 02, 2021 12:49:23 PM okhttp3.mockwebserver.MockWebServer$3 processOneRequest
INFO: MockWebServer[42951] received request: GET /api/v1/namespaces/test HTTP/1.1 and responded: HTTP/1.1 404 Client Error
Feb 02, 2021 12:49:23 PM okhttp3.mockwebserver.MockWebServer$3 processOneRequest
INFO: MockWebServer[42951] received request: GET /apis/entando.org/v1/namespaces/default/entandodatabaseservices HTTP/1.1 and responded: HTTP/1.1 200 OK
Feb 02, 2021 12:49:23 PM okhttp3.mockwebserver.MockWebServer$3 processOneRequest
INFO: MockWebServer[42951] received request: GET /api/v1/namespaces/test HTTP/1.1 and responded: HTTP/1.1 404 Client Error
Feb 02, 2021 12:49:23 PM okhttp3.mockwebserver.MockWebServer$3 processOneRequest
INFO: MockWebServer[42951] received request: GET /apis/entando.org/v1/namespaces/default/entandodatabaseservices HTTP/1.1 and responded: HTTP/1.1 200 OK
Feb 02, 2021 12:49:23 PM okhttp3.mockwebserver.MockWebServer$3 processOneRequest
INFO: MockWebServer[42951] received request: GET /api/v1/namespaces/entando-k8s-custom-model-cums16 HTTP/1.1 and responded: HTTP/1.1 404 Client Error
Feb 02, 2021 12:49:23 PM okhttp3.mockwebserver.MockWebServer$3 processOneRequest
INFO: MockWebServer[42951] received request: POST /api/v1/namespaces HTTP/1.1 and responded: HTTP/1.1 202 OK
Feb 02, 2021 12:49:23 PM okhttp3.mockwebserver.MockWebServer$3 processOneRequest
INFO: MockWebServer[42951] received request: POST /apis/entando.org/v1/namespaces/entando-k8s-custom-model-cums16/entandodatabaseservices HTTP/1.1 and responded: HTTP/1.1 202 OK
Feb 02, 2021 12:49:23 PM okhttp3.mockwebserver.MockWebServer$3 processOneRequest
INFO: MockWebServer[42951] received request: GET /apis/entando.org/v1/namespaces/entando-k8s-custom-model-cums16/entandodatabaseservices/my-external-database HTTP/1.1 and responded: HTTP/1.1 200 OK
Feb 02, 2021 12:49:23 PM okhttp3.mockwebserver.MockWebServer$2 acceptConnections
INFO: MockWebServer[42951] done accepting connections: Socket closed
Feb 02, 2021 12:49:23 PM okhttp3.mockwebserver.MockWebServer$2 e**cute
INFO: MockWebServer[53942] starting to accept connections
Feb 02, 2021 12:49:24 PM okhttp3.mockwebserver.MockWebServer$3 processOneRequest
INFO: MockWebServer[53942] received request: GET /api/v1/namespaces/test HTTP/1.1 and responded: HTTP/1.1 404 Client Error
Feb 02, 2021 12:49:24 PM okhttp3.mockwebserver.MockWebServer$3 processOneRequest
INFO: MockWebServer[53942] received request: GET /apis/entando.org/v1/namespaces/default/entandodatabaseservices HTTP/1.1 and responded: HTTP/1.1 200 OK
Feb 02, 2021 12:49:24 PM okhttp3.mockwebserver.MockWebServer$3 processOneRequest
INFO: MockWebServer[53942] received request: GET /api/v1/namespaces/test HTTP/1.1 and responded: HTTP/1.1 404 Client Error
Feb 02, 2021 12:49:24 PM okhttp3.mockwebserver.MockWebServer$3 processOneRequest
INFO: MockWebServer[53942] received request: GET /apis/entando.org/v1/namespaces/default/entandodatabaseservices HTTP/1.1 and responded: HTTP/1.1 200 OK
Feb 02, 2021 12:49:24 PM okhttp3.mockwebserver.MockWebServer$3 processOneRequest
INFO: MockWebServer[53942] received request: GET /api/v1/namespaces/entando-k8s-custom-model-cums16 HTTP/1.1 and responded: HTTP/1.1 404 Client Error
Feb 02, 2021 12:49:24 PM okhttp3.mockwebserver.MockWebServer$3 processOneRequest
INFO: MockWebServer[53942] received request: POST /api/v1/namespaces HTTP/1.1 and responded: HTTP/1.1 202 OK
Feb 02, 2021 12:49:24 PM okhttp3.mockwebserver.MockWebServer$3 processOneRequest
INFO: MockWebServer[53942] received request: POST /apis/entando.org/v1/namespaces/entando-k8s-custom-model-cums16/entandodatabaseservices HTTP/1.1 and responded: HTTP/1.1 202 OK
Feb 02, 2021 12:49:24 PM okhttp3.mockwebserver.MockWebServer$3 processOneRequest
INFO: MockWebServer[53942] received request: GET /apis/entando.org/v1/namespaces/entando-k8s-custom-model-cums16/entandodatabaseservices/my-external-database HTTP/1.1 and responded: HTTP/1.1 200 OK
Feb 02, 2021 12:49:24 PM okhttp3.mockwebserver.MockWebServer$3 processOneRequest
INFO: MockWebServer[53942] received request: GET /apis/entando.org/v1/namespaces/entando-k8s-custom-model-cums16/entandodatabaseservices/my-external-database HTTP/1.1 and responded: HTTP/1.1 200 OK
Feb 02, 2021 12:49:24 PM okhttp3.mockwebserver.MockWebServer$3 processOneRequest
INFO: MockWebServer[53942] received request: PATCH /apis/entando.org/v1/namespaces/entando-k8s-custom-model-cums16/entandodatabaseservices/my-external-database HTTP/1.1 and responded: HTTP/1.1 202 OK
Feb 02, 2021 12:49:24 PM okhttp3.mockwebserver.MockWebServer$2 acceptConnections
INFO: MockWebServer[53942] done accepting connections: Socket closed
Feb 02, 2021 12:49:24 PM okhttp3.mockwebserver.MockWebServer$2 e**cute
INFO: MockWebServer[44043] starting to accept connections
Feb 02, 2021 12:49:24 PM okhttp3.mockwebserver.MockWebServer$3 processOneRequest
INFO: MockWebServer[44043] received request: GET /api/v1/namespaces/test HTTP/1.1 and responded: HTTP/1.1 404 Client Error
Feb 02, 2021 12:49:25 PM okhttp3.mockwebserver.MockWebServer$3 processOneRequest
INFO: MockWebServer[44043] received request: GET /apis/entando.org/v1/namespaces/default/entandodatabaseservices HTTP/1.1 and responded: HTTP/1.1 200 OK
Feb 02, 2021 12:49:25 PM okhttp3.mockwebserver.MockWebServer$3 processOneRequest
INFO: MockWebServer[44043] received request: GET /api/v1/namespaces/test HTTP/1.1 and responded: HTTP/1.1 404 Client Error
Feb 02, 2021 12:49:25 PM okhttp3.mockwebserver.MockWebServer$3 processOneRequest
INFO: MockWebServer[44043] received request: GET /apis/entando.org/v1/namespaces/default/entandodatabaseservices HTTP/1.1 and responded: HTTP/1.1 200 OK
Feb 02, 2021 12:49:25 PM okhttp3.mockwebserver.MockWebServer$3 processOneRequest
INFO: MockWebServer[44043] received request: GET /api/v1/namespaces/entando-k8s-custom-model-cums16 HTTP/1.1 and responded: HTTP/1.1 404 Client Error
Feb 02, 2021 12:49:25 PM okhttp3.mockwebserver.MockWebServer$3 processOneRequest
INFO: MockWebServer[44043] received request: POST /api/v1/namespaces HTTP/1.1 and responded: HTTP/1.1 202 OK
Feb 02, 2021 12:49:25 PM okhttp3.mockwebserver.MockWebServer$2 acceptConnections
INFO: MockWebServer[44043] done accepting connections: Socket closed
[INFO] Tests run: 3, Failures: 0, Errors: 0, Skipped: 0, Time elapsed: 2.328 s - in org.entando.kubernetes.model.inprocesstest.EntandoDatabaseServiceMockedTest
[INFO] Running org.entando.kubernetes.model.interprocesstest.EntandoKeycloakServerIntegratedTest
[INFO] Tests run: 2, Failures: 0, Errors: 0, Skipped: 0, Time elapsed: 0.765 s - in org.entando.kubernetes.model.interprocesstest.EntandoKeycloakServerIntegratedTest
[INFO] Running org.entando.kubernetes.model.interprocesstest.EntandoAppPluginLinkIntegratedTest
[INFO] Tests run: 2, Failures: 0, Errors: 0, Skipped: 0, Time elapsed: 0.824 s - in org.entando.kubernetes.model.interprocesstest.EntandoAppPluginLinkIntegratedTest
[INFO] Running org.entando.kubernetes.model.interprocesstest.EntandoDatabaseServiceIntegratedTest
[INFO] Tests run: 2, Failures: 0, Errors: 0, Skipped: 0, Time elapsed: 0.887 s - in org.entando.kubernetes.model.interprocesstest.EntandoDatabaseServiceIntegratedTest
[INFO] Running org.entando.kubernetes.model.interprocesstest.EntandoPluginIntegratedTest
[INFO] Tests run: 2, Failures: 0, Errors: 0, Skipped: 0, Time elapsed: 0.794 s - in org.entando.kubernetes.model.interprocesstest.EntandoPluginIntegratedTest
[INFO] Running org.entando.kubernetes.model.interprocesstest.EntandoAppIntegratedTest
[INFO] Tests run: 2, Failures: 0, Errors: 0, Skipped: 0, Time elapsed: 0.801 s - in org.entando.kubernetes.model.interprocesstest.EntandoAppIntegratedTest
[INFO] Running org.entando.kubernetes.model.interprocesstest.EntandoDeBundleIntegratedTest
[INFO] Tests run: 2, Failures: 0, Errors: 0, Skipped: 0, Time elapsed: 0.768 s - in org.entando.kubernetes.model.interprocesstest.EntandoDeBundleIntegratedTest
[INFO] Running org.entando.kubernetes.model.interprocesstest.EntandoCompositeAppIntegratedTest
[INFO] Tests run: 2, Failures: 0, Errors: 0, Skipped: 0, Time elapsed: 0.759 s - in org.entando.kubernetes.model.interprocesstest.EntandoCompositeAppIntegratedTest
[INFO] Running org.entando.kubernetes.model.interprocesstest.EntandoClusterInfrastructureIntegratedTest
[INFO] Tests run: 3, Failures: 0, Errors: 0, Skipped: 0, Time elapsed: 1.315 s - in org.entando.kubernetes.model.interprocesstest.EntandoClusterInfrastructureIntegratedTest
[INFO] 
[INFO] Results:
[INFO] 
[INFO] Tests run: 42, Failures: 0, Errors: 0, Skipped: 0
[INFO] 
[INFO] 
[INFO] --- maven-jar-plugin:3.2.0:jar (default-jar) @ entando-k8s-custom-model ---
[INFO] Building jar: /workspace/source/target/entando-k8s-custom-model-6.3.0.jar
[INFO] 
[INFO] --- license-maven-plugin:2.0.0:aggregate-download-licenses (download-licenses) @ entando-k8s-custom-model ---
[WARNING] Unable to retrieve license from URL 'LICENSE.txt' for dependency 'org.awaitility:awaitility:4.0.1': null
[WARNING] There were 1 download errors - check the warnings above
[INFO] 
[INFO] --- maven-jar-plugin:3.2.0:test-jar (build-test-jar) @ entando-k8s-custom-model ---
[INFO] Building jar: /workspace/source/target/entando-k8s-custom-model-6.3.0-tests.jar
[INFO] 
[INFO] --- maven-source-plugin:3.2.1:jar-no-fork (attach-sources) @ entando-k8s-custom-model ---
[INFO] Building jar: /workspace/source/target/entando-k8s-custom-model-6.3.0-sources.jar
[INFO] 
[INFO] >>> maven-source-plugin:3.2.1:test-jar (attach-sources) > generate-sources @ entando-k8s-custom-model >>>
[INFO] 
[INFO] --- maven-checkstyle-plugin:3.1.1:check (validate) @ entando-k8s-custom-model ---
[INFO] Starting audit...
Audit done.
[INFO] You have 0 Checkstyle violations.
[INFO] 
[INFO] --- maven-checkstyle-plugin:3.1.1:checkstyle (validate) @ entando-k8s-custom-model ---
[INFO] Starting audit...
Audit done.
[INFO] 
[INFO] --- jacoco-maven-plugin:0.8.5:prepare-agent (prepare-agent) @ entando-k8s-custom-model ---
[INFO] argLine set to -javaagent:/home/jenkins/.mvnrepository/org/jacoco/org.jacoco.agent/0.8.5/org.jacoco.agent-0.8.5-runtime.jar=destfile=/workspace/source/target/jacoco.e**c
[INFO] 
[INFO] <<< maven-source-plugin:3.2.1:test-jar (attach-sources) < generate-sources @ entando-k8s-custom-model <<<
[INFO] 
[INFO] 
[INFO] --- maven-source-plugin:3.2.1:test-jar (attach-sources) @ entando-k8s-custom-model ---
[INFO] Building jar: /workspace/source/target/entando-k8s-custom-model-6.3.0-test-sources.jar
[INFO] 
[INFO] --- maven-javadoc-plugin:3.2.0:jar (attach-javadocs) @ entando-k8s-custom-model ---
[INFO] No previous run data found, generating javadoc.
[INFO] 
Loading source files for package org.entando.kubernetes.model.keycloakserver...
Loading source files for package org.entando.kubernetes.model...
Loading source files for package org.entando.kubernetes.model.app...
Loading source files for package org.entando.kubernetes.model.externaldatabase...
Loading source files for package org.entando.kubernetes.model.infrastructure...
Loading source files for package org.entando.kubernetes.model.plugin...
Loading source files for package org.entando.kubernetes.model.gitspec...
Loading source files for package org.entando.kubernetes.model.debundle...
Loading source files for package org.entando.kubernetes.model.link...
Loading source files for package org.entando.kubernetes.model.compositeapp...
Constructing Javadoc information...
Standard Doclet version 11.0.6
Building tree for all the packages and classes...
Generating /workspace/source/target/apidocs/org/entando/kubernetes/model/AbstractServerStatus.html...
Generating /workspace/source/target/apidocs/org/entando/kubernetes/model/ClusterInfrastructureAwareSpec.html...
Generating /workspace/source/target/apidocs/org/entando/kubernetes/model/ClusterInfrastructureAwareSpecFluent.html...
Generating /workspace/source/target/apidocs/org/entando/kubernetes/model/Coalescence.html...
Generating /workspace/source/target/apidocs/org/entando/kubernetes/model/DbmsVendor.html...
Generating /workspace/source/target/apidocs/org/entando/kubernetes/model/DbServerStatus.html...
Generating /workspace/source/target/apidocs/org/entando/kubernetes/model/DoneableEntandoCustomResource.html...
Generating /workspace/source/target/apidocs/org/entando/kubernetes/model/EntandoBaseCustomResource.html...
Generating /workspace/source/target/apidocs/org/entando/kubernetes/model/EntandoBaseFluent.html...
Generating /workspace/source/target/apidocs/org/entando/kubernetes/model/EntandoControllerFailure.html...
Generating /workspace/source/target/apidocs/org/entando/kubernetes/model/EntandoControllerFailureBuilder.html...
Generating /workspace/source/target/apidocs/org/entando/kubernetes/model/EntandoCustomResource.html...
Generating /workspace/source/target/apidocs/org/entando/kubernetes/model/EntandoCustomResourceResolver.html...
Generating /workspace/source/target/apidocs/org/entando/kubernetes/model/EntandoCustomResourceStatus.html...
Generating /workspace/source/target/apidocs/org/entando/kubernetes/model/EntandoDeploymentPhase.html...
Generating /workspace/source/target/apidocs/org/entando/kubernetes/model/EntandoDeploymentSpec.html...
Generating /workspace/source/target/apidocs/org/entando/kubernetes/model/EntandoDeploymentSpecFluent.html...
Generating /workspace/source/target/apidocs/org/entando/kubernetes/model/EntandoDeploymentSpecFluent.EntandoResourceRequirementsNested.html...
Generating /workspace/source/target/apidocs/org/entando/kubernetes/model/EntandoFluent.html...
Generating /workspace/source/target/apidocs/org/entando/kubernetes/model/EntandoIngressingDeploymentBaseFluent.html...
Generating /workspace/source/target/apidocs/org/entando/kubernetes/model/EntandoIngressingDeploymentSpec.html...
Generating /workspace/source/target/apidocs/org/entando/kubernetes/model/EntandoIngressingDeploymentSpecBaseFluent.html...
Generating /workspace/source/target/apidocs/org/entando/kubernetes/model/EntandoIngressingDeploymentSpecFluent.html...
Generating /workspace/source/target/apidocs/org/entando/kubernetes/model/EntandoResourceOperationsRegistry.html...
Generating /workspace/source/target/apidocs/org/entando/kubernetes/model/EntandoResourceRequirements.html...
Generating /workspace/source/target/apidocs/org/entando/kubernetes/model/EntandoResourceRequirementsBuilder.html...
Generating /workspace/source/target/apidocs/org/entando/kubernetes/model/EntandoResourceRequirementsFluent.html...
Generating /workspace/source/target/apidocs/org/entando/kubernetes/model/HasIngress.html...
Generating /workspace/source/target/apidocs/org/entando/kubernetes/model/JeeServer.html...
Generating /workspace/source/target/apidocs/org/entando/kubernetes/model/KeycloakAwareSpec.html...
Generating /workspace/source/target/apidocs/org/entando/kubernetes/model/KeycloakAwareSpecFluent.html...
Generating /workspace/source/target/apidocs/org/entando/kubernetes/model/KeycloakAwareSpecFluent.KeycloakToUseNested.html...
Generating /workspace/source/target/apidocs/org/entando/kubernetes/model/KeycloakToUse.html...
Generating /workspace/source/target/apidocs/org/entando/kubernetes/model/KeycloakToUseFluent.html...
Generating /workspace/source/target/apidocs/org/entando/kubernetes/model/MetadataNestedImpl.html...
Generating /workspace/source/target/apidocs/org/entando/kubernetes/model/NestedIngressingDeploymentSpecFluent.html...
Generating /workspace/source/target/apidocs/org/entando/kubernetes/model/ResourceReference.html...
Generating /workspace/source/target/apidocs/org/entando/kubernetes/model/SampleWriter.html...
Generating /workspace/source/target/apidocs/org/entando/kubernetes/model/SpecHasIngress.html...
Generating /workspace/source/target/apidocs/org/entando/kubernetes/model/WebServerStatus.html...
Generating /workspace/source/target/apidocs/org/entando/kubernetes/model/app/DoneableEntandoApp.html...
Generating /workspace/source/target/apidocs/org/entando/kubernetes/model/app/EntandoApp.html...
Generating /workspace/source/target/apidocs/org/entando/kubernetes/model/app/EntandoAppBuilder.html...
Generating /workspace/source/target/apidocs/org/entando/kubernetes/model/app/EntandoAppFluent.html...
Generating /workspace/source/target/apidocs/org/entando/kubernetes/model/app/EntandoAppList.html...
Generating /workspace/source/target/apidocs/org/entando/kubernetes/model/app/EntandoAppOperationFactory.html...
Generating /workspace/source/target/apidocs/org/entando/kubernetes/model/app/EntandoAppSpec.html...
Generating /workspace/source/target/apidocs/org/entando/kubernetes/model/app/EntandoAppSpecBuilder.html...
Generating /workspace/source/target/apidocs/org/entando/kubernetes/model/app/EntandoAppSpecFluent.html...
Generating /workspace/source/target/apidocs/org/entando/kubernetes/model/app/EntandoAppSpecFluent.GitSpecBuilderNested.html...
Generating /workspace/source/target/apidocs/org/entando/kubernetes/model/app/NestedEntandoAppSpecFluent.html...
Generating /workspace/source/target/apidocs/org/entando/kubernetes/model/compositeapp/DoneableEntandoCompositeApp.html...
Generating /workspace/source/target/apidocs/org/entando/kubernetes/model/compositeapp/EntandoCompositeApp.html...
Generating /workspace/source/target/apidocs/org/entando/kubernetes/model/compositeapp/EntandoCompositeAppBuilder.html...
Generating /workspace/source/target/apidocs/org/entando/kubernetes/model/compositeapp/EntandoCompositeAppFluent.html...
Generating /workspace/source/target/apidocs/org/entando/kubernetes/model/compositeapp/EntandoCompositeAppFluent.NestedEntandoCompositeAppFluent.html...
Generating /workspace/source/target/apidocs/org/entando/kubernetes/model/compositeapp/EntandoCompositeAppList.html...
Generating /workspace/source/target/apidocs/org/entando/kubernetes/model/compositeapp/EntandoCompositeAppOperationFactory.html...
Generating /workspace/source/target/apidocs/org/entando/kubernetes/model/compositeapp/EntandoCompositeAppSpec.html...
Generating /workspace/source/target/apidocs/org/entando/kubernetes/model/compositeapp/EntandoCompositeAppSpecBuilder.html...
Generating /workspace/source/target/apidocs/org/entando/kubernetes/model/compositeapp/EntandoCompositeAppSpecFluent.html...
Generating /workspace/source/target/apidocs/org/entando/kubernetes/model/compositeapp/EntandoCompositeAppSpecFluent.EntandoAppNested.html...
Generating /workspace/source/target/apidocs/org/entando/kubernetes/model/compositeapp/EntandoCompositeAppSpecFluent.EntandoAppPluginLinkNested.html...
Generating /workspace/source/target/apidocs/org/entando/kubernetes/model/compositeapp/EntandoCompositeAppSpecFluent.EntandoClusterInfrastructureNested.html...
Generating /workspace/source/target/apidocs/org/entando/kubernetes/model/compositeapp/EntandoCompositeAppSpecFluent.EntandoCustomResourceReferenceNested.html...
Generating /workspace/source/target/apidocs/org/entando/kubernetes/model/compositeapp/EntandoCompositeAppSpecFluent.EntandoDatabaseServiceNested.html...
Generating /workspace/source/target/apidocs/org/entando/kubernetes/model/compositeapp/EntandoCompositeAppSpecFluent.EntandoKeycloakServerNested.html...
Generating /workspace/source/target/apidocs/org/entando/kubernetes/model/compositeapp/EntandoCompositeAppSpecFluent.EntandoPluginNested.html...
Generating /workspace/source/target/apidocs/org/entando/kubernetes/model/compositeapp/EntandoCustomResourceReference.html...
Generating /workspace/source/target/apidocs/org/entando/kubernetes/model/compositeapp/EntandoCustomResourceReferenceBuilder.html...
Generating /workspace/source/target/apidocs/org/entando/kubernetes/model/compositeapp/EntandoCustomResourceReferenceFluent.html...
Generating /workspace/source/target/apidocs/org/entando/kubernetes/model/compositeapp/EntandoCustomResourceReferenceFluent.NestedEntandoCustomResourceReferenceSpecFluent.html...
Generating /workspace/source/target/apidocs/org/entando/kubernetes/model/compositeapp/EntandoCustomResourceReferenceSpec.html...
Generating /workspace/source/target/apidocs/org/entando/kubernetes/model/compositeapp/EntandoCustomResourceReferenceSpecBuilder.html...
Generating /workspace/source/target/apidocs/org/entando/kubernetes/model/compositeapp/EntandoCustomResourceReferenceSpecFluent.html...
Generating /workspace/source/target/apidocs/org/entando/kubernetes/model/debundle/DoneableEntandoDeBundle.html...
Generating /workspace/source/target/apidocs/org/entando/kubernetes/model/debundle/EntandoDeBundle.html...
Generating /workspace/source/target/apidocs/org/entando/kubernetes/model/debundle/EntandoDeBundleBuilder.html...
Generating /workspace/source/target/apidocs/org/entando/kubernetes/model/debundle/EntandoDeBundleDetails.html...
Generating /workspace/source/target/apidocs/org/entando/kubernetes/model/debundle/EntandoDeBundleDetailsBuilder.html...
Generating /workspace/source/target/apidocs/org/entando/kubernetes/model/debundle/EntandoDeBundleDetailsFluent.html...
Generating /workspace/source/target/apidocs/org/entando/kubernetes/model/debundle/EntandoDeBundleFluent.html...
Generating /workspace/source/target/apidocs/org/entando/kubernetes/model/debundle/EntandoDeBundleFluent.SpecNestedImpl.html...
Generating /workspace/source/target/apidocs/org/entando/kubernetes/model/debundle/EntandoDeBundleList.html...
Generating /workspace/source/target/apidocs/org/entando/kubernetes/model/debundle/EntandoDeBundleOperationFactory.html...
Generating /workspace/source/target/apidocs/org/entando/kubernetes/model/debundle/EntandoDeBundleSpec.html...
Generating /workspace/source/target/apidocs/org/entando/kubernetes/model/debundle/EntandoDeBundleSpecBuilder.html...
Generating /workspace/source/target/apidocs/org/entando/kubernetes/model/debundle/EntandoDeBundleSpecFluent.html...
Generating /workspace/source/target/apidocs/org/entando/kubernetes/model/debundle/EntandoDeBundleSpecFluent.DetailsNested.html...
Generating /workspace/source/target/apidocs/org/entando/kubernetes/model/debundle/EntandoDeBundleSpecFluent.TagNested.html...
Generating /workspace/source/target/apidocs/org/entando/kubernetes/model/debundle/EntandoDeBundleTag.html...
Generating /workspace/source/target/apidocs/org/entando/kubernetes/model/debundle/EntandoDeBundleTagBuilder.html...
Generating /workspace/source/target/apidocs/org/entando/kubernetes/model/debundle/EntandoDeBundleTagFluent.html...
Generating /workspace/source/target/apidocs/org/entando/kubernetes/model/externaldatabase/DoneableEntandoDatabaseService.html...
Generating /workspace/source/target/apidocs/org/entando/kubernetes/model/externaldatabase/EntandoDatabaseService.html...
Generating /workspace/source/target/apidocs/org/entando/kubernetes/model/externaldatabase/EntandoDatabaseServiceBuilder.html...
Generating /workspace/source/target/apidocs/org/entando/kubernetes/model/externaldatabase/EntandoDatabaseServiceFluent.html...
Generating /workspace/source/target/apidocs/org/entando/kubernetes/model/externaldatabase/EntandoDatabaseServiceList.html...
Generating /workspace/source/target/apidocs/org/entando/kubernetes/model/externaldatabase/EntandoDatabaseServiceOperationFactory.html...
Generating /workspace/source/target/apidocs/org/entando/kubernetes/model/externaldatabase/EntandoDatabaseServiceSpec.html...
Generating /workspace/source/target/apidocs/org/entando/kubernetes/model/externaldatabase/EntandoDatabaseServiceSpecBuilder.html...
Generating /workspace/source/target/apidocs/org/entando/kubernetes/model/externaldatabase/EntandoDatabaseServiceSpecFluent.html...
Generating /workspace/source/target/apidocs/org/entando/kubernetes/model/externaldatabase/NestedEntandoDatabaseServiceFluent.html...
Generating /workspace/source/target/apidocs/org/entando/kubernetes/model/gitspec/GitResponsibility.html...
Generating /workspace/source/target/apidocs/org/entando/kubernetes/model/gitspec/GitSpec.html...
Generating /workspace/source/target/apidocs/org/entando/kubernetes/model/gitspec/GitSpecBuilder.html...
Generating /workspace/source/target/apidocs/org/entando/kubernetes/model/gitspec/GitSpecFluent.html...
Generating /workspace/source/target/apidocs/org/entando/kubernetes/model/infrastructure/DoneableEntandoClusterInfrastructure.html...
Generating /workspace/source/target/apidocs/org/entando/kubernetes/model/infrastructure/EntandoClusterInfrastructure.html...
Generating /workspace/source/target/apidocs/org/entando/kubernetes/model/infrastructure/EntandoClusterInfrastructureBuilder.html...
Generating /workspace/source/target/apidocs/org/entando/kubernetes/model/infrastructure/EntandoClusterInfrastructureFluent.html...
Generating /workspace/source/target/apidocs/org/entando/kubernetes/model/infrastructure/EntandoClusterInfrastructureList.html...
Generating /workspace/source/target/apidocs/org/entando/kubernetes/model/infrastructure/EntandoClusterInfrastructureOperationFactory.html...
Generating /workspace/source/target/apidocs/org/entando/kubernetes/model/infrastructure/EntandoClusterInfrastructureSpec.html...
Generating /workspace/source/target/apidocs/org/entando/kubernetes/model/infrastructure/EntandoClusterInfrastructureSpecBuilder.html...
Generating /workspace/source/target/apidocs/org/entando/kubernetes/model/infrastructure/EntandoClusterInfrastructureSpecFluent.html...
Generating /workspace/source/target/apidocs/org/entando/kubernetes/model/infrastructure/NestedEntandClusterInfrastructureSpecFluent.html...
Generating /workspace/source/target/apidocs/org/entando/kubernetes/model/keycloakserver/DoneableEntandoKeycloakServer.html...
Generating /workspace/source/target/apidocs/org/entando/kubernetes/model/keycloakserver/EntandoKeycloakServer.html...
Generating /workspace/source/target/apidocs/org/entando/kubernetes/model/keycloakserver/EntandoKeycloakServerBuilder.html...
Generating /workspace/source/target/apidocs/org/entando/kubernetes/model/keycloakserver/EntandoKeycloakServerFluent.html...
Generating /workspace/source/target/apidocs/org/entando/kubernetes/model/keycloakserver/EntandoKeycloakServerList.html...
Generating /workspace/source/target/apidocs/org/entando/kubernetes/model/keycloakserver/EntandoKeycloakServerOperationFactory.html...
Generating /workspace/source/target/apidocs/org/entando/kubernetes/model/keycloakserver/EntandoKeycloakServerSpec.html...
Generating /workspace/source/target/apidocs/org/entando/kubernetes/model/keycloakserver/EntandoKeycloakServerSpecBuilder.html...
Generating /workspace/source/target/apidocs/org/entando/kubernetes/model/keycloakserver/EntandoKeycloakServerSpecFluent.html...
Generating /workspace/source/target/apidocs/org/entando/kubernetes/model/keycloakserver/NestedEntandoKeycloakServerSpecFluent.html...
Generating /workspace/source/target/apidocs/org/entando/kubernetes/model/keycloakserver/StandardKeycloakImage.html...
Generating /workspace/source/target/apidocs/org/entando/kubernetes/model/link/DoneableEntandoAppPluginLink.html...
Generating /workspace/source/target/apidocs/org/entando/kubernetes/model/link/EntandoAppPluginLink.html...
Generating /workspace/source/target/apidocs/org/entando/kubernetes/model/link/EntandoAppPluginLinkBuilder.html...
Generating /workspace/source/target/apidocs/org/entando/kubernetes/model/link/EntandoAppPluginLinkFluent.html...
Generating /workspace/source/target/apidocs/org/entando/kubernetes/model/link/EntandoAppPluginLinkFluent.NestedEntandoAppPluginLinkSpecFluent.html...
Generating /workspace/source/target/apidocs/org/entando/kubernetes/model/link/EntandoAppPluginLinkList.html...
Generating /workspace/source/target/apidocs/org/entando/kubernetes/model/link/EntandoAppPluginLinkOperationFactory.html...
Generating /workspace/source/target/apidocs/org/entando/kubernetes/model/link/EntandoAppPluginLinkSpec.html...
Generating /workspace/source/target/apidocs/org/entando/kubernetes/model/link/EntandoAppPluginLinkSpecBuilder.html...
Generating /workspace/source/target/apidocs/org/entando/kubernetes/model/link/EntandoAppPluginLinkSpecFluent.html...
Generating /workspace/source/target/apidocs/org/entando/kubernetes/model/plugin/DoneableEntandoPlugin.html...
Generating /workspace/source/target/apidocs/org/entando/kubernetes/model/plugin/EntandoPlugin.html...
Generating /workspace/source/target/apidocs/org/entando/kubernetes/model/plugin/EntandoPluginBuilder.html...
Generating /workspace/source/target/apidocs/org/entando/kubernetes/model/plugin/EntandoPluginFluent.html...
Generating /workspace/source/target/apidocs/org/entando/kubernetes/model/plugin/EntandoPluginList.html...
Generating /workspace/source/target/apidocs/org/entando/kubernetes/model/plugin/EntandoPluginOperationFactory.html...
Generating /workspace/source/target/apidocs/org/entando/kubernetes/model/plugin/EntandoPluginSpec.html...
Generating /workspace/source/target/apidocs/org/entando/kubernetes/model/plugin/EntandoPluginSpecBuilder.html...
Generating /workspace/source/target/apidocs/org/entando/kubernetes/model/plugin/EntandoPluginSpecFluent.html...
Generating /workspace/source/target/apidocs/org/entando/kubernetes/model/plugin/ExpectedRole.html...
Generating /workspace/source/target/apidocs/org/entando/kubernetes/model/plugin/NestedEntandoPluginSpecFluent.html...
Generating /workspace/source/target/apidocs/org/entando/kubernetes/model/plugin/Permission.html...
Generating /workspace/source/target/apidocs/org/entando/kubernetes/model/plugin/PluginSecurityLevel.html...
Generating /workspace/source/target/apidocs/org/entando/kubernetes/model/package-summary.html...
Generating /workspace/source/target/apidocs/org/entando/kubernetes/model/package-tree.html...
Generating /workspace/source/target/apidocs/org/entando/kubernetes/model/app/package-summary.html...
Generating /workspace/source/target/apidocs/org/entando/kubernetes/model/app/package-tree.html...
Generating /workspace/source/target/apidocs/org/entando/kubernetes/model/compositeapp/package-summary.html...
Generating /workspace/source/target/apidocs/org/entando/kubernetes/model/compositeapp/package-tree.html...
Generating /workspace/source/target/apidocs/org/entando/kubernetes/model/debundle/package-summary.html...
Generating /workspace/source/target/apidocs/org/entando/kubernetes/model/debundle/package-tree.html...
Generating /workspace/source/target/apidocs/org/entando/kubernetes/model/externaldatabase/package-summary.html...
Generating /workspace/source/target/apidocs/org/entando/kubernetes/model/externaldatabase/package-tree.html...
Generating /workspace/source/target/apidocs/org/entando/kubernetes/model/gitspec/package-summary.html...
Generating /workspace/source/target/apidocs/org/entando/kubernetes/model/gitspec/package-tree.html...
Generating /workspace/source/target/apidocs/org/entando/kubernetes/model/infrastructure/package-summary.html...
Generating /workspace/source/target/apidocs/org/entando/kubernetes/model/infrastructure/package-tree.html...
Generating /workspace/source/target/apidocs/org/entando/kubernetes/model/keycloakserver/package-summary.html...
Generating /workspace/source/target/apidocs/org/entando/kubernetes/model/keycloakserver/package-tree.html...
Generating /workspace/source/target/apidocs/org/entando/kubernetes/model/link/package-summary.html...
Generating /workspace/source/target/apidocs/org/entando/kubernetes/model/link/package-tree.html...
Generating /workspace/source/target/apidocs/org/entando/kubernetes/model/plugin/package-summary.html...
Generating /workspace/source/target/apidocs/org/entando/kubernetes/model/plugin/package-tree.html...
Generating /workspace/source/target/apidocs/constant-values.html...
Generating /workspace/source/target/apidocs/serialized-form.html...
Generating /workspace/source/target/apidocs/org/entando/kubernetes/model/keycloakserver/class-use/EntandoKeycloakServerList.html...
Generating /workspace/source/target/apidocs/org/entando/kubernetes/model/keycloakserver/class-use/EntandoKeycloakServerFluent.html...
Generating /workspace/source/target/apidocs/org/entando/kubernetes/model/keycloakserver/class-use/StandardKeycloakImage.html...
Generating /workspace/source/target/apidocs/org/entando/kubernetes/model/keycloakserver/class-use/EntandoKeycloakServer.html...
Generating /workspace/source/target/apidocs/org/entando/kubernetes/model/keycloakserver/class-use/EntandoKeycloakServerBuilder.html...
Generating /workspace/source/target/apidocs/org/entando/kubernetes/model/keycloakserver/class-use/EntandoKeycloakServerSpecBuilder.html...
Generating /workspace/source/target/apidocs/org/entando/kubernetes/model/keycloakserver/class-use/EntandoKeycloakServerOperationFactory.html...
Generating /workspace/source/target/apidocs/org/entando/kubernetes/model/keycloakserver/class-use/EntandoKeycloakServerSpec.html...
Generating /workspace/source/target/apidocs/org/entando/kubernetes/model/keycloakserver/class-use/DoneableEntandoKeycloakServer.html...
Generating /workspace/source/target/apidocs/org/entando/kubernetes/model/keycloakserver/class-use/NestedEntandoKeycloakServerSpecFluent.html...
Generating /workspace/source/target/apidocs/org/entando/kubernetes/model/keycloakserver/class-use/EntandoKeycloakServerSpecFluent.html...
Generating /workspace/source/target/apidocs/org/entando/kubernetes/model/class-use/ResourceReference.html...
Generating /workspace/source/target/apidocs/org/entando/kubernetes/model/class-use/DbmsVendor.html...
Generating /workspace/source/target/apidocs/org/entando/kubernetes/model/class-use/EntandoResourceRequirements.html...
Generating /workspace/source/target/apidocs/org/entando/kubernetes/model/class-use/Coalescence.html...
Generating /workspace/source/target/apidocs/org/entando/kubernetes/model/class-use/JeeServer.html...
Generating /workspace/source/target/apidocs/org/entando/kubernetes/model/class-use/KeycloakAwareSpec.html...
Generating /workspace/source/target/apidocs/org/entando/kubernetes/model/class-use/EntandoDeploymentSpec.html...
Generating /workspace/source/target/apidocs/org/entando/kubernetes/model/class-use/SampleWriter.html...
Generating /workspace/source/target/apidocs/org/entando/kubernetes/model/class-use/EntandoBaseCustomResource.html...
Generating /workspace/source/target/apidocs/org/entando/kubernetes/model/class-use/EntandoIngressingDeploymentSpecFluent.html...
Generating /workspace/source/target/apidocs/org/entando/kubernetes/model/class-use/EntandoResourceOperationsRegistry.html...
Generating /workspace/source/target/apidocs/org/entando/kubernetes/model/class-use/KeycloakToUse.html...
Generating /workspace/source/target/apidocs/org/entando/kubernetes/model/class-use/EntandoCustomResourceResolver.html...
Generating /workspace/source/target/apidocs/org/entando/kubernetes/model/class-use/EntandoBaseFluent.html...
Generating /workspace/source/target/apidocs/org/entando/kubernetes/model/class-use/SpecHasIngress.html...
Generating /workspace/source/target/apidocs/org/entando/kubernetes/model/class-use/AbstractServerStatus.html...
Generating /workspace/source/target/apidocs/org/entando/kubernetes/model/class-use/EntandoControllerFailureBuilder.html...
Generating /workspace/source/target/apidocs/org/entando/kubernetes/model/class-use/ClusterInfrastructureAwareSpec.html...
Generating /workspace/source/target/apidocs/org/entando/kubernetes/model/class-use/EntandoIngressingDeploymentBaseFluent.html...
Generating /workspace/source/target/apidocs/org/entando/kubernetes/model/class-use/DoneableEntandoCustomResource.html...
Generating /workspace/source/target/apidocs/org/entando/kubernetes/model/class-use/EntandoResourceRequirementsFluent.html...
Generating /workspace/source/target/apidocs/org/entando/kubernetes/model/class-use/HasIngress.html...
Generating /workspace/source/target/apidocs/org/entando/kubernetes/model/class-use/EntandoControllerFailure.html...
Generating /workspace/source/target/apidocs/org/entando/kubernetes/model/class-use/EntandoCustomResource.html...
Generating /workspace/source/target/apidocs/org/entando/kubernetes/model/class-use/EntandoIngressingDeploymentSpecBaseFluent.html...
Generating /workspace/source/target/apidocs/org/entando/kubernetes/model/class-use/ClusterInfrastructureAwareSpecFluent.html...
Generating /workspace/source/target/apidocs/org/entando/kubernetes/model/class-use/KeycloakToUseFluent.html...
Generating /workspace/source/target/apidocs/org/entando/kubernetes/model/class-use/EntandoCustomResourceStatus.html...
Generating /workspace/source/target/apidocs/org/entando/kubernetes/model/class-use/EntandoFluent.html...
Generating /workspace/source/target/apidocs/org/entando/kubernetes/model/class-use/EntandoDeploymentPhase.html...
Generating /workspace/source/target/apidocs/org/entando/kubernetes/model/class-use/KeycloakAwareSpecFluent.html...
Generating /workspace/source/target/apidocs/org/entando/kubernetes/model/class-use/KeycloakAwareSpecFluent.KeycloakToUseNested.html...
Generating /workspace/source/target/apidocs/org/entando/kubernetes/model/class-use/NestedIngressingDeploymentSpecFluent.html...
Generating /workspace/source/target/apidocs/org/entando/kubernetes/model/class-use/DbServerStatus.html...
Generating /workspace/source/target/apidocs/org/entando/kubernetes/model/class-use/MetadataNestedImpl.html...
Generating /workspace/source/target/apidocs/org/entando/kubernetes/model/class-use/EntandoIngressingDeploymentSpec.html...
Generating /workspace/source/target/apidocs/org/entando/kubernetes/model/class-use/EntandoDeploymentSpecFluent.html...
Generating /workspace/source/target/apidocs/org/entando/kubernetes/model/class-use/EntandoDeploymentSpecFluent.EntandoResourceRequirementsNested.html...
Generating /workspace/source/target/apidocs/org/entando/kubernetes/model/class-use/WebServerStatus.html...
Generating /workspace/source/target/apidocs/org/entando/kubernetes/model/class-use/EntandoResourceRequirementsBuilder.html...
Generating /workspace/source/target/apidocs/org/entando/kubernetes/model/app/class-use/EntandoAppSpecFluent.html...
Generating /workspace/source/target/apidocs/org/entando/kubernetes/model/app/class-use/EntandoAppSpecFluent.GitSpecBuilderNested.html...
Generating /workspace/source/target/apidocs/org/entando/kubernetes/model/app/class-use/EntandoAppFluent.html...
Generating /workspace/source/target/apidocs/org/entando/kubernetes/model/app/class-use/EntandoAppList.html...
Generating /workspace/source/target/apidocs/org/entando/kubernetes/model/app/class-use/EntandoApp.html...
Generating /workspace/source/target/apidocs/org/entando/kubernetes/model/app/class-use/NestedEntandoAppSpecFluent.html...
Generating /workspace/source/target/apidocs/org/entando/kubernetes/model/app/class-use/EntandoAppOperationFactory.html...
Generating /workspace/source/target/apidocs/org/entando/kubernetes/model/app/class-use/DoneableEntandoApp.html...
Generating /workspace/source/target/apidocs/org/entando/kubernetes/model/app/class-use/EntandoAppSpecBuilder.html...
Generating /workspace/source/target/apidocs/org/entando/kubernetes/model/app/class-use/EntandoAppBuilder.html...
Generating /workspace/source/target/apidocs/org/entando/kubernetes/model/app/class-use/EntandoAppSpec.html...
Generating /workspace/source/target/apidocs/org/entando/kubernetes/model/externaldatabase/class-use/NestedEntandoDatabaseServiceFluent.html...
Generating /workspace/source/target/apidocs/org/entando/kubernetes/model/externaldatabase/class-use/EntandoDatabaseServiceList.html...
Generating /workspace/source/target/apidocs/org/entando/kubernetes/model/externaldatabase/class-use/EntandoDatabaseServiceOperationFactory.html...
Generating /workspace/source/target/apidocs/org/entando/kubernetes/model/externaldatabase/class-use/EntandoDatabaseServiceSpec.html...
Generating /workspace/source/target/apidocs/org/entando/kubernetes/model/externaldatabase/class-use/EntandoDatabaseService.html...
Generating /workspace/source/target/apidocs/org/entando/kubernetes/model/externaldatabase/class-use/DoneableEntandoDatabaseService.html...
Generating /workspace/source/target/apidocs/org/entando/kubernetes/model/externaldatabase/class-use/EntandoDatabaseServiceSpecBuilder.html...
Generating /workspace/source/target/apidocs/org/entando/kubernetes/model/externaldatabase/class-use/EntandoDatabaseServiceFluent.html...
Generating /workspace/source/target/apidocs/org/entando/kubernetes/model/externaldatabase/class-use/EntandoDatabaseServiceSpecFluent.html...
Generating /workspace/source/target/apidocs/org/entando/kubernetes/model/externaldatabase/class-use/EntandoDatabaseServiceBuilder.html...
Generating /workspace/source/target/apidocs/org/entando/kubernetes/model/infrastructure/class-use/DoneableEntandoClusterInfrastructure.html...
Generating /workspace/source/target/apidocs/org/entando/kubernetes/model/infrastructure/class-use/EntandoClusterInfrastructureSpecBuilder.html...
Generating /workspace/source/target/apidocs/org/entando/kubernetes/model/infrastructure/class-use/EntandoClusterInfrastructureOperationFactory.html...
Generating /workspace/source/target/apidocs/org/entando/kubernetes/model/infrastructure/class-use/EntandoClusterInfrastructure.html...
Generating /workspace/source/target/apidocs/org/entando/kubernetes/model/infrastructure/class-use/EntandoClusterInfrastructureFluent.html...
Generating /workspace/source/target/apidocs/org/entando/kubernetes/model/infrastructure/class-use/EntandoClusterInfrastructureSpecFluent.html...
Generating /workspace/source/target/apidocs/org/entando/kubernetes/model/infrastructure/class-use/NestedEntandClusterInfrastructureSpecFluent.html...
Generating /workspace/source/target/apidocs/org/entando/kubernetes/model/infrastructure/class-use/EntandoClusterInfrastructureSpec.html...
Generating /workspace/source/target/apidocs/org/entando/kubernetes/model/infrastructure/class-use/EntandoClusterInfrastructureList.html...
Generating /workspace/source/target/apidocs/org/entando/kubernetes/model/infrastructure/class-use/EntandoClusterInfrastructureBuilder.html...
Generating /workspace/source/target/apidocs/org/entando/kubernetes/model/plugin/class-use/ExpectedRole.html...
Generating /workspace/source/target/apidocs/org/entando/kubernetes/model/plugin/class-use/Permission.html...
Generating /workspace/source/target/apidocs/org/entando/kubernetes/model/plugin/class-use/EntandoPluginSpecBuilder.html...
Generating /workspace/source/target/apidocs/org/entando/kubernetes/model/plugin/class-use/NestedEntandoPluginSpecFluent.html...
Generating /workspace/source/target/apidocs/org/entando/kubernetes/model/plugin/class-use/EntandoPluginSpec.html...
Generating /workspace/source/target/apidocs/org/entando/kubernetes/model/plugin/class-use/EntandoPluginBuilder.html...
Generating /workspace/source/target/apidocs/org/entando/kubernetes/model/plugin/class-use/EntandoPluginSpecFluent.html...
Generating /workspace/source/target/apidocs/org/entando/kubernetes/model/plugin/class-use/PluginSecurityLevel.html...
Generating /workspace/source/target/apidocs/org/entando/kubernetes/model/plugin/class-use/DoneableEntandoPlugin.html...
Generating /workspace/source/target/apidocs/org/entando/kubernetes/model/plugin/class-use/EntandoPluginFluent.html...
Generating /workspace/source/target/apidocs/org/entando/kubernetes/model/plugin/class-use/EntandoPluginList.html...
Generating /workspace/source/target/apidocs/org/entando/kubernetes/model/plugin/class-use/EntandoPlugin.html...
Generating /workspace/source/target/apidocs/org/entando/kubernetes/model/plugin/class-use/EntandoPluginOperationFactory.html...
Generating /workspace/source/target/apidocs/org/entando/kubernetes/model/gitspec/class-use/GitSpec.html...
Generating /workspace/source/target/apidocs/org/entando/kubernetes/model/gitspec/class-use/GitResponsibility.html...
Generating /workspace/source/target/apidocs/org/entando/kubernetes/model/gitspec/class-use/GitSpecBuilder.html...
Generating /workspace/source/target/apidocs/org/entando/kubernetes/model/gitspec/class-use/GitSpecFluent.html...
Generating /workspace/source/target/apidocs/org/entando/kubernetes/model/debundle/class-use/EntandoDeBundleDetailsBuilder.html...
Generating /workspace/source/target/apidocs/org/entando/kubernetes/model/debundle/class-use/DoneableEntandoDeBundle.html...
Generating /workspace/source/target/apidocs/org/entando/kubernetes/model/debundle/class-use/EntandoDeBundleDetails.html...
Generating /workspace/source/target/apidocs/org/entando/kubernetes/model/debundle/class-use/EntandoDeBundleList.html...
Generating /workspace/source/target/apidocs/org/entando/kubernetes/model/debundle/class-use/EntandoDeBundleSpec.html...
Generating /workspace/source/target/apidocs/org/entando/kubernetes/model/debundle/class-use/EntandoDeBundleSpecFluent.html...
Generating /workspace/source/target/apidocs/org/entando/kubernetes/model/debundle/class-use/EntandoDeBundleSpecFluent.TagNested.html...
Generating /workspace/source/target/apidocs/org/entando/kubernetes/model/debundle/class-use/EntandoDeBundleSpecFluent.DetailsNested.html...
Generating /workspace/source/target/apidocs/org/entando/kubernetes/model/debundle/class-use/EntandoDeBundleTagBuilder.html...
Generating /workspace/source/target/apidocs/org/entando/kubernetes/model/debundle/class-use/EntandoDeBundleFluent.html...
Generating /workspace/source/target/apidocs/org/entando/kubernetes/model/debundle/class-use/EntandoDeBundleFluent.SpecNestedImpl.html...
Generating /workspace/source/target/apidocs/org/entando/kubernetes/model/debundle/class-use/EntandoDeBundleBuilder.html...
Generating /workspace/source/target/apidocs/org/entando/kubernetes/model/debundle/class-use/EntandoDeBundleDetailsFluent.html...
Generating /workspace/source/target/apidocs/org/entando/kubernetes/model/debundle/class-use/EntandoDeBundleTag.html...
Generating /workspace/source/target/apidocs/org/entando/kubernetes/model/debundle/class-use/EntandoDeBundleSpecBuilder.html...
Generating /workspace/source/target/apidocs/org/entando/kubernetes/model/debundle/class-use/EntandoDeBundleOperationFactory.html...
Generating /workspace/source/target/apidocs/org/entando/kubernetes/model/debundle/class-use/EntandoDeBundleTagFluent.html...
Generating /workspace/source/target/apidocs/org/entando/kubernetes/model/debundle/class-use/EntandoDeBundle.html...
Generating /workspace/source/target/apidocs/org/entando/kubernetes/model/link/class-use/EntandoAppPluginLinkList.html...
Generating /workspace/source/target/apidocs/org/entando/kubernetes/model/link/class-use/EntandoAppPluginLinkSpecBuilder.html...
Generating /workspace/source/target/apidocs/org/entando/kubernetes/model/link/class-use/EntandoAppPluginLinkOperationFactory.html...
Generating /workspace/source/target/apidocs/org/entando/kubernetes/model/link/class-use/EntandoAppPluginLinkSpecFluent.html...
Generating /workspace/source/target/apidocs/org/entando/kubernetes/model/link/class-use/EntandoAppPluginLinkSpec.html...
Generating /workspace/source/target/apidocs/org/entando/kubernetes/model/link/class-use/EntandoAppPluginLink.html...
Generating /workspace/source/target/apidocs/org/entando/kubernetes/model/link/class-use/EntandoAppPluginLinkBuilder.html...
Generating /workspace/source/target/apidocs/org/entando/kubernetes/model/link/class-use/EntandoAppPluginLinkFluent.html...
Generating /workspace/source/target/apidocs/org/entando/kubernetes/model/link/class-use/EntandoAppPluginLinkFluent.NestedEntandoAppPluginLinkSpecFluent.html...
Generating /workspace/source/target/apidocs/org/entando/kubernetes/model/link/class-use/DoneableEntandoAppPluginLink.html...
Generating /workspace/source/target/apidocs/org/entando/kubernetes/model/compositeapp/class-use/EntandoCustomResourceReferenceSpecBuilder.html...
Generating /workspace/source/target/apidocs/org/entando/kubernetes/model/compositeapp/class-use/EntandoCompositeApp.html...
Generating /workspace/source/target/apidocs/org/entando/kubernetes/model/compositeapp/class-use/EntandoCompositeAppBuilder.html...
Generating /workspace/source/target/apidocs/org/entando/kubernetes/model/compositeapp/class-use/EntandoCustomResourceReferenceSpecFluent.html...
Generating /workspace/source/target/apidocs/org/entando/kubernetes/model/compositeapp/class-use/EntandoCompositeAppSpecFluent.html...
Generating /workspace/source/target/apidocs/org/entando/kubernetes/model/compositeapp/class-use/EntandoCompositeAppSpecFluent.EntandoCustomResourceReferenceNested.html...
Generating /workspace/source/target/apidocs/org/entando/kubernetes/model/compositeapp/class-use/EntandoCompositeAppSpecFluent.EntandoDatabaseServiceNested.html...
Generating /workspace/source/target/apidocs/org/entando/kubernetes/model/compositeapp/class-use/EntandoCompositeAppSpecFluent.EntandoAppPluginLinkNested.html...
Generating /workspace/source/target/apidocs/org/entando/kubernetes/model/compositeapp/class-use/EntandoCompositeAppSpecFluent.EntandoPluginNested.html...
Generating /workspace/source/target/apidocs/org/entando/kubernetes/model/compositeapp/class-use/EntandoCompositeAppSpecFluent.EntandoClusterInfrastructureNested.html...
Generating /workspace/source/target/apidocs/org/entando/kubernetes/model/compositeapp/class-use/EntandoCompositeAppSpecFluent.EntandoAppNested.html...
Generating /workspace/source/target/apidocs/org/entando/kubernetes/model/compositeapp/class-use/EntandoCompositeAppSpecFluent.EntandoKeycloakServerNested.html...
Generating /workspace/source/target/apidocs/org/entando/kubernetes/model/compositeapp/class-use/EntandoCompositeAppSpecBuilder.html...
Generating /workspace/source/target/apidocs/org/entando/kubernetes/model/compositeapp/class-use/EntandoCustomResourceReference.html...
Generating /workspace/source/target/apidocs/org/entando/kubernetes/model/compositeapp/class-use/EntandoCustomResourceReferenceFluent.html...
Generating /workspace/source/target/apidocs/org/entando/kubernetes/model/compositeapp/class-use/EntandoCustomResourceReferenceFluent.NestedEntandoCustomResourceReferenceSpecFluent.html...
Generating /workspace/source/target/apidocs/org/entando/kubernetes/model/compositeapp/class-use/EntandoCompositeAppOperationFactory.html...
Generating /workspace/source/target/apidocs/org/entando/kubernetes/model/compositeapp/class-use/EntandoCompositeAppSpec.html...
Generating /workspace/source/target/apidocs/org/entando/kubernetes/model/compositeapp/class-use/DoneableEntandoCompositeApp.html...
Generating /workspace/source/target/apidocs/org/entando/kubernetes/model/compositeapp/class-use/EntandoCustomResourceReferenceSpec.html...
Generating /workspace/source/target/apidocs/org/entando/kubernetes/model/compositeapp/class-use/EntandoCompositeAppList.html...
Generating /workspace/source/target/apidocs/org/entando/kubernetes/model/compositeapp/class-use/EntandoCustomResourceReferenceBuilder.html...
Generating /workspace/source/target/apidocs/org/entando/kubernetes/model/compositeapp/class-use/EntandoCompositeAppFluent.html...
Generating /workspace/source/target/apidocs/org/entando/kubernetes/model/compositeapp/class-use/EntandoCompositeAppFluent.NestedEntandoCompositeAppFluent.html...
Generating /workspace/source/target/apidocs/org/entando/kubernetes/model/package-use.html...
Generating /workspace/source/target/apidocs/org/entando/kubernetes/model/app/package-use.html...
Generating /workspace/source/target/apidocs/org/entando/kubernetes/model/compositeapp/package-use.html...
Generating /workspace/source/target/apidocs/org/entando/kubernetes/model/debundle/package-use.html...
Generating /workspace/source/target/apidocs/org/entando/kubernetes/model/externaldatabase/package-use.html...
Generating /workspace/source/target/apidocs/org/entando/kubernetes/model/gitspec/package-use.html...
Generating /workspace/source/target/apidocs/org/entando/kubernetes/model/infrastructure/package-use.html...
Generating /workspace/source/target/apidocs/org/entando/kubernetes/model/keycloakserver/package-use.html...
Generating /workspace/source/target/apidocs/org/entando/kubernetes/model/link/package-use.html...
Generating /workspace/source/target/apidocs/org/entando/kubernetes/model/plugin/package-use.html...
Building index for all the packages and classes...
Generating /workspace/source/target/apidocs/overview-tree.html...
Generating /workspace/source/target/apidocs/index-all.html...
Building index for all classes...
Generating /workspace/source/target/apidocs/allclasses-index.html...
Generating /workspace/source/target/apidocs/allpackages-index.html...
Generating /workspace/source/target/apidocs/deprecated-list.html...
Building index for all classes...
Generating /workspace/source/target/apidocs/allclasses.html...
Generating /workspace/source/target/apidocs/allclasses.html...
Generating /workspace/source/target/apidocs/index.html...
Generating /workspace/source/target/apidocs/overview-summary.html...
Generating /workspace/source/target/apidocs/help-doc.html...
[INFO] Building jar: /workspace/source/target/entando-k8s-custom-model-6.3.0-javadoc.jar
[INFO] 
[INFO] --- maven-surefire-report-plugin:3.0.0-M4:failsafe-report-only (integration-tests) @ entando-k8s-custom-model ---
[INFO] 
[INFO] --- dependency-check-maven:6.0.3:aggregate (default) @ entando-k8s-custom-model ---
[INFO] Checking for updates
[INFO] Skipping NVD check since last check was within 4 hours.
[INFO] Check for updates complete (64 ms)
[INFO] 

Dependency-Check is an open source tool performing a best effort analysis of 3rd party dependencies; false positives and false negatives may exist in the analysis performed by the tool. Use of the tool and the reporting provided constitutes acceptance for use in an AS IS condition, and there are NO warranties, implied or otherwise, with regard to the analysis or its use. Any use of the tool and the reporting provided is at the user’s risk. In no event shall the copyright holder or OWASP be held liable for any damages whatsoever arising out of or in connection with the use of this tool, the analysis performed, or the resulting report.


[INFO] Analysis Started
[INFO] Finished Archive Analyzer (0 seconds)
[INFO] Finished File Name Analyzer (0 seconds)
[INFO] Finished Jar Analyzer (0 seconds)
[INFO] Finished Dependency Merging Analyzer (0 seconds)
[INFO] Finished Version Filter Analyzer (0 seconds)
[INFO] Finished Hint Analyzer (0 seconds)
[INFO] Created CPE Index (3 seconds)
[INFO] Finished CPE Analyzer (6 seconds)
[INFO] Finished False Positive Analyzer (0 seconds)
[INFO] Finished NVD CVE Analyzer (0 seconds)
[INFO] Finished Sonatype OSS Index Analyzer (1 seconds)
[INFO] Finished Vulnerability Suppression Analyzer (0 seconds)
[INFO] Finished Dependency Bundling Analyzer (0 seconds)
[INFO] Analysis Complete (10 seconds)
[INFO] 
[INFO] --- jacoco-maven-plugin:0.8.5:report (report) @ entando-k8s-custom-model ---
[INFO] Loading e**cution data file /workspace/source/target/jacoco.e**c
[INFO] Analyzed bundle 'Entando Kubernetes Custom Model' with 144 classes
[INFO] 
[INFO] --- maven-gpg-plugin:1.6:sign (sign-artifacts) @ entando-k8s-custom-model ---
gpg: WARNING: unsafe permissions on homedir `********************'
gpg: WARNING: unsafe permissions on homedir `********************'
gpg: WARNING: unsafe permissions on homedir `********************'
gpg: WARNING: unsafe permissions on homedir `********************'
gpg: WARNING: unsafe permissions on homedir `********************'
gpg: WARNING: unsafe permissions on homedir `********************'
[INFO] 
[INFO] --- maven-surefire-report-plugin:3.0.0-M4:report-only (unit-tests) @ entando-k8s-custom-model ---
[WARNING] Unable to locate Test Source XRef to link to - DISABLED
[INFO] 
[INFO] --- maven-install-plugin:2.4:install (default-install) @ entando-k8s-custom-model ---
[INFO] Installing /workspace/source/target/entando-k8s-custom-model-6.3.0.jar to /home/jenkins/.mvnrepository/org/entando/entando-k8s-custom-model/6.3.0/entando-k8s-custom-model-6.3.0.jar
[INFO] Installing /workspace/source/pom.xml to /home/jenkins/.mvnrepository/org/entando/entando-k8s-custom-model/6.3.0/entando-k8s-custom-model-6.3.0.pom
[INFO] Installing /workspace/source/target/entando-k8s-custom-model-6.3.0-tests.jar to /home/jenkins/.mvnrepository/org/entando/entando-k8s-custom-model/6.3.0/entando-k8s-custom-model-6.3.0-tests.jar
[INFO] Installing /workspace/source/target/entando-k8s-custom-model-6.3.0-sources.jar to /home/jenkins/.mvnrepository/org/entando/entando-k8s-custom-model/6.3.0/entando-k8s-custom-model-6.3.0-sources.jar
[INFO] Installing /workspace/source/target/entando-k8s-custom-model-6.3.0-test-sources.jar to /home/jenkins/.mvnrepository/org/entando/entando-k8s-custom-model/6.3.0/entando-k8s-custom-model-6.3.0-test-sources.jar
[INFO] Installing /workspace/source/target/entando-k8s-custom-model-6.3.0-javadoc.jar to /home/jenkins/.mvnrepository/org/entando/entando-k8s-custom-model/6.3.0/entando-k8s-custom-model-6.3.0-javadoc.jar
[INFO] Installing /workspace/source/target/entando-k8s-custom-model-6.3.0.jar.asc to /home/jenkins/.mvnrepository/org/entando/entando-k8s-custom-model/6.3.0/entando-k8s-custom-model-6.3.0.jar.asc
[INFO] Installing /workspace/source/target/entando-k8s-custom-model-6.3.0.pom.asc to /home/jenkins/.mvnrepository/org/entando/entando-k8s-custom-model/6.3.0/entando-k8s-custom-model-6.3.0.pom.asc
[INFO] Installing /workspace/source/target/entando-k8s-custom-model-6.3.0-tests.jar.asc to /home/jenkins/.mvnrepository/org/entando/entando-k8s-custom-model/6.3.0/entando-k8s-custom-model-6.3.0-tests.jar.asc
[INFO] Installing /workspace/source/target/entando-k8s-custom-model-6.3.0-sources.jar.asc to /home/jenkins/.mvnrepository/org/entando/entando-k8s-custom-model/6.3.0/entando-k8s-custom-model-6.3.0-sources.jar.asc
[INFO] Installing /workspace/source/target/entando-k8s-custom-model-6.3.0-test-sources.jar.asc to /home/jenkins/.mvnrepository/org/entando/entando-k8s-custom-model/6.3.0/entando-k8s-custom-model-6.3.0-test-sources.jar.asc
[INFO] Installing /workspace/source/target/entando-k8s-custom-model-6.3.0-javadoc.jar.asc to /home/jenkins/.mvnrepository/org/entando/entando-k8s-custom-model/6.3.0/entando-k8s-custom-model-6.3.0-javadoc.jar.asc
[INFO] 
[INFO] --- maven-deploy-plugin:2.8.2:deploy (default-deploy) @ entando-k8s-custom-model ---
[INFO] Using alternate deployment repository local-nexus::default::http://nexus/repository/maven-releases/
[INFO] 
[INFO] --- maven-site-plugin:3.9.0:site (default-site) @ entando-k8s-custom-model ---
[INFO] configuring report plugin org.apache.maven.plugins:maven-project-info-reports-plugin:3.0.0
[INFO] 9 reports configured for maven-project-info-reports-plugin:3.0.0: dependency-info, distribution-management, index, ci-management, issue-management, licenses, plugins, scm, summary
[INFO] Rendering site with default locale English (en)
[WARNING] Unable to find a URL to the parent project. The parent menu will NOT be added.
[INFO] Relativizing decoration links with respect to localized project URL: https://central.entando.com
[INFO] Rendering content with org.apache.maven.skins:maven-default-skin:jar:1.3 skin.
[INFO] Generating "Dependency Information" report --- maven-project-info-reports-plugin:3.0.0:dependency-info
[INFO] Generating "About" report         --- maven-project-info-reports-plugin:3.0.0:index
[INFO] Generating "Issue Management" report --- maven-project-info-reports-plugin:3.0.0:issue-management
[INFO] Generating "Licenses" report      --- maven-project-info-reports-plugin:3.0.0:licenses
[INFO] Generating "Plugins" report       --- maven-project-info-reports-plugin:3.0.0:plugins
[INFO] Generating "Source Code Management" report --- maven-project-info-reports-plugin:3.0.0:scm
[INFO] Generating "Summary" report       --- maven-project-info-reports-plugin:3.0.0:summary
[INFO] 
[INFO] ----------------< org.entando:entando-k8s-custom-model >----------------
[INFO] Building Entando Kubernetes Custom Model 6.3.0
[INFO] --------------------------------[ jar ]---------------------------------
[INFO] 
[INFO] --- sonar-maven-plugin:3.8.0.2131:sonar (default-cli) @ entando-k8s-custom-model ---
[INFO] User cache: /****/.sonar/cache
[INFO] SonarQube version: 8.5.0
[INFO] Default locale: "en", source code encoding: "UTF-8"
[INFO] Load global settings
[INFO] Load global settings (done) | time=215ms
[INFO] Server id: 1BD809FA-AWHW8ct9-T_TB3XqouNu
[INFO] User cache: /****/.sonar/cache
[INFO] Load/download plugins
[INFO] Load plugins index
[INFO] Load plugins index (done) | time=73ms
[INFO] Load/download plugins (done) | time=23453ms
[INFO] Loaded core extensions: developer-scanner
[INFO] JavaScript/TypeScript frontend is enabled
[INFO] Load project settings for component key: 'entando-k8s_entando-k8s-custom-model'
[INFO] Load project settings for component key: 'entando-k8s_entando-k8s-custom-model' (done) | time=34ms
[INFO] Process project properties
[INFO] E**cute project builders
[INFO] E**cute project builders (done) | time=2ms
[INFO] Project key: entando-k8s_entando-k8s-custom-model
[INFO] Base dir: /workspace/source
[INFO] Working dir: /workspace/source/target/sonar
[INFO] Load project branches
[INFO] Load project branches (done) | time=28ms
[INFO] Check ALM binding of project 'entando-k8s_entando-k8s-custom-model'
[INFO] Detected project binding: BOUND
[INFO] Check ALM binding of project 'entando-k8s_entando-k8s-custom-model' (done) | time=23ms
[INFO] Load project pull requests
[INFO] Load project pull requests (done) | time=34ms
[INFO] Load branch configuration
[INFO] Load branch configuration (done) | time=4ms
[INFO] Load quality profiles
[INFO] Load quality profiles (done) | time=66ms
[INFO] Load active rules
[INFO] Load active rules (done) | time=1485ms
[INFO] Organization key: entando-k8s
[INFO] Indexing files...
[INFO] Project configuration:
[WARNING] Exception caught during e**cution of command '[/usr/local/git/bin/git, config, --******, --edit]' in '/usr/local/git/bin', return code '128', error message 'fatal: Invalid path '/usr/local/git/etc': No such file or directory
'
[INFO] 164 files inde**d
[INFO] 0 files ignored because of scm ignore settings
[INFO] Quality profile for java: Sonar way
[INFO] Quality profile for xml: Sonar way
[INFO] ------------- Run sensors on module Entando Kubernetes Custom Model
[INFO] JavaScript/TypeScript frontend is enabled
[INFO] Load metrics repository
[INFO] Load metrics repository (done) | time=52ms
[INFO] Sensor JavaSquidSensor [java]
[INFO] Configured Java source version (sonar.java.source): 8
[INFO] JavaClasspath initialization
[INFO] JavaClasspath initialization (done) | time=25ms
[INFO] JavaTestClasspath initialization
[INFO] JavaTestClasspath initialization (done) | time=1ms
[INFO] Java Main Files AST scan
[INFO] 135 source files to be analyzed
[INFO] Load project repositories
[INFO] Load project repositories (done) | time=37ms
[INFO] 84/135 files analyzed, current file: src/main/java/org/entando/kubernetes/model/EntandoResourceRequirementsFluent.java
[INFO] 135/135 source files have been analyzed
[INFO] Java Main Files AST scan (done) | time=14191ms
[INFO] Java Test Files AST scan
[INFO] 28 source files to be analyzed
[INFO] Java Test Files AST scan (done) | time=1781ms
[INFO] Java Generated Files AST scan
[INFO] 0 source files to be analyzed
[INFO] Java Generated Files AST scan (done) | time=0ms
[INFO] Sensor JavaSquidSensor [java] (done) | time=16533ms
[INFO] 0/0 source files have been analyzed
[INFO] Sensor SonarCSS Rules [cssfamily]
[INFO] 28/28 source files have been analyzed
[INFO] No CSS, PHP, HTML or VueJS files are found in the project. CSS analysis is skipped.
[INFO] Sensor SonarCSS Rules [cssfamily] (done) | time=2ms
[INFO] Sensor C# Properties [csharp]
[INFO] Sensor C# Properties [csharp] (done) | time=1ms
[INFO] Sensor Import of Checkstyle issues [java]
[INFO] Importing /workspace/source/target/checkstyle-result.xml
[INFO] Sensor Import of Checkstyle issues [java] (done) | time=89ms
[INFO] Sensor SurefireSensor [java]
[INFO] parsing [/workspace/source/target/surefire-reports]
[INFO] Sensor SurefireSensor [java] (done) | time=97ms
[INFO] Sensor JavaXmlSensor [java]
[INFO] 1 source files to be analyzed
[INFO] Sensor JavaXmlSensor [java] (done) | time=224ms
[INFO] Sensor HTML [web]
[INFO] 1/1 source files have been analyzed
[INFO] Sensor HTML [web] (done) | time=6ms
[INFO] Sensor XML Sensor [xml]
[INFO] 1 source files to be analyzed
[INFO] Sensor XML Sensor [xml] (done) | time=184ms
[INFO] 1/1 source files have been analyzed
[INFO] Sensor VB.NET Properties [vbnet]
[INFO] Sensor VB.NET Properties [vbnet] (done) | time=1ms
[INFO] Sensor JaCoCo XML Report Importer [jacoco]
[INFO] Importing 1 report(s). Turn your logs in debug mode in order to see the exhaustive list.
[INFO] Sensor JaCoCo XML Report Importer [jacoco] (done) | time=93ms
[INFO] Sensor ThymeLeaf template sensor [securityjavafrontend]
[INFO] Sensor ThymeLeaf template sensor [securityjavafrontend] (done) | time=5ms
[INFO] Sensor JavaSecuritySensor [security]
[INFO] Reading type hierarchy from: /workspace/source/target/sonar/ucfg2/java
[INFO] Read 296 type definitions
[INFO] Reading UCFGs from: /workspace/source/target/sonar/ucfg2/java
[INFO] 12:51:08.810045 Building Runtime Type propagation graph
[INFO] 12:51:08.848542 Running Tarjan on 2358 nodes
[INFO] 12:51:08.858456 Tarjan found 2267 components
[INFO] 12:51:08.870625 Variable type analysis: done
[INFO] 12:51:08.875713 Building Runtime Type propagation graph
[INFO] 12:51:08.896646 Running Tarjan on 2358 nodes
[INFO] 12:51:08.899687 Tarjan found 2267 components
[INFO] 12:51:08.906036 Variable type analysis: done
[INFO] Analyzing 661 ucfgs to detect vulnerabilities.
[INFO] All rules entrypoints : 0 Retained UCFGs : 0
[INFO] rule: S5131, entrypoints: 0
[INFO] rule: S5131 done
[INFO] rule: S3649, entrypoints: 0
[INFO] rule: S3649 done
[INFO] rule: S2076, entrypoints: 0
[INFO] rule: S2076 done
[INFO] rule: S2091, entrypoints: 0
[INFO] rule: S2091 done
[INFO] rule: S2078, entrypoints: 0
[INFO] rule: S2078 done
[INFO] rule: S2631, entrypoints: 0
[INFO] rule: S2631 done
[INFO] rule: S5135, entrypoints: 0
[INFO] rule: S5135 done
[INFO] rule: S2083, entrypoints: 0
[INFO] rule: S2083 done
[INFO] rule: S5167, entrypoints: 0
[INFO] rule: S5167 done
[INFO] rule: S5144, entrypoints: 0
[INFO] rule: S5144 done
[INFO] rule: S5145, entrypoints: 0
[INFO] rule: S5145 done
[INFO] rule: S5146, entrypoints: 0
[INFO] rule: S5146 done
[INFO] rule: S5334, entrypoints: 0
[INFO] rule: S5334 done
[INFO] Sensor JavaSecuritySensor [security] (done) | time=1381ms
[INFO] Sensor CSharpSecuritySensor [security]
[INFO] Reading type hierarchy from: /workspace/source/target/ucfg_cs2
[INFO] Read 0 type definitions
[INFO] Reading UCFGs from: /workspace/source/target/ucfg_cs2
[INFO] No UCFGs have been included for analysis.
[INFO] Sensor CSharpSecuritySensor [security] (done) | time=1ms
[INFO] Sensor PhpSecuritySensor [security]
[INFO] Reading type hierarchy from: /workspace/source/target/sonar/ucfg2/php
[INFO] Read 0 type definitions
[INFO] Reading UCFGs from: /workspace/source/target/sonar/ucfg2/php
[INFO] No UCFGs have been included for analysis.
[INFO] Sensor PhpSecuritySensor [security] (done) | time=1ms
[INFO] Sensor PythonSecuritySensor [security]
[INFO] Reading type hierarchy from: /workspace/source/target/sonar/ucfg2/python
[INFO] Read 0 type definitions
[INFO] Reading UCFGs from: /workspace/source/target/sonar/ucfg2/python
[INFO] No UCFGs have been included for analysis.
[INFO] Sensor PythonSecuritySensor [security] (done) | time=1ms
[INFO] Sensor JsSecuritySensor [security]
[INFO] Reading type hierarchy from: /workspace/source/target/sonar/ucfg2/js
[INFO] Read 0 type definitions
[INFO] Reading UCFGs from: /workspace/source/target/sonar/ucfg2/js
[INFO] No UCFGs have been included for analysis.
[INFO] Sensor JsSecuritySensor [security] (done) | time=1ms
[INFO] ------------- Run sensors on project
[INFO] Sensor Zero Coverage Sensor
[INFO] Sensor Zero Coverage Sensor (done) | time=1ms
[INFO] Sensor Java CPD Block Inde**r
[INFO] Sensor Java CPD Block Inde**r (done) | time=141ms
[INFO] SCM Publisher SCM provider for this project is: git
[INFO] SCM Publisher 2 source files to be analyzed
[WARNING] Shallow clone detected, no blame information will be provided. You can convert to non-shallow with 'git fetch --unshallow'.
[INFO] SCM Publisher 0/2 source files have been analyzed (done) | time=4ms
[WARNING] Missing blame information for the following files:
[WARNING]   * pom.xml
[WARNING]   * src/main/java/org/entando/kubernetes/model/compositeapp/EntandoCompositeAppSpecFluent.java
[WARNING] This may lead to missing/broken features in SonarCloud
[INFO] CPD E**cutor 45 files had no CPD blocks
[INFO] CPD E**cutor Calculating CPD for 90 files
[INFO] CPD E**cutor CPD calculation finished (done) | time=54ms
[INFO] Analysis report generated in 284ms, dir size=853 KB
[INFO] Analysis report compressed in 372ms, zip size=456 KB
[INFO] Analysis report uploaded in 199ms
[INFO] ANALYSIS SUCCESSFUL, you can find the results at: https://sonarcloud.io/dashboard?id=entando-k8s_entando-k8s-custom-model
[INFO] Note that you will be able to access the updated dashboard once the server has processed the submitted analysis report
[INFO] More about the report processing at https://sonarcloud.io/api/ce/task?id=AXdiy_mCq2SWTsXGhqM_
[INFO] Analysis total time: 26.079 s
[INFO] ------------------------------------------------------------------------
[INFO] BUILD SUCCESS
[INFO] ------------------------------------------------------------------------
[INFO] Total time:  02:38 min
[INFO] Finished at: 2021-02-02T12:51:11Z
[INFO] ------------------------------------------------------------------------
error: etcdserver: request is too large
Congratulations! No build failures found for entando-k8s-custom-model-master.

Showing logs for build [32mentando-k8s-entando-k8s-custom-b9sb8-16[0m stage [32mfrom-build-pack[0m and container [32mstep-promote-changelog[0m
Converted /workspace/source to an unshallow repository
Generating change log from git ref d76c4ea7377b86dde9fc72b0110dc1c566d5ff26 => 5345a6e4c555626da75f28ff35600071e4b93d37
Associating user ampie in users.jenkins.io with email ampie.private@gmail.com to git GitProvider user with login ampie-barnard as emails match
Adding label jenkins.io/git-github-userid=ampie-barnard to user ampie in users.jenkins.io
Associating user ampie in users.jenkins.io with email ampie.private@gmail.com to git GitProvider user with login ampie-barnard as emails match
Adding label jenkins.io/git-github-userid=ampie-barnard to user ampie in users.jenkins.io
Finding issues in commit messages using git format
Associating user ampie in users.jenkins.io with email ampie.private@gmail.com to git GitProvider user with login ampie-barnard as emails match
Adding label jenkins.io/git-github-userid=ampie-barnard to user ampie in users.jenkins.io
Associating user ampie in users.jenkins.io with email ampie.private@gmail.com to git GitProvider user with login ampie-barnard as emails match
Adding label jenkins.io/git-github-userid=ampie-barnard to user ampie in users.jenkins.io
Associating user ampie in users.jenkins.io with email ampie.private@gmail.com to git GitProvider user with login ampie-barnard as emails match
Adding label jenkins.io/git-github-userid=ampie-barnard to user ampie in users.jenkins.io
Associating user ampie in users.jenkins.io with email ampie.private@gmail.com to git GitProvider user with login ampie-barnard as emails match
Adding label jenkins.io/git-github-userid=ampie-barnard to user ampie in users.jenkins.io
Associating user ampie in users.jenkins.io with email ampie.private@gmail.com to git GitProvider user with login ampie-barnard as emails match
Adding label jenkins.io/git-github-userid=ampie-barnard to user ampie in users.jenkins.io
Associating user ampie in users.jenkins.io with email ampie.private@gmail.com to git GitProvider user with login ampie-barnard as emails match
Adding label jenkins.io/git-github-userid=ampie-barnard to user ampie in users.jenkins.io
Associating user ampie in users.jenkins.io with email ampie.private@gmail.com to git GitProvider user with login ampie-barnard as emails match
Adding label jenkins.io/git-github-userid=ampie-barnard to user ampie in users.jenkins.io
Associating user ampie in users.jenkins.io with email ampie.private@gmail.com to git GitProvider user with login ampie-barnard as emails match
Adding label jenkins.io/git-github-userid=ampie-barnard to user ampie in users.jenkins.io
Associating user ampie in users.jenkins.io with email ampie.private@gmail.com to git GitProvider user with login ampie-barnard as emails match
Adding label jenkins.io/git-github-userid=ampie-barnard to user ampie in users.jenkins.io
Associating user ampie in users.jenkins.io with email ampie.private@gmail.com to git GitProvider user with login ampie-barnard as emails match
Adding label jenkins.io/git-github-userid=ampie-barnard to user ampie in users.jenkins.io
Associating user ampie in users.jenkins.io with email ampie.private@gmail.com to git GitProvider user with login ampie-barnard as emails match
Adding label jenkins.io/git-github-userid=ampie-barnard to user ampie in users.jenkins.io
Associating user ampie in users.jenkins.io with email ampie.private@gmail.com to git GitProvider user with login ampie-barnard as emails match
Adding label jenkins.io/git-github-userid=ampie-barnard to user ampie in users.jenkins.io
Associating user ampie in users.jenkins.io with email ampie.private@gmail.com to git GitProvider user with login ampie-barnard as emails match
Adding label jenkins.io/git-github-userid=ampie-barnard to user ampie in users.jenkins.io
Associating user ampie in users.jenkins.io with email ampie.private@gmail.com to git GitProvider user with login ampie-barnard as emails match
Adding label jenkins.io/git-github-userid=ampie-barnard to user ampie in users.jenkins.io
Associating user ampie in users.jenkins.io with email ampie.private@gmail.com to git GitProvider user with login ampie-barnard as emails match
Adding label jenkins.io/git-github-userid=ampie-barnard to user ampie in users.jenkins.io
Associating user ampie in users.jenkins.io with email ampie.private@gmail.com to git GitProvider user with login ampie-barnard as emails match
Adding label jenkins.io/git-github-userid=ampie-barnard to user ampie in users.jenkins.io
Associating user ampie in users.jenkins.io with email ampie.private@gmail.com to git GitProvider user with login ampie-barnard as emails match
Adding label jenkins.io/git-github-userid=ampie-barnard to user ampie in users.jenkins.io
Associating user ampie in users.jenkins.io with email ampie.private@gmail.com to git GitProvider user with login ampie-barnard as emails match
Adding label jenkins.io/git-github-userid=ampie-barnard to user ampie in users.jenkins.io
Associating user ampie in users.jenkins.io with email ampie.private@gmail.com to git GitProvider user with login ampie-barnard as emails match
Adding label jenkins.io/git-github-userid=ampie-barnard to user ampie in users.jenkins.io
Associating user ampie in users.jenkins.io with email ampie.private@gmail.com to git GitProvider user with login ampie-barnard as emails match
Adding label jenkins.io/git-github-userid=ampie-barnard to user ampie in users.jenkins.io
Associating user ampie in users.jenkins.io with email ampie.private@gmail.com to git GitProvider user with login ampie-barnard as emails match
Adding label jenkins.io/git-github-userid=ampie-barnard to user ampie in users.jenkins.io
Associating user ampie in users.jenkins.io with email ampie.private@gmail.com to git GitProvider user with login ampie-barnard as emails match
Adding label jenkins.io/git-github-userid=ampie-barnard to user ampie in users.jenkins.io
Associating user ampie in users.jenkins.io with email ampie.private@gmail.com to git GitProvider user with login ampie-barnard as emails match
Adding label jenkins.io/git-github-userid=ampie-barnard to user ampie in users.jenkins.io
Associating user ampie in users.jenkins.io with email ampie.private@gmail.com to git GitProvider user with login ampie-barnard as emails match
Adding label jenkins.io/git-github-userid=ampie-barnard to user ampie in users.jenkins.io
Associating user ampie in users.jenkins.io with email ampie.private@gmail.com to git GitProvider user with login ampie-barnard as emails match
Adding label jenkins.io/git-github-userid=ampie-barnard to user ampie in users.jenkins.io
Associating user ampie in users.jenkins.io with email ampie.private@gmail.com to git GitProvider user with login ampie-barnard as emails match
Adding label jenkins.io/git-github-userid=ampie-barnard to user ampie in users.jenkins.io
Associating user ampie in users.jenkins.io with email ampie.private@gmail.com to git GitProvider user with login ampie-barnard as emails match
Adding label jenkins.io/git-github-userid=ampie-barnard to user ampie in users.jenkins.io
Associating user ampie in users.jenkins.io with email ampie.private@gmail.com to git GitProvider user with login ampie-barnard as emails match
Adding label jenkins.io/git-github-userid=ampie-barnard to user ampie in users.jenkins.io
Associating user ampie in users.jenkins.io with email ampie.private@gmail.com to git GitProvider user with login ampie-barnard as emails match
Adding label jenkins.io/git-github-userid=ampie-barnard to user ampie in users.jenkins.io
Associating user ampie in users.jenkins.io with email ampie.private@gmail.com to git GitProvider user with login ampie-barnard as emails match
Adding label jenkins.io/git-github-userid=ampie-barnard to user ampie in users.jenkins.io
Associating user ampie in users.jenkins.io with email ampie.private@gmail.com to git GitProvider user with login ampie-barnard as emails match
Adding label jenkins.io/git-github-userid=ampie-barnard to user ampie in users.jenkins.io
Associating user ampie in users.jenkins.io with email ampie.private@gmail.com to git GitProvider user with login ampie-barnard as emails match
Adding label jenkins.io/git-github-userid=ampie-barnard to user ampie in users.jenkins.io
Associating user ampie in users.jenkins.io with email ampie.private@gmail.com to git GitProvider user with login ampie-barnard as emails match
Adding label jenkins.io/git-github-userid=ampie-barnard to user ampie in users.jenkins.io
Associating user ampie in users.jenkins.io with email ampie.private@gmail.com to git GitProvider user with login ampie-barnard as emails match
Adding label jenkins.io/git-github-userid=ampie-barnard to user ampie in users.jenkins.io
Associating user ampie in users.jenkins.io with email ampie.private@gmail.com to git GitProvider user with login ampie-barnard as emails match
Adding label jenkins.io/git-github-userid=ampie-barnard to user ampie in users.jenkins.io
Associating user ampie in users.jenkins.io with email ampie.private@gmail.com to git GitProvider user with login ampie-barnard as emails match
Adding label jenkins.io/git-github-userid=ampie-barnard to user ampie in users.jenkins.io
Associating user ampie in users.jenkins.io with email ampie.private@gmail.com to git GitProvider user with login ampie-barnard as emails match
Adding label jenkins.io/git-github-userid=ampie-barnard to user ampie in users.jenkins.io
Associating user ampie in users.jenkins.io with email ampie.private@gmail.com to git GitProvider user with login ampie-barnard as emails match
Adding label jenkins.io/git-github-userid=ampie-barnard to user ampie in users.jenkins.io
Associating user ampie in users.jenkins.io with email ampie.private@gmail.com to git GitProvider user with login ampie-barnard as emails match
Adding label jenkins.io/git-github-userid=ampie-barnard to user ampie in users.jenkins.io
Associating user ampie in users.jenkins.io with email ampie.private@gmail.com to git GitProvider user with login ampie-barnard as emails match
Adding label jenkins.io/git-github-userid=ampie-barnard to user ampie in users.jenkins.io
Associating user ampie in users.jenkins.io with email ampie.private@gmail.com to git GitProvider user with login ampie-barnard as emails match
Adding label jenkins.io/git-github-userid=ampie-barnard to user ampie in users.jenkins.io
Associating user ampie in users.jenkins.io with email ampie.private@gmail.com to git GitProvider user with login ampie-barnard as emails match
Adding label jenkins.io/git-github-userid=ampie-barnard to user ampie in users.jenkins.io
Associating user ampie in users.jenkins.io with email ampie.private@gmail.com to git GitProvider user with login ampie-barnard as emails match
Adding label jenkins.io/git-github-userid=ampie-barnard to user ampie in users.jenkins.io
Associating user ampie in users.jenkins.io with email ampie.private@gmail.com to git GitProvider user with login ampie-barnard as emails match
Adding label jenkins.io/git-github-userid=ampie-barnard to user ampie in users.jenkins.io
Associating user ampie in users.jenkins.io with email ampie.private@gmail.com to git GitProvider user with login ampie-barnard as emails match
Adding label jenkins.io/git-github-userid=ampie-barnard to user ampie in users.jenkins.io
Associating user ampie in users.jenkins.io with email ampie.private@gmail.com to git GitProvider user with login ampie-barnard as emails match
Adding label jenkins.io/git-github-userid=ampie-barnard to user ampie in users.jenkins.io
WARNING: No release found for entando-k8s/entando-k8s-custom-model and tag v6.3.0 so creating a new release
Updated the release information at https://github.com/entando-k8s/entando-k8s-custom-model/releases/tag/v6.3.0
generated: /workspace/source/templates/release.yaml
Created Release entando-k8s-custom-model-6-3-0 resource in namespace **
Updating PipelineActivity entando-k8s-entando-k8s-custom-model-master-16 with version 6.3.0
Updated PipelineActivities entando-k8s-entando-k8s-custom-model-master-16 with release notes URL: https://github.com/entando-k8s/entando-k8s-custom-model/releases/tag/v6.3.0
