
Showing logs for build [32mentando-entando-portal-ui-pr-15-2bnpz-4[0m stage [32mfrom-build-pack[0m and container [32mstep-credential-initializer-zrzw4[0m
{"level":"warn","ts":1612269593.6727788,"logger":"fallback-logger","caller":"logging/config.go:69","msg":"Fetch GitHub commit ID from kodata failed: \"ref: refs/heads/0.8.0-**-support-backwards-incompats\" is not a valid GitHub commit ID"}
{"level":"info","ts":1612269593.6830199,"logger":"fallback-logger","caller":"creds-init/main.go:40","msg":"Credentials initialized."}

Showing logs for build [32mentando-entando-portal-ui-pr-15-2bnpz-4[0m stage [32mfrom-build-pack[0m and container [32mstep-working-dir-initializer-vg7f9[0m
{"level":"warn","ts":1612269595.8618438,"logger":"fallback-logger","caller":"logging/config.go:69","msg":"Fetch GitHub commit ID from kodata failed: open /var/run/ko/HEAD: no such file or directory"}
{"level":"info","ts":1612269595.9016504,"logger":"fallback-logger","caller":"bash/main.go:64","msg":"Successfully e**cuted command \"sh -c mkdir -p /workspace/source\"; output "}

Showing logs for build [32mentando-entando-portal-ui-pr-15-2bnpz-4[0m stage [32mfrom-build-pack[0m and container [32mstep-place-tools[0m

Showing logs for build [32mentando-entando-portal-ui-pr-15-2bnpz-4[0m stage [32mfrom-build-pack[0m and container [32mstep-git-source-entando-entando-portal-ui-pr-15-lq49h[0m
{"level":"warn","ts":1612269622.8137708,"logger":"fallback-logger","caller":"logging/config.go:69","msg":"Fetch GitHub commit ID from kodata failed: \"ref: refs/heads/0.8.0-**-support-backwards-incompats\" is not a valid GitHub commit ID"}
{"level":"info","ts":1612269624.3192575,"logger":"fallback-logger","caller":"git/git.go:103","msg":"Successfully cloned https://github.com/entando/entando-portal-ui.git @ master in path /workspace/source"}

Showing logs for build [32mentando-entando-portal-ui-pr-15-2bnpz-4[0m stage [32mfrom-build-pack[0m and container [32mstep-git-merge[0m
Using SHAs from PULL_REFS=master:267075e6ace30588c3f4d77043ac3e5a41fb31e2,15:7ca4187e36e79f3fa7ae813970f49b07e922289d
DEBUG: ran git fetch --unshallow origin 7ca4187e36e79f3fa7ae813970f49b07e922289d: 267075e6ace30588c3f4d77043ac3e5a41fb31e2: in 
DEBUG: ran git checkout master in 
DEBUG: ran git reset --hard 267075e6ace30588c3f4d77043ac3e5a41fb31e2 in 
DEBUG: ran clean --force -d . in 
DEBUG: ran git merge 7ca4187e36e79f3fa7ae813970f49b07e922289d in 
Merged SHA 7ca4187e36e79f3fa7ae813970f49b07e922289d with commit message 'ENG-1745: Fix some more code smell' into base branch master
Merged SHA 1e94209863b4d9ea75b25feed6460be480ce4c65 with commit message 'ENG-1745: Upgrade bom version' into base branch master
Merged SHA fbdba0b50c5e09c0b254a4d03beaf9c1e3cc6394 with commit message 'ENG-1745: Fix some more code smell' into base branch master
Merged SHA 3c6c2a1b65393a7f6262a4735a7557aa2b9555ff with commit message 'ENG-1745: Fix code smell' into base branch master
Merged SHA c3d0cbafce87d0b59d399dd3e3c2d419153b8bae with commit message 'ENG-1745: Fix version of junit5 dependencies' into base branch master
Merged SHA 75dc1d7af10038bde3ac90e9cd34d232ba83b9b8 with commit message 'ENG-1745: Override of configuration in parent pom' into base branch master
Merged SHA cdf6298352ff2473ca20bd52388e8bde7a465bb2 with commit message 'ENG-1745: junit5 integration' into base branch master

Showing logs for build [32mentando-entando-portal-ui-pr-15-2bnpz-4[0m stage [32mfrom-build-pack[0m and container [32mstep-build-set-version[0m
Picked up _JAVA_OPTIONS: -XX:+UnlockExperimentalVMOptions -Dsun.zip.disableMemoryMapping=**** -XX:+UseParallelGC -XX:MinHeapFreeRatio=5 -XX:MaxHeapFreeRatio=10 -XX:GCTimeRatio=4 -XX:AdaptiveSizePolicyWeight=90 -Xms10m -Xmx8000m
[INFO] Scanning for projects...
[WARNING] The POM for org.eclipse.m2e:lifecycle-mapping:jar:1.0.0 is missing, no dependency information available
[WARNING] Failed to retrieve plugin descriptor for org.eclipse.m2e:lifecycle-mapping:1.0.0: Plugin org.eclipse.m2e:lifecycle-mapping:1.0.0 or one of its dependencies could not be resolved: Could not find artifact org.eclipse.m2e:lifecycle-mapping:jar:1.0.0 in nexus (http://nexus/repository/maven-group/)
[INFO] 
[INFO] ---------------< org.entando.entando:entando-portal-ui >----------------
[INFO] Building Entando Core: Portal UI 6.3.0-SNAPSHOT
[INFO] --------------------------------[ war ]---------------------------------
[WARNING] The POM for org.eclipse.m2e:lifecycle-mapping:jar:1.0.0 is missing, no dependency information available
[WARNING] Failed to retrieve plugin descriptor for org.eclipse.m2e:lifecycle-mapping:1.0.0: Plugin org.eclipse.m2e:lifecycle-mapping:1.0.0 or one of its dependencies could not be resolved: Failure to find org.eclipse.m2e:lifecycle-mapping:jar:1.0.0 in http://nexus/repository/maven-group/ was cached in the local repository, resolution will not be reattempted until the update interval of nexus has elapsed or updates are forced
[INFO] 
[INFO] --- versions-maven-plugin:2.8.1:set (default-cli) @ entando-portal-ui ---
[INFO] Local aggregation ****: /workspace/source
[INFO] Processing change of org.entando.entando:entando-portal-ui:6.3.0-SNAPSHOT -> 0.0.0-SNAPSHOT-PR-15-4
[INFO] Processing org.entando.entando:entando-portal-ui
[INFO]     Updating project org.entando.entando:entando-portal-ui
[INFO]         from version 6.3.0-SNAPSHOT to 0.0.0-SNAPSHOT-PR-15-4
[INFO] 
[INFO] ------------------------------------------------------------------------
[INFO] BUILD SUCCESS
[INFO] ------------------------------------------------------------------------
[INFO] Total time:  10.964 s
[INFO] Finished at: 2021-02-02T12:40:39Z
[INFO] ------------------------------------------------------------------------

Showing logs for build [32mentando-entando-portal-ui-pr-15-2bnpz-4[0m stage [32mfrom-build-pack[0m and container [32mstep-build-fix-git-for-sonar[0m
Switched to a new branch 'PR-15'
M	pom.xml
Deleted branch master (was 7ca4187).
From https://github.com/entando/entando-portal-ui
 * [new branch]      master            -> master
 * [new tag]         pia-crs4          -> pia-crs4
 * [new tag]         v4.2.0            -> v4.2.0
 * [new tag]         v4.3.2-RC1        -> v4.3.2-RC1
 * [new tag]         v5.0.0-pre        -> v5.0.0-pre
 * [new tag]         v6.2.0-sprint1-rc -> v6.2.0-sprint1-rc
 * [new tag]         v6.2.0-sprint2-rc -> v6.2.0-sprint2-rc
 * [new tag]         v6.2.0-sprint3-rc -> v6.2.0-sprint3-rc
 * [new tag]         v6.2.0-sprint4-rc -> v6.2.0-sprint4-rc
 * [new tag]         v6.2.0-sprint5-rc -> v6.2.0-sprint5-rc

Showing logs for build [32mentando-entando-portal-ui-pr-15-2bnpz-4[0m stage [32mfrom-build-pack[0m and container [32mstep-build-mvn-verify-pr[0m
  % Total    % Received % Xferd  Average Speed   Time    Time     Time  Current
                                 Dload  Upload   Total   Spent    Left  Speed
{
  "url": "https://api.github.com/repos/entando/entando-portal-ui/statuses/7ca4187e36e79f3fa7ae813970f49b07e922289d",
  "avatar_url": "https://avatars.githubusercontent.com/u/57885396?v=4",
  "id": 12041189421,
  "node_id": "MDEzOlN0YXR1c0NvbnRleHQxMjA0MTE4OTQyMQ==",
  "state": "pending",
  "description": "Pre-deployment tests pending!",
  "target_url": "https://entando-k8s.github.io/devops-results/entando-portal-ui/PR-15/surefire-report.html",
  "context": "Pre-deployment tests",
  "created_at": "2021-02-02T12:40:43Z",
  "updated_at": "2021-02-02T12:40:43Z",
  "creator": {
    "login": "**********",
    "id": 57885396,
    "node_id": "MDQ6VXNlcjU3ODg1Mzk2",
    "avatar_url": "https://avatars.githubusercontent.com/u/57885396?v=4",
    "gravatar_id": "",
    "url": "https://api.github.com/users/**********",
    "html_url": "https://github.com/**********",
    "followers_url": "https://api.github.com/users/**********/followers",
    "following_url": "https://api.github.com/users/**********/following{/other_user}",
    "gists_url": "https://api.github.com/users/**********/gists{/gist_id}",
    "starred_url": "https://api.github.com/users/entando-**/starred{/owner}{/repo}",
    "subscriptions_url": "https://api.github.com/users/**********/subscriptions",
    "organizations_url": "https://api.github.com/users/**********/orgs",
    "repos_url": "https://api.github.com/users/**********/repos",
    "events_url": "https://api.github.com/users/entando-**/events{/privacy}",
    "received_events_url": "https://api.github.com/users/**********/received_events",
    "type": "User",
    "site_*****": false
  }
}
  0     0    0     0    0     0      0      0 --:--:-- --:--:-- --:--:--     0  0     0    0     0    0     0      0      0 --:--:-- --:--:-- --:--:--     0100  1834  100  1625  100   209   1959    252 --:--:-- --:--:-- --:--:--  1967
Picked up _JAVA_OPTIONS: -XX:+UnlockExperimentalVMOptions -Dsun.zip.disableMemoryMapping=**** -XX:+UseParallelGC -XX:MinHeapFreeRatio=5 -XX:MaxHeapFreeRatio=10 -XX:GCTimeRatio=4 -XX:AdaptiveSizePolicyWeight=90 -Xms10m -Xmx8000m
[INFO] Scanning for projects...
[WARNING] The POM for org.eclipse.m2e:lifecycle-mapping:jar:1.0.0 is missing, no dependency information available
[WARNING] Failed to retrieve plugin descriptor for org.eclipse.m2e:lifecycle-mapping:1.0.0: Plugin org.eclipse.m2e:lifecycle-mapping:1.0.0 or one of its dependencies could not be resolved: Failure to find org.eclipse.m2e:lifecycle-mapping:jar:1.0.0 in http://nexus/repository/maven-group/ was cached in the local repository, resolution will not be reattempted until the update interval of nexus has elapsed or updates are forced
[INFO] 
[INFO] ---------------< org.entando.entando:entando-portal-ui >----------------
[INFO] Building Entando Core: Portal UI 0.0.0-SNAPSHOT-PR-15-4
[INFO] --------------------------------[ war ]---------------------------------
[WARNING] The POM for com.sun.xml.bind:jaxb-impl:jar:2.2.11 is invalid, transitive dependencies (if any) will not be available, enable debug logging for more details
[INFO] 
[INFO] --- maven-checkstyle-plugin:3.1.1:check (validate) @ entando-portal-ui ---
[INFO] 
[INFO] --- maven-checkstyle-plugin:3.1.1:checkstyle (validate) @ entando-portal-ui ---
[INFO] 
[INFO] --- jacoco-maven-plugin:0.8.5:prepare-agent (prepare-agent) @ entando-portal-ui ---
[INFO] argLine set to -javaagent:/home/jenkins/.mvnrepository/org/jacoco/org.jacoco.agent/0.8.5/org.jacoco.agent-0.8.5-runtime.jar=destfile=/workspace/source/target/jacoco.e**c
[INFO] 
[INFO] --- maven-resources-plugin:2.5:resources (default-resources) @ entando-portal-ui ---
[debug] e**cute contextualize
[INFO] Using 'UTF-8' encoding to copy filtered resources.
[INFO] Copying 8 resources
[INFO] Copying 1 resource
[INFO] Copying 0 resource
[INFO] Copying 0 resource to META-INF
[INFO] 
[INFO] --- maven-compiler-plugin:3.8.1:compile (default-compile) @ entando-portal-ui ---
[INFO] Changes detected - recompiling the module!
[INFO] Compiling 20 source files to /workspace/source/target/classes
[WARNING] /workspace/source/src/main/java/org/entando/entando/aps/******/services/controller/e**cutor/AbstractWidgetE**cutorService.java:[141,41] unchecked method invocation: method sort in class java.util.Collections is applied to given types
  required: java.util.List<T>,java.util.Comparator<? super T>
  found: java.util.List<com.agiletec.aps.tags.util.IFrameDecoratorContainer>,org.apache.commons.beanutils.BeanComparator
[WARNING] /workspace/source/src/main/java/org/entando/entando/aps/******/services/controller/e**cutor/AbstractWidgetE**cutorService.java:[141,55] unchecked conversion
  required: java.util.Comparator<? super T>
  found:    org.apache.commons.beanutils.BeanComparator
[WARNING] /workspace/source/src/main/java/org/entando/entando/aps/servlet/ControllerServlet.java:[141,123] unchecked cast
  required: java.util.List<org.entando.entando.aps.******.services.controller.e**cutor.E**cutorServiceInterface>
  found:    java.lang.Object
[WARNING] /workspace/source/src/main/java/org/entando/entando/aps/servlet/PreviewControllerServlet.java:[77,120] unchecked cast
  required: java.util.List<com.agiletec.aps.******.services.controller.control.ControlServiceInterface>
  found:    java.lang.Object
[INFO] /workspace/source/src/main/java/org/entando/entando/aps/******/services/controller/e**cutor/ContentNegotiationE**cutorService.java: Some input files use or override a deprecated API.
[INFO] /workspace/source/src/main/java/org/entando/entando/aps/******/services/controller/e**cutor/ContentNegotiationE**cutorService.java: Recompile with -Xlint:deprecation for details.
[INFO] 
[INFO] --- maven-resources-plugin:2.5:copy-resources (copy-resources-test) @ entando-portal-ui ---
[debug] e**cute contextualize
[INFO] Using 'UTF-8' encoding to copy filtered resources.
[INFO] Copying 4 resources
[INFO] 
[INFO] --- maven-resources-plugin:2.5:copy-resources (copy-resources-file-test-) @ entando-portal-ui ---
[debug] e**cute contextualize
[INFO] Using 'UTF-8' encoding to copy filtered resources.
[INFO] Copying 4 resources
[INFO] 
[INFO] --- maven-resources-plugin:2.5:testResources (default-testResources) @ entando-portal-ui ---
[debug] e**cute contextualize
[INFO] Using 'UTF-8' encoding to copy filtered resources.
[INFO] Copying 3 resources
[INFO] 
[INFO] --- maven-compiler-plugin:3.8.1:testCompile (default-testCompile) @ entando-portal-ui ---
[INFO] Changes detected - recompiling the module!
[INFO] Compiling 7 source files to /workspace/source/target/test-classes
[INFO] /workspace/source/src/test/java/org/entando/entando/aps/******/services/controller/AbstractTestE**cutorService.java: /workspace/source/src/test/java/org/entando/entando/aps/******/services/controller/AbstractTestE**cutorService.java uses or overrides a deprecated API.
[INFO] /workspace/source/src/test/java/org/entando/entando/aps/******/services/controller/AbstractTestE**cutorService.java: Recompile with -Xlint:deprecation for details.
[INFO] 
[INFO] --- maven-surefire-plugin:3.0.0-M1:test (default-test) @ entando-portal-ui ---
[INFO] 
[INFO] -------------------------------------------------------
[INFO]  T E S T S
[INFO] -------------------------------------------------------
[INFO] Running org.entando.entando.aps.******.services.controller.control.TestRequestValidator
[DEBUG] 2021-02-02 12:41:18.076 [main] ComponentDefDOM - Valid Component definition : /workspace/source/target/classes/component/core/portal-ui-component.xml
[DEBUG] 2021-02-02 12:41:18.090 [main] ComponentDefDOM - Loading Component from file : /workspace/source/target/classes/component/core/portal-ui-component.xml
[DEBUG] 2021-02-02 12:41:18.149 [main] ComponentLoader - Component 'entando-portal-ui' loaded
[DEBUG] 2021-02-02 12:41:18.156 [main] ComponentDefDOM - Valid Component definition : file:/home/jenkins/.mvnrepository/org/entando/entando/entando-*****-console/6.3.5/entando-*****-console-6.3.5-classes.jar!/component/core/*****-console-component.xml
[DEBUG] 2021-02-02 12:41:18.156 [main] ComponentDefDOM - Loading Component from file : file:/home/jenkins/.mvnrepository/org/entando/entando/entando-*****-console/6.3.5/entando-*****-console-6.3.5-classes.jar!/component/core/*****-console-component.xml
[DEBUG] 2021-02-02 12:41:18.160 [main] ComponentLoader - Component 'entando-*****-console' loaded
[DEBUG] 2021-02-02 12:41:18.160 [main] ComponentManager - org.entando.entando.aps.******.init.ComponentManager ready.
[DEBUG] 2021-02-02 12:41:18.253 [main] LocalStorageManager - org.entando.entando.aps.******.services.storage.LocalStorageManager ready
[DEBUG] 2021-02-02 12:41:18.610 [main] DatabaseManager - org.entando.entando.aps.******.init.DatabaseManager ready
[INFO ] 2021-02-02 12:41:21.595 [main] InstallationReportDAO - Report not availablejava.sql.SQLSyntaxErrorException: Schema 'AGILE' does not exist
[INFO ] 2021-02-02 12:41:21.598 [main] DatabaseManager - + [ Component: Core ] :: DATA
|   
[DEBUG] 2021-02-02 12:41:21.759 [main] DaoManager - created dao for class class org.entando.entando.aps.******.init.model.portdb.Sysconfig with reflection
[DEBUG] 2021-02-02 12:41:21.760 [main] ApsTableUtils - creating table 'SYSCONFIG'
[DEBUG] 2021-02-02 12:41:21.767 [main] JdbcConnectionSource - opened connection to jdbc:derby:/workspace/source/target/test/db/entando-portal-uitestPort;create=****;user=agile;password=agile got #44579408
[DEBUG] 2021-02-02 12:41:21.829 [main] ApsTableUtils - e**cuted create table statement changed 0 rows: CREATE TABLE  SYSCONFIG  ( VERSION  VARCHAR(10) NOT NULL ,  ITEM  VARCHAR(40) NOT NULL ,  DESCR  VARCHAR(100) NOT NULL ,  CONFIG  CLOB NOT NULL ) 
[INFO ] 2021-02-02 12:41:21.830 [main] TableFactory - Created table - portDataSource/sysconfig
[DEBUG] 2021-02-02 12:41:21.830 [main] StatementE**cutor - running raw e**cute statement: ALTER TABLE sysconfig ADD CONSTRAINT sysconfig_pkey PRIMARY KEY(version , item )
[DEBUG] 2021-02-02 12:41:21.914 [main] DaoManager - created dao for class class org.entando.entando.aps.******.init.model.portdb.Category with reflection
[DEBUG] 2021-02-02 12:41:21.915 [main] ApsTableUtils - creating table 'CATEGORIES'
[DEBUG] 2021-02-02 12:41:21.965 [main] ApsTableUtils - e**cuted create table statement changed 0 rows: CREATE TABLE  CATEGORIES  ( CATCODE  VARCHAR(30) NOT NULL ,  PARENTCODE  VARCHAR(30) NOT NULL ,  TITLES  CLOB NOT NULL , PRIMARY KEY ( CATCODE ) ) 
[INFO ] 2021-02-02 12:41:21.966 [main] TableFactory - Created table - portDataSource/categories
[DEBUG] 2021-02-02 12:41:21.968 [main] DaoManager - created dao for class class org.entando.entando.aps.******.init.model.portdb.LocalString with reflection
[DEBUG] 2021-02-02 12:41:21.968 [main] ApsTableUtils - creating table 'LOCALSTRINGS'
[DEBUG] 2021-02-02 12:41:21.992 [main] ApsTableUtils - e**cuted create table statement changed 0 rows: CREATE TABLE  LOCALSTRINGS  ( KEYCODE  VARCHAR(50) NOT NULL ,  LANGCODE  VARCHAR(2) NOT NULL ,  STRINGVALUE  CLOB NOT NULL ) 
[INFO ] 2021-02-02 12:41:21.993 [main] TableFactory - Created table - portDataSource/localstrings
[DEBUG] 2021-02-02 12:41:21.993 [main] StatementE**cutor - running raw e**cute statement: ALTER TABLE localstrings ADD CONSTRAINT localstrings_pkey PRIMARY KEY(keycode , langcode )
[DEBUG] 2021-02-02 12:41:22.026 [main] DaoManager - created dao for class class org.entando.entando.aps.******.init.model.portdb.PageModel with reflection
[DEBUG] 2021-02-02 12:41:22.027 [main] ApsTableUtils - creating table 'PAGEMODELS'
[DEBUG] 2021-02-02 12:41:22.078 [main] ApsTableUtils - e**cuted create table statement changed 0 rows: CREATE TABLE  PAGEMODELS  ( CODE  VARCHAR(40) NOT NULL ,  DESCR  VARCHAR(50) NOT NULL ,  FRAMES  CLOB ,  PLUGINCODE  VARCHAR(30) ,  TEMPLATEGUI  CLOB , PRIMARY KEY ( CODE ) ) 
[INFO ] 2021-02-02 12:41:22.079 [main] TableFactory - Created table - portDataSource/pagemodels
[DEBUG] 2021-02-02 12:41:22.081 [main] DaoManager - created dao for class class org.entando.entando.aps.******.init.model.portdb.Page with reflection
[DEBUG] 2021-02-02 12:41:22.082 [main] ApsTableUtils - creating table 'PAGES'
[DEBUG] 2021-02-02 12:41:22.126 [main] ApsTableUtils - e**cuted create table statement changed 0 rows: CREATE TABLE  PAGES  ( CODE  VARCHAR(30) NOT NULL ,  PARENTCODE  VARCHAR(30) NOT NULL ,  POS  INTEGER NOT NULL , PRIMARY KEY ( CODE ) ) 
[INFO ] 2021-02-02 12:41:22.127 [main] TableFactory - Created table - portDataSource/pages
[DEBUG] 2021-02-02 12:41:22.130 [main] DaoManager - created dao for class class org.entando.entando.aps.******.init.model.portdb.PageMetadataOnline with reflection
[DEBUG] 2021-02-02 12:41:22.131 [main] ApsTableUtils - creating table 'PAGES_METADATA_ONLINE'
[DEBUG] 2021-02-02 12:41:22.181 [main] ApsTableUtils - e**cuted create table statement changed 0 rows: CREATE TABLE  PAGES_METADATA_ONLINE  ( CODE  VARCHAR(30) NOT NULL ,  GROUPCODE  VARCHAR(30) NOT NULL ,  TITLES  CLOB NOT NULL ,  MODELCODE  VARCHAR(40) NOT NULL ,  SHOWINMENU  SMALLINT NOT NULL ,  EXTRACONFIG  CLOB ,  UPDATEDAT  TIMESTAMP , PRIMARY KEY ( CODE ) ) 
[INFO ] 2021-02-02 12:41:22.181 [main] TableFactory - Created table - portDataSource/pages_metadata_online
[DEBUG] 2021-02-02 12:41:22.182 [main] StatementE**cutor - running raw e**cute statement: ALTER TABLE pages_metadata_online ADD CONSTRAINT pages_metadata_online_code_fk FOREIGN KEY (code) REFERENCES pages (code) 
[DEBUG] 2021-02-02 12:41:22.214 [main] StatementE**cutor - running raw e**cute statement: ALTER TABLE pages_metadata_online ADD CONSTRAINT pages_metadata_online_modelcode_fk FOREIGN KEY (modelcode) REFERENCES pagemodels (code)
[DEBUG] 2021-02-02 12:41:22.253 [main] DaoManager - created dao for class class org.entando.entando.aps.******.init.model.portdb.PageMetadataDraft with reflection
[DEBUG] 2021-02-02 12:41:22.254 [main] ApsTableUtils - creating table 'PAGES_METADATA_DRAFT'
[DEBUG] 2021-02-02 12:41:22.315 [main] ApsTableUtils - e**cuted create table statement changed 0 rows: CREATE TABLE  PAGES_METADATA_DRAFT  ( CODE  VARCHAR(30) NOT NULL ,  GROUPCODE  VARCHAR(30) NOT NULL ,  TITLES  CLOB NOT NULL ,  MODELCODE  VARCHAR(40) NOT NULL ,  SHOWINMENU  SMALLINT NOT NULL ,  EXTRACONFIG  CLOB ,  UPDATEDAT  TIMESTAMP , PRIMARY KEY ( CODE ) ) 
[INFO ] 2021-02-02 12:41:22.315 [main] TableFactory - Created table - portDataSource/pages_metadata_draft
[DEBUG] 2021-02-02 12:41:22.316 [main] StatementE**cutor - running raw e**cute statement: ALTER TABLE pages_metadata_draft ADD CONSTRAINT pages_metadata_draft_code_fk FOREIGN KEY (code) REFERENCES pages (code) 
[DEBUG] 2021-02-02 12:41:22.327 [main] StatementE**cutor - running raw e**cute statement: ALTER TABLE pages_metadata_draft ADD CONSTRAINT pages_metadata_draft_modelcode_fk FOREIGN KEY (modelcode) REFERENCES pagemodels (code)
[DEBUG] 2021-02-02 12:41:22.364 [main] DaoManager - created dao for class class org.entando.entando.aps.******.init.model.portdb.WidgetCatalog with reflection
[DEBUG] 2021-02-02 12:41:22.364 [main] ApsTableUtils - creating table 'WIDGETCATALOG'
[DEBUG] 2021-02-02 12:41:22.399 [main] ApsTableUtils - e**cuted create table statement changed 0 rows: CREATE TABLE  WIDGETCATALOG  ( CODE  VARCHAR(40) NOT NULL ,  TITLES  CLOB NOT NULL ,  PARAMETERS  CLOB ,  PLUGINCODE  VARCHAR(30) ,  PARENTTYPECODE  VARCHAR(40) ,  DEFAULTCONFIG  CLOB ,  LOCKED  SMALLINT NOT NULL ,  MAINGROUP  VARCHAR(20) ,  CONFIGUI  CLOB ,  BUNDLEID  VARCHAR(150) ,  READONLYPAGEWIDGETCONFIG  SMALLINT ,  WIDGETCATEGORY  VARCHAR(80) , PRIMARY KEY ( CODE ) ) 
[INFO ] 2021-02-02 12:41:22.400 [main] TableFactory - Created table - portDataSource/widgetcatalog
[DEBUG] 2021-02-02 12:41:22.402 [main] DaoManager - created dao for class class org.entando.entando.aps.******.init.model.portdb.GuiFragment with reflection
[DEBUG] 2021-02-02 12:41:22.403 [main] ApsTableUtils - creating table 'GUIFRAGMENT'
[DEBUG] 2021-02-02 12:41:22.432 [main] ApsTableUtils - e**cuted create table statement changed 0 rows: CREATE TABLE  GUIFRAGMENT  ( CODE  VARCHAR(50) NOT NULL ,  WIDGETTYPECODE  VARCHAR(40) ,  PLUGINCODE  VARCHAR(30) ,  GUI  CLOB ,  DEFAULTGUI  CLOB ,  LOCKED  SMALLINT NOT NULL , PRIMARY KEY ( CODE ) ) 
[INFO ] 2021-02-02 12:41:22.433 [main] TableFactory - Created table - portDataSource/guifragment
[DEBUG] 2021-02-02 12:41:22.434 [main] StatementE**cutor - running raw e**cute statement: ALTER TABLE guifragment ADD CONSTRAINT guifragment_wdgtypecode_fkey FOREIGN KEY (widgettypecode) REFERENCES widgetcatalog (code)
[DEBUG] 2021-02-02 12:41:22.472 [main] DaoManager - created dao for class class org.entando.entando.aps.******.init.model.portdb.WidgetConfig with reflection
[DEBUG] 2021-02-02 12:41:22.472 [main] ApsTableUtils - creating table 'WIDGETCONFIG'
[DEBUG] 2021-02-02 12:41:22.485 [main] ApsTableUtils - e**cuted create table statement changed 0 rows: CREATE TABLE  WIDGETCONFIG  ( PAGECODE  VARCHAR(30) NOT NULL ,  FRAMEPOS  INTEGER NOT NULL ,  WIDGETCODE  VARCHAR(40) NOT NULL ,  CONFIG  CLOB ) 
[INFO ] 2021-02-02 12:41:22.485 [main] TableFactory - Created table - portDataSource/widgetconfig
[DEBUG] 2021-02-02 12:41:22.486 [main] StatementE**cutor - running raw e**cute statement: ALTER TABLE widgetconfig ADD CONSTRAINT widgetconfig_pkey PRIMARY KEY(pagecode , framepos)
[DEBUG] 2021-02-02 12:41:22.532 [main] StatementE**cutor - running raw e**cute statement: ALTER TABLE widgetconfig ADD CONSTRAINT widgetconfig_pagecode_fkey FOREIGN KEY (pagecode) REFERENCES pages (code)
[DEBUG] 2021-02-02 12:41:22.562 [main] StatementE**cutor - running raw e**cute statement: ALTER TABLE widgetconfig ADD CONSTRAINT widgetconfig_widgetcode_fkey FOREIGN KEY (widgetcode) REFERENCES widgetcatalog (code)
[DEBUG] 2021-02-02 12:41:22.596 [main] DaoManager - created dao for class class org.entando.entando.aps.******.init.model.portdb.WidgetConfigDraft with reflection
[DEBUG] 2021-02-02 12:41:22.596 [main] ApsTableUtils - creating table 'WIDGETCONFIG_DRAFT'
[DEBUG] 2021-02-02 12:41:22.632 [main] ApsTableUtils - e**cuted create table statement changed 0 rows: CREATE TABLE  WIDGETCONFIG_DRAFT  ( PAGECODE  VARCHAR(30) NOT NULL ,  FRAMEPOS  INTEGER NOT NULL ,  WIDGETCODE  VARCHAR(40) NOT NULL ,  CONFIG  CLOB ) 
[INFO ] 2021-02-02 12:41:22.632 [main] TableFactory - Created table - portDataSource/widgetconfig_draft
[DEBUG] 2021-02-02 12:41:22.633 [main] StatementE**cutor - running raw e**cute statement: ALTER TABLE widgetconfig_draft ADD CONSTRAINT widgetconfig_draft_pkey PRIMARY KEY(pagecode , framepos)
[DEBUG] 2021-02-02 12:41:22.673 [main] StatementE**cutor - running raw e**cute statement: ALTER TABLE widgetconfig_draft ADD CONSTRAINT widgetconfig_draft_pagecode_fkey FOREIGN KEY (pagecode) REFERENCES pages (code)
[DEBUG] 2021-02-02 12:41:22.705 [main] StatementE**cutor - running raw e**cute statement: ALTER TABLE widgetconfig_draft ADD CONSTRAINT widgetconfig_draft_widgetcode_fkey FOREIGN KEY (widgetcode) REFERENCES widgetcatalog (code)
[DEBUG] 2021-02-02 12:41:22.731 [main] DaoManager - created dao for class class org.entando.entando.aps.******.init.model.portdb.Uniquekeys with reflection
[DEBUG] 2021-02-02 12:41:22.731 [main] ApsTableUtils - creating table 'UNIQUEKEYS'
[DEBUG] 2021-02-02 12:41:22.794 [main] ApsTableUtils - e**cuted create table statement changed 0 rows: CREATE TABLE  UNIQUEKEYS  ( ID  INTEGER NOT NULL ,  KEYVALUE  INTEGER NOT NULL , PRIMARY KEY ( ID ) ) 
[INFO ] 2021-02-02 12:41:22.794 [main] TableFactory - Created table - portDataSource/uniquekeys
[DEBUG] 2021-02-02 12:41:22.796 [main] DaoManager - created dao for class class org.entando.entando.aps.******.init.model.portdb.UserPreferences with reflection
[DEBUG] 2021-02-02 12:41:22.796 [main] ApsTableUtils - creating table 'USERPREFERENCES'
[DEBUG] 2021-02-02 12:41:22.854 [main] ApsTableUtils - e**cuted create table statement changed 0 rows: CREATE TABLE  USERPREFERENCES  ( USERNAME  VARCHAR(80) NOT NULL ,  WIZARD  SMALLINT NOT NULL ,  LOADONPAGESELECT  SMALLINT NOT NULL ,  TRANSLATIONWARNING  SMALLINT NOT NULL , PRIMARY KEY ( USERNAME ) ) 
[INFO ] 2021-02-02 12:41:22.855 [main] TableFactory - Created table - portDataSource/userpreferences
[DEBUG] 2021-02-02 12:41:22.856 [main] JdbcConnectionSource - closed connection #44579408
[DEBUG] 2021-02-02 12:41:23.730 [main] DaoManager - created dao for class class org.entando.entando.aps.******.init.model.servdb.Group with reflection
[DEBUG] 2021-02-02 12:41:23.731 [main] ApsTableUtils - creating table 'AUTHGROUPS'
[DEBUG] 2021-02-02 12:41:23.732 [main] JdbcConnectionSource - opened connection to jdbc:derby:/workspace/source/target/test/db/entando-portal-uitestServ;create=****;user=agile;password=agile got #499357786
[DEBUG] 2021-02-02 12:41:23.756 [main] ApsTableUtils - e**cuted create table statement changed 0 rows: CREATE TABLE  AUTHGROUPS  ( GROUPNAME  VARCHAR(20) NOT NULL ,  DESCR  VARCHAR(50) NOT NULL , PRIMARY KEY ( GROUPNAME ) ) 
[INFO ] 2021-02-02 12:41:23.757 [main] TableFactory - Created table - servDataSource/authgroups
[DEBUG] 2021-02-02 12:41:23.758 [main] DaoManager - created dao for class class org.entando.entando.aps.******.init.model.servdb.Permission with reflection
[DEBUG] 2021-02-02 12:41:23.759 [main] ApsTableUtils - creating table 'AUTHPERMISSIONS'
[DEBUG] 2021-02-02 12:41:23.800 [main] ApsTableUtils - e**cuted create table statement changed 0 rows: CREATE TABLE  AUTHPERMISSIONS  ( PERMISSIONNAME  VARCHAR(30) NOT NULL ,  DESCR  VARCHAR(50) NOT NULL , PRIMARY KEY ( PERMISSIONNAME ) ) 
[INFO ] 2021-02-02 12:41:23.801 [main] TableFactory - Created table - servDataSource/authpermissions
[DEBUG] 2021-02-02 12:41:23.803 [main] DaoManager - created dao for class class org.entando.entando.aps.******.init.model.servdb.Role with reflection
[DEBUG] 2021-02-02 12:41:23.803 [main] ApsTableUtils - creating table 'AUTHROLES'
[DEBUG] 2021-02-02 12:41:23.818 [main] ApsTableUtils - e**cuted create table statement changed 0 rows: CREATE TABLE  AUTHROLES  ( ROLENAME  VARCHAR(20) NOT NULL ,  DESCR  VARCHAR(50) NOT NULL , PRIMARY KEY ( ROLENAME ) ) 
[INFO ] 2021-02-02 12:41:23.819 [main] TableFactory - Created table - servDataSource/authroles
[DEBUG] 2021-02-02 12:41:23.821 [main] DaoManager - created dao for class class org.entando.entando.aps.******.init.model.servdb.RolePermissionReference with reflection
[DEBUG] 2021-02-02 12:41:23.821 [main] ApsTableUtils - creating table 'AUTHROLEPERMISSIONS'
[DEBUG] 2021-02-02 12:41:23.857 [main] ApsTableUtils - e**cuted create table statement changed 0 rows: CREATE TABLE  AUTHROLEPERMISSIONS  ( ID  INTEGER GENERATED BY DEFAULT AS IDENTITY ,  ROLENAME  VARCHAR(20) NOT NULL ,  PERMISSIONNAME  VARCHAR(30) NOT NULL , PRIMARY KEY ( ID ) ) 
[INFO ] 2021-02-02 12:41:23.858 [main] TableFactory - Created table - servDataSource/authrolepermissions
[DEBUG] 2021-02-02 12:41:23.859 [main] StatementE**cutor - running raw e**cute statement: ALTER TABLE authrolepermissions ADD CONSTRAINT authrolepermissions_perm_fkey FOREIGN KEY (permissionname) REFERENCES authpermissions (permissionname)
[DEBUG] 2021-02-02 12:41:23.894 [main] StatementE**cutor - running raw e**cute statement: ALTER TABLE authrolepermissions ADD CONSTRAINT authrolepermissions_role_fkey FOREIGN KEY (rolename) REFERENCES authroles (rolename)
[DEBUG] 2021-02-02 12:41:23.923 [main] DaoManager - created dao for class class org.entando.entando.aps.******.init.model.servdb.User with reflection
[DEBUG] 2021-02-02 12:41:23.923 [main] ApsTableUtils - creating table 'AUTHUSERS'
[DEBUG] 2021-02-02 12:41:23.938 [main] ApsTableUtils - e**cuted create table statement changed 0 rows: CREATE TABLE  AUTHUSERS  ( USERNAME  VARCHAR(80) NOT NULL ,  PASSWD  VARCHAR(512) ,  REGISTRATIONDATE  TIMESTAMP NOT NULL ,  LASTACCESS  TIMESTAMP ,  LASTPASSWORDCHANGE  TIMESTAMP ,  ACTIVE  SMALLINT , PRIMARY KEY ( USERNAME ) ) 
[INFO ] 2021-02-02 12:41:23.939 [main] TableFactory - Created table - servDataSource/authusers
[DEBUG] 2021-02-02 12:41:23.940 [main] DaoManager - created dao for class class org.entando.entando.aps.******.init.model.servdb.UserGroupRoleReference with reflection
[DEBUG] 2021-02-02 12:41:23.941 [main] ApsTableUtils - creating table 'AUTHUSERGROUPROLE'
[DEBUG] 2021-02-02 12:41:23.978 [main] ApsTableUtils - e**cuted create table statement changed 0 rows: CREATE TABLE  AUTHUSERGROUPROLE  ( ID  INTEGER GENERATED BY DEFAULT AS IDENTITY ,  USERNAME  VARCHAR(80) NOT NULL ,  GROUPNAME  VARCHAR(20) ,  ROLENAME  VARCHAR(20) , PRIMARY KEY ( ID ) ) 
[INFO ] 2021-02-02 12:41:23.978 [main] TableFactory - Created table - servDataSource/authusergrouprole
[DEBUG] 2021-02-02 12:41:23.979 [main] StatementE**cutor - running raw e**cute statement: ALTER TABLE authusergrouprole ADD CONSTRAINT authusergrouprole_grn_fkey FOREIGN KEY (groupname) REFERENCES authgroups (groupname)
[DEBUG] 2021-02-02 12:41:24.014 [main] StatementE**cutor - running raw e**cute statement: ALTER TABLE authusergrouprole ADD CONSTRAINT authusergrouprole_rln_fkey FOREIGN KEY (rolename) REFERENCES authroles (rolename)
[DEBUG] 2021-02-02 12:41:24.062 [main] DaoManager - created dao for class class org.entando.entando.aps.******.init.model.servdb.ApiOAuthConsumer with reflection
[DEBUG] 2021-02-02 12:41:24.063 [main] ApsTableUtils - creating table 'API_OAUTH_CONSUMERS'
[DEBUG] 2021-02-02 12:41:24.090 [main] ApsTableUtils - e**cuted create table statement changed 0 rows: CREATE TABLE  API_OAUTH_CONSUMERS  ( CONSUMERKEY  VARCHAR(100) NOT NULL ,  CONSUMERSECRET  VARCHAR(100) NOT NULL ,  NAME  VARCHAR(255) ,  DESCRIPTION  CLOB NOT NULL ,  CALLBACKURL  CLOB ,  SCOPE  VARCHAR(255) ,  AUTHORIZEDGRANTTYPES  VARCHAR(255) ,  EXPIRATIONDATE  TIMESTAMP ,  ISSUEDDATE  TIMESTAMP , PRIMARY KEY ( CONSUMERKEY ) ) 
[INFO ] 2021-02-02 12:41:24.091 [main] TableFactory - Created table - servDataSource/api_oauth_consumers
[DEBUG] 2021-02-02 12:41:24.093 [main] DaoManager - created dao for class class org.entando.entando.aps.******.init.model.servdb.ApiOAuthToken with reflection
[DEBUG] 2021-02-02 12:41:24.094 [main] ApsTableUtils - creating table 'API_OAUTH_TOKENS'
[DEBUG] 2021-02-02 12:41:24.134 [main] ApsTableUtils - e**cuted create table statement changed 0 rows: CREATE TABLE  API_OAUTH_TOKENS  ( ACCESSTOKEN  VARCHAR(100) NOT NULL ,  CLIENTID  VARCHAR(100) NOT NULL ,  EXPIRESIN  TIMESTAMP NOT NULL ,  REFRESHTOKEN  VARCHAR(255) NOT NULL ,  GRANTTYPE  VARCHAR(100) NOT NULL ,  LOCALUSER  VARCHAR(100) , PRIMARY KEY ( ACCESSTOKEN ) ) 
[INFO ] 2021-02-02 12:41:24.134 [main] TableFactory - Created table - servDataSource/api_oauth_tokens
[DEBUG] 2021-02-02 12:41:24.136 [main] DaoManager - created dao for class class org.entando.entando.aps.******.init.model.servdb.ApiCatalogMethod with reflection
[DEBUG] 2021-02-02 12:41:24.136 [main] ApsTableUtils - creating table 'APICATALOG_METHODS'
[DEBUG] 2021-02-02 12:41:24.159 [main] ApsTableUtils - e**cuted create table statement changed 0 rows: CREATE TABLE  APICATALOG_METHODS  ( RESOURCECODE  VARCHAR(100) NOT NULL ,  HTTPMETHOD  VARCHAR(6) NOT NULL ,  ISACTIVE  SMALLINT NOT NULL ,  ISHIDDEN  SMALLINT NOT NULL ,  AUTHENTICATIONREQUIRED  SMALLINT ,  AUTHORIZATIONREQUIRED  VARCHAR(30) ) 
[INFO ] 2021-02-02 12:41:24.160 [main] TableFactory - Created table - servDataSource/apicatalog_methods
[DEBUG] 2021-02-02 12:41:24.160 [main] StatementE**cutor - running raw e**cute statement: ALTER TABLE apicatalog_methods ADD CONSTRAINT apicatalog_methods_pkey PRIMARY KEY(resourcecode , httpmethod)
[DEBUG] 2021-02-02 12:41:24.190 [main] StatementE**cutor - running raw e**cute statement: ALTER TABLE apicatalog_methods ADD CONSTRAINT apicatalog_methods_auth_fkey FOREIGN KEY (authorizationrequired) REFERENCES authpermissions (permissionname)
[DEBUG] 2021-02-02 12:41:24.218 [main] DaoManager - created dao for class class org.entando.entando.aps.******.init.model.servdb.ApiCatalogService with reflection
[DEBUG] 2021-02-02 12:41:24.218 [main] ApsTableUtils - creating table 'APICATALOG_SERVICES'
[DEBUG] 2021-02-02 12:41:24.281 [main] ApsTableUtils - e**cuted create table statement changed 0 rows: CREATE TABLE  APICATALOG_SERVICES  ( SERVICEKEY  VARCHAR(100) NOT NULL ,  RESOURCECODE  VARCHAR(100) NOT NULL ,  DESCRIPTION  CLOB NOT NULL ,  PARAMETERS  CLOB ,  TAG  VARCHAR(100) ,  FREEPARAMETERS  CLOB ,  ISACTIVE  SMALLINT NOT NULL ,  ISHIDDEN  SMALLINT NOT NULL ,  MYENTANDO  SMALLINT NOT NULL ,  AUTHENTICATIONREQUIRED  SMALLINT ,  REQUIREDPERMISSION  VARCHAR(30) ,  REQUIREDGROUP  VARCHAR(20) , PRIMARY KEY ( SERVICEKEY ) ) 
[INFO ] 2021-02-02 12:41:24.281 [main] TableFactory - Created table - servDataSource/apicatalog_services
[DEBUG] 2021-02-02 12:41:24.282 [main] StatementE**cutor - running raw e**cute statement: ALTER TABLE apicatalog_services ADD CONSTRAINT apicatalog_services_gr_fkey FOREIGN KEY (requiredgroup) REFERENCES authgroups (groupname)
[DEBUG] 2021-02-02 12:41:24.315 [main] StatementE**cutor - running raw e**cute statement: ALTER TABLE apicatalog_services ADD CONSTRAINT apicatalog_services_perm_fkey FOREIGN KEY (requiredpermission) REFERENCES authpermissions (permissionname)
[DEBUG] 2021-02-02 12:41:24.376 [main] DaoManager - created dao for class class org.entando.entando.aps.******.init.model.servdb.UserProfile with reflection
[DEBUG] 2021-02-02 12:41:24.377 [main] ApsTableUtils - creating table 'AUTHUSERPROFILES'
[DEBUG] 2021-02-02 12:41:24.377 [main] ApsTableUtils - creating index 'AUTHUSERPROFILES_profiletype_idx' for table 'AUTHUSERPROFILES
[DEBUG] 2021-02-02 12:41:24.409 [main] ApsTableUtils - e**cuted create table statement changed 0 rows: CREATE TABLE  AUTHUSERPROFILES  ( USERNAME  VARCHAR(80) NOT NULL ,  PROFILETYPE  VARCHAR(30) NOT NULL ,  PROFILEXML  CLOB NOT NULL ,  PUBLICPROFILE  SMALLINT NOT NULL , PRIMARY KEY ( USERNAME ) ) 
[DEBUG] 2021-02-02 12:41:24.425 [main] ApsTableUtils - e**cuted create table statement changed 0 rows: CREATE INDEX  AUTHUSERPROFILES_PROFILETYPE_IDX  ON  AUTHUSERPROFILES  (  PROFILETYPE  )
[INFO ] 2021-02-02 12:41:24.425 [main] TableFactory - Created table - servDataSource/authuserprofiles
[DEBUG] 2021-02-02 12:41:24.428 [main] DaoManager - created dao for class class org.entando.entando.aps.******.init.model.servdb.UserProfileSearch with reflection
[DEBUG] 2021-02-02 12:41:24.428 [main] ApsTableUtils - creating table 'AUTHUSERPROFILESEARCH'
[DEBUG] 2021-02-02 12:41:24.429 [main] ApsTableUtils - creating index 'AUTHUSERPROFILESEARCH_username_idx' for table 'AUTHUSERPROFILESEARCH
[DEBUG] 2021-02-02 12:41:24.429 [main] ApsTableUtils - creating index 'AUTHUSERPROFILESEARCH_attrname_idx' for table 'AUTHUSERPROFILESEARCH
[DEBUG] 2021-02-02 12:41:24.463 [main] ApsTableUtils - e**cuted create table statement changed 0 rows: CREATE TABLE  AUTHUSERPROFILESEARCH  ( ID  INTEGER GENERATED BY DEFAULT AS IDENTITY ,  USERNAME  VARCHAR(80) NOT NULL ,  ATTRNAME  VARCHAR(30) NOT NULL ,  TEXTVALUE  VARCHAR(255) ,  DATEVALUE  TIMESTAMP ,  NUMVALUE  INTEGER ,  LANGCODE  VARCHAR(3) , PRIMARY KEY ( ID ) ) 
[DEBUG] 2021-02-02 12:41:24.473 [main] ApsTableUtils - e**cuted create table statement changed 0 rows: CREATE INDEX  AUTHUSERPROFILESEARCH_USERNAME_IDX  ON  AUTHUSERPROFILESEARCH  (  USERNAME  )
[DEBUG] 2021-02-02 12:41:24.482 [main] ApsTableUtils - e**cuted create table statement changed 0 rows: CREATE INDEX  AUTHUSERPROFILESEARCH_ATTRNAME_IDX  ON  AUTHUSERPROFILESEARCH  (  ATTRNAME  )
[INFO ] 2021-02-02 12:41:24.483 [main] TableFactory - Created table - servDataSource/authuserprofilesearch
[DEBUG] 2021-02-02 12:41:24.483 [main] StatementE**cutor - running raw e**cute statement: ALTER TABLE authuserprofilesearch ADD CONSTRAINT authuserprofilesearch_fkey FOREIGN KEY (username) REFERENCES authuserprofiles (username)
[DEBUG] 2021-02-02 12:41:24.492 [main] DaoManager - created dao for class class org.entando.entando.aps.******.init.model.servdb.UserProfileAttributeRole with reflection
[DEBUG] 2021-02-02 12:41:24.493 [main] ApsTableUtils - creating table 'AUTHUSERPROFILEATTRROLES'
[DEBUG] 2021-02-02 12:41:24.493 [main] ApsTableUtils - creating index 'AUTHUSERPROFILEATTRROLES_username_idx' for table 'AUTHUSERPROFILEATTRROLES
[DEBUG] 2021-02-02 12:41:24.493 [main] ApsTableUtils - creating index 'AUTHUSERPROFILEATTRROLES_attrname_idx' for table 'AUTHUSERPROFILEATTRROLES
[DEBUG] 2021-02-02 12:41:24.493 [main] ApsTableUtils - creating index 'AUTHUSERPROFILEATTRROLES_rolename_idx' for table 'AUTHUSERPROFILEATTRROLES
[DEBUG] 2021-02-02 12:41:24.529 [main] ApsTableUtils - e**cuted create table statement changed 0 rows: CREATE TABLE  AUTHUSERPROFILEATTRROLES  ( ID  INTEGER GENERATED BY DEFAULT AS IDENTITY ,  USERNAME  VARCHAR(80) NOT NULL ,  ATTRNAME  VARCHAR(30) NOT NULL ,  ROLENAME  VARCHAR(50) NOT NULL , PRIMARY KEY ( ID ) ) 
[DEBUG] 2021-02-02 12:41:24.538 [main] ApsTableUtils - e**cuted create table statement changed 0 rows: CREATE INDEX  AUTHUSERPROFILEATTRROLES_USERNAME_IDX  ON  AUTHUSERPROFILEATTRROLES  (  USERNAME  )
[DEBUG] 2021-02-02 12:41:24.546 [main] ApsTableUtils - e**cuted create table statement changed 0 rows: CREATE INDEX  AUTHUSERPROFILEATTRROLES_ATTRNAME_IDX  ON  AUTHUSERPROFILEATTRROLES  (  ATTRNAME  )
[DEBUG] 2021-02-02 12:41:24.553 [main] ApsTableUtils - e**cuted create table statement changed 0 rows: CREATE INDEX  AUTHUSERPROFILEATTRROLES_ROLENAME_IDX  ON  AUTHUSERPROFILEATTRROLES  (  ROLENAME  )
[INFO ] 2021-02-02 12:41:24.553 [main] TableFactory - Created table - servDataSource/authuserprofileattrroles
[DEBUG] 2021-02-02 12:41:24.554 [main] StatementE**cutor - running raw e**cute statement: ALTER TABLE authuserprofileattrroles ADD CONSTRAINT authuserprofileattrroles_fkey FOREIGN KEY (username) REFERENCES authuserprofiles (username)
[DEBUG] 2021-02-02 12:41:24.561 [main] DaoManager - created dao for class class org.entando.entando.aps.******.init.model.servdb.ActionLogRecord with reflection
[DEBUG] 2021-02-02 12:41:24.562 [main] ApsTableUtils - creating table 'ACTIONLOGRECORDS'
[DEBUG] 2021-02-02 12:41:24.562 [main] ApsTableUtils - creating index 'ACTIONLOGRECORDS_actiondate_idx' for table 'ACTIONLOGRECORDS
[DEBUG] 2021-02-02 12:41:24.562 [main] ApsTableUtils - creating index 'ACTIONLOGRECORDS_updatedate_idx' for table 'ACTIONLOGRECORDS
[DEBUG] 2021-02-02 12:41:24.587 [main] ApsTableUtils - e**cuted create table statement changed 0 rows: CREATE TABLE  ACTIONLOGRECORDS  ( ID  INTEGER NOT NULL ,  USERNAME  VARCHAR(40) ,  ACTIONDATE  TIMESTAMP ,  NAMESPACE  CLOB ,  ACTIONNAME  VARCHAR(250) ,  PARAMETERS  CLOB ,  ACTIVITYSTREAMINFO  CLOB ,  UPDATEDATE  TIMESTAMP , PRIMARY KEY ( ID ) ) 
[DEBUG] 2021-02-02 12:41:24.595 [main] ApsTableUtils - e**cuted create table statement changed 0 rows: CREATE INDEX  ACTIONLOGRECORDS_ACTIONDATE_IDX  ON  ACTIONLOGRECORDS  (  ACTIONDATE  )
[DEBUG] 2021-02-02 12:41:24.605 [main] ApsTableUtils - e**cuted create table statement changed 0 rows: CREATE INDEX  ACTIONLOGRECORDS_UPDATEDATE_IDX  ON  ACTIONLOGRECORDS  (  UPDATEDATE  )
[INFO ] 2021-02-02 12:41:24.605 [main] TableFactory - Created table - servDataSource/actionlogrecords
[DEBUG] 2021-02-02 12:41:24.606 [main] DaoManager - created dao for class class org.entando.entando.aps.******.init.model.servdb.ActionLogRecordRelation with reflection
[DEBUG] 2021-02-02 12:41:24.607 [main] ApsTableUtils - creating table 'ACTIONLOGRELATIONS'
[DEBUG] 2021-02-02 12:41:24.607 [main] ApsTableUtils - creating index 'ACTIONLOGRELATIONS_recordid_idx' for table 'ACTIONLOGRELATIONS
[DEBUG] 2021-02-02 12:41:24.607 [main] ApsTableUtils - creating index 'ACTIONLOGRELATIONS_refgroup_idx' for table 'ACTIONLOGRELATIONS
[DEBUG] 2021-02-02 12:41:24.620 [main] ApsTableUtils - e**cuted create table statement changed 0 rows: CREATE TABLE  ACTIONLOGRELATIONS  ( ID  INTEGER GENERATED BY DEFAULT AS IDENTITY ,  RECORDID  INTEGER NOT NULL ,  REFGROUP  VARCHAR(20) , PRIMARY KEY ( ID ) ) 
[DEBUG] 2021-02-02 12:41:24.627 [main] ApsTableUtils - e**cuted create table statement changed 0 rows: CREATE INDEX  ACTIONLOGRELATIONS_RECORDID_IDX  ON  ACTIONLOGRELATIONS  (  RECORDID  )
[DEBUG] 2021-02-02 12:41:24.634 [main] ApsTableUtils - e**cuted create table statement changed 0 rows: CREATE INDEX  ACTIONLOGRELATIONS_REFGROUP_IDX  ON  ACTIONLOGRELATIONS  (  REFGROUP  )
[INFO ] 2021-02-02 12:41:24.634 [main] TableFactory - Created table - servDataSource/actionlogrelations
[DEBUG] 2021-02-02 12:41:24.634 [main] StatementE**cutor - running raw e**cute statement: ALTER TABLE actionlogrelations ADD CONSTRAINT actionlogrelations_recid_fkey FOREIGN KEY (recordid) REFERENCES actionlogrecords (id)
[DEBUG] 2021-02-02 12:41:24.641 [main] DaoManager - created dao for class class org.entando.entando.aps.******.init.model.servdb.ActionLogLikeRecord with reflection
[DEBUG] 2021-02-02 12:41:24.641 [main] ApsTableUtils - creating table 'ACTIONLOGLIKERECORDS'
[DEBUG] 2021-02-02 12:41:24.663 [main] ApsTableUtils - e**cuted create table statement changed 0 rows: CREATE TABLE  ACTIONLOGLIKERECORDS  ( ID  INTEGER GENERATED BY DEFAULT AS IDENTITY ,  RECORDID  INTEGER NOT NULL ,  USERNAME  VARCHAR(20) NOT NULL ,  LIKEDATE  TIMESTAMP NOT NULL , PRIMARY KEY ( ID ) ) 
[INFO ] 2021-02-02 12:41:24.663 [main] TableFactory - Created table - servDataSource/actionloglikerecords
[DEBUG] 2021-02-02 12:41:24.663 [main] StatementE**cutor - running raw e**cute statement: ALTER TABLE actionloglikerecords ADD CONSTRAINT actionloglikerec_recid_fkey FOREIGN KEY (recordid) REFERENCES actionlogrecords (id)
[DEBUG] 2021-02-02 12:41:24.694 [main] DaoManager - created dao for class class org.entando.entando.aps.******.init.model.servdb.ActionLogCommentRecord with reflection
[DEBUG] 2021-02-02 12:41:24.694 [main] ApsTableUtils - creating table 'ACTIONLOGCOMMENTRECORDS'
[DEBUG] 2021-02-02 12:41:24.734 [main] ApsTableUtils - e**cuted create table statement changed 0 rows: CREATE TABLE  ACTIONLOGCOMMENTRECORDS  ( ID  INTEGER NOT NULL ,  RECORDID  INTEGER NOT NULL ,  USERNAME  VARCHAR(20) NOT NULL ,  COMMENTTEXT  CLOB NOT NULL ,  COMMENTDATE  TIMESTAMP NOT NULL , PRIMARY KEY ( ID ) ) 
[INFO ] 2021-02-02 12:41:24.734 [main] TableFactory - Created table - servDataSource/actionlogcommentrecords
[DEBUG] 2021-02-02 12:41:24.734 [main] StatementE**cutor - running raw e**cute statement: ALTER TABLE actionlogcommentrecords ADD CONSTRAINT actionlogcommentrec_recid_fkey FOREIGN KEY (recordid) REFERENCES actionlogrecords (id)
[DEBUG] 2021-02-02 12:41:24.749 [main] DaoManager - created dao for class class org.entando.entando.aps.******.init.model.servdb.DataObjectModel with reflection
[DEBUG] 2021-02-02 12:41:24.749 [main] ApsTableUtils - creating table 'DATAOBJECTMODELS'
[DEBUG] 2021-02-02 12:41:24.774 [main] ApsTableUtils - e**cuted create table statement changed 0 rows: CREATE TABLE  DATAOBJECTMODELS  ( MODELID  INTEGER NOT NULL ,  DATATYPE  VARCHAR(30) NOT NULL ,  DESCR  VARCHAR(50) NOT NULL ,  MODEL  CLOB ,  STYLESHEET  VARCHAR(50) , PRIMARY KEY ( MODELID ) ) 
[INFO ] 2021-02-02 12:41:24.775 [main] TableFactory - Created table - servDataSource/dataobjectmodels
[DEBUG] 2021-02-02 12:41:24.777 [main] DaoManager - created dao for class class org.entando.entando.aps.******.init.model.servdb.DataObject with reflection
[DEBUG] 2021-02-02 12:41:24.777 [main] ApsTableUtils - creating table 'DATAOBJECTS'
[DEBUG] 2021-02-02 12:41:24.777 [main] ApsTableUtils - creating index 'DATAOBJECTS_status_idx' for table 'DATAOBJECTS
[DEBUG] 2021-02-02 12:41:24.777 [main] ApsTableUtils - creating index 'DATAOBJECTS_datatype_idx' for table 'DATAOBJECTS
[DEBUG] 2021-02-02 12:41:24.778 [main] ApsTableUtils - creating index 'DATAOBJECTS_maingroup_idx' for table 'DATAOBJECTS
[DEBUG] 2021-02-02 12:41:24.778 [main] ApsTableUtils - creating index 'DATAOBJECTS_lastmodified_idx' for table 'DATAOBJECTS
[DEBUG] 2021-02-02 12:41:24.820 [main] ApsTableUtils - e**cuted create table statement changed 0 rows: CREATE TABLE  DATAOBJECTS  ( DATAID  VARCHAR(16) NOT NULL ,  DATATYPE  VARCHAR(30) NOT NULL ,  DESCR  VARCHAR(255) NOT NULL ,  STATUS  VARCHAR(12) NOT NULL ,  WORKXML  CLOB NOT NULL ,  CREATED  VARCHAR(20) ,  LASTMODIFIED  VARCHAR(20) ,  ONLINEXML  CLOB ,  MAINGROUP  VARCHAR(20) NOT NULL ,  CURRENTVERSION  VARCHAR(7) NOT NULL ,  LASTEDITOR  VARCHAR(40) ,  FIRSTEDITOR  VARCHAR(40) , PRIMARY KEY ( DATAID ) ) 
[DEBUG] 2021-02-02 12:41:24.829 [main] ApsTableUtils - e**cuted create table statement changed 0 rows: CREATE INDEX  DATAOBJECTS_STATUS_IDX  ON  DATAOBJECTS  (  STATUS  )
[DEBUG] 2021-02-02 12:41:24.837 [main] ApsTableUtils - e**cuted create table statement changed 0 rows: CREATE INDEX  DATAOBJECTS_DATATYPE_IDX  ON  DATAOBJECTS  (  DATATYPE  )
[DEBUG] 2021-02-02 12:41:24.845 [main] ApsTableUtils - e**cuted create table statement changed 0 rows: CREATE INDEX  DATAOBJECTS_MAINGROUP_IDX  ON  DATAOBJECTS  (  MAINGROUP  )
[DEBUG] 2021-02-02 12:41:24.853 [main] ApsTableUtils - e**cuted create table statement changed 0 rows: CREATE INDEX  DATAOBJECTS_LASTMODIFIED_IDX  ON  DATAOBJECTS  (  LASTMODIFIED  )
[INFO ] 2021-02-02 12:41:24.853 [main] TableFactory - Created table - servDataSource/dataobjects
[DEBUG] 2021-02-02 12:41:24.855 [main] DaoManager - created dao for class class org.entando.entando.aps.******.init.model.servdb.DataObjectRelation with reflection
[DEBUG] 2021-02-02 12:41:24.855 [main] ApsTableUtils - creating table 'DATAOBJECTRELATIONS'
[DEBUG] 2021-02-02 12:41:24.855 [main] ApsTableUtils - creating index 'DATAOBJECTRELATIONS_refcategory_idx' for table 'DATAOBJECTRELATIONS
[DEBUG] 2021-02-02 12:41:24.855 [main] ApsTableUtils - creating index 'DATAOBJECTRELATIONS_dataid_idx' for table 'DATAOBJECTRELATIONS
[DEBUG] 2021-02-02 12:41:24.856 [main] ApsTableUtils - creating index 'DATAOBJECTRELATIONS_refgroup_idx' for table 'DATAOBJECTRELATIONS
[DEBUG] 2021-02-02 12:41:24.870 [main] ApsTableUtils - e**cuted create table statement changed 0 rows: CREATE TABLE  DATAOBJECTRELATIONS  ( ID  INTEGER GENERATED BY DEFAULT AS IDENTITY ,  DATAID  VARCHAR(16) NOT NULL ,  REFCATEGORY  VARCHAR(30) ,  REFGROUP  VARCHAR(20) , PRIMARY KEY ( ID ) ) 
[DEBUG] 2021-02-02 12:41:24.891 [main] ApsTableUtils - e**cuted create table statement changed 0 rows: CREATE INDEX  DATAOBJECTRELATIONS_REFCATEGORY_IDX  ON  DATAOBJECTRELATIONS  (  REFCATEGORY  )
[DEBUG] 2021-02-02 12:41:24.923 [main] ApsTableUtils - e**cuted create table statement changed 0 rows: CREATE INDEX  DATAOBJECTRELATIONS_DATAID_IDX  ON  DATAOBJECTRELATIONS  (  DATAID  )
[DEBUG] 2021-02-02 12:41:24.935 [main] ApsTableUtils - e**cuted create table statement changed 0 rows: CREATE INDEX  DATAOBJECTRELATIONS_REFGROUP_IDX  ON  DATAOBJECTRELATIONS  (  REFGROUP  )
[INFO ] 2021-02-02 12:41:24.935 [main] TableFactory - Created table - servDataSource/dataobjectrelations
[DEBUG] 2021-02-02 12:41:24.938 [main] DaoManager - created dao for class class org.entando.entando.aps.******.init.model.servdb.DataObjectSearch with reflection
[DEBUG] 2021-02-02 12:41:24.938 [main] ApsTableUtils - creating table 'DATAOBJECTSEARCH'
[DEBUG] 2021-02-02 12:41:24.938 [main] ApsTableUtils - creating index 'DATAOBJECTSEARCH_attrname_idx' for table 'DATAOBJECTSEARCH
[DEBUG] 2021-02-02 12:41:24.939 [main] ApsTableUtils - creating index 'DATAOBJECTSEARCH_dataid_idx' for table 'DATAOBJECTSEARCH
[DEBUG] 2021-02-02 12:41:24.955 [main] ApsTableUtils - e**cuted create table statement changed 0 rows: CREATE TABLE  DATAOBJECTSEARCH  ( ID  INTEGER GENERATED BY DEFAULT AS IDENTITY ,  DATAID  VARCHAR(16) NOT NULL ,  ATTRNAME  VARCHAR(30) NOT NULL ,  TEXTVALUE  VARCHAR(255) ,  DATEVALUE  TIMESTAMP ,  NUMVALUE  INTEGER ,  LANGCODE  VARCHAR(3) , PRIMARY KEY ( ID ) ) 
[DEBUG] 2021-02-02 12:41:24.963 [main] ApsTableUtils - e**cuted create table statement changed 0 rows: CREATE INDEX  DATAOBJECTSEARCH_ATTRNAME_IDX  ON  DATAOBJECTSEARCH  (  ATTRNAME  )
[DEBUG] 2021-02-02 12:41:24.987 [main] ApsTableUtils - e**cuted create table statement changed 0 rows: CREATE INDEX  DATAOBJECTSEARCH_DATAID_IDX  ON  DATAOBJECTSEARCH  (  DATAID  )
[INFO ] 2021-02-02 12:41:24.988 [main] TableFactory - Created table - servDataSource/dataobjectsearch
[DEBUG] 2021-02-02 12:41:24.988 [main] StatementE**cutor - running raw e**cute statement: ALTER TABLE dataobjectsearch ADD CONSTRAINT dataobjectsearch_contid_fkey FOREIGN KEY (dataid) REFERENCES dataobjects (dataid)
[DEBUG] 2021-02-02 12:41:24.998 [main] DaoManager - created dao for class class org.entando.entando.aps.******.init.model.servdb.DataObjectAttributeRole with reflection
[DEBUG] 2021-02-02 12:41:24.998 [main] ApsTableUtils - creating table 'DATAOBJECTATTRIBUTEROLES'
[DEBUG] 2021-02-02 12:41:24.998 [main] ApsTableUtils - creating index 'DATAOBJECTATTRIBUTEROLES_attrname_idx' for table 'DATAOBJECTATTRIBUTEROLES
[DEBUG] 2021-02-02 12:41:24.999 [main] ApsTableUtils - creating index 'DATAOBJECTATTRIBUTEROLES_dataid_idx' for table 'DATAOBJECTATTRIBUTEROLES
[DEBUG] 2021-02-02 12:41:24.999 [main] ApsTableUtils - creating index 'DATAOBJECTATTRIBUTEROLES_rolename_idx' for table 'DATAOBJECTATTRIBUTEROLES
[DEBUG] 2021-02-02 12:41:25.013 [main] ApsTableUtils - e**cuted create table statement changed 0 rows: CREATE TABLE  DATAOBJECTATTRIBUTEROLES  ( ID  INTEGER GENERATED BY DEFAULT AS IDENTITY ,  DATAID  VARCHAR(16) NOT NULL ,  ATTRNAME  VARCHAR(30) NOT NULL ,  ROLENAME  VARCHAR(50) NOT NULL , PRIMARY KEY ( ID ) ) 
[DEBUG] 2021-02-02 12:41:25.034 [main] ApsTableUtils - e**cuted create table statement changed 0 rows: CREATE INDEX  DATAOBJECTATTRIBUTEROLES_ATTRNAME_IDX  ON  DATAOBJECTATTRIBUTEROLES  (  ATTRNAME  )
[DEBUG] 2021-02-02 12:41:25.054 [main] ApsTableUtils - e**cuted create table statement changed 0 rows: CREATE INDEX  DATAOBJECTATTRIBUTEROLES_DATAID_IDX  ON  DATAOBJECTATTRIBUTEROLES  (  DATAID  )
[DEBUG] 2021-02-02 12:41:25.080 [main] ApsTableUtils - e**cuted create table statement changed 0 rows: CREATE INDEX  DATAOBJECTATTRIBUTEROLES_ROLENAME_IDX  ON  DATAOBJECTATTRIBUTEROLES  (  ROLENAME  )
[INFO ] 2021-02-02 12:41:25.081 [main] TableFactory - Created table - servDataSource/dataobjectattributeroles
[DEBUG] 2021-02-02 12:41:25.081 [main] StatementE**cutor - running raw e**cute statement: ALTER TABLE dataobjectattributeroles ADD CONSTRAINT contentattrroles_contid_fkey FOREIGN KEY (dataid) REFERENCES dataobjects (dataid)
[DEBUG] 2021-02-02 12:41:25.090 [main] JdbcConnectionSource - closed connection #499357786
[DEBUG] 2021-02-02 12:41:25.091 [main] DatabaseManager - |   _|   Installation complete_|   
[INFO ] 2021-02-02 12:41:25.091 [main] DatabaseManager - + [ Component: entando-*****-console ] :: DATA
|   
[DEBUG] 2021-02-02 12:41:25.093 [main] DaoManager - created dao for class class org.entando.entando.aps.******.init.model.servdb.UserShortcut with reflection
[DEBUG] 2021-02-02 12:41:25.093 [main] ApsTableUtils - creating table 'AUTHUSERSHORTCUTS'
[DEBUG] 2021-02-02 12:41:25.094 [main] JdbcConnectionSource - opened connection to jdbc:derby:/workspace/source/target/test/db/entando-portal-uitestServ;create=****;user=agile;password=agile got #1196715807
[DEBUG] 2021-02-02 12:41:25.136 [main] ApsTableUtils - e**cuted create table statement changed 0 rows: CREATE TABLE  AUTHUSERSHORTCUTS  ( USERNAME  VARCHAR(40) NOT NULL ,  CONFIG  CLOB NOT NULL , PRIMARY KEY ( USERNAME ) ) 
[INFO ] 2021-02-02 12:41:25.136 [main] TableFactory - Created table - servDataSource/authusershortcuts
[DEBUG] 2021-02-02 12:41:25.137 [main] JdbcConnectionSource - closed connection #1196715807
[DEBUG] 2021-02-02 12:41:25.137 [main] DatabaseManager - |   _|   Installation complete_|   
[INFO ] 2021-02-02 12:41:25.137 [main] DatabaseManager - + [ Component: entando-portal-ui ] :: DATA
|   
[DEBUG] 2021-02-02 12:41:25.137 [main] DatabaseManager - |   _|   Installation complete_|   
[INFO ] 2021-02-02 12:41:25.138 [main] DatabaseManager - + [ Component: Core ] :: DATA
|   
[DEBUG] 2021-02-02 12:41:27.604 [main] DatabaseManager - |   _|   Installation complete_|   
[INFO ] 2021-02-02 12:41:27.605 [main] DatabaseManager - + [ Component: entando-*****-console ] :: DATA
|   
[DEBUG] 2021-02-02 12:41:27.612 [main] DatabaseManager - |   _|   Installation complete_|   
[INFO ] 2021-02-02 12:41:27.612 [main] DatabaseManager - + [ Component: entando-portal-ui ] :: DATA
|   
[DEBUG] 2021-02-02 12:41:27.613 [main] DatabaseManager - |   _|   Installation complete_|   
[DEBUG] 2021-02-02 12:41:27.687 [main] InitializerManager - org.entando.entando.aps.******.init.InitializerManager: initializated - Check on startup ****
[DEBUG] 2021-02-02 12:41:27.950 [main] BaseConfigManager - com.agiletec.aps.******.services.baseconfig.BaseConfigManager ready. Initialized
[DEBUG] 2021-02-02 12:41:28.029 [main] LangManager - com.agiletec.aps.******.services.lang.LangManager ready: initialized
[DEBUG] 2021-02-02 12:41:28.104 [main] GuiFragmentManager - org.entando.entando.aps.******.services.guifragment.GuiFragmentManager ready.
[DEBUG] 2021-02-02 12:41:28.265 [main] WidgetTypeManager - org.entando.entando.aps.******.services.widgettype.WidgetTypeManager ready. Initialized
[DEBUG] 2021-02-02 12:41:28.311 [main] PageModelManager - com.agiletec.aps.******.services.pagemodel.PageModelManager ready. initialized
[DEBUG] 2021-02-02 12:41:28.652 [main] PageManager - com.agiletec.aps.******.services.page.PageManager ready. : Initialized
[DEBUG] 2021-02-02 12:41:28.720 [main] URLManager - com.agiletec.aps.******.services.url.URLManager ready
[DEBUG] 2021-02-02 12:41:28.743 [main] RequestValidator - com.agiletec.aps.******.services.controller.control.RequestValidator ready
[DEBUG] 2021-02-02 12:41:29.079 [main] UserManager - com.agiletec.aps.******.services.user.UserManager ready
[DEBUG] 2021-02-02 12:41:29.183 [main] GroupManager - com.agiletec.aps.******.services.group.GroupManager ready. Initialized
[DEBUG] 2021-02-02 12:41:29.262 [main] RoleManager - com.agiletec.aps.******.services.role.RoleManager : initialized
[DEBUG] 2021-02-02 12:41:29.287 [main] AuthorizationManager - com.agiletec.aps.******.services.authorization.AuthorizationManager ready
[DEBUG] 2021-02-02 12:41:29.318 [main] ApiOAuth2TokenManager - org.entando.entando.aps.******.services.oauth2.ApiOAuth2TokenManager  initialized 
[DEBUG] 2021-02-02 12:41:29.318 [pool-2-thread-1] ScheduledDeleteExpiredTokenThread - start delete expired access token
[DEBUG] 2021-02-02 12:41:29.339 [pool-2-thread-1] ScheduledDeleteExpiredTokenThread - end delete expired access token
[DEBUG] 2021-02-02 12:41:29.343 [main] AuthenticationProviderManager - com.agiletec.aps.******.services.user.AuthenticationProviderManager ready
[DEBUG] 2021-02-02 12:41:29.353 [main] Authenticator - com.agiletec.aps.******.services.controller.control.Authenticator ready
[DEBUG] 2021-02-02 12:41:29.363 [main] RequestAuthorizator - com.agiletec.aps.******.services.controller.control.RequestAuthorizator : initialized
[DEBUG] 2021-02-02 12:41:29.387 [main] ErrorManager - com.agiletec.aps.******.services.controller.control.ErrorManager : initialized
[DEBUG] 2021-02-02 12:41:29.392 [main] ControllerManager - com.agiletec.aps.******.services.controller.ControllerManager: initialized 4 controller services
[DEBUG] 2021-02-02 12:41:29.415 [main] PreviewRequestValidator - org.entando.entando.aps.******.services.controller.preview.control.PreviewRequestValidator ready
[DEBUG] 2021-02-02 12:41:29.468 [main] BaseConfigManager - com.agiletec.aps.******.services.baseconfig.BaseConfigManager ready. Initialized
[INFO ] 2021-02-02 12:41:29.468 [main] PageTokenManager - Successfully created a random page_preview_hash
[DEBUG] 2021-02-02 12:41:29.477 [main] PreviewRequestAuthorizator - org.entando.entando.aps.******.services.controller.preview.control.PreviewRequestAuthorizator : initialized
[DEBUG] 2021-02-02 12:41:29.486 [main] PreviewErrorManager - org.entando.entando.aps.******.services.controller.preview.control.PreviewErrorManager : initialized
[DEBUG] 2021-02-02 12:41:29.773 [main] OAuthConsumerManager - org.entando.entando.aps.******.services.oauth2.OAuthConsumerManager ready
[DEBUG] 2021-02-02 12:41:30.967 [main] CategoryManager - com.agiletec.aps.******.services.category.CategoryManager initialized
[DEBUG] 2021-02-02 12:41:31.501 [main] ApsEntityManager - DataObjectManager : inizializated
[DEBUG] 2021-02-02 12:41:31.679 [main] ApsEntityManager - UserProfileManager : inizializated
[DEBUG] 2021-02-02 12:41:31.790 [main] DataObjectModelManager - org.entando.entando.aps.******.services.dataobjectmodel.DataObjectModelManager ready. Initialized 4 dataObject models
[DEBUG] 2021-02-02 12:41:32.819 [main] I18nManager - com.agiletec.aps.******.services.i18n.I18nManager : initialized 10 labels
[DEBUG] 2021-02-02 12:41:33.742 [main] ApiResourcesDefDOM - Valid api methods definition : file:/home/jenkins/.mvnrepository/org/entando/entando/entando-engine/6.3.20/entando-engine-6.3.20.jar!/api/aps/dataobject/aps/apiMethods.xml
[DEBUG] 2021-02-02 12:41:33.742 [main] ApiResourcesDefDOM - Loading Resources from file : file:/home/jenkins/.mvnrepository/org/entando/entando/entando-engine/6.3.20/entando-engine-6.3.20.jar!/api/aps/dataobject/aps/apiMethods.xml
[DEBUG] 2021-02-02 12:41:33.753 [main] ApiResourceLoader - Loaded Api Resources definition by file file:/home/jenkins/.mvnrepository/org/entando/entando/entando-engine/6.3.20/entando-engine-6.3.20.jar!/api/aps/dataobject/aps/apiMethods.xml
[DEBUG] 2021-02-02 12:41:33.760 [main] ApiResourcesDefDOM - Valid api methods definition : file:/home/jenkins/.mvnrepository/org/entando/entando/entando-engine/6.3.20/entando-engine-6.3.20.jar!/api/aps/apiMethods.xml
[DEBUG] 2021-02-02 12:41:33.760 [main] ApiResourcesDefDOM - Loading Resources from file : file:/home/jenkins/.mvnrepository/org/entando/entando/entando-engine/6.3.20/entando-engine-6.3.20.jar!/api/aps/apiMethods.xml
[DEBUG] 2021-02-02 12:41:33.772 [main] ApiResourceLoader - Loaded Api Resources definition by file file:/home/jenkins/.mvnrepository/org/entando/entando/entando-engine/6.3.20/entando-engine-6.3.20.jar!/api/aps/apiMethods.xml
[DEBUG] 2021-02-02 12:41:33.787 [main] ApiCatalogManager - org.entando.entando.aps.******.services.api.ApiCatalogManager ready.
[DEBUG] 2021-02-02 12:41:34.085 [main] KeyGeneratorManager - com.agiletec.aps.******.services.keygenerator.KeyGeneratorManager ready. : last loaded key 200
[DEBUG] 2021-02-02 12:41:34.147 [main] ActionLogManager - org.entando.entando.aps.******.services.actionlog.ActionLogManager ready
[DEBUG] 2021-02-02 12:41:34.235 [main] SocialActivityStreamManager - org.entando.entando.aps.******.services.activitystream.SocialActivityStreamManager ready
[DEBUG] 2021-02-02 12:41:34.727 [main] DefaultVelocityRenderer - Initializing Velocity, Calling init()...
[DEBUG] 2021-02-02 12:41:34.728 [main] DefaultVelocityRenderer - Starting Apache Velocity v1.7 (compiled: 2010-11-19 12:14:37)
[DEBUG] 2021-02-02 12:41:34.728 [main] DefaultVelocityRenderer - Default Properties File: org/apache/velocity/runtime/defaults/velocity.properties
[DEBUG] 2021-02-02 12:41:34.738 [main] DefaultVelocityRenderer - ResourceLoader instantiated: org.apache.velocity.runtime.resource.loader.FileResourceLoader
[DEBUG] 2021-02-02 12:41:34.739 [main] DefaultVelocityRenderer - Do unicode file recognition:  false
[DEBUG] 2021-02-02 12:41:34.740 [main] DefaultVelocityRenderer - FileResourceLoader : adding path '.'
[DEBUG] 2021-02-02 12:41:34.748 [main] DefaultVelocityRenderer - ResourceCache: initialized (class org.apache.velocity.runtime.resource.ResourceCacheImpl) with class java.util.Collections$SynchronizedMap cache map.
[DEBUG] 2021-02-02 12:41:34.750 [main] DefaultVelocityRenderer - Loaded System Directive: org.apache.velocity.runtime.directive.Stop
[DEBUG] 2021-02-02 12:41:34.752 [main] DefaultVelocityRenderer - Loaded System Directive: org.apache.velocity.runtime.directive.Define
[DEBUG] 2021-02-02 12:41:34.754 [main] DefaultVelocityRenderer - Loaded System Directive: org.apache.velocity.runtime.directive.Break
[DEBUG] 2021-02-02 12:41:34.755 [main] DefaultVelocityRenderer - Loaded System Directive: org.apache.velocity.runtime.directive.Evaluate
[DEBUG] 2021-02-02 12:41:34.756 [main] DefaultVelocityRenderer - Loaded System Directive: org.apache.velocity.runtime.directive.Literal
[DEBUG] 2021-02-02 12:41:34.758 [main] DefaultVelocityRenderer - Loaded System Directive: org.apache.velocity.runtime.directive.Macro
[DEBUG] 2021-02-02 12:41:34.777 [main] DefaultVelocityRenderer - Loaded System Directive: org.apache.velocity.runtime.directive.Parse
[DEBUG] 2021-02-02 12:41:34.785 [main] DefaultVelocityRenderer - Loaded System Directive: org.apache.velocity.runtime.directive.Include
[DEBUG] 2021-02-02 12:41:34.788 [main] DefaultVelocityRenderer - Loaded System Directive: org.apache.velocity.runtime.directive.Foreach
[DEBUG] 2021-02-02 12:41:34.834 [main] DefaultVelocityRenderer - Created '20' parsers.
[DEBUG] 2021-02-02 12:41:34.840 [main] DefaultVelocityRenderer - Velocimacro : "velocimacro.library" is not set.  Trying default library: VM_global_library.vm
[DEBUG] 2021-02-02 12:41:34.840 [main] DefaultVelocityRenderer - Velocimacro : Default library not found.
[DEBUG] 2021-02-02 12:41:34.841 [main] DefaultVelocityRenderer - Velocimacro : allowInline = **** : VMs can be defined inline in templates
[DEBUG] 2021-02-02 12:41:34.841 [main] DefaultVelocityRenderer - Velocimacro : allowInlineToOverride = false : VMs defined inline may NOT replace previous VM definitions
[DEBUG] 2021-02-02 12:41:34.842 [main] DefaultVelocityRenderer - Velocimacro : allowInlineLocal = false : VMs defined inline will be global in scope if allowed.
[DEBUG] 2021-02-02 12:41:34.843 [main] DefaultVelocityRenderer - Velocimacro : autoload off : VM ****** will not automatically reload global library macros
[DEBUG] 2021-02-02 12:41:34.852 [main] DefaultVelocityRenderer - BaseDataObjectRenderer ready.
[DEBUG] 2021-02-02 12:41:35.218 [main] DataObjectPageMapperManager - org.entando.entando.aps.******.services.dataobjectmapper.DataObjectPageMapperManager ready.
[DEBUG] 2021-02-02 12:41:35.228 [main] BaseDataObjectDispenser - org.entando.entando.aps.******.services.dataobjectdispenser.BaseDataObjectDispenser ready
[DEBUG] 2021-02-02 12:41:35.288 [main] SearchEngineDAOFactory - Index Directory: /workspace/source/target/test/indexdir/dataobjects/index
[DEBUG] 2021-02-02 12:41:35.299 [main] SearchEngineDAOFactory - Index Directory created
[DEBUG] 2021-02-02 12:41:35.317 [main] Inde**rDAO - Inde**r: search engine index ok.
[DEBUG] 2021-02-02 12:41:35.331 [main] SearchEngineDAOFactory - Index Directory: /workspace/source/target/test/indexdir/dataobjects/index
[DEBUG] 2021-02-02 12:41:35.497 [main] CacheInfoManager - org.entando.entando.aps.******.services.cache.CacheInfoManager (cache info service initialized) ready
[DEBUG] 2021-02-02 12:41:35.545 [main] BulkCommandManager - org.entando.entando.aps.******.services.command.BulkCommandManager ready
[DEBUG] 2021-02-02 12:41:35.685 [main] DefaultVelocityRenderer - com.agiletec.aps.******.common.renderer.DefaultVelocityRenderer#6eac0029 ready.
[DEBUG] 2021-02-02 12:41:35.822 [main] ShortcutManager - org.entando.entando.aps*****.******.services.shortcut.ShortcutManager ready
[DEBUG] 2021-02-02 12:41:37.359 [main] NotifyManager - Unhandled generic event detected: org.springframework.context.event.ContextRefreshedEvent
[DEBUG] 2021-02-02 12:41:38.465 [main] ComponentDefDOM - Valid Component definition : /workspace/source/target/classes/component/core/portal-ui-component.xml
[DEBUG] 2021-02-02 12:41:38.466 [main] ComponentDefDOM - Loading Component from file : /workspace/source/target/classes/component/core/portal-ui-component.xml
[DEBUG] 2021-02-02 12:41:38.468 [main] ComponentLoader - Component 'entando-portal-ui' loaded
[DEBUG] 2021-02-02 12:41:38.473 [main] ComponentDefDOM - Valid Component definition : file:/home/jenkins/.mvnrepository/org/entando/entando/entando-*****-console/6.3.5/entando-*****-console-6.3.5-classes.jar!/component/core/*****-console-component.xml
[DEBUG] 2021-02-02 12:41:38.473 [main] ComponentDefDOM - Loading Component from file : file:/home/jenkins/.mvnrepository/org/entando/entando/entando-*****-console/6.3.5/entando-*****-console-6.3.5-classes.jar!/component/core/*****-console-component.xml
[DEBUG] 2021-02-02 12:41:38.475 [main] ComponentLoader - Component 'entando-*****-console' loaded
[DEBUG] 2021-02-02 12:41:38.476 [main] ComponentManager - org.entando.entando.aps.******.init.ComponentManager ready.
[DEBUG] 2021-02-02 12:41:38.505 [main] LocalStorageManager - org.entando.entando.aps.******.services.storage.LocalStorageManager ready
[DEBUG] 2021-02-02 12:41:38.661 [main] DatabaseManager - org.entando.entando.aps.******.init.DatabaseManager ready
[INFO ] 2021-02-02 12:41:39.207 [main] DatabaseManager - + [ Component: Core ] :: DATA
|   
[DEBUG] 2021-02-02 12:41:39.207 [main] DatabaseManager - |   ( ok )  Already installed
|   
[INFO ] 2021-02-02 12:41:39.208 [main] DatabaseManager - + [ Component: entando-*****-console ] :: DATA
|   
[DEBUG] 2021-02-02 12:41:39.208 [main] DatabaseManager - |   ( ok )  Already installed_|   
[INFO ] 2021-02-02 12:41:39.209 [main] DatabaseManager - + [ Component: entando-portal-ui ] :: DATA
|   
[DEBUG] 2021-02-02 12:41:39.209 [main] DatabaseManager - |   ( ok )  Already installed_|   
[INFO ] 2021-02-02 12:41:39.210 [main] DatabaseManager - + [ Component: Core ] :: DATA
|   
[DEBUG] 2021-02-02 12:41:39.210 [main] DatabaseManager - |   ( ok )  Already installed. OK_|   
[INFO ] 2021-02-02 12:41:39.210 [main] DatabaseManager - + [ Component: entando-*****-console ] :: DATA
|   
[DEBUG] 2021-02-02 12:41:39.211 [main] DatabaseManager - |   ( ok )  Already installed_|   
[INFO ] 2021-02-02 12:41:39.211 [main] DatabaseManager - + [ Component: entando-portal-ui ] :: DATA
|   
[DEBUG] 2021-02-02 12:41:39.212 [main] DatabaseManager - |   ( ok )  Already installed_|   
[DEBUG] 2021-02-02 12:41:39.212 [main] InitializerManager - org.entando.entando.aps.******.init.InitializerManager: initializated - Check on startup ****
[DEBUG] 2021-02-02 12:41:39.277 [main] BaseConfigManager - com.agiletec.aps.******.services.baseconfig.BaseConfigManager ready. Initialized
[DEBUG] 2021-02-02 12:41:39.308 [main] LangManager - com.agiletec.aps.******.services.lang.LangManager ready: initialized
[DEBUG] 2021-02-02 12:41:39.350 [main] GuiFragmentManager - org.entando.entando.aps.******.services.guifragment.GuiFragmentManager ready.
[DEBUG] 2021-02-02 12:41:39.373 [main] WidgetTypeManager - org.entando.entando.aps.******.services.widgettype.WidgetTypeManager ready. Initialized
[DEBUG] 2021-02-02 12:41:39.403 [main] PageModelManager - com.agiletec.aps.******.services.pagemodel.PageModelManager ready. initialized
[DEBUG] 2021-02-02 12:41:39.583 [main] PageManager - com.agiletec.aps.******.services.page.PageManager ready. : Initialized
[DEBUG] 2021-02-02 12:41:39.633 [main] URLManager - com.agiletec.aps.******.services.url.URLManager ready
[DEBUG] 2021-02-02 12:41:39.650 [main] RequestValidator - com.agiletec.aps.******.services.controller.control.RequestValidator ready
[DEBUG] 2021-02-02 12:41:39.693 [main] UserManager - com.agiletec.aps.******.services.user.UserManager ready
[DEBUG] 2021-02-02 12:41:39.749 [main] GroupManager - com.agiletec.aps.******.services.group.GroupManager ready. Initialized
[DEBUG] 2021-02-02 12:41:39.799 [main] RoleManager - com.agiletec.aps.******.services.role.RoleManager : initialized
[DEBUG] 2021-02-02 12:41:39.828 [main] AuthorizationManager - com.agiletec.aps.******.services.authorization.AuthorizationManager ready
[DEBUG] 2021-02-02 12:41:39.845 [main] ApiOAuth2TokenManager - org.entando.entando.aps.******.services.oauth2.ApiOAuth2TokenManager  initialized 
[DEBUG] 2021-02-02 12:41:39.845 [pool-4-thread-1] ScheduledDeleteExpiredTokenThread - start delete expired access token
[DEBUG] 2021-02-02 12:41:39.848 [pool-4-thread-1] ScheduledDeleteExpiredTokenThread - end delete expired access token
[DEBUG] 2021-02-02 12:41:39.861 [main] AuthenticationProviderManager - com.agiletec.aps.******.services.user.AuthenticationProviderManager ready
[DEBUG] 2021-02-02 12:41:39.870 [main] Authenticator - com.agiletec.aps.******.services.controller.control.Authenticator ready
[DEBUG] 2021-02-02 12:41:39.874 [main] RequestAuthorizator - com.agiletec.aps.******.services.controller.control.RequestAuthorizator : initialized
[DEBUG] 2021-02-02 12:41:39.877 [main] ErrorManager - com.agiletec.aps.******.services.controller.control.ErrorManager : initialized
[DEBUG] 2021-02-02 12:41:39.880 [main] ControllerManager - com.agiletec.aps.******.services.controller.ControllerManager: initialized 4 controller services
[DEBUG] 2021-02-02 12:41:39.901 [main] PreviewRequestValidator - org.entando.entando.aps.******.services.controller.preview.control.PreviewRequestValidator ready
[DEBUG] 2021-02-02 12:41:39.916 [main] PreviewRequestAuthorizator - org.entando.entando.aps.******.services.controller.preview.control.PreviewRequestAuthorizator : initialized
[DEBUG] 2021-02-02 12:41:39.920 [main] PreviewErrorManager - org.entando.entando.aps.******.services.controller.preview.control.PreviewErrorManager : initialized
[DEBUG] 2021-02-02 12:41:40.033 [main] OAuthConsumerManager - org.entando.entando.aps.******.services.oauth2.OAuthConsumerManager ready
[DEBUG] 2021-02-02 12:41:40.804 [main] CategoryManager - com.agiletec.aps.******.services.category.CategoryManager initialized
[DEBUG] 2021-02-02 12:41:40.992 [main] ApsEntityManager - DataObjectManager : inizializated
[DEBUG] 2021-02-02 12:41:41.088 [main] ApsEntityManager - UserProfileManager : inizializated
[DEBUG] 2021-02-02 12:41:41.110 [main] DataObjectModelManager - org.entando.entando.aps.******.services.dataobjectmodel.DataObjectModelManager ready. Initialized 4 dataObject models
[DEBUG] 2021-02-02 12:41:41.512 [main] I18nManager - com.agiletec.aps.******.services.i18n.I18nManager : initialized 10 labels
[DEBUG] 2021-02-02 12:41:42.192 [main] ApiResourcesDefDOM - Valid api methods definition : file:/home/jenkins/.mvnrepository/org/entando/entando/entando-engine/6.3.20/entando-engine-6.3.20.jar!/api/aps/dataobject/aps/apiMethods.xml
[DEBUG] 2021-02-02 12:41:42.192 [main] ApiResourcesDefDOM - Loading Resources from file : file:/home/jenkins/.mvnrepository/org/entando/entando/entando-engine/6.3.20/entando-engine-6.3.20.jar!/api/aps/dataobject/aps/apiMethods.xml
[DEBUG] 2021-02-02 12:41:42.195 [main] ApiResourceLoader - Loaded Api Resources definition by file file:/home/jenkins/.mvnrepository/org/entando/entando/entando-engine/6.3.20/entando-engine-6.3.20.jar!/api/aps/dataobject/aps/apiMethods.xml
[DEBUG] 2021-02-02 12:41:42.199 [main] ApiResourcesDefDOM - Valid api methods definition : file:/home/jenkins/.mvnrepository/org/entando/entando/entando-engine/6.3.20/entando-engine-6.3.20.jar!/api/aps/apiMethods.xml
[DEBUG] 2021-02-02 12:41:42.199 [main] ApiResourcesDefDOM - Loading Resources from file : file:/home/jenkins/.mvnrepository/org/entando/entando/entando-engine/6.3.20/entando-engine-6.3.20.jar!/api/aps/apiMethods.xml
[DEBUG] 2021-02-02 12:41:42.202 [main] ApiResourceLoader - Loaded Api Resources definition by file file:/home/jenkins/.mvnrepository/org/entando/entando/entando-engine/6.3.20/entando-engine-6.3.20.jar!/api/aps/apiMethods.xml
[DEBUG] 2021-02-02 12:41:42.204 [main] ApiCatalogManager - org.entando.entando.aps.******.services.api.ApiCatalogManager ready.
[DEBUG] 2021-02-02 12:41:42.675 [main] KeyGeneratorManager - com.agiletec.aps.******.services.keygenerator.KeyGeneratorManager ready. : last loaded key 200
[DEBUG] 2021-02-02 12:41:42.717 [main] ActionLogManager - org.entando.entando.aps.******.services.actionlog.ActionLogManager ready
[DEBUG] 2021-02-02 12:41:42.751 [main] SocialActivityStreamManager - org.entando.entando.aps.******.services.activitystream.SocialActivityStreamManager ready
[DEBUG] 2021-02-02 12:41:43.125 [main] DefaultVelocityRenderer - BaseDataObjectRenderer ready.
[DEBUG] 2021-02-02 12:41:43.141 [main] DataObjectPageMapperManager - org.entando.entando.aps.******.services.dataobjectmapper.DataObjectPageMapperManager ready.
[DEBUG] 2021-02-02 12:41:43.145 [main] BaseDataObjectDispenser - org.entando.entando.aps.******.services.dataobjectdispenser.BaseDataObjectDispenser ready
[DEBUG] 2021-02-02 12:41:43.164 [main] SearchEngineDAOFactory - Index Directory: /workspace/source/target/test/indexdir/dataobjects/index
[DEBUG] 2021-02-02 12:41:43.164 [main] Inde**rDAO - Inde**r: search engine index ok.
[DEBUG] 2021-02-02 12:41:43.164 [main] SearchEngineDAOFactory - Index Directory: /workspace/source/target/test/indexdir/dataobjects/index
[DEBUG] 2021-02-02 12:41:43.277 [main] CacheInfoManager - org.entando.entando.aps.******.services.cache.CacheInfoManager (cache info service initialized) ready
[DEBUG] 2021-02-02 12:41:43.304 [main] BulkCommandManager - org.entando.entando.aps.******.services.command.BulkCommandManager ready
[DEBUG] 2021-02-02 12:41:43.402 [main] DefaultVelocityRenderer - com.agiletec.aps.******.common.renderer.DefaultVelocityRenderer#6ebc4918 ready.
[DEBUG] 2021-02-02 12:41:43.506 [main] ShortcutManager - org.entando.entando.aps*****.******.services.shortcut.ShortcutManager ready
[DEBUG] 2021-02-02 12:41:43.993 [main] NotifyManager - Unhandled generic event detected: org.springframework.context.event.ContextRefreshedEvent
[DEBUG] 2021-02-02 12:41:44.056 [main] RequestValidator - com.agiletec.aps.******.services.controller.control.RequestValidator invoked
[DEBUG] 2021-02-02 12:41:44.079 [main] NotifyManager - Unhandled generic event detected: org.springframework.context.event.ContextClosedEvent
[INFO] Tests run: 1, Failures: 0, Errors: 0, Skipped: 0, Time elapsed: 33.185 s - in org.entando.entando.aps.******.services.controller.control.TestRequestValidator
[INFO] Running org.entando.entando.aps.******.services.controller.control.TestRequestAuthorizator
[DEBUG] 2021-02-02 12:41:44.714 [main] ComponentDefDOM - Valid Component definition : /workspace/source/target/classes/component/core/portal-ui-component.xml
[DEBUG] 2021-02-02 12:41:44.714 [main] ComponentDefDOM - Loading Component from file : /workspace/source/target/classes/component/core/portal-ui-component.xml
[DEBUG] 2021-02-02 12:41:44.715 [main] ComponentLoader - Component 'entando-portal-ui' loaded
[DEBUG] 2021-02-02 12:41:44.718 [main] ComponentDefDOM - Valid Component definition : file:/home/jenkins/.mvnrepository/org/entando/entando/entando-*****-console/6.3.5/entando-*****-console-6.3.5-classes.jar!/component/core/*****-console-component.xml
[DEBUG] 2021-02-02 12:41:44.718 [main] ComponentDefDOM - Loading Component from file : file:/home/jenkins/.mvnrepository/org/entando/entando/entando-*****-console/6.3.5/entando-*****-console-6.3.5-classes.jar!/component/core/*****-console-component.xml
[DEBUG] 2021-02-02 12:41:44.719 [main] ComponentLoader - Component 'entando-*****-console' loaded
[DEBUG] 2021-02-02 12:41:44.719 [main] ComponentManager - org.entando.entando.aps.******.init.ComponentManager ready.
[DEBUG] 2021-02-02 12:41:44.744 [main] LocalStorageManager - org.entando.entando.aps.******.services.storage.LocalStorageManager ready
[DEBUG] 2021-02-02 12:41:45.113 [main] DatabaseManager - org.entando.entando.aps.******.init.DatabaseManager ready
[INFO ] 2021-02-02 12:41:45.585 [main] DatabaseManager - + [ Component: Core ] :: DATA
|   
[DEBUG] 2021-02-02 12:41:45.586 [main] DatabaseManager - |   ( ok )  Already installed
|   
[INFO ] 2021-02-02 12:41:45.586 [main] DatabaseManager - + [ Component: entando-*****-console ] :: DATA
|   
[DEBUG] 2021-02-02 12:41:45.587 [main] DatabaseManager - |   ( ok )  Already installed_|   
[INFO ] 2021-02-02 12:41:45.587 [main] DatabaseManager - + [ Component: entando-portal-ui ] :: DATA
|   
[DEBUG] 2021-02-02 12:41:45.588 [main] DatabaseManager - |   ( ok )  Already installed_|   
[INFO ] 2021-02-02 12:41:45.589 [main] DatabaseManager - + [ Component: Core ] :: DATA
|   
[DEBUG] 2021-02-02 12:41:45.589 [main] DatabaseManager - |   ( ok )  Already installed. OK_|   
[INFO ] 2021-02-02 12:41:45.589 [main] DatabaseManager - + [ Component: entando-*****-console ] :: DATA
|   
[DEBUG] 2021-02-02 12:41:45.590 [main] DatabaseManager - |   ( ok )  Already installed_|   
[INFO ] 2021-02-02 12:41:45.590 [main] DatabaseManager - + [ Component: entando-portal-ui ] :: DATA
|   
[DEBUG] 2021-02-02 12:41:45.590 [main] DatabaseManager - |   ( ok )  Already installed_|   
[DEBUG] 2021-02-02 12:41:45.591 [main] InitializerManager - org.entando.entando.aps.******.init.InitializerManager: initializated - Check on startup ****
[DEBUG] 2021-02-02 12:41:45.647 [main] BaseConfigManager - com.agiletec.aps.******.services.baseconfig.BaseConfigManager ready. Initialized
[DEBUG] 2021-02-02 12:41:45.671 [main] LangManager - com.agiletec.aps.******.services.lang.LangManager ready: initialized
[DEBUG] 2021-02-02 12:41:45.704 [main] GuiFragmentManager - org.entando.entando.aps.******.services.guifragment.GuiFragmentManager ready.
[DEBUG] 2021-02-02 12:41:45.725 [main] WidgetTypeManager - org.entando.entando.aps.******.services.widgettype.WidgetTypeManager ready. Initialized
[DEBUG] 2021-02-02 12:41:45.757 [main] PageModelManager - com.agiletec.aps.******.services.pagemodel.PageModelManager ready. initialized
[DEBUG] 2021-02-02 12:41:45.897 [main] PageManager - com.agiletec.aps.******.services.page.PageManager ready. : Initialized
[DEBUG] 2021-02-02 12:41:45.957 [main] URLManager - com.agiletec.aps.******.services.url.URLManager ready
[DEBUG] 2021-02-02 12:41:45.973 [main] RequestValidator - com.agiletec.aps.******.services.controller.control.RequestValidator ready
[DEBUG] 2021-02-02 12:41:46.019 [main] UserManager - com.agiletec.aps.******.services.user.UserManager ready
[DEBUG] 2021-02-02 12:41:46.061 [main] GroupManager - com.agiletec.aps.******.services.group.GroupManager ready. Initialized
[DEBUG] 2021-02-02 12:41:46.112 [main] RoleManager - com.agiletec.aps.******.services.role.RoleManager : initialized
[DEBUG] 2021-02-02 12:41:46.131 [main] AuthorizationManager - com.agiletec.aps.******.services.authorization.AuthorizationManager ready
[DEBUG] 2021-02-02 12:41:46.143 [main] ApiOAuth2TokenManager - org.entando.entando.aps.******.services.oauth2.ApiOAuth2TokenManager  initialized 
[DEBUG] 2021-02-02 12:41:46.143 [pool-6-thread-1] ScheduledDeleteExpiredTokenThread - start delete expired access token
[DEBUG] 2021-02-02 12:41:46.147 [pool-6-thread-1] ScheduledDeleteExpiredTokenThread - end delete expired access token
[DEBUG] 2021-02-02 12:41:46.157 [main] AuthenticationProviderManager - com.agiletec.aps.******.services.user.AuthenticationProviderManager ready
[DEBUG] 2021-02-02 12:41:46.165 [main] Authenticator - com.agiletec.aps.******.services.controller.control.Authenticator ready
[DEBUG] 2021-02-02 12:41:46.168 [main] RequestAuthorizator - com.agiletec.aps.******.services.controller.control.RequestAuthorizator : initialized
[DEBUG] 2021-02-02 12:41:46.171 [main] ErrorManager - com.agiletec.aps.******.services.controller.control.ErrorManager : initialized
[DEBUG] 2021-02-02 12:41:46.173 [main] ControllerManager - com.agiletec.aps.******.services.controller.ControllerManager: initialized 4 controller services
[DEBUG] 2021-02-02 12:41:46.188 [main] PreviewRequestValidator - org.entando.entando.aps.******.services.controller.preview.control.PreviewRequestValidator ready
[DEBUG] 2021-02-02 12:41:46.198 [main] PreviewRequestAuthorizator - org.entando.entando.aps.******.services.controller.preview.control.PreviewRequestAuthorizator : initialized
[DEBUG] 2021-02-02 12:41:46.201 [main] PreviewErrorManager - org.entando.entando.aps.******.services.controller.preview.control.PreviewErrorManager : initialized
[DEBUG] 2021-02-02 12:41:46.289 [main] OAuthConsumerManager - org.entando.entando.aps.******.services.oauth2.OAuthConsumerManager ready
[DEBUG] 2021-02-02 12:41:46.898 [main] CategoryManager - com.agiletec.aps.******.services.category.CategoryManager initialized
[DEBUG] 2021-02-02 12:41:47.057 [main] ApsEntityManager - DataObjectManager : inizializated
[DEBUG] 2021-02-02 12:41:47.148 [main] ApsEntityManager - UserProfileManager : inizializated
[DEBUG] 2021-02-02 12:41:47.170 [main] DataObjectModelManager - org.entando.entando.aps.******.services.dataobjectmodel.DataObjectModelManager ready. Initialized 4 dataObject models
[DEBUG] 2021-02-02 12:41:47.552 [main] I18nManager - com.agiletec.aps.******.services.i18n.I18nManager : initialized 10 labels
[DEBUG] 2021-02-02 12:41:48.220 [main] ApiResourcesDefDOM - Valid api methods definition : file:/home/jenkins/.mvnrepository/org/entando/entando/entando-engine/6.3.20/entando-engine-6.3.20.jar!/api/aps/dataobject/aps/apiMethods.xml
[DEBUG] 2021-02-02 12:41:48.221 [main] ApiResourcesDefDOM - Loading Resources from file : file:/home/jenkins/.mvnrepository/org/entando/entando/entando-engine/6.3.20/entando-engine-6.3.20.jar!/api/aps/dataobject/aps/apiMethods.xml
[DEBUG] 2021-02-02 12:41:48.223 [main] ApiResourceLoader - Loaded Api Resources definition by file file:/home/jenkins/.mvnrepository/org/entando/entando/entando-engine/6.3.20/entando-engine-6.3.20.jar!/api/aps/dataobject/aps/apiMethods.xml
[DEBUG] 2021-02-02 12:41:48.226 [main] ApiResourcesDefDOM - Valid api methods definition : file:/home/jenkins/.mvnrepository/org/entando/entando/entando-engine/6.3.20/entando-engine-6.3.20.jar!/api/aps/apiMethods.xml
[DEBUG] 2021-02-02 12:41:48.226 [main] ApiResourcesDefDOM - Loading Resources from file : file:/home/jenkins/.mvnrepository/org/entando/entando/entando-engine/6.3.20/entando-engine-6.3.20.jar!/api/aps/apiMethods.xml
[DEBUG] 2021-02-02 12:41:48.230 [main] ApiResourceLoader - Loaded Api Resources definition by file file:/home/jenkins/.mvnrepository/org/entando/entando/entando-engine/6.3.20/entando-engine-6.3.20.jar!/api/aps/apiMethods.xml
[DEBUG] 2021-02-02 12:41:48.232 [main] ApiCatalogManager - org.entando.entando.aps.******.services.api.ApiCatalogManager ready.
[DEBUG] 2021-02-02 12:41:48.403 [main] KeyGeneratorManager - com.agiletec.aps.******.services.keygenerator.KeyGeneratorManager ready. : last loaded key 200
[DEBUG] 2021-02-02 12:41:48.438 [main] ActionLogManager - org.entando.entando.aps.******.services.actionlog.ActionLogManager ready
[DEBUG] 2021-02-02 12:41:48.470 [main] SocialActivityStreamManager - org.entando.entando.aps.******.services.activitystream.SocialActivityStreamManager ready
[DEBUG] 2021-02-02 12:41:48.761 [main] DefaultVelocityRenderer - BaseDataObjectRenderer ready.
[DEBUG] 2021-02-02 12:41:48.774 [main] DataObjectPageMapperManager - org.entando.entando.aps.******.services.dataobjectmapper.DataObjectPageMapperManager ready.
[DEBUG] 2021-02-02 12:41:48.778 [main] BaseDataObjectDispenser - org.entando.entando.aps.******.services.dataobjectdispenser.BaseDataObjectDispenser ready
[DEBUG] 2021-02-02 12:41:48.795 [main] SearchEngineDAOFactory - Index Directory: /workspace/source/target/test/indexdir/dataobjects/index
[DEBUG] 2021-02-02 12:41:48.796 [main] Inde**rDAO - Inde**r: search engine index ok.
[DEBUG] 2021-02-02 12:41:48.796 [main] SearchEngineDAOFactory - Index Directory: /workspace/source/target/test/indexdir/dataobjects/index
[DEBUG] 2021-02-02 12:41:49.057 [main] CacheInfoManager - org.entando.entando.aps.******.services.cache.CacheInfoManager (cache info service initialized) ready
[DEBUG] 2021-02-02 12:41:49.100 [main] BulkCommandManager - org.entando.entando.aps.******.services.command.BulkCommandManager ready
[DEBUG] 2021-02-02 12:41:49.189 [main] DefaultVelocityRenderer - com.agiletec.aps.******.common.renderer.DefaultVelocityRenderer#a3bb9e3 ready.
[DEBUG] 2021-02-02 12:41:49.279 [main] ShortcutManager - org.entando.entando.aps*****.******.services.shortcut.ShortcutManager ready
[DEBUG] 2021-02-02 12:41:49.717 [main] NotifyManager - Unhandled generic event detected: org.springframework.context.event.ContextRefreshedEvent
[DEBUG] 2021-02-02 12:41:50.370 [main] ComponentDefDOM - Valid Component definition : /workspace/source/target/classes/component/core/portal-ui-component.xml
[DEBUG] 2021-02-02 12:41:50.370 [main] ComponentDefDOM - Loading Component from file : /workspace/source/target/classes/component/core/portal-ui-component.xml
[DEBUG] 2021-02-02 12:41:50.371 [main] ComponentLoader - Component 'entando-portal-ui' loaded
[DEBUG] 2021-02-02 12:41:50.373 [main] ComponentDefDOM - Valid Component definition : file:/home/jenkins/.mvnrepository/org/entando/entando/entando-*****-console/6.3.5/entando-*****-console-6.3.5-classes.jar!/component/core/*****-console-component.xml
[DEBUG] 2021-02-02 12:41:50.374 [main] ComponentDefDOM - Loading Component from file : file:/home/jenkins/.mvnrepository/org/entando/entando/entando-*****-console/6.3.5/entando-*****-console-6.3.5-classes.jar!/component/core/*****-console-component.xml
[DEBUG] 2021-02-02 12:41:50.375 [main] ComponentLoader - Component 'entando-*****-console' loaded
[DEBUG] 2021-02-02 12:41:50.375 [main] ComponentManager - org.entando.entando.aps.******.init.ComponentManager ready.
[DEBUG] 2021-02-02 12:41:50.393 [main] LocalStorageManager - org.entando.entando.aps.******.services.storage.LocalStorageManager ready
[DEBUG] 2021-02-02 12:41:50.541 [main] DatabaseManager - org.entando.entando.aps.******.init.DatabaseManager ready
[INFO ] 2021-02-02 12:41:51.259 [main] DatabaseManager - + [ Component: Core ] :: DATA
|   
[DEBUG] 2021-02-02 12:41:51.259 [main] DatabaseManager - |   ( ok )  Already installed
|   
[INFO ] 2021-02-02 12:41:51.259 [main] DatabaseManager - + [ Component: entando-*****-console ] :: DATA
|   
[DEBUG] 2021-02-02 12:41:51.260 [main] DatabaseManager - |   ( ok )  Already installed_|   
[INFO ] 2021-02-02 12:41:51.260 [main] DatabaseManager - + [ Component: entando-portal-ui ] :: DATA
|   
[DEBUG] 2021-02-02 12:41:51.260 [main] DatabaseManager - |   ( ok )  Already installed_|   
[INFO ] 2021-02-02 12:41:51.260 [main] DatabaseManager - + [ Component: Core ] :: DATA
|   
[DEBUG] 2021-02-02 12:41:51.260 [main] DatabaseManager - |   ( ok )  Already installed. OK_|   
[INFO ] 2021-02-02 12:41:51.260 [main] DatabaseManager - + [ Component: entando-*****-console ] :: DATA
|   
[DEBUG] 2021-02-02 12:41:51.261 [main] DatabaseManager - |   ( ok )  Already installed_|   
[INFO ] 2021-02-02 12:41:51.261 [main] DatabaseManager - + [ Component: entando-portal-ui ] :: DATA
|   
[DEBUG] 2021-02-02 12:41:51.261 [main] DatabaseManager - |   ( ok )  Already installed_|   
[DEBUG] 2021-02-02 12:41:51.261 [main] InitializerManager - org.entando.entando.aps.******.init.InitializerManager: initializated - Check on startup ****
[DEBUG] 2021-02-02 12:41:51.317 [main] BaseConfigManager - com.agiletec.aps.******.services.baseconfig.BaseConfigManager ready. Initialized
[DEBUG] 2021-02-02 12:41:51.358 [main] LangManager - com.agiletec.aps.******.services.lang.LangManager ready: initialized
[DEBUG] 2021-02-02 12:41:51.393 [main] GuiFragmentManager - org.entando.entando.aps.******.services.guifragment.GuiFragmentManager ready.
[DEBUG] 2021-02-02 12:41:51.415 [main] WidgetTypeManager - org.entando.entando.aps.******.services.widgettype.WidgetTypeManager ready. Initialized
[DEBUG] 2021-02-02 12:41:51.447 [main] PageModelManager - com.agiletec.aps.******.services.pagemodel.PageModelManager ready. initialized
[DEBUG] 2021-02-02 12:41:51.611 [main] PageManager - com.agiletec.aps.******.services.page.PageManager ready. : Initialized
[DEBUG] 2021-02-02 12:41:51.679 [main] URLManager - com.agiletec.aps.******.services.url.URLManager ready
[DEBUG] 2021-02-02 12:41:51.691 [main] RequestValidator - com.agiletec.aps.******.services.controller.control.RequestValidator ready
[DEBUG] 2021-02-02 12:41:51.726 [main] UserManager - com.agiletec.aps.******.services.user.UserManager ready
[DEBUG] 2021-02-02 12:41:51.758 [main] GroupManager - com.agiletec.aps.******.services.group.GroupManager ready. Initialized
[DEBUG] 2021-02-02 12:41:51.781 [main] RoleManager - com.agiletec.aps.******.services.role.RoleManager : initialized
[DEBUG] 2021-02-02 12:41:51.798 [main] AuthorizationManager - com.agiletec.aps.******.services.authorization.AuthorizationManager ready
[DEBUG] 2021-02-02 12:41:51.809 [main] ApiOAuth2TokenManager - org.entando.entando.aps.******.services.oauth2.ApiOAuth2TokenManager  initialized 
[DEBUG] 2021-02-02 12:41:51.809 [pool-8-thread-1] ScheduledDeleteExpiredTokenThread - start delete expired access token
[DEBUG] 2021-02-02 12:41:51.811 [pool-8-thread-1] ScheduledDeleteExpiredTokenThread - end delete expired access token
[DEBUG] 2021-02-02 12:41:51.820 [main] AuthenticationProviderManager - com.agiletec.aps.******.services.user.AuthenticationProviderManager ready
[DEBUG] 2021-02-02 12:41:51.827 [main] Authenticator - com.agiletec.aps.******.services.controller.control.Authenticator ready
[DEBUG] 2021-02-02 12:41:51.830 [main] RequestAuthorizator - com.agiletec.aps.******.services.controller.control.RequestAuthorizator : initialized
[DEBUG] 2021-02-02 12:41:51.832 [main] ErrorManager - com.agiletec.aps.******.services.controller.control.ErrorManager : initialized
[DEBUG] 2021-02-02 12:41:51.834 [main] ControllerManager - com.agiletec.aps.******.services.controller.ControllerManager: initialized 4 controller services
[DEBUG] 2021-02-02 12:41:51.848 [main] PreviewRequestValidator - org.entando.entando.aps.******.services.controller.preview.control.PreviewRequestValidator ready
[DEBUG] 2021-02-02 12:41:51.858 [main] PreviewRequestAuthorizator - org.entando.entando.aps.******.services.controller.preview.control.PreviewRequestAuthorizator : initialized
[DEBUG] 2021-02-02 12:41:51.861 [main] PreviewErrorManager - org.entando.entando.aps.******.services.controller.preview.control.PreviewErrorManager : initialized
[DEBUG] 2021-02-02 12:41:51.943 [main] OAuthConsumerManager - org.entando.entando.aps.******.services.oauth2.OAuthConsumerManager ready
[DEBUG] 2021-02-02 12:41:52.466 [main] CategoryManager - com.agiletec.aps.******.services.category.CategoryManager initialized
[DEBUG] 2021-02-02 12:41:52.612 [main] ApsEntityManager - DataObjectManager : inizializated
[DEBUG] 2021-02-02 12:41:52.707 [main] ApsEntityManager - UserProfileManager : inizializated
[DEBUG] 2021-02-02 12:41:52.729 [main] DataObjectModelManager - org.entando.entando.aps.******.services.dataobjectmodel.DataObjectModelManager ready. Initialized 4 dataObject models
[DEBUG] 2021-02-02 12:41:53.119 [main] I18nManager - com.agiletec.aps.******.services.i18n.I18nManager : initialized 10 labels
[DEBUG] 2021-02-02 12:41:53.849 [main] ApiResourcesDefDOM - Valid api methods definition : file:/home/jenkins/.mvnrepository/org/entando/entando/entando-engine/6.3.20/entando-engine-6.3.20.jar!/api/aps/dataobject/aps/apiMethods.xml
[DEBUG] 2021-02-02 12:41:53.849 [main] ApiResourcesDefDOM - Loading Resources from file : file:/home/jenkins/.mvnrepository/org/entando/entando/entando-engine/6.3.20/entando-engine-6.3.20.jar!/api/aps/dataobject/aps/apiMethods.xml
[DEBUG] 2021-02-02 12:41:53.851 [main] ApiResourceLoader - Loaded Api Resources definition by file file:/home/jenkins/.mvnrepository/org/entando/entando/entando-engine/6.3.20/entando-engine-6.3.20.jar!/api/aps/dataobject/aps/apiMethods.xml
[DEBUG] 2021-02-02 12:41:53.855 [main] ApiResourcesDefDOM - Valid api methods definition : file:/home/jenkins/.mvnrepository/org/entando/entando/entando-engine/6.3.20/entando-engine-6.3.20.jar!/api/aps/apiMethods.xml
[DEBUG] 2021-02-02 12:41:53.855 [main] ApiResourcesDefDOM - Loading Resources from file : file:/home/jenkins/.mvnrepository/org/entando/entando/entando-engine/6.3.20/entando-engine-6.3.20.jar!/api/aps/apiMethods.xml
[DEBUG] 2021-02-02 12:41:53.858 [main] ApiResourceLoader - Loaded Api Resources definition by file file:/home/jenkins/.mvnrepository/org/entando/entando/entando-engine/6.3.20/entando-engine-6.3.20.jar!/api/aps/apiMethods.xml
[DEBUG] 2021-02-02 12:41:53.859 [main] ApiCatalogManager - org.entando.entando.aps.******.services.api.ApiCatalogManager ready.
[DEBUG] 2021-02-02 12:41:54.022 [main] KeyGeneratorManager - com.agiletec.aps.******.services.keygenerator.KeyGeneratorManager ready. : last loaded key 200
[DEBUG] 2021-02-02 12:41:54.055 [main] ActionLogManager - org.entando.entando.aps.******.services.actionlog.ActionLogManager ready
[DEBUG] 2021-02-02 12:41:54.082 [main] SocialActivityStreamManager - org.entando.entando.aps.******.services.activitystream.SocialActivityStreamManager ready
[DEBUG] 2021-02-02 12:41:54.551 [main] DefaultVelocityRenderer - BaseDataObjectRenderer ready.
[DEBUG] 2021-02-02 12:41:54.565 [main] DataObjectPageMapperManager - org.entando.entando.aps.******.services.dataobjectmapper.DataObjectPageMapperManager ready.
[DEBUG] 2021-02-02 12:41:54.569 [main] BaseDataObjectDispenser - org.entando.entando.aps.******.services.dataobjectdispenser.BaseDataObjectDispenser ready
[DEBUG] 2021-02-02 12:41:54.590 [main] SearchEngineDAOFactory - Index Directory: /workspace/source/target/test/indexdir/dataobjects/index
[DEBUG] 2021-02-02 12:41:54.590 [main] Inde**rDAO - Inde**r: search engine index ok.
[DEBUG] 2021-02-02 12:41:54.591 [main] SearchEngineDAOFactory - Index Directory: /workspace/source/target/test/indexdir/dataobjects/index
[DEBUG] 2021-02-02 12:41:54.697 [main] CacheInfoManager - org.entando.entando.aps.******.services.cache.CacheInfoManager (cache info service initialized) ready
[DEBUG] 2021-02-02 12:41:54.726 [main] BulkCommandManager - org.entando.entando.aps.******.services.command.BulkCommandManager ready
[DEBUG] 2021-02-02 12:41:54.807 [main] DefaultVelocityRenderer - com.agiletec.aps.******.common.renderer.DefaultVelocityRenderer#3ad57eeb ready.
[DEBUG] 2021-02-02 12:41:54.886 [main] ShortcutManager - org.entando.entando.aps*****.******.services.shortcut.ShortcutManager ready
[DEBUG] 2021-02-02 12:41:55.357 [main] NotifyManager - Unhandled generic event detected: org.springframework.context.event.ContextRefreshedEvent
[DEBUG] 2021-02-02 12:41:55.360 [main] RequestAuthorizator - Invoked: com.agiletec.aps.******.services.controller.control.RequestAuthorizator
[DEBUG] 2021-02-02 12:41:55.361 [main] AbstractControlService - Redirecting to http://www.entando.com/Entando/it/login.page?returnUrl=http%253A%252F%252Fwww.entando.com%252FEntando%252Fit%252Fcustomers_page.page&redirectflag=1
[DEBUG] 2021-02-02 12:41:55.364 [main] RequestAuthorizator - Invoked: com.agiletec.aps.******.services.controller.control.RequestAuthorizator
[ERROR] 2021-02-02 12:41:55.364 [main] RequestAuthorizator - Error while processing the request
com.agiletec.aps.******.exception.ApsSystemException: no user on session
	at com.agiletec.aps.******.services.controller.control.RequestAuthorizator.service(RequestAuthorizator.java:73) ~[classes/:?]
	at org.entando.entando.aps.******.services.controller.control.TestRequestAuthorizator.testServiceFailure_2(TestRequestAuthorizator.java:83) ~[test-classes/:?]
	at jdk.internal.reflect.NativeMethodAccessorImpl.invoke0(Native Method) ~[?:?]
	at jdk.internal.reflect.NativeMethodAccessorImpl.invoke(NativeMethodAccessorImpl.java:62) ~[?:?]
	at jdk.internal.reflect.DelegatingMethodAccessorImpl.invoke(DelegatingMethodAccessorImpl.java:43) ~[?:?]
	at java.lang.reflect.Method.invoke(Method.java:566) ~[?:?]
	at org.junit.platform.commons.util.ReflectionUtils.invokeMethod(ReflectionUtils.java:688) ~[junit-platform-commons-1.7.0.jar:1.7.0]
	at org.junit.jupiter.engine.e**cution.MethodInvocation.proceed(MethodInvocation.java:60) ~[junit-jupiter-engine-5.7.0.jar:5.7.0]
	at org.junit.jupiter.engine.e**cution.InvocationInterceptorChain$ValidatingInvocation.proceed(InvocationInterceptorChain.java:131) ~[junit-jupiter-engine-5.7.0.jar:5.7.0]
	at org.junit.jupiter.engine.extension.TimeoutExtension.intercept(TimeoutExtension.java:149) ~[junit-jupiter-engine-5.7.0.jar:5.7.0]
	at org.junit.jupiter.engine.extension.TimeoutExtension.interceptTestableMethod(TimeoutExtension.java:140) ~[junit-jupiter-engine-5.7.0.jar:5.7.0]
	at org.junit.jupiter.engine.extension.TimeoutExtension.interceptTestMethod(TimeoutExtension.java:84) ~[junit-jupiter-engine-5.7.0.jar:5.7.0]
	at org.junit.jupiter.engine.e**cution.E**cutableInvoker$ReflectiveInterceptorCall.lambda$ofVoidMethod$0(E**cutableInvoker.java:115) ~[junit-jupiter-engine-5.7.0.jar:5.7.0]
	at org.junit.jupiter.engine.e**cution.E**cutableInvoker.lambda$invoke$0(E**cutableInvoker.java:105) ~[junit-jupiter-engine-5.7.0.jar:5.7.0]
	at org.junit.jupiter.engine.e**cution.InvocationInterceptorChain$InterceptedInvocation.proceed(InvocationInterceptorChain.java:106) ~[junit-jupiter-engine-5.7.0.jar:5.7.0]
	at org.junit.jupiter.engine.e**cution.InvocationInterceptorChain.proceed(InvocationInterceptorChain.java:64) ~[junit-jupiter-engine-5.7.0.jar:5.7.0]
	at org.junit.jupiter.engine.e**cution.InvocationInterceptorChain.chainAndInvoke(InvocationInterceptorChain.java:45) ~[junit-jupiter-engine-5.7.0.jar:5.7.0]
	at org.junit.jupiter.engine.e**cution.InvocationInterceptorChain.invoke(InvocationInterceptorChain.java:37) ~[junit-jupiter-engine-5.7.0.jar:5.7.0]
	at org.junit.jupiter.engine.e**cution.E**cutableInvoker.invoke(E**cutableInvoker.java:104) ~[junit-jupiter-engine-5.7.0.jar:5.7.0]
	at org.junit.jupiter.engine.e**cution.E**cutableInvoker.invoke(E**cutableInvoker.java:98) ~[junit-jupiter-engine-5.7.0.jar:5.7.0]
	at org.junit.jupiter.engine.descriptor.TestMethodTestDescriptor.lambda$invokeTestMethod$6(TestMethodTestDescriptor.java:210) ~[junit-jupiter-engine-5.7.0.jar:5.7.0]
	at org.junit.platform.engine.support.hierarchical.ThrowableCollector.e**cute(ThrowableCollector.java:73) ~[junit-platform-engine-1.7.0.jar:1.7.0]
	at org.junit.jupiter.engine.descriptor.TestMethodTestDescriptor.invokeTestMethod(TestMethodTestDescriptor.java:206) ~[junit-jupiter-engine-5.7.0.jar:5.7.0]
	at org.junit.jupiter.engine.descriptor.TestMethodTestDescriptor.e**cute(TestMethodTestDescriptor.java:131) ~[junit-jupiter-engine-5.7.0.jar:5.7.0]
	at org.junit.jupiter.engine.descriptor.TestMethodTestDescriptor.e**cute(TestMethodTestDescriptor.java:65) ~[junit-jupiter-engine-5.7.0.jar:5.7.0]
	at org.junit.platform.engine.support.hierarchical.NodeTestTask.lambda$e**cuteRecursively$5(NodeTestTask.java:139) ~[junit-platform-engine-1.7.0.jar:1.7.0]
	at org.junit.platform.engine.support.hierarchical.ThrowableCollector.e**cute(ThrowableCollector.java:73) ~[junit-platform-engine-1.7.0.jar:1.7.0]
	at org.junit.platform.engine.support.hierarchical.NodeTestTask.lambda$e**cuteRecursively$7(NodeTestTask.java:129) ~[junit-platform-engine-1.7.0.jar:1.7.0]
	at org.junit.platform.engine.support.hierarchical.Node.around(Node.java:137) ~[junit-platform-engine-1.7.0.jar:1.7.0]
	at org.junit.platform.engine.support.hierarchical.NodeTestTask.lambda$e**cuteRecursively$8(NodeTestTask.java:127) ~[junit-platform-engine-1.7.0.jar:1.7.0]
	at org.junit.platform.engine.support.hierarchical.ThrowableCollector.e**cute(ThrowableCollector.java:73) ~[junit-platform-engine-1.7.0.jar:1.7.0]
	at org.junit.platform.engine.support.hierarchical.NodeTestTask.e**cuteRecursively(NodeTestTask.java:126) ~[junit-platform-engine-1.7.0.jar:1.7.0]
	at org.junit.platform.engine.support.hierarchical.NodeTestTask.e**cute(NodeTestTask.java:84) ~[junit-platform-engine-1.7.0.jar:1.7.0]
	at java.util.ArrayList.forEach(ArrayList.java:1540) ~[?:?]
	at org.junit.platform.engine.support.hierarchical.SameThreadHierarchicalTestE**cutorService.invokeAll(SameThreadHierarchicalTestE**cutorService.java:38) ~[junit-platform-engine-1.7.0.jar:1.7.0]
	at org.junit.platform.engine.support.hierarchical.NodeTestTask.lambda$e**cuteRecursively$5(NodeTestTask.java:143) ~[junit-platform-engine-1.7.0.jar:1.7.0]
	at org.junit.platform.engine.support.hierarchical.ThrowableCollector.e**cute(ThrowableCollector.java:73) ~[junit-platform-engine-1.7.0.jar:1.7.0]
	at org.junit.platform.engine.support.hierarchical.NodeTestTask.lambda$e**cuteRecursively$7(NodeTestTask.java:129) ~[junit-platform-engine-1.7.0.jar:1.7.0]
	at org.junit.platform.engine.support.hierarchical.Node.around(Node.java:137) ~[junit-platform-engine-1.7.0.jar:1.7.0]
	at org.junit.platform.engine.support.hierarchical.NodeTestTask.lambda$e**cuteRecursively$8(NodeTestTask.java:127) ~[junit-platform-engine-1.7.0.jar:1.7.0]
	at org.junit.platform.engine.support.hierarchical.ThrowableCollector.e**cute(ThrowableCollector.java:73) ~[junit-platform-engine-1.7.0.jar:1.7.0]
	at org.junit.platform.engine.support.hierarchical.NodeTestTask.e**cuteRecursively(NodeTestTask.java:126) ~[junit-platform-engine-1.7.0.jar:1.7.0]
	at org.junit.platform.engine.support.hierarchical.NodeTestTask.e**cute(NodeTestTask.java:84) ~[junit-platform-engine-1.7.0.jar:1.7.0]
	at java.util.ArrayList.forEach(ArrayList.java:1540) ~[?:?]
	at org.junit.platform.engine.support.hierarchical.SameThreadHierarchicalTestE**cutorService.invokeAll(SameThreadHierarchicalTestE**cutorService.java:38) ~[junit-platform-engine-1.7.0.jar:1.7.0]
	at org.junit.platform.engine.support.hierarchical.NodeTestTask.lambda$e**cuteRecursively$5(NodeTestTask.java:143) ~[junit-platform-engine-1.7.0.jar:1.7.0]
	at org.junit.platform.engine.support.hierarchical.ThrowableCollector.e**cute(ThrowableCollector.java:73) ~[junit-platform-engine-1.7.0.jar:1.7.0]
	at org.junit.platform.engine.support.hierarchical.NodeTestTask.lambda$e**cuteRecursively$7(NodeTestTask.java:129) ~[junit-platform-engine-1.7.0.jar:1.7.0]
	at org.junit.platform.engine.support.hierarchical.Node.around(Node.java:137) ~[junit-platform-engine-1.7.0.jar:1.7.0]
	at org.junit.platform.engine.support.hierarchical.NodeTestTask.lambda$e**cuteRecursively$8(NodeTestTask.java:127) ~[junit-platform-engine-1.7.0.jar:1.7.0]
	at org.junit.platform.engine.support.hierarchical.ThrowableCollector.e**cute(ThrowableCollector.java:73) ~[junit-platform-engine-1.7.0.jar:1.7.0]
	at org.junit.platform.engine.support.hierarchical.NodeTestTask.e**cuteRecursively(NodeTestTask.java:126) ~[junit-platform-engine-1.7.0.jar:1.7.0]
	at org.junit.platform.engine.support.hierarchical.NodeTestTask.e**cute(NodeTestTask.java:84) ~[junit-platform-engine-1.7.0.jar:1.7.0]
	at org.junit.platform.engine.support.hierarchical.SameThreadHierarchicalTestE**cutorService.submit(SameThreadHierarchicalTestE**cutorService.java:32) ~[junit-platform-engine-1.7.0.jar:1.7.0]
	at org.junit.platform.engine.support.hierarchical.HierarchicalTestE**cutor.e**cute(HierarchicalTestE**cutor.java:57) ~[junit-platform-engine-1.7.0.jar:1.7.0]
	at org.junit.platform.engine.support.hierarchical.HierarchicalTestEngine.e**cute(HierarchicalTestEngine.java:51) ~[junit-platform-engine-1.7.0.jar:1.7.0]
	at org.junit.platform.launcher.core.DefaultLauncher.e**cute(DefaultLauncher.java:220) ~[junit-platform-launcher-1.3.1.jar:1.3.1]
	at org.junit.platform.launcher.core.DefaultLauncher.lambda$e**cute$6(DefaultLauncher.java:188) ~[junit-platform-launcher-1.3.1.jar:1.3.1]
	at org.junit.platform.launcher.core.DefaultLauncher.withInterceptedStreams(DefaultLauncher.java:202) [junit-platform-launcher-1.3.1.jar:1.3.1]
	at org.junit.platform.launcher.core.DefaultLauncher.e**cute(DefaultLauncher.java:181) [junit-platform-launcher-1.3.1.jar:1.3.1]
	at org.junit.platform.launcher.core.DefaultLauncher.e**cute(DefaultLauncher.java:128) [junit-platform-launcher-1.3.1.jar:1.3.1]
	at org.apache.maven.surefire.junitplatform.JUnitPlatformProvider.invokeAllTests(JUnitPlatformProvider.java:142) [surefire-junit-platform-3.0.0-M1.jar:3.0.0-M1]
	at org.apache.maven.surefire.junitplatform.JUnitPlatformProvider.invoke(JUnitPlatformProvider.java:117) [surefire-junit-platform-3.0.0-M1.jar:3.0.0-M1]
	at org.apache.maven.surefire.booter.ForkedBooter.invokeProviderInSameClassLoader(ForkedBooter.java:384) [surefire-booter-3.0.0-M1.jar:3.0.0-M1]
	at org.apache.maven.surefire.booter.ForkedBooter.runSuitesInProcess(ForkedBooter.java:345) [surefire-booter-3.0.0-M1.jar:3.0.0-M1]
	at org.apache.maven.surefire.booter.ForkedBooter.e**cute(ForkedBooter.java:126) [surefire-booter-3.0.0-M1.jar:3.0.0-M1]
	at org.apache.maven.surefire.booter.ForkedBooter.main(ForkedBooter.java:418) [surefire-booter-3.0.0-M1.jar:3.0.0-M1]
[DEBUG] 2021-02-02 12:41:55.384 [main] RequestAuthorizator - Invoked: com.agiletec.aps.******.services.controller.control.RequestAuthorizator
[DEBUG] 2021-02-02 12:41:55.624 [main] BooleanConverter - Setting default value: false
[DEBUG] 2021-02-02 12:41:55.625 [main] BooleanConverter - Converting 'Boolean' value 'false' to type 'Boolean'
[DEBUG] 2021-02-02 12:41:55.625 [main] BooleanConverter -     No conversion required, value is already a Boolean
[DEBUG] 2021-02-02 12:41:55.628 [main] ByteConverter - Setting default value: 0
[DEBUG] 2021-02-02 12:41:55.628 [main] ByteConverter - Converting 'Integer' value '0' to type 'Byte'
[DEBUG] 2021-02-02 12:41:55.628 [main] ByteConverter -     Converted to Byte value '0'
[DEBUG] 2021-02-02 12:41:55.629 [main] CharacterConverter - Setting default value:  
[DEBUG] 2021-02-02 12:41:55.629 [main] CharacterConverter - Converting 'Character' value ' ' to type 'Character'
[DEBUG] 2021-02-02 12:41:55.629 [main] CharacterConverter -     No conversion required, value is already a Character
[DEBUG] 2021-02-02 12:41:55.629 [main] DoubleConverter - Setting default value: 0
[DEBUG] 2021-02-02 12:41:55.629 [main] DoubleConverter - Converting 'Integer' value '0' to type 'Double'
[DEBUG] 2021-02-02 12:41:55.629 [main] DoubleConverter -     Converted to Double value '0.0'
[DEBUG] 2021-02-02 12:41:55.630 [main] FloatConverter - Setting default value: 0
[DEBUG] 2021-02-02 12:41:55.630 [main] FloatConverter - Converting 'Integer' value '0' to type 'Float'
[DEBUG] 2021-02-02 12:41:55.630 [main] FloatConverter -     Converted to Float value '0.0'
[DEBUG] 2021-02-02 12:41:55.631 [main] IntegerConverter - Setting default value: 0
[DEBUG] 2021-02-02 12:41:55.631 [main] IntegerConverter - Converting 'Integer' value '0' to type 'Integer'
[DEBUG] 2021-02-02 12:41:55.631 [main] IntegerConverter -     No conversion required, value is already a Integer
[DEBUG] 2021-02-02 12:41:55.632 [main] LongConverter - Setting default value: 0
[DEBUG] 2021-02-02 12:41:55.632 [main] LongConverter - Converting 'Integer' value '0' to type 'Long'
[DEBUG] 2021-02-02 12:41:55.632 [main] LongConverter -     Converted to Long value '0'
[DEBUG] 2021-02-02 12:41:55.633 [main] ShortConverter - Setting default value: 0
[DEBUG] 2021-02-02 12:41:55.633 [main] ShortConverter - Converting 'Integer' value '0' to type 'Short'
[DEBUG] 2021-02-02 12:41:55.633 [main] ShortConverter -     Converted to Short value '0'
[DEBUG] 2021-02-02 12:41:55.634 [main] BigDecimalConverter - Setting default value: 0.0
[DEBUG] 2021-02-02 12:41:55.635 [main] BigDecimalConverter - Converting 'BigDecimal' value '0.0' to type 'BigDecimal'
[DEBUG] 2021-02-02 12:41:55.635 [main] BigDecimalConverter -     No conversion required, value is already a BigDecimal
[DEBUG] 2021-02-02 12:41:55.635 [main] BigIntegerConverter - Setting default value: 0
[DEBUG] 2021-02-02 12:41:55.635 [main] BigIntegerConverter - Converting 'BigInteger' value '0' to type 'BigInteger'
[DEBUG] 2021-02-02 12:41:55.635 [main] BigIntegerConverter -     No conversion required, value is already a BigInteger
[DEBUG] 2021-02-02 12:41:55.636 [main] BooleanConverter - Setting default value: false
[DEBUG] 2021-02-02 12:41:55.636 [main] BooleanConverter - Converting 'Boolean' value 'false' to type 'Boolean'
[DEBUG] 2021-02-02 12:41:55.636 [main] BooleanConverter -     No conversion required, value is already a Boolean
[DEBUG] 2021-02-02 12:41:55.636 [main] ByteConverter - Setting default value: 0
[DEBUG] 2021-02-02 12:41:55.636 [main] ByteConverter - Converting 'Integer' value '0' to type 'Byte'
[DEBUG] 2021-02-02 12:41:55.636 [main] ByteConverter -     Converted to Byte value '0'
[DEBUG] 2021-02-02 12:41:55.636 [main] CharacterConverter - Setting default value:  
[DEBUG] 2021-02-02 12:41:55.636 [main] CharacterConverter - Converting 'Character' value ' ' to type 'Character'
[DEBUG] 2021-02-02 12:41:55.636 [main] CharacterConverter -     No conversion required, value is already a Character
[DEBUG] 2021-02-02 12:41:55.637 [main] DoubleConverter - Setting default value: 0
[DEBUG] 2021-02-02 12:41:55.637 [main] DoubleConverter - Converting 'Integer' value '0' to type 'Double'
[DEBUG] 2021-02-02 12:41:55.637 [main] DoubleConverter -     Converted to Double value '0.0'
[DEBUG] 2021-02-02 12:41:55.637 [main] FloatConverter - Setting default value: 0
[DEBUG] 2021-02-02 12:41:55.637 [main] FloatConverter - Converting 'Integer' value '0' to type 'Float'
[DEBUG] 2021-02-02 12:41:55.638 [main] FloatConverter -     Converted to Float value '0.0'
[DEBUG] 2021-02-02 12:41:55.638 [main] IntegerConverter - Setting default value: 0
[DEBUG] 2021-02-02 12:41:55.638 [main] IntegerConverter - Converting 'Integer' value '0' to type 'Integer'
[DEBUG] 2021-02-02 12:41:55.638 [main] IntegerConverter -     No conversion required, value is already a Integer
[DEBUG] 2021-02-02 12:41:55.638 [main] LongConverter - Setting default value: 0
[DEBUG] 2021-02-02 12:41:55.638 [main] LongConverter - Converting 'Integer' value '0' to type 'Long'
[DEBUG] 2021-02-02 12:41:55.638 [main] LongConverter -     Converted to Long value '0'
[DEBUG] 2021-02-02 12:41:55.638 [main] ShortConverter - Setting default value: 0
[DEBUG] 2021-02-02 12:41:55.638 [main] ShortConverter - Converting 'Integer' value '0' to type 'Short'
[DEBUG] 2021-02-02 12:41:55.638 [main] ShortConverter -     Converted to Short value '0'
[DEBUG] 2021-02-02 12:41:55.639 [main] StringConverter - Setting default value: 
[DEBUG] 2021-02-02 12:41:55.639 [main] StringConverter - Converting 'String' value '' to type 'String'
[DEBUG] 2021-02-02 12:41:55.647 [main] ArrayConverter - Setting default value: [Z@71e6e7cc
[DEBUG] 2021-02-02 12:41:55.647 [main] ArrayConverter - Converting 'boolean[]' value '[Z@71e6e7cc' to type 'boolean[]'
[DEBUG] 2021-02-02 12:41:55.647 [main] ArrayConverter -     No conversion required, value is already a boolean[]
[DEBUG] 2021-02-02 12:41:55.648 [main] ArrayConverter - Setting default value: [B@509c7ffc
[DEBUG] 2021-02-02 12:41:55.648 [main] ArrayConverter - Converting 'byte[]' value '[B@509c7ffc' to type 'byte[]'
[DEBUG] 2021-02-02 12:41:55.648 [main] ArrayConverter -     No conversion required, value is already a byte[]
[DEBUG] 2021-02-02 12:41:55.648 [main] ArrayConverter - Setting default value: [C@5fd9e599
[DEBUG] 2021-02-02 12:41:55.648 [main] ArrayConverter - Converting 'char[]' value '[C@5fd9e599' to type 'char[]'
[DEBUG] 2021-02-02 12:41:55.648 [main] ArrayConverter -     No conversion required, value is already a char[]
[DEBUG] 2021-02-02 12:41:55.648 [main] ArrayConverter - Setting default value: [D@5a1dfa97
[DEBUG] 2021-02-02 12:41:55.649 [main] ArrayConverter - Converting 'double[]' value '[D@5a1dfa97' to type 'double[]'
[DEBUG] 2021-02-02 12:41:55.649 [main] ArrayConverter -     No conversion required, value is already a double[]
[DEBUG] 2021-02-02 12:41:55.649 [main] ArrayConverter - Setting default value: [F@1c83be9f
[DEBUG] 2021-02-02 12:41:55.649 [main] ArrayConverter - Converting 'float[]' value '[F@1c83be9f' to type 'float[]'
[DEBUG] 2021-02-02 12:41:55.649 [main] ArrayConverter -     No conversion required, value is already a float[]
[DEBUG] 2021-02-02 12:41:55.649 [main] ArrayConverter - Setting default value: [I@2f53516c
[DEBUG] 2021-02-02 12:41:55.649 [main] ArrayConverter - Converting 'int[]' value '[I@2f53516c' to type 'int[]'
[DEBUG] 2021-02-02 12:41:55.650 [main] ArrayConverter -     No conversion required, value is already a int[]
[DEBUG] 2021-02-02 12:41:55.650 [main] ArrayConverter - Setting default value: [J@3fb68c32
[DEBUG] 2021-02-02 12:41:55.650 [main] ArrayConverter - Converting 'long[]' value '[J@3fb68c32' to type 'long[]'
[DEBUG] 2021-02-02 12:41:55.650 [main] ArrayConverter -     No conversion required, value is already a long[]
[DEBUG] 2021-02-02 12:41:55.650 [main] ArrayConverter - Setting default value: [S@a4a0011
[DEBUG] 2021-02-02 12:41:55.650 [main] ArrayConverter - Converting 'short[]' value '[S@a4a0011' to type 'short[]'
[DEBUG] 2021-02-02 12:41:55.650 [main] ArrayConverter -     No conversion required, value is already a short[]
[DEBUG] 2021-02-02 12:41:55.651 [main] ArrayConverter - Setting default value: [Ljava.math.BigDecimal;@bbc3081
[DEBUG] 2021-02-02 12:41:55.651 [main] ArrayConverter - Converting 'BigDecimal[]' value '[Ljava.math.BigDecimal;@bbc3081' to type 'BigDecimal[]'
[DEBUG] 2021-02-02 12:41:55.651 [main] ArrayConverter -     No conversion required, value is already a BigDecimal[]
[DEBUG] 2021-02-02 12:41:55.651 [main] ArrayConverter - Setting default value: [Ljava.math.BigInteger;@358d045f
[DEBUG] 2021-02-02 12:41:55.651 [main] ArrayConverter - Converting 'BigInteger[]' value '[Ljava.math.BigInteger;@358d045f' to type 'BigInteger[]'
[DEBUG] 2021-02-02 12:41:55.651 [main] ArrayConverter -     No conversion required, value is already a BigInteger[]
[DEBUG] 2021-02-02 12:41:55.652 [main] ArrayConverter - Setting default value: [Ljava.lang.Boolean;@5cfcd3d
[DEBUG] 2021-02-02 12:41:55.652 [main] ArrayConverter - Converting 'Boolean[]' value '[Ljava.lang.Boolean;@5cfcd3d' to type 'Boolean[]'
[DEBUG] 2021-02-02 12:41:55.652 [main] ArrayConverter -     No conversion required, value is already a Boolean[]
[DEBUG] 2021-02-02 12:41:55.652 [main] ArrayConverter - Setting default value: [Ljava.lang.Byte;@68998ca1
[DEBUG] 2021-02-02 12:41:55.652 [main] ArrayConverter - Converting 'Byte[]' value '[Ljava.lang.Byte;@68998ca1' to type 'Byte[]'
[DEBUG] 2021-02-02 12:41:55.652 [main] ArrayConverter -     No conversion required, value is already a Byte[]
[DEBUG] 2021-02-02 12:41:55.652 [main] ArrayConverter - Setting default value: [Ljava.lang.Character;@12db7985
[DEBUG] 2021-02-02 12:41:55.653 [main] ArrayConverter - Converting 'Character[]' value '[Ljava.lang.Character;@12db7985' to type 'Character[]'
[DEBUG] 2021-02-02 12:41:55.653 [main] ArrayConverter -     No conversion required, value is already a Character[]
[DEBUG] 2021-02-02 12:41:55.653 [main] ArrayConverter - Setting default value: [Ljava.lang.Double;@5d4e0b57
[DEBUG] 2021-02-02 12:41:55.653 [main] ArrayConverter - Converting 'Double[]' value '[Ljava.lang.Double;@5d4e0b57' to type 'Double[]'
[DEBUG] 2021-02-02 12:41:55.653 [main] ArrayConverter -     No conversion required, value is already a Double[]
[DEBUG] 2021-02-02 12:41:55.653 [main] ArrayConverter - Setting default value: [Ljava.lang.Float;@4af5626d
[DEBUG] 2021-02-02 12:41:55.654 [main] ArrayConverter - Converting 'Float[]' value '[Ljava.lang.Float;@4af5626d' to type 'Float[]'
[DEBUG] 2021-02-02 12:41:55.654 [main] ArrayConverter -     No conversion required, value is already a Float[]
[DEBUG] 2021-02-02 12:41:55.654 [main] ArrayConverter - Setting default value: [Ljava.lang.Integer;@2d72d4e2
[DEBUG] 2021-02-02 12:41:55.654 [main] ArrayConverter - Converting 'Integer[]' value '[Ljava.lang.Integer;@2d72d4e2' to type 'Integer[]'
[DEBUG] 2021-02-02 12:41:55.654 [main] ArrayConverter -     No conversion required, value is already a Integer[]
[DEBUG] 2021-02-02 12:41:55.654 [main] ArrayConverter - Setting default value: [Ljava.lang.Long;@16227ac7
[DEBUG] 2021-02-02 12:41:55.654 [main] ArrayConverter - Converting 'Long[]' value '[Ljava.lang.Long;@16227ac7' to type 'Long[]'
[DEBUG] 2021-02-02 12:41:55.655 [main] ArrayConverter -     No conversion required, value is already a Long[]
[DEBUG] 2021-02-02 12:41:55.655 [main] ArrayConverter - Setting default value: [Ljava.lang.Short;@76443884
[DEBUG] 2021-02-02 12:41:55.655 [main] ArrayConverter - Converting 'Short[]' value '[Ljava.lang.Short;@76443884' to type 'Short[]'
[DEBUG] 2021-02-02 12:41:55.655 [main] ArrayConverter -     No conversion required, value is already a Short[]
[DEBUG] 2021-02-02 12:41:55.655 [main] ArrayConverter - Setting default value: [Ljava.lang.String;@2889da8a
[DEBUG] 2021-02-02 12:41:55.655 [main] ArrayConverter - Converting 'String[]' value '[Ljava.lang.String;@2889da8a' to type 'String[]'
[DEBUG] 2021-02-02 12:41:55.655 [main] ArrayConverter -     No conversion required, value is already a String[]
[DEBUG] 2021-02-02 12:41:55.655 [main] ArrayConverter - Setting default value: [Ljava.lang.Class;@343ffd14
[DEBUG] 2021-02-02 12:41:55.656 [main] ArrayConverter - Converting 'Class[]' value '[Ljava.lang.Class;@343ffd14' to type 'Class[]'
[DEBUG] 2021-02-02 12:41:55.656 [main] ArrayConverter -     No conversion required, value is already a Class[]
[DEBUG] 2021-02-02 12:41:55.656 [main] ArrayConverter - Setting default value: [Ljava.util.Date;@63e8730f
[DEBUG] 2021-02-02 12:41:55.656 [main] ArrayConverter - Converting 'Date[]' value '[Ljava.util.Date;@63e8730f' to type 'Date[]'
[DEBUG] 2021-02-02 12:41:55.656 [main] ArrayConverter -     No conversion required, value is already a Date[]
[DEBUG] 2021-02-02 12:41:55.657 [main] ArrayConverter - Setting default value: [Ljava.util.Calendar;@6b08e59d
[DEBUG] 2021-02-02 12:41:55.657 [main] ArrayConverter - Converting 'Calendar[]' value '[Ljava.util.Calendar;@6b08e59d' to type 'Calendar[]'
[DEBUG] 2021-02-02 12:41:55.657 [main] ArrayConverter -     No conversion required, value is already a Calendar[]
[DEBUG] 2021-02-02 12:41:55.657 [main] ArrayConverter - Setting default value: [Ljava.io.File;@441da3
[DEBUG] 2021-02-02 12:41:55.657 [main] ArrayConverter - Converting 'java.io.File[]' value '[Ljava.io.File;@441da3' to type 'java.io.File[]'
[DEBUG] 2021-02-02 12:41:55.657 [main] ArrayConverter -     No conversion required, value is already a java.io.File[]
[DEBUG] 2021-02-02 12:41:55.657 [main] ArrayConverter - Setting default value: [Ljava.sql.Date;@387267e4
[DEBUG] 2021-02-02 12:41:55.658 [main] ArrayConverter - Converting 'java.sql.Date[]' value '[Ljava.sql.Date;@387267e4' to type 'java.sql.Date[]'
[DEBUG] 2021-02-02 12:41:55.658 [main] ArrayConverter -     No conversion required, value is already a java.sql.Date[]
[DEBUG] 2021-02-02 12:41:55.658 [main] ArrayConverter - Setting default value: [Ljava.sql.Time;@1bf9104d
[DEBUG] 2021-02-02 12:41:55.658 [main] ArrayConverter - Converting 'java.sql.Time[]' value '[Ljava.sql.Time;@1bf9104d' to type 'java.sql.Time[]'
[DEBUG] 2021-02-02 12:41:55.658 [main] ArrayConverter -     No conversion required, value is already a java.sql.Time[]
[DEBUG] 2021-02-02 12:41:55.658 [main] ArrayConverter - Setting default value: [Ljava.sql.Timestamp;@76440bca
[DEBUG] 2021-02-02 12:41:55.659 [main] ArrayConverter - Converting 'java.sql.Timestamp[]' value '[Ljava.sql.Timestamp;@76440bca' to type 'java.sql.Timestamp[]'
[DEBUG] 2021-02-02 12:41:55.659 [main] ArrayConverter -     No conversion required, value is already a java.sql.Timestamp[]
[DEBUG] 2021-02-02 12:41:55.659 [main] ArrayConverter - Setting default value: [Ljava.net.URL;@1bfe202b
[DEBUG] 2021-02-02 12:41:55.659 [main] ArrayConverter - Converting 'java.net.URL[]' value '[Ljava.net.URL;@1bfe202b' to type 'java.net.URL[]'
[DEBUG] 2021-02-02 12:41:55.659 [main] ArrayConverter -     No conversion required, value is already a java.net.URL[]
[DEBUG] 2021-02-02 12:41:55.721 [main] RequestAuthorizator - Invoked: com.agiletec.aps.******.services.controller.control.RequestAuthorizator
[DEBUG] 2021-02-02 12:41:55.722 [main] NotifyManager - Unhandled generic event detected: org.springframework.context.event.ContextClosedEvent
[INFO] Tests run: 4, Failures: 0, Errors: 0, Skipped: 0, Time elapsed: 11.588 s - in org.entando.entando.aps.******.services.controller.control.TestRequestAuthorizator
[INFO] Running org.entando.entando.aps.******.services.controller.TestControllerManager
[DEBUG] 2021-02-02 12:41:56.482 [main] ComponentDefDOM - Valid Component definition : /workspace/source/target/classes/component/core/portal-ui-component.xml
[DEBUG] 2021-02-02 12:41:56.482 [main] ComponentDefDOM - Loading Component from file : /workspace/source/target/classes/component/core/portal-ui-component.xml
[DEBUG] 2021-02-02 12:41:56.484 [main] ComponentLoader - Component 'entando-portal-ui' loaded
[DEBUG] 2021-02-02 12:41:56.486 [main] ComponentDefDOM - Valid Component definition : file:/home/jenkins/.mvnrepository/org/entando/entando/entando-*****-console/6.3.5/entando-*****-console-6.3.5-classes.jar!/component/core/*****-console-component.xml
[DEBUG] 2021-02-02 12:41:56.486 [main] ComponentDefDOM - Loading Component from file : file:/home/jenkins/.mvnrepository/org/entando/entando/entando-*****-console/6.3.5/entando-*****-console-6.3.5-classes.jar!/component/core/*****-console-component.xml
[DEBUG] 2021-02-02 12:41:56.488 [main] ComponentLoader - Component 'entando-*****-console' loaded
[DEBUG] 2021-02-02 12:41:56.488 [main] ComponentManager - org.entando.entando.aps.******.init.ComponentManager ready.
[DEBUG] 2021-02-02 12:41:56.514 [main] LocalStorageManager - org.entando.entando.aps.******.services.storage.LocalStorageManager ready
[DEBUG] 2021-02-02 12:41:56.695 [main] DatabaseManager - org.entando.entando.aps.******.init.DatabaseManager ready
[INFO ] 2021-02-02 12:41:57.511 [main] DatabaseManager - + [ Component: Core ] :: DATA
|   
[DEBUG] 2021-02-02 12:41:57.512 [main] DatabaseManager - |   ( ok )  Already installed
|   
[INFO ] 2021-02-02 12:41:57.512 [main] DatabaseManager - + [ Component: entando-*****-console ] :: DATA
|   
[DEBUG] 2021-02-02 12:41:57.512 [main] DatabaseManager - |   ( ok )  Already installed_|   
[INFO ] 2021-02-02 12:41:57.513 [main] DatabaseManager - + [ Component: entando-portal-ui ] :: DATA
|   
[DEBUG] 2021-02-02 12:41:57.513 [main] DatabaseManager - |   ( ok )  Already installed_|   
[INFO ] 2021-02-02 12:41:57.514 [main] DatabaseManager - + [ Component: Core ] :: DATA
|   
[DEBUG] 2021-02-02 12:41:57.514 [main] DatabaseManager - |   ( ok )  Already installed. OK_|   
[INFO ] 2021-02-02 12:41:57.514 [main] DatabaseManager - + [ Component: entando-*****-console ] :: DATA
|   
[DEBUG] 2021-02-02 12:41:57.515 [main] DatabaseManager - |   ( ok )  Already installed_|   
[INFO ] 2021-02-02 12:41:57.515 [main] DatabaseManager - + [ Component: entando-portal-ui ] :: DATA
|   
[DEBUG] 2021-02-02 12:41:57.516 [main] DatabaseManager - |   ( ok )  Already installed_|   
[DEBUG] 2021-02-02 12:41:57.516 [main] InitializerManager - org.entando.entando.aps.******.init.InitializerManager: initializated - Check on startup ****
[DEBUG] 2021-02-02 12:41:57.566 [main] BaseConfigManager - com.agiletec.aps.******.services.baseconfig.BaseConfigManager ready. Initialized
[DEBUG] 2021-02-02 12:41:57.614 [main] LangManager - com.agiletec.aps.******.services.lang.LangManager ready: initialized
[DEBUG] 2021-02-02 12:41:57.657 [main] GuiFragmentManager - org.entando.entando.aps.******.services.guifragment.GuiFragmentManager ready.
[DEBUG] 2021-02-02 12:41:57.690 [main] WidgetTypeManager - org.entando.entando.aps.******.services.widgettype.WidgetTypeManager ready. Initialized
[DEBUG] 2021-02-02 12:41:57.725 [main] PageModelManager - com.agiletec.aps.******.services.pagemodel.PageModelManager ready. initialized
[DEBUG] 2021-02-02 12:41:57.872 [main] PageManager - com.agiletec.aps.******.services.page.PageManager ready. : Initialized
[DEBUG] 2021-02-02 12:41:57.935 [main] URLManager - com.agiletec.aps.******.services.url.URLManager ready
[DEBUG] 2021-02-02 12:41:57.948 [main] RequestValidator - com.agiletec.aps.******.services.controller.control.RequestValidator ready
[DEBUG] 2021-02-02 12:41:57.973 [main] UserManager - com.agiletec.aps.******.services.user.UserManager ready
[DEBUG] 2021-02-02 12:41:58.006 [main] GroupManager - com.agiletec.aps.******.services.group.GroupManager ready. Initialized
[DEBUG] 2021-02-02 12:41:58.032 [main] RoleManager - com.agiletec.aps.******.services.role.RoleManager : initialized
[DEBUG] 2021-02-02 12:41:58.054 [main] AuthorizationManager - com.agiletec.aps.******.services.authorization.AuthorizationManager ready
[DEBUG] 2021-02-02 12:41:58.066 [main] ApiOAuth2TokenManager - org.entando.entando.aps.******.services.oauth2.ApiOAuth2TokenManager  initialized 
[DEBUG] 2021-02-02 12:41:58.067 [pool-10-thread-1] ScheduledDeleteExpiredTokenThread - start delete expired access token
[DEBUG] 2021-02-02 12:41:58.071 [pool-10-thread-1] ScheduledDeleteExpiredTokenThread - end delete expired access token
[DEBUG] 2021-02-02 12:41:58.088 [main] AuthenticationProviderManager - com.agiletec.aps.******.services.user.AuthenticationProviderManager ready
[DEBUG] 2021-02-02 12:41:58.096 [main] Authenticator - com.agiletec.aps.******.services.controller.control.Authenticator ready
[DEBUG] 2021-02-02 12:41:58.099 [main] RequestAuthorizator - com.agiletec.aps.******.services.controller.control.RequestAuthorizator : initialized
[DEBUG] 2021-02-02 12:41:58.101 [main] ErrorManager - com.agiletec.aps.******.services.controller.control.ErrorManager : initialized
[DEBUG] 2021-02-02 12:41:58.103 [main] ControllerManager - com.agiletec.aps.******.services.controller.ControllerManager: initialized 4 controller services
[DEBUG] 2021-02-02 12:41:58.113 [main] PreviewRequestValidator - org.entando.entando.aps.******.services.controller.preview.control.PreviewRequestValidator ready
[DEBUG] 2021-02-02 12:41:58.125 [main] PreviewRequestAuthorizator - org.entando.entando.aps.******.services.controller.preview.control.PreviewRequestAuthorizator : initialized
[DEBUG] 2021-02-02 12:41:58.128 [main] PreviewErrorManager - org.entando.entando.aps.******.services.controller.preview.control.PreviewErrorManager : initialized
[DEBUG] 2021-02-02 12:41:58.219 [main] OAuthConsumerManager - org.entando.entando.aps.******.services.oauth2.OAuthConsumerManager ready
[DEBUG] 2021-02-02 12:41:58.820 [main] CategoryManager - com.agiletec.aps.******.services.category.CategoryManager initialized
[DEBUG] 2021-02-02 12:41:58.979 [main] ApsEntityManager - DataObjectManager : inizializated
[DEBUG] 2021-02-02 12:41:59.074 [main] ApsEntityManager - UserProfileManager : inizializated
[DEBUG] 2021-02-02 12:41:59.097 [main] DataObjectModelManager - org.entando.entando.aps.******.services.dataobjectmodel.DataObjectModelManager ready. Initialized 4 dataObject models
[DEBUG] 2021-02-02 12:41:59.493 [main] I18nManager - com.agiletec.aps.******.services.i18n.I18nManager : initialized 10 labels
[DEBUG] 2021-02-02 12:42:00.258 [main] ApiResourcesDefDOM - Valid api methods definition : file:/home/jenkins/.mvnrepository/org/entando/entando/entando-engine/6.3.20/entando-engine-6.3.20.jar!/api/aps/dataobject/aps/apiMethods.xml
[DEBUG] 2021-02-02 12:42:00.259 [main] ApiResourcesDefDOM - Loading Resources from file : file:/home/jenkins/.mvnrepository/org/entando/entando/entando-engine/6.3.20/entando-engine-6.3.20.jar!/api/aps/dataobject/aps/apiMethods.xml
[DEBUG] 2021-02-02 12:42:00.263 [main] ApiResourceLoader - Loaded Api Resources definition by file file:/home/jenkins/.mvnrepository/org/entando/entando/entando-engine/6.3.20/entando-engine-6.3.20.jar!/api/aps/dataobject/aps/apiMethods.xml
[DEBUG] 2021-02-02 12:42:00.267 [main] ApiResourcesDefDOM - Valid api methods definition : file:/home/jenkins/.mvnrepository/org/entando/entando/entando-engine/6.3.20/entando-engine-6.3.20.jar!/api/aps/apiMethods.xml
[DEBUG] 2021-02-02 12:42:00.268 [main] ApiResourcesDefDOM - Loading Resources from file : file:/home/jenkins/.mvnrepository/org/entando/entando/entando-engine/6.3.20/entando-engine-6.3.20.jar!/api/aps/apiMethods.xml
[DEBUG] 2021-02-02 12:42:00.271 [main] ApiResourceLoader - Loaded Api Resources definition by file file:/home/jenkins/.mvnrepository/org/entando/entando/entando-engine/6.3.20/entando-engine-6.3.20.jar!/api/aps/apiMethods.xml
[DEBUG] 2021-02-02 12:42:00.273 [main] ApiCatalogManager - org.entando.entando.aps.******.services.api.ApiCatalogManager ready.
[DEBUG] 2021-02-02 12:42:00.421 [main] KeyGeneratorManager - com.agiletec.aps.******.services.keygenerator.KeyGeneratorManager ready. : last loaded key 200
[DEBUG] 2021-02-02 12:42:00.633 [main] ActionLogManager - org.entando.entando.aps.******.services.actionlog.ActionLogManager ready
[DEBUG] 2021-02-02 12:42:00.657 [main] SocialActivityStreamManager - org.entando.entando.aps.******.services.activitystream.SocialActivityStreamManager ready
[DEBUG] 2021-02-02 12:42:01.006 [main] DefaultVelocityRenderer - BaseDataObjectRenderer ready.
[DEBUG] 2021-02-02 12:42:01.023 [main] DataObjectPageMapperManager - org.entando.entando.aps.******.services.dataobjectmapper.DataObjectPageMapperManager ready.
[DEBUG] 2021-02-02 12:42:01.029 [main] BaseDataObjectDispenser - org.entando.entando.aps.******.services.dataobjectdispenser.BaseDataObjectDispenser ready
[DEBUG] 2021-02-02 12:42:01.047 [main] SearchEngineDAOFactory - Index Directory: /workspace/source/target/test/indexdir/dataobjects/index
[DEBUG] 2021-02-02 12:42:01.048 [main] Inde**rDAO - Inde**r: search engine index ok.
[DEBUG] 2021-02-02 12:42:01.049 [main] SearchEngineDAOFactory - Index Directory: /workspace/source/target/test/indexdir/dataobjects/index
[DEBUG] 2021-02-02 12:42:01.191 [main] CacheInfoManager - org.entando.entando.aps.******.services.cache.CacheInfoManager (cache info service initialized) ready
[DEBUG] 2021-02-02 12:42:01.224 [main] BulkCommandManager - org.entando.entando.aps.******.services.command.BulkCommandManager ready
[DEBUG] 2021-02-02 12:42:01.351 [main] DefaultVelocityRenderer - com.agiletec.aps.******.common.renderer.DefaultVelocityRenderer#4005ad53 ready.
[DEBUG] 2021-02-02 12:42:01.485 [main] ShortcutManager - org.entando.entando.aps*****.******.services.shortcut.ShortcutManager ready
[DEBUG] 2021-02-02 12:42:01.995 [main] NotifyManager - Unhandled generic event detected: org.springframework.context.event.ContextRefreshedEvent
[DEBUG] 2021-02-02 12:42:02.912 [main] ComponentDefDOM - Valid Component definition : /workspace/source/target/classes/component/core/portal-ui-component.xml
[DEBUG] 2021-02-02 12:42:02.913 [main] ComponentDefDOM - Loading Component from file : /workspace/source/target/classes/component/core/portal-ui-component.xml
[DEBUG] 2021-02-02 12:42:02.914 [main] ComponentLoader - Component 'entando-portal-ui' loaded
[DEBUG] 2021-02-02 12:42:02.916 [main] ComponentDefDOM - Valid Component definition : file:/home/jenkins/.mvnrepository/org/entando/entando/entando-*****-console/6.3.5/entando-*****-console-6.3.5-classes.jar!/component/core/*****-console-component.xml
[DEBUG] 2021-02-02 12:42:02.916 [main] ComponentDefDOM - Loading Component from file : file:/home/jenkins/.mvnrepository/org/entando/entando/entando-*****-console/6.3.5/entando-*****-console-6.3.5-classes.jar!/component/core/*****-console-component.xml
[DEBUG] 2021-02-02 12:42:02.917 [main] ComponentLoader - Component 'entando-*****-console' loaded
[DEBUG] 2021-02-02 12:42:02.917 [main] ComponentManager - org.entando.entando.aps.******.init.ComponentManager ready.
[DEBUG] 2021-02-02 12:42:02.940 [main] LocalStorageManager - org.entando.entando.aps.******.services.storage.LocalStorageManager ready
[DEBUG] 2021-02-02 12:42:03.103 [main] DatabaseManager - org.entando.entando.aps.******.init.DatabaseManager ready
[INFO ] 2021-02-02 12:42:03.623 [main] DatabaseManager - + [ Component: Core ] :: DATA
|   
[DEBUG] 2021-02-02 12:42:03.624 [main] DatabaseManager - |   ( ok )  Already installed
|   
[INFO ] 2021-02-02 12:42:03.624 [main] DatabaseManager - + [ Component: entando-*****-console ] :: DATA
|   
[DEBUG] 2021-02-02 12:42:03.624 [main] DatabaseManager - |   ( ok )  Already installed_|   
[INFO ] 2021-02-02 12:42:03.624 [main] DatabaseManager - + [ Component: entando-portal-ui ] :: DATA
|   
[DEBUG] 2021-02-02 12:42:03.625 [main] DatabaseManager - |   ( ok )  Already installed_|   
[INFO ] 2021-02-02 12:42:03.625 [main] DatabaseManager - + [ Component: Core ] :: DATA
|   
[DEBUG] 2021-02-02 12:42:03.625 [main] DatabaseManager - |   ( ok )  Already installed. OK_|   
[INFO ] 2021-02-02 12:42:03.625 [main] DatabaseManager - + [ Component: entando-*****-console ] :: DATA
|   
[DEBUG] 2021-02-02 12:42:03.625 [main] DatabaseManager - |   ( ok )  Already installed_|   
[INFO ] 2021-02-02 12:42:03.625 [main] DatabaseManager - + [ Component: entando-portal-ui ] :: DATA
|   
[DEBUG] 2021-02-02 12:42:03.625 [main] DatabaseManager - |   ( ok )  Already installed_|   
[DEBUG] 2021-02-02 12:42:03.626 [main] InitializerManager - org.entando.entando.aps.******.init.InitializerManager: initializated - Check on startup ****
[DEBUG] 2021-02-02 12:42:03.680 [main] BaseConfigManager - com.agiletec.aps.******.services.baseconfig.BaseConfigManager ready. Initialized
[DEBUG] 2021-02-02 12:42:03.719 [main] LangManager - com.agiletec.aps.******.services.lang.LangManager ready: initialized
[DEBUG] 2021-02-02 12:42:03.761 [main] GuiFragmentManager - org.entando.entando.aps.******.services.guifragment.GuiFragmentManager ready.
[DEBUG] 2021-02-02 12:42:03.780 [main] WidgetTypeManager - org.entando.entando.aps.******.services.widgettype.WidgetTypeManager ready. Initialized
[DEBUG] 2021-02-02 12:42:03.811 [main] PageModelManager - com.agiletec.aps.******.services.pagemodel.PageModelManager ready. initialized
[DEBUG] 2021-02-02 12:42:03.953 [main] PageManager - com.agiletec.aps.******.services.page.PageManager ready. : Initialized
[DEBUG] 2021-02-02 12:42:04.002 [main] URLManager - com.agiletec.aps.******.services.url.URLManager ready
[DEBUG] 2021-02-02 12:42:04.015 [main] RequestValidator - com.agiletec.aps.******.services.controller.control.RequestValidator ready
[DEBUG] 2021-02-02 12:42:04.048 [main] UserManager - com.agiletec.aps.******.services.user.UserManager ready
[DEBUG] 2021-02-02 12:42:04.077 [main] GroupManager - com.agiletec.aps.******.services.group.GroupManager ready. Initialized
[DEBUG] 2021-02-02 12:42:04.103 [main] RoleManager - com.agiletec.aps.******.services.role.RoleManager : initialized
[DEBUG] 2021-02-02 12:42:04.123 [main] AuthorizationManager - com.agiletec.aps.******.services.authorization.AuthorizationManager ready
[DEBUG] 2021-02-02 12:42:04.146 [main] ApiOAuth2TokenManager - org.entando.entando.aps.******.services.oauth2.ApiOAuth2TokenManager  initialized 
[DEBUG] 2021-02-02 12:42:04.146 [pool-12-thread-1] ScheduledDeleteExpiredTokenThread - start delete expired access token
[DEBUG] 2021-02-02 12:42:04.148 [pool-12-thread-1] ScheduledDeleteExpiredTokenThread - end delete expired access token
[DEBUG] 2021-02-02 12:42:04.163 [main] AuthenticationProviderManager - com.agiletec.aps.******.services.user.AuthenticationProviderManager ready
[DEBUG] 2021-02-02 12:42:04.173 [main] Authenticator - com.agiletec.aps.******.services.controller.control.Authenticator ready
[DEBUG] 2021-02-02 12:42:04.176 [main] RequestAuthorizator - com.agiletec.aps.******.services.controller.control.RequestAuthorizator : initialized
[DEBUG] 2021-02-02 12:42:04.178 [main] ErrorManager - com.agiletec.aps.******.services.controller.control.ErrorManager : initialized
[DEBUG] 2021-02-02 12:42:04.180 [main] ControllerManager - com.agiletec.aps.******.services.controller.ControllerManager: initialized 4 controller services
[DEBUG] 2021-02-02 12:42:04.190 [main] PreviewRequestValidator - org.entando.entando.aps.******.services.controller.preview.control.PreviewRequestValidator ready
[DEBUG] 2021-02-02 12:42:04.200 [main] PreviewRequestAuthorizator - org.entando.entando.aps.******.services.controller.preview.control.PreviewRequestAuthorizator : initialized
[DEBUG] 2021-02-02 12:42:04.203 [main] PreviewErrorManager - org.entando.entando.aps.******.services.controller.preview.control.PreviewErrorManager : initialized
[DEBUG] 2021-02-02 12:42:04.283 [main] OAuthConsumerManager - org.entando.entando.aps.******.services.oauth2.OAuthConsumerManager ready
[DEBUG] 2021-02-02 12:42:04.899 [main] CategoryManager - com.agiletec.aps.******.services.category.CategoryManager initialized
[DEBUG] 2021-02-02 12:42:05.091 [main] ApsEntityManager - DataObjectManager : inizializated
[DEBUG] 2021-02-02 12:42:05.217 [main] ApsEntityManager - UserProfileManager : inizializated
[DEBUG] 2021-02-02 12:42:05.240 [main] DataObjectModelManager - org.entando.entando.aps.******.services.dataobjectmodel.DataObjectModelManager ready. Initialized 4 dataObject models
[DEBUG] 2021-02-02 12:42:05.667 [main] I18nManager - com.agiletec.aps.******.services.i18n.I18nManager : initialized 10 labels
[DEBUG] 2021-02-02 12:42:06.539 [main] ApiResourcesDefDOM - Valid api methods definition : file:/home/jenkins/.mvnrepository/org/entando/entando/entando-engine/6.3.20/entando-engine-6.3.20.jar!/api/aps/dataobject/aps/apiMethods.xml
[DEBUG] 2021-02-02 12:42:06.540 [main] ApiResourcesDefDOM - Loading Resources from file : file:/home/jenkins/.mvnrepository/org/entando/entando/entando-engine/6.3.20/entando-engine-6.3.20.jar!/api/aps/dataobject/aps/apiMethods.xml
[DEBUG] 2021-02-02 12:42:06.542 [main] ApiResourceLoader - Loaded Api Resources definition by file file:/home/jenkins/.mvnrepository/org/entando/entando/entando-engine/6.3.20/entando-engine-6.3.20.jar!/api/aps/dataobject/aps/apiMethods.xml
[DEBUG] 2021-02-02 12:42:06.545 [main] ApiResourcesDefDOM - Valid api methods definition : file:/home/jenkins/.mvnrepository/org/entando/entando/entando-engine/6.3.20/entando-engine-6.3.20.jar!/api/aps/apiMethods.xml
[DEBUG] 2021-02-02 12:42:06.545 [main] ApiResourcesDefDOM - Loading Resources from file : file:/home/jenkins/.mvnrepository/org/entando/entando/entando-engine/6.3.20/entando-engine-6.3.20.jar!/api/aps/apiMethods.xml
[DEBUG] 2021-02-02 12:42:06.547 [main] ApiResourceLoader - Loaded Api Resources definition by file file:/home/jenkins/.mvnrepository/org/entando/entando/entando-engine/6.3.20/entando-engine-6.3.20.jar!/api/aps/apiMethods.xml
[DEBUG] 2021-02-02 12:42:06.548 [main] ApiCatalogManager - org.entando.entando.aps.******.services.api.ApiCatalogManager ready.
[DEBUG] 2021-02-02 12:42:06.695 [main] KeyGeneratorManager - com.agiletec.aps.******.services.keygenerator.KeyGeneratorManager ready. : last loaded key 200
[DEBUG] 2021-02-02 12:42:06.727 [main] ActionLogManager - org.entando.entando.aps.******.services.actionlog.ActionLogManager ready
[DEBUG] 2021-02-02 12:42:06.750 [main] SocialActivityStreamManager - org.entando.entando.aps.******.services.activitystream.SocialActivityStreamManager ready
[DEBUG] 2021-02-02 12:42:07.086 [main] DefaultVelocityRenderer - BaseDataObjectRenderer ready.
[DEBUG] 2021-02-02 12:42:07.111 [main] DataObjectPageMapperManager - org.entando.entando.aps.******.services.dataobjectmapper.DataObjectPageMapperManager ready.
[DEBUG] 2021-02-02 12:42:07.123 [main] BaseDataObjectDispenser - org.entando.entando.aps.******.services.dataobjectdispenser.BaseDataObjectDispenser ready
[DEBUG] 2021-02-02 12:42:07.158 [main] SearchEngineDAOFactory - Index Directory: /workspace/source/target/test/indexdir/dataobjects/index
[DEBUG] 2021-02-02 12:42:07.159 [main] Inde**rDAO - Inde**r: search engine index ok.
[DEBUG] 2021-02-02 12:42:07.159 [main] SearchEngineDAOFactory - Index Directory: /workspace/source/target/test/indexdir/dataobjects/index
[DEBUG] 2021-02-02 12:42:07.299 [main] CacheInfoManager - org.entando.entando.aps.******.services.cache.CacheInfoManager (cache info service initialized) ready
[DEBUG] 2021-02-02 12:42:07.329 [main] BulkCommandManager - org.entando.entando.aps.******.services.command.BulkCommandManager ready
[DEBUG] 2021-02-02 12:42:07.423 [main] DefaultVelocityRenderer - com.agiletec.aps.******.common.renderer.DefaultVelocityRenderer#168ccb4c ready.
[DEBUG] 2021-02-02 12:42:07.512 [main] ShortcutManager - org.entando.entando.aps*****.******.services.shortcut.ShortcutManager ready
[DEBUG] 2021-02-02 12:42:07.975 [main] NotifyManager - Unhandled generic event detected: org.springframework.context.event.ContextRefreshedEvent
[DEBUG] 2021-02-02 12:42:07.981 [main] RequestValidator - com.agiletec.aps.******.services.controller.control.RequestValidator invoked
[DEBUG] 2021-02-02 12:42:07.983 [main] Authenticator - Invoked com.agiletec.aps.******.services.controller.control.Authenticator
[DEBUG] 2021-02-02 12:42:07.983 [main] RequestAuthorizator - Invoked: com.agiletec.aps.******.services.controller.control.RequestAuthorizator
[DEBUG] 2021-02-02 12:42:07.983 [main] RequestValidator - com.agiletec.aps.******.services.controller.control.RequestValidator invoked
[DEBUG] 2021-02-02 12:42:07.983 [main] Authenticator - Invoked com.agiletec.aps.******.services.controller.control.Authenticator
[DEBUG] 2021-02-02 12:42:07.983 [main] Authenticator - user ***** - password ******** 
[DEBUG] 2021-02-02 12:42:08.133 [main] Authenticator - New user: *****
[DEBUG] 2021-02-02 12:42:08.133 [main] RequestAuthorizator - Invoked: com.agiletec.aps.******.services.controller.control.RequestAuthorizator
[DEBUG] 2021-02-02 12:42:08.135 [main] RequestValidator - com.agiletec.aps.******.services.controller.control.RequestValidator invoked
[DEBUG] 2021-02-02 12:42:08.136 [main] Authenticator - Invoked com.agiletec.aps.******.services.controller.control.Authenticator
[DEBUG] 2021-02-02 12:42:08.136 [main] RequestAuthorizator - Invoked: com.agiletec.aps.******.services.controller.control.RequestAuthorizator
[DEBUG] 2021-02-02 12:42:08.136 [main] AbstractControlService - Redirecting to http://www.entando.com/Entando/it/login.page?returnUrl=http%253A%252F%252Fwww.entando.com&redirectflag=1
[DEBUG] 2021-02-02 12:42:08.136 [main] RequestValidator - com.agiletec.aps.******.services.controller.control.RequestValidator invoked
[DEBUG] 2021-02-02 12:42:08.137 [main] Authenticator - Invoked com.agiletec.aps.******.services.controller.control.Authenticator
[DEBUG] 2021-02-02 12:42:08.137 [main] Authenticator - user ***** - password ******** 
[DEBUG] 2021-02-02 12:42:08.255 [main] Authenticator - New user: *****
[DEBUG] 2021-02-02 12:42:08.255 [main] RequestAuthorizator - Invoked: com.agiletec.aps.******.services.controller.control.RequestAuthorizator
[DEBUG] 2021-02-02 12:42:08.257 [main] RequestValidator - com.agiletec.aps.******.services.controller.control.RequestValidator invoked
[DEBUG] 2021-02-02 12:42:08.258 [main] Authenticator - Invoked com.agiletec.aps.******.services.controller.control.Authenticator
[DEBUG] 2021-02-02 12:42:08.258 [main] RequestAuthorizator - Invoked: com.agiletec.aps.******.services.controller.control.RequestAuthorizator
[DEBUG] 2021-02-02 12:42:08.258 [main] AbstractControlService - Redirecting to http://www.entando.com/Entando/it/login.page?returnUrl=http%253A%252F%252Fwww.entando.com%252FEntando%252Fit%252Fcustomers_page.page&redirectflag=1
[DEBUG] 2021-02-02 12:42:08.258 [main] RequestValidator - com.agiletec.aps.******.services.controller.control.RequestValidator invoked
[DEBUG] 2021-02-02 12:42:08.259 [main] Authenticator - Invoked com.agiletec.aps.******.services.controller.control.Authenticator
[DEBUG] 2021-02-02 12:42:08.259 [main] RequestAuthorizator - Invoked: com.agiletec.aps.******.services.controller.control.RequestAuthorizator
[DEBUG] 2021-02-02 12:42:08.259 [main] ErrorManager - Intervention of the error service
[DEBUG] 2021-02-02 12:42:08.259 [main] ErrorManager - Redirecting to http://www.entando.com/Entando/it/errorpage.page
[DEBUG] 2021-02-02 12:42:08.260 [main] NotifyManager - Unhandled generic event detected: org.springframework.context.event.ContextClosedEvent
[INFO] Tests run: 3, Failures: 0, Errors: 0, Skipped: 0, Time elapsed: 12.493 s - in org.entando.entando.aps.******.services.controller.TestControllerManager
[INFO] Running org.entando.entando.aps.******.services.controller.e**cutor.TestWidgetE**cutorService
[DEBUG] 2021-02-02 12:42:08.892 [main] ComponentDefDOM - Valid Component definition : /workspace/source/target/classes/component/core/portal-ui-component.xml
[DEBUG] 2021-02-02 12:42:08.893 [main] ComponentDefDOM - Loading Component from file : /workspace/source/target/classes/component/core/portal-ui-component.xml
[DEBUG] 2021-02-02 12:42:08.894 [main] ComponentLoader - Component 'entando-portal-ui' loaded
[DEBUG] 2021-02-02 12:42:08.897 [main] ComponentDefDOM - Valid Component definition : file:/home/jenkins/.mvnrepository/org/entando/entando/entando-*****-console/6.3.5/entando-*****-console-6.3.5-classes.jar!/component/core/*****-console-component.xml
[DEBUG] 2021-02-02 12:42:08.897 [main] ComponentDefDOM - Loading Component from file : file:/home/jenkins/.mvnrepository/org/entando/entando/entando-*****-console/6.3.5/entando-*****-console-6.3.5-classes.jar!/component/core/*****-console-component.xml
[DEBUG] 2021-02-02 12:42:08.899 [main] ComponentLoader - Component 'entando-*****-console' loaded
[DEBUG] 2021-02-02 12:42:08.899 [main] ComponentManager - org.entando.entando.aps.******.init.ComponentManager ready.
[DEBUG] 2021-02-02 12:42:08.929 [main] LocalStorageManager - org.entando.entando.aps.******.services.storage.LocalStorageManager ready
[DEBUG] 2021-02-02 12:42:09.104 [main] DatabaseManager - org.entando.entando.aps.******.init.DatabaseManager ready
[INFO ] 2021-02-02 12:42:09.840 [main] DatabaseManager - + [ Component: Core ] :: DATA
|   
[DEBUG] 2021-02-02 12:42:09.840 [main] DatabaseManager - |   ( ok )  Already installed
|   
[INFO ] 2021-02-02 12:42:09.840 [main] DatabaseManager - + [ Component: entando-*****-console ] :: DATA
|   
[DEBUG] 2021-02-02 12:42:09.840 [main] DatabaseManager - |   ( ok )  Already installed_|   
[INFO ] 2021-02-02 12:42:09.840 [main] DatabaseManager - + [ Component: entando-portal-ui ] :: DATA
|   
[DEBUG] 2021-02-02 12:42:09.840 [main] DatabaseManager - |   ( ok )  Already installed_|   
[INFO ] 2021-02-02 12:42:09.841 [main] DatabaseManager - + [ Component: Core ] :: DATA
|   
[DEBUG] 2021-02-02 12:42:09.841 [main] DatabaseManager - |   ( ok )  Already installed. OK_|   
[INFO ] 2021-02-02 12:42:09.841 [main] DatabaseManager - + [ Component: entando-*****-console ] :: DATA
|   
[DEBUG] 2021-02-02 12:42:09.841 [main] DatabaseManager - |   ( ok )  Already installed_|   
[INFO ] 2021-02-02 12:42:09.841 [main] DatabaseManager - + [ Component: entando-portal-ui ] :: DATA
|   
[DEBUG] 2021-02-02 12:42:09.841 [main] DatabaseManager - |   ( ok )  Already installed_|   
[DEBUG] 2021-02-02 12:42:09.841 [main] InitializerManager - org.entando.entando.aps.******.init.InitializerManager: initializated - Check on startup ****
[DEBUG] 2021-02-02 12:42:09.904 [main] BaseConfigManager - com.agiletec.aps.******.services.baseconfig.BaseConfigManager ready. Initialized
[DEBUG] 2021-02-02 12:42:09.935 [main] LangManager - com.agiletec.aps.******.services.lang.LangManager ready: initialized
[DEBUG] 2021-02-02 12:42:09.977 [main] GuiFragmentManager - org.entando.entando.aps.******.services.guifragment.GuiFragmentManager ready.
[DEBUG] 2021-02-02 12:42:10.002 [main] WidgetTypeManager - org.entando.entando.aps.******.services.widgettype.WidgetTypeManager ready. Initialized
[DEBUG] 2021-02-02 12:42:10.032 [main] PageModelManager - com.agiletec.aps.******.services.pagemodel.PageModelManager ready. initialized
[DEBUG] 2021-02-02 12:42:10.174 [main] PageManager - com.agiletec.aps.******.services.page.PageManager ready. : Initialized
[DEBUG] 2021-02-02 12:42:10.224 [main] URLManager - com.agiletec.aps.******.services.url.URLManager ready
[DEBUG] 2021-02-02 12:42:10.236 [main] RequestValidator - com.agiletec.aps.******.services.controller.control.RequestValidator ready
[DEBUG] 2021-02-02 12:42:10.262 [main] UserManager - com.agiletec.aps.******.services.user.UserManager ready
[DEBUG] 2021-02-02 12:42:10.316 [main] GroupManager - com.agiletec.aps.******.services.group.GroupManager ready. Initialized
[DEBUG] 2021-02-02 12:42:10.346 [main] RoleManager - com.agiletec.aps.******.services.role.RoleManager : initialized
[DEBUG] 2021-02-02 12:42:10.364 [main] AuthorizationManager - com.agiletec.aps.******.services.authorization.AuthorizationManager ready
[DEBUG] 2021-02-02 12:42:10.375 [main] ApiOAuth2TokenManager - org.entando.entando.aps.******.services.oauth2.ApiOAuth2TokenManager  initialized 
[DEBUG] 2021-02-02 12:42:10.375 [pool-14-thread-1] ScheduledDeleteExpiredTokenThread - start delete expired access token
[DEBUG] 2021-02-02 12:42:10.380 [pool-14-thread-1] ScheduledDeleteExpiredTokenThread - end delete expired access token
[DEBUG] 2021-02-02 12:42:10.391 [main] AuthenticationProviderManager - com.agiletec.aps.******.services.user.AuthenticationProviderManager ready
[DEBUG] 2021-02-02 12:42:10.399 [main] Authenticator - com.agiletec.aps.******.services.controller.control.Authenticator ready
[DEBUG] 2021-02-02 12:42:10.402 [main] RequestAuthorizator - com.agiletec.aps.******.services.controller.control.RequestAuthorizator : initialized
[DEBUG] 2021-02-02 12:42:10.405 [main] ErrorManager - com.agiletec.aps.******.services.controller.control.ErrorManager : initialized
[DEBUG] 2021-02-02 12:42:10.407 [main] ControllerManager - com.agiletec.aps.******.services.controller.ControllerManager: initialized 4 controller services
[DEBUG] 2021-02-02 12:42:10.423 [main] PreviewRequestValidator - org.entando.entando.aps.******.services.controller.preview.control.PreviewRequestValidator ready
[DEBUG] 2021-02-02 12:42:10.434 [main] PreviewRequestAuthorizator - org.entando.entando.aps.******.services.controller.preview.control.PreviewRequestAuthorizator : initialized
[DEBUG] 2021-02-02 12:42:10.438 [main] PreviewErrorManager - org.entando.entando.aps.******.services.controller.preview.control.PreviewErrorManager : initialized
[DEBUG] 2021-02-02 12:42:10.515 [main] OAuthConsumerManager - org.entando.entando.aps.******.services.oauth2.OAuthConsumerManager ready
[DEBUG] 2021-02-02 12:42:11.152 [main] CategoryManager - com.agiletec.aps.******.services.category.CategoryManager initialized
[DEBUG] 2021-02-02 12:42:11.309 [main] ApsEntityManager - DataObjectManager : inizializated
[DEBUG] 2021-02-02 12:42:11.421 [main] ApsEntityManager - UserProfileManager : inizializated
[DEBUG] 2021-02-02 12:42:11.448 [main] DataObjectModelManager - org.entando.entando.aps.******.services.dataobjectmodel.DataObjectModelManager ready. Initialized 4 dataObject models
[DEBUG] 2021-02-02 12:42:11.892 [main] I18nManager - com.agiletec.aps.******.services.i18n.I18nManager : initialized 10 labels
[DEBUG] 2021-02-02 12:42:12.658 [main] ApiResourcesDefDOM - Valid api methods definition : file:/home/jenkins/.mvnrepository/org/entando/entando/entando-engine/6.3.20/entando-engine-6.3.20.jar!/api/aps/dataobject/aps/apiMethods.xml
[DEBUG] 2021-02-02 12:42:12.658 [main] ApiResourcesDefDOM - Loading Resources from file : file:/home/jenkins/.mvnrepository/org/entando/entando/entando-engine/6.3.20/entando-engine-6.3.20.jar!/api/aps/dataobject/aps/apiMethods.xml
[DEBUG] 2021-02-02 12:42:12.660 [main] ApiResourceLoader - Loaded Api Resources definition by file file:/home/jenkins/.mvnrepository/org/entando/entando/entando-engine/6.3.20/entando-engine-6.3.20.jar!/api/aps/dataobject/aps/apiMethods.xml
[DEBUG] 2021-02-02 12:42:12.663 [main] ApiResourcesDefDOM - Valid api methods definition : file:/home/jenkins/.mvnrepository/org/entando/entando/entando-engine/6.3.20/entando-engine-6.3.20.jar!/api/aps/apiMethods.xml
[DEBUG] 2021-02-02 12:42:12.663 [main] ApiResourcesDefDOM - Loading Resources from file : file:/home/jenkins/.mvnrepository/org/entando/entando/entando-engine/6.3.20/entando-engine-6.3.20.jar!/api/aps/apiMethods.xml
[DEBUG] 2021-02-02 12:42:12.667 [main] ApiResourceLoader - Loaded Api Resources definition by file file:/home/jenkins/.mvnrepository/org/entando/entando/entando-engine/6.3.20/entando-engine-6.3.20.jar!/api/aps/apiMethods.xml
[DEBUG] 2021-02-02 12:42:12.668 [main] ApiCatalogManager - org.entando.entando.aps.******.services.api.ApiCatalogManager ready.
[DEBUG] 2021-02-02 12:42:12.827 [main] KeyGeneratorManager - com.agiletec.aps.******.services.keygenerator.KeyGeneratorManager ready. : last loaded key 200
[DEBUG] 2021-02-02 12:42:13.018 [main] ActionLogManager - org.entando.entando.aps.******.services.actionlog.ActionLogManager ready
[DEBUG] 2021-02-02 12:42:13.042 [main] SocialActivityStreamManager - org.entando.entando.aps.******.services.activitystream.SocialActivityStreamManager ready
[DEBUG] 2021-02-02 12:42:13.392 [main] DefaultVelocityRenderer - BaseDataObjectRenderer ready.
[DEBUG] 2021-02-02 12:42:13.407 [main] DataObjectPageMapperManager - org.entando.entando.aps.******.services.dataobjectmapper.DataObjectPageMapperManager ready.
[DEBUG] 2021-02-02 12:42:13.411 [main] BaseDataObjectDispenser - org.entando.entando.aps.******.services.dataobjectdispenser.BaseDataObjectDispenser ready
[DEBUG] 2021-02-02 12:42:13.429 [main] SearchEngineDAOFactory - Index Directory: /workspace/source/target/test/indexdir/dataobjects/index
[DEBUG] 2021-02-02 12:42:13.429 [main] Inde**rDAO - Inde**r: search engine index ok.
[DEBUG] 2021-02-02 12:42:13.429 [main] SearchEngineDAOFactory - Index Directory: /workspace/source/target/test/indexdir/dataobjects/index
[DEBUG] 2021-02-02 12:42:13.547 [main] CacheInfoManager - org.entando.entando.aps.******.services.cache.CacheInfoManager (cache info service initialized) ready
[DEBUG] 2021-02-02 12:42:13.589 [main] BulkCommandManager - org.entando.entando.aps.******.services.command.BulkCommandManager ready
[DEBUG] 2021-02-02 12:42:13.695 [main] DefaultVelocityRenderer - com.agiletec.aps.******.common.renderer.DefaultVelocityRenderer#76a1490f ready.
[DEBUG] 2021-02-02 12:42:13.780 [main] ShortcutManager - org.entando.entando.aps*****.******.services.shortcut.ShortcutManager ready
[DEBUG] 2021-02-02 12:42:14.218 [main] NotifyManager - Unhandled generic event detected: org.springframework.context.event.ContextRefreshedEvent
[DEBUG] 2021-02-02 12:42:14.968 [main] ComponentDefDOM - Valid Component definition : /workspace/source/target/classes/component/core/portal-ui-component.xml
[DEBUG] 2021-02-02 12:42:14.968 [main] ComponentDefDOM - Loading Component from file : /workspace/source/target/classes/component/core/portal-ui-component.xml
[DEBUG] 2021-02-02 12:42:14.969 [main] ComponentLoader - Component 'entando-portal-ui' loaded
[DEBUG] 2021-02-02 12:42:14.971 [main] ComponentDefDOM - Valid Component definition : file:/home/jenkins/.mvnrepository/org/entando/entando/entando-*****-console/6.3.5/entando-*****-console-6.3.5-classes.jar!/component/core/*****-console-component.xml
[DEBUG] 2021-02-02 12:42:14.971 [main] ComponentDefDOM - Loading Component from file : file:/home/jenkins/.mvnrepository/org/entando/entando/entando-*****-console/6.3.5/entando-*****-console-6.3.5-classes.jar!/component/core/*****-console-component.xml
[DEBUG] 2021-02-02 12:42:14.972 [main] ComponentLoader - Component 'entando-*****-console' loaded
[DEBUG] 2021-02-02 12:42:14.972 [main] ComponentManager - org.entando.entando.aps.******.init.ComponentManager ready.
[DEBUG] 2021-02-02 12:42:14.996 [main] LocalStorageManager - org.entando.entando.aps.******.services.storage.LocalStorageManager ready
[DEBUG] 2021-02-02 12:42:15.150 [main] DatabaseManager - org.entando.entando.aps.******.init.DatabaseManager ready
[INFO ] 2021-02-02 12:42:15.596 [main] DatabaseManager - + [ Component: Core ] :: DATA
|   
[DEBUG] 2021-02-02 12:42:15.596 [main] DatabaseManager - |   ( ok )  Already installed
|   
[INFO ] 2021-02-02 12:42:15.596 [main] DatabaseManager - + [ Component: entando-*****-console ] :: DATA
|   
[DEBUG] 2021-02-02 12:42:15.596 [main] DatabaseManager - |   ( ok )  Already installed_|   
[INFO ] 2021-02-02 12:42:15.596 [main] DatabaseManager - + [ Component: entando-portal-ui ] :: DATA
|   
[DEBUG] 2021-02-02 12:42:15.596 [main] DatabaseManager - |   ( ok )  Already installed_|   
[INFO ] 2021-02-02 12:42:15.597 [main] DatabaseManager - + [ Component: Core ] :: DATA
|   
[DEBUG] 2021-02-02 12:42:15.597 [main] DatabaseManager - |   ( ok )  Already installed. OK_|   
[INFO ] 2021-02-02 12:42:15.597 [main] DatabaseManager - + [ Component: entando-*****-console ] :: DATA
|   
[DEBUG] 2021-02-02 12:42:15.597 [main] DatabaseManager - |   ( ok )  Already installed_|   
[INFO ] 2021-02-02 12:42:15.597 [main] DatabaseManager - + [ Component: entando-portal-ui ] :: DATA
|   
[DEBUG] 2021-02-02 12:42:15.597 [main] DatabaseManager - |   ( ok )  Already installed_|   
[DEBUG] 2021-02-02 12:42:15.597 [main] InitializerManager - org.entando.entando.aps.******.init.InitializerManager: initializated - Check on startup ****
[DEBUG] 2021-02-02 12:42:15.640 [main] BaseConfigManager - com.agiletec.aps.******.services.baseconfig.BaseConfigManager ready. Initialized
[DEBUG] 2021-02-02 12:42:15.666 [main] LangManager - com.agiletec.aps.******.services.lang.LangManager ready: initialized
[DEBUG] 2021-02-02 12:42:15.699 [main] GuiFragmentManager - org.entando.entando.aps.******.services.guifragment.GuiFragmentManager ready.
[DEBUG] 2021-02-02 12:42:15.716 [main] WidgetTypeManager - org.entando.entando.aps.******.services.widgettype.WidgetTypeManager ready. Initialized
[DEBUG] 2021-02-02 12:42:15.739 [main] PageModelManager - com.agiletec.aps.******.services.pagemodel.PageModelManager ready. initialized
[DEBUG] 2021-02-02 12:42:15.872 [main] PageManager - com.agiletec.aps.******.services.page.PageManager ready. : Initialized
[DEBUG] 2021-02-02 12:42:15.917 [main] URLManager - com.agiletec.aps.******.services.url.URLManager ready
[DEBUG] 2021-02-02 12:42:15.927 [main] RequestValidator - com.agiletec.aps.******.services.controller.control.RequestValidator ready
[DEBUG] 2021-02-02 12:42:15.958 [main] UserManager - com.agiletec.aps.******.services.user.UserManager ready
[DEBUG] 2021-02-02 12:42:15.983 [main] GroupManager - com.agiletec.aps.******.services.group.GroupManager ready. Initialized
[DEBUG] 2021-02-02 12:42:16.004 [main] RoleManager - com.agiletec.aps.******.services.role.RoleManager : initialized
[DEBUG] 2021-02-02 12:42:16.020 [main] AuthorizationManager - com.agiletec.aps.******.services.authorization.AuthorizationManager ready
[DEBUG] 2021-02-02 12:42:16.045 [main] ApiOAuth2TokenManager - org.entando.entando.aps.******.services.oauth2.ApiOAuth2TokenManager  initialized 
[DEBUG] 2021-02-02 12:42:16.045 [pool-16-thread-1] ScheduledDeleteExpiredTokenThread - start delete expired access token
[DEBUG] 2021-02-02 12:42:16.047 [pool-16-thread-1] ScheduledDeleteExpiredTokenThread - end delete expired access token
[DEBUG] 2021-02-02 12:42:16.079 [main] AuthenticationProviderManager - com.agiletec.aps.******.services.user.AuthenticationProviderManager ready
[DEBUG] 2021-02-02 12:42:16.089 [main] Authenticator - com.agiletec.aps.******.services.controller.control.Authenticator ready
[DEBUG] 2021-02-02 12:42:16.092 [main] RequestAuthorizator - com.agiletec.aps.******.services.controller.control.RequestAuthorizator : initialized
[DEBUG] 2021-02-02 12:42:16.094 [main] ErrorManager - com.agiletec.aps.******.services.controller.control.ErrorManager : initialized
[DEBUG] 2021-02-02 12:42:16.096 [main] ControllerManager - com.agiletec.aps.******.services.controller.ControllerManager: initialized 4 controller services
[DEBUG] 2021-02-02 12:42:16.105 [main] PreviewRequestValidator - org.entando.entando.aps.******.services.controller.preview.control.PreviewRequestValidator ready
[DEBUG] 2021-02-02 12:42:16.115 [main] PreviewRequestAuthorizator - org.entando.entando.aps.******.services.controller.preview.control.PreviewRequestAuthorizator : initialized
[DEBUG] 2021-02-02 12:42:16.118 [main] PreviewErrorManager - org.entando.entando.aps.******.services.controller.preview.control.PreviewErrorManager : initialized
[DEBUG] 2021-02-02 12:42:16.217 [main] OAuthConsumerManager - org.entando.entando.aps.******.services.oauth2.OAuthConsumerManager ready
[DEBUG] 2021-02-02 12:42:16.747 [main] CategoryManager - com.agiletec.aps.******.services.category.CategoryManager initialized
[DEBUG] 2021-02-02 12:42:16.913 [main] ApsEntityManager - DataObjectManager : inizializated
[DEBUG] 2021-02-02 12:42:17.044 [main] ApsEntityManager - UserProfileManager : inizializated
[DEBUG] 2021-02-02 12:42:17.076 [main] DataObjectModelManager - org.entando.entando.aps.******.services.dataobjectmodel.DataObjectModelManager ready. Initialized 4 dataObject models
[DEBUG] 2021-02-02 12:42:17.496 [main] I18nManager - com.agiletec.aps.******.services.i18n.I18nManager : initialized 10 labels
[DEBUG] 2021-02-02 12:42:18.355 [main] ApiResourcesDefDOM - Valid api methods definition : file:/home/jenkins/.mvnrepository/org/entando/entando/entando-engine/6.3.20/entando-engine-6.3.20.jar!/api/aps/dataobject/aps/apiMethods.xml
[DEBUG] 2021-02-02 12:42:18.355 [main] ApiResourcesDefDOM - Loading Resources from file : file:/home/jenkins/.mvnrepository/org/entando/entando/entando-engine/6.3.20/entando-engine-6.3.20.jar!/api/aps/dataobject/aps/apiMethods.xml
[DEBUG] 2021-02-02 12:42:18.357 [main] ApiResourceLoader - Loaded Api Resources definition by file file:/home/jenkins/.mvnrepository/org/entando/entando/entando-engine/6.3.20/entando-engine-6.3.20.jar!/api/aps/dataobject/aps/apiMethods.xml
[DEBUG] 2021-02-02 12:42:18.360 [main] ApiResourcesDefDOM - Valid api methods definition : file:/home/jenkins/.mvnrepository/org/entando/entando/entando-engine/6.3.20/entando-engine-6.3.20.jar!/api/aps/apiMethods.xml
[DEBUG] 2021-02-02 12:42:18.360 [main] ApiResourcesDefDOM - Loading Resources from file : file:/home/jenkins/.mvnrepository/org/entando/entando/entando-engine/6.3.20/entando-engine-6.3.20.jar!/api/aps/apiMethods.xml
[DEBUG] 2021-02-02 12:42:18.361 [main] ApiResourceLoader - Loaded Api Resources definition by file file:/home/jenkins/.mvnrepository/org/entando/entando/entando-engine/6.3.20/entando-engine-6.3.20.jar!/api/aps/apiMethods.xml
[DEBUG] 2021-02-02 12:42:18.363 [main] ApiCatalogManager - org.entando.entando.aps.******.services.api.ApiCatalogManager ready.
[DEBUG] 2021-02-02 12:42:18.501 [main] KeyGeneratorManager - com.agiletec.aps.******.services.keygenerator.KeyGeneratorManager ready. : last loaded key 200
[DEBUG] 2021-02-02 12:42:18.538 [main] ActionLogManager - org.entando.entando.aps.******.services.actionlog.ActionLogManager ready
[DEBUG] 2021-02-02 12:42:18.565 [main] SocialActivityStreamManager - org.entando.entando.aps.******.services.activitystream.SocialActivityStreamManager ready
[DEBUG] 2021-02-02 12:42:18.892 [main] DefaultVelocityRenderer - BaseDataObjectRenderer ready.
[DEBUG] 2021-02-02 12:42:18.905 [main] DataObjectPageMapperManager - org.entando.entando.aps.******.services.dataobjectmapper.DataObjectPageMapperManager ready.
[DEBUG] 2021-02-02 12:42:18.909 [main] BaseDataObjectDispenser - org.entando.entando.aps.******.services.dataobjectdispenser.BaseDataObjectDispenser ready
[DEBUG] 2021-02-02 12:42:18.936 [main] SearchEngineDAOFactory - Index Directory: /workspace/source/target/test/indexdir/dataobjects/index
[DEBUG] 2021-02-02 12:42:18.937 [main] Inde**rDAO - Inde**r: search engine index ok.
[DEBUG] 2021-02-02 12:42:18.937 [main] SearchEngineDAOFactory - Index Directory: /workspace/source/target/test/indexdir/dataobjects/index
[DEBUG] 2021-02-02 12:42:19.062 [main] CacheInfoManager - org.entando.entando.aps.******.services.cache.CacheInfoManager (cache info service initialized) ready
[DEBUG] 2021-02-02 12:42:19.091 [main] BulkCommandManager - org.entando.entando.aps.******.services.command.BulkCommandManager ready
[DEBUG] 2021-02-02 12:42:19.180 [main] DefaultVelocityRenderer - com.agiletec.aps.******.common.renderer.DefaultVelocityRenderer#46206030 ready.
[DEBUG] 2021-02-02 12:42:19.262 [main] ShortcutManager - org.entando.entando.aps*****.******.services.shortcut.ShortcutManager ready
[DEBUG] 2021-02-02 12:42:19.791 [main] NotifyManager - Unhandled generic event detected: org.springframework.context.event.ContextRefreshedEvent
[DEBUG] 2021-02-02 12:42:20.074 [main] NotifyManager - Unhandled generic event detected: org.springframework.context.event.ContextClosedEvent
[INFO] Tests run: 1, Failures: 0, Errors: 0, Skipped: 0, Time elapsed: 11.796 s - in org.entando.entando.aps.******.services.controller.e**cutor.TestWidgetE**cutorService
[INFO] 
[INFO] Results:
[INFO] 
[INFO] Tests run: 9, Failures: 0, Errors: 0, Skipped: 0
[INFO] 
[INFO] 
[INFO] --- maven-war-plugin:2.1.1:war (default-war) @ entando-portal-ui ---
WARNING: An illegal reflective access operation has occurred
WARNING: Illegal reflective access by com.thoughtworks.xstream.core.util.Fields (file:/home/jenkins/.mvnrepository/com/thoughtworks/xstream/xstream/1.3.1/xstream-1.3.1.jar) to field java.util.Properties.defaults
WARNING: Please consider reporting this to the maintainers of com.thoughtworks.xstream.core.util.Fields
WARNING: Use --illegal-access=warn to enable warnings of further illegal reflective access operations
WARNING: All illegal access operations will be denied in a future release
[INFO] Packaging webapp
[INFO] Assembling webapp [entando-portal-ui] in [/workspace/source/target/entando-portal-ui-0.0.0-SNAPSHOT-PR-15-4]
[INFO] Processing war project
[INFO] Copying webapp resources [/workspace/source/src/main/webapp]
[INFO] Building jar: /workspace/source/target/entando-portal-ui-0.0.0-SNAPSHOT-PR-15-4/WEB-INF/lib/entando-portal-ui-0.0.0-SNAPSHOT-PR-15-4.jar
[INFO] Webapp assembled in [833 msecs]
[INFO] Building war: /workspace/source/target/entando-portal-ui-0.0.0-SNAPSHOT-PR-15-4.war
[INFO] 
[INFO] --- maven-jar-plugin:3.2.0:test-jar (build-test-jar) @ entando-portal-ui ---
[INFO] Building jar: /workspace/source/target/entando-portal-ui-0.0.0-SNAPSHOT-PR-15-4-tests.jar
[INFO] 
[INFO] --- maven-assembly-plugin:2.2.1:single (package-classes) @ entando-portal-ui ---
[INFO] Reading assembly descriptor: /workspace/source/src/main/assembly/classes.xml
[INFO] Building jar: /workspace/source/target/entando-portal-ui-0.0.0-SNAPSHOT-PR-15-4-classes.jar
[INFO] 
[INFO] --- maven-surefire-report-plugin:3.0.0-M4:failsafe-report-only (integration-tests) @ entando-portal-ui ---
[INFO] 
[INFO] --- dependency-check-maven:5.3.2:aggregate (default) @ entando-portal-ui ---
[INFO] Skipping National Vulnerability Database Report
[INFO] 
[INFO] --- jacoco-maven-plugin:0.8.5:report (report) @ entando-portal-ui ---
[INFO] Loading e**cution data file /workspace/source/target/jacoco.e**c
[INFO] Analyzed bundle 'Entando Core: Portal UI' with 18 classes
[INFO] 
[INFO] --- maven-surefire-report-plugin:3.0.0-M4:report-only (unit-tests) @ entando-portal-ui ---
[WARNING] Unable to locate Test Source XRef to link to - DISABLED
[INFO] 
[INFO] --- maven-install-plugin:2.4:install (default-install) @ entando-portal-ui ---
[INFO] Installing /workspace/source/target/entando-portal-ui-0.0.0-SNAPSHOT-PR-15-4.war to /home/jenkins/.mvnrepository/org/entando/entando/entando-portal-ui/0.0.0-SNAPSHOT-PR-15-4/entando-portal-ui-0.0.0-SNAPSHOT-PR-15-4.war
[INFO] Installing /workspace/source/pom.xml to /home/jenkins/.mvnrepository/org/entando/entando/entando-portal-ui/0.0.0-SNAPSHOT-PR-15-4/entando-portal-ui-0.0.0-SNAPSHOT-PR-15-4.pom
[INFO] Installing /workspace/source/target/entando-portal-ui-0.0.0-SNAPSHOT-PR-15-4-tests.jar to /home/jenkins/.mvnrepository/org/entando/entando/entando-portal-ui/0.0.0-SNAPSHOT-PR-15-4/entando-portal-ui-0.0.0-SNAPSHOT-PR-15-4-tests.jar
[INFO] Installing /workspace/source/target/entando-portal-ui-0.0.0-SNAPSHOT-PR-15-4-classes.jar to /home/jenkins/.mvnrepository/org/entando/entando/entando-portal-ui/0.0.0-SNAPSHOT-PR-15-4/entando-portal-ui-0.0.0-SNAPSHOT-PR-15-4-classes.jar
[INFO] 
[INFO] --- maven-deploy-plugin:2.8.2:deploy (default-deploy) @ entando-portal-ui ---
[INFO] Using alternate deployment repository local-nexus::default::http://nexus/repository/maven-releases/
[INFO] 
[INFO] ---------------< org.entando.entando:entando-portal-ui >----------------
[INFO] Building Entando Core: Portal UI 0.0.0-SNAPSHOT-PR-15-4
[INFO] --------------------------------[ war ]---------------------------------
[WARNING] The POM for org.eclipse.m2e:lifecycle-mapping:jar:1.0.0 is missing, no dependency information available
[WARNING] Failed to retrieve plugin descriptor for org.eclipse.m2e:lifecycle-mapping:1.0.0: Plugin org.eclipse.m2e:lifecycle-mapping:1.0.0 or one of its dependencies could not be resolved: Failure to find org.eclipse.m2e:lifecycle-mapping:jar:1.0.0 in http://nexus/repository/maven-group/ was cached in the local repository, resolution will not be reattempted until the update interval of nexus has elapsed or updates are forced
[INFO] 
[INFO] --- sonar-maven-plugin:3.8.0.2131:sonar (default-cli) @ entando-portal-ui ---
[INFO] User cache: /****/.sonar/cache
[INFO] SonarQube version: 8.5.0
[INFO] Default locale: "en_US", source code encoding: "UTF-8"
[INFO] Load global settings
[INFO] Load global settings (done) | time=227ms
[INFO] Server id: 1BD809FA-AWHW8ct9-T_TB3XqouNu
[INFO] User cache: /****/.sonar/cache
[INFO] Load/download plugins
[INFO] Load plugins index
[INFO] Load plugins index (done) | time=110ms
[INFO] Load/download plugins (done) | time=24389ms
[INFO] Loaded core extensions: developer-scanner
[INFO] JavaScript/TypeScript frontend is enabled
[INFO] Load project settings for component key: 'entando_entando-portal-ui'
[INFO] Load project settings for component key: 'entando_entando-portal-ui' (done) | time=28ms
[INFO] Process project properties
[INFO] E**cute project builders
[INFO] E**cute project builders (done) | time=2ms
[INFO] Project key: entando_entando-portal-ui
[INFO] Base dir: /workspace/source
[INFO] Working dir: /workspace/source/target/sonar
[INFO] Load project branches
[INFO] Load project branches (done) | time=32ms
[INFO] Check ALM binding of project 'entando_entando-portal-ui'
[INFO] Detected project binding: NOT_BOUND
[INFO] Check ALM binding of project 'entando_entando-portal-ui' (done) | time=22ms
[INFO] Load project pull requests
[INFO] Load project pull requests (done) | time=32ms
[INFO] Load branch configuration
[INFO] Load branch configuration (done) | time=4ms
[INFO] Load quality profiles
[INFO] Load quality profiles (done) | time=89ms
[INFO] Load active rules
[INFO] Load active rules (done) | time=1391ms
[INFO] Organization key: entando
[INFO] Pull request 15 for merge into master from PR-15
[INFO] SCM collecting changed files in the branch
[WARNING] Exception caught during e**cution of command '[/usr/local/git/bin/git, config, --******, --edit]' in '/usr/local/git/bin', return code '128', error message 'fatal: Invalid path '/usr/local/git/etc': No such file or directory
'
[INFO] SCM collecting changed files in the branch (done) | time=344ms
[INFO] Indexing files...
[INFO] Project configuration:
[INFO] 66 files inde**d
[INFO] 0 files ignored because of scm ignore settings
[INFO] Quality profile for java: Sonar way
[INFO] Quality profile for jsp: Sonar way
[INFO] Quality profile for xml: Sonar way
[INFO] ------------- Run sensors on module Entando Core: Portal UI
[INFO] JavaScript/TypeScript frontend is enabled
[INFO] Load metrics repository
[INFO] Load metrics repository (done) | time=41ms
[INFO] Sensor JavaSquidSensor [java]
[INFO] Configured Java source version (sonar.java.source): 8
[INFO] JavaClasspath initialization
[INFO] JavaClasspath initialization (done) | time=21ms
[INFO] JavaTestClasspath initialization
[INFO] JavaTestClasspath initialization (done) | time=2ms
Feb 02, 2021 12:43:05 PM org.apache.jasper.servlet.TldScanner scanJars
INFO: At least one JAR was scanned for TLDs yet contained no TLDs. Enable debug logging for this logger for a complete list of JARs that were scanned but no TLDs were found in them. Skipping unneeded JARs during scanning can improve startup time and JSP compilation time.
[WARNING] Some JSP pages failed to transpile. Enable debug log for details.
[INFO] Java Main Files AST scan
[INFO] 20 source files to be analyzed
[INFO] 20/20 source files have been analyzed
[INFO] Java Main Files AST scan (done) | time=7780ms
[INFO] Java Test Files AST scan
[INFO] 7 source files to be analyzed
[INFO] Java Test Files AST scan (done) | time=555ms
[INFO] Java Generated Files AST scan
[INFO] 7/7 source files have been analyzed
[INFO] 27 source files to be analyzed
[INFO] Java Generated Files AST scan (done) | time=6025ms
[INFO] 27/27 source files have been analyzed
[INFO] Sensor JavaSquidSensor [java] (done) | time=17357ms
[INFO] Sensor SonarCSS Rules [cssfamily]
[INFO] No CSS, PHP, HTML or VueJS files are found in the project. CSS analysis is skipped.
[INFO] Sensor SonarCSS Rules [cssfamily] (done) | time=2ms
[INFO] Sensor C# Properties [csharp]
[INFO] Sensor C# Properties [csharp] (done) | time=2ms
[INFO] Sensor Import of Checkstyle issues [java]
[WARNING] Checkstyle report not found: /workspace/source/target/checkstyle-result.xml
[INFO] Sensor Import of Checkstyle issues [java] (done) | time=5ms
[INFO] Sensor SurefireSensor [java]
[INFO] parsing [/workspace/source/target/surefire-reports]
[INFO] Sensor SurefireSensor [java] (done) | time=65ms
[INFO] Sensor JavaXmlSensor [java]
[INFO] 2 source files to be analyzed
[INFO] Sensor JavaXmlSensor [java] (done) | time=129ms
[INFO] 2/2 source files have been analyzed
[INFO] Sensor HTML [web]
[INFO] Sensor HTML [web] (done) | time=402ms
[INFO] Sensor XML Sensor [xml]
[INFO] 2 source files to be analyzed
[INFO] Sensor XML Sensor [xml] (done) | time=236ms
[INFO] 2/2 source files have been analyzed
[INFO] Sensor VB.NET Properties [vbnet]
[INFO] Sensor VB.NET Properties [vbnet] (done) | time=3ms
[INFO] Sensor JaCoCo XML Report Importer [jacoco]
[INFO] Importing 1 report(s). Turn your logs in debug mode in order to see the exhaustive list.
[INFO] Sensor JaCoCo XML Report Importer [jacoco] (done) | time=63ms
[INFO] Sensor ThymeLeaf template sensor [securityjavafrontend]
[INFO] Sensor ThymeLeaf template sensor [securityjavafrontend] (done) | time=7ms
[INFO] Sensor JavaSecuritySensor [security]
[INFO] Reading type hierarchy from: /workspace/source/target/sonar/ucfg2/java
[INFO] Read 255 type definitions
[INFO] Reading UCFGs from: /workspace/source/target/sonar/ucfg2/java
[INFO] 12:43:23.514649 Building Runtime Type propagation graph
[INFO] 12:43:23.653331 Running Tarjan on 6845 nodes
[INFO] 12:43:23.679673 Tarjan found 6844 components
[INFO] 12:43:23.71585 Variable type analysis: done
[INFO] 12:43:23.720156 Building Runtime Type propagation graph
[INFO] 12:43:23.785405 Running Tarjan on 6845 nodes
[INFO] 12:43:23.793382 Tarjan found 6844 components
[INFO] 12:43:23.807156 Variable type analysis: done
[INFO] Analyzing 961 ucfgs to detect vulnerabilities.
[INFO] All rules entrypoints : 1 Retained UCFGs : 10
[INFO] rule: S5131, entrypoints: 0
[INFO] rule: S5131 done
[INFO] rule: S3649, entrypoints: 0
[INFO] rule: S3649 done
[INFO] rule: S2076, entrypoints: 0
[INFO] rule: S2076 done
[INFO] rule: S2091, entrypoints: 0
[INFO] rule: S2091 done
[INFO] rule: S2078, entrypoints: 0
[INFO] rule: S2078 done
[INFO] rule: S2631, entrypoints: 0
[INFO] rule: S2631 done
[INFO] rule: S5135, entrypoints: 0
[INFO] rule: S5135 done
[INFO] rule: S2083, entrypoints: 0
[INFO] rule: S2083 done
[INFO] rule: S5167, entrypoints: 0
[INFO] rule: S5167 done
[INFO] rule: S5144, entrypoints: 0
[INFO] rule: S5144 done
[INFO] rule: S5145, entrypoints: 1
[INFO] Running symbolic analysis
[INFO] rule: S5145 done
[INFO] rule: S5146, entrypoints: 0
[INFO] rule: S5146 done
[INFO] rule: S5334, entrypoints: 0
[INFO] rule: S5334 done
[INFO] Sensor JavaSecuritySensor [security] (done) | time=5186ms
[INFO] Sensor CSharpSecuritySensor [security]
[INFO] Reading type hierarchy from: /workspace/source/target/ucfg_cs2
[INFO] Read 0 type definitions
[INFO] Reading UCFGs from: /workspace/source/target/ucfg_cs2
[INFO] No UCFGs have been included for analysis.
[INFO] Sensor CSharpSecuritySensor [security] (done) | time=1ms
[INFO] Sensor PhpSecuritySensor [security]
[INFO] Reading type hierarchy from: /workspace/source/target/sonar/ucfg2/php
[INFO] Read 0 type definitions
[INFO] Reading UCFGs from: /workspace/source/target/sonar/ucfg2/php
[INFO] No UCFGs have been included for analysis.
[INFO] Sensor PhpSecuritySensor [security] (done) | time=1ms
[INFO] Sensor PythonSecuritySensor [security]
[INFO] Reading type hierarchy from: /workspace/source/target/sonar/ucfg2/python
[INFO] Read 0 type definitions
[INFO] Reading UCFGs from: /workspace/source/target/sonar/ucfg2/python
[INFO] No UCFGs have been included for analysis.
[INFO] Sensor PythonSecuritySensor [security] (done) | time=1ms
[INFO] Sensor JsSecuritySensor [security]
[INFO] Reading type hierarchy from: /workspace/source/target/sonar/ucfg2/js
[INFO] Read 0 type definitions
[INFO] Reading UCFGs from: /workspace/source/target/sonar/ucfg2/js
[INFO] No UCFGs have been included for analysis.
[INFO] Sensor JsSecuritySensor [security] (done) | time=1ms
[INFO] ------------- Run sensors on project
[INFO] Sensor Zero Coverage Sensor
[INFO] Sensor Zero Coverage Sensor (done) | time=1ms
[INFO] Sensor Java CPD Block Inde**r
[INFO] Sensor Java CPD Block Inde**r (done) | time=69ms
[INFO] SCM Publisher SCM provider for this project is: git
[INFO] SCM Publisher 8 source files to be analyzed
[INFO] SCM Publisher 7/8 source files have been analyzed (done) | time=197ms
[WARNING] Missing blame information for the following files:
[WARNING]   * pom.xml
[WARNING] This may lead to missing/broken features in SonarCloud
[INFO] CPD E**cutor 15 files had no CPD blocks
[INFO] CPD E**cutor Calculating CPD for 39 files
[INFO] CPD E**cutor CPD calculation finished (done) | time=56ms
[INFO] SCM writing changed lines
[INFO] SCM writing changed lines (done) | time=116ms
[INFO] Analysis report generated in 300ms, dir size=268 KB
[INFO] Analysis report compressed in 68ms, zip size=100 KB
[INFO] Analysis report uploaded in 105ms
[INFO] ANALYSIS SUCCESSFUL, you can find the results at: https://sonarcloud.io/dashboard?id=entando_entando-portal-ui&pullRequest=15
[INFO] Note that you will be able to access the updated dashboard once the server has processed the submitted analysis report
[INFO] More about the report processing at https://sonarcloud.io/api/ce/task?id=AXdixOuQcnSxoiRvKAya
[INFO] Analysis total time: 30.957 s
[INFO] ------------------------------------------------------------------------
[INFO] BUILD SUCCESS
[INFO] ------------------------------------------------------------------------
[INFO] Total time:  02:43 min
[INFO] Finished at: 2021-02-02T12:43:28Z
[INFO] ------------------------------------------------------------------------
Picked up _JAVA_OPTIONS: -XX:+UnlockExperimentalVMOptions -Dsun.zip.disableMemoryMapping=**** -XX:+UseParallelGC -XX:MinHeapFreeRatio=5 -XX:MaxHeapFreeRatio=10 -XX:GCTimeRatio=4 -XX:AdaptiveSizePolicyWeight=90 -Xms10m -Xmx8000m
[INFO] Scanning for projects...
[INFO] 
[INFO] ---------------< org.entando.entando:entando-portal-ui >----------------
[INFO] Building Entando Core: Portal UI 0.0.0-SNAPSHOT-PR-15-4
[INFO] --------------------------------[ war ]---------------------------------
[WARNING] The POM for com.sun.xml.bind:jaxb-impl:jar:2.2.11 is invalid, transitive dependencies (if any) will not be available, enable debug logging for more details
[INFO] 
[INFO] --- maven-site-plugin:3.9.0:site (default-site) @ entando-portal-ui ---
[INFO] configuring report plugin org.apache.maven.plugins:maven-project-info-reports-plugin:3.0.0
[INFO] 9 reports configured for maven-project-info-reports-plugin:3.0.0: dependency-info, distribution-management, index, ci-management, issue-management, licenses, plugins, scm, summary
[INFO] Rendering site with default locale English (en)
[WARNING] Unable to find a URL to the parent project. The parent menu will NOT be added.
[INFO] Relativizing decoration links with respect to localized project URL: http://www.entando.com/
[INFO] Rendering content with org.apache.maven.skins:maven-default-skin:jar:1.3 skin.
[INFO] Generating "Dependency Information" report --- maven-project-info-reports-plugin:3.0.0:dependency-info
[INFO] Generating "About" report         --- maven-project-info-reports-plugin:3.0.0:index
[INFO] Generating "Issue Management" report --- maven-project-info-reports-plugin:3.0.0:issue-management
[INFO] Generating "Licenses" report      --- maven-project-info-reports-plugin:3.0.0:licenses
[INFO] Generating "Plugins" report       --- maven-project-info-reports-plugin:3.0.0:plugins
[INFO] Generating "Source Code Management" report --- maven-project-info-reports-plugin:3.0.0:scm
[INFO] Generating "Summary" report       --- maven-project-info-reports-plugin:3.0.0:summary
[INFO] ------------------------------------------------------------------------
[INFO] BUILD SUCCESS
[INFO] ------------------------------------------------------------------------
[INFO] Total time:  10.787 s
[INFO] Finished at: 2021-02-02T12:43:41Z
[INFO] ------------------------------------------------------------------------
error: etcdserver: request is too large
  % Total    % Received % Xferd  Average Speed   Time    Time     Time  Current
                                 Dload  Upload   Total   Spent    Left  Speed
  0     0    0     0    0     0      0      0 --:--:-- --:--:-- --:--:--     0 11  1834    0     0  100   209      0    314 --:--:-- --:--:-- --:--:--   314100  1834  100  1625  100   209   2443    314 --:--:-- --:--:-- --:--:--  2443
{
  "url": "https://api.github.com/repos/entando/entando-portal-ui/statuses/7ca4187e36e79f3fa7ae813970f49b07e922289d",
  "avatar_url": "https://avatars.githubusercontent.com/u/57885396?v=4",
  "id": 12041220502,
  "node_id": "MDEzOlN0YXR1c0NvbnRleHQxMjA0MTIyMDUwMg==",
  "state": "success",
  "description": "Pre-deployment tests success!",
  "target_url": "https://entando-k8s.github.io/devops-results/entando-portal-ui/PR-15/surefire-report.html",
  "context": "Pre-deployment tests",
  "created_at": "2021-02-02T12:43:55Z",
  "updated_at": "2021-02-02T12:43:55Z",
  "creator": {
    "login": "**********",
    "id": 57885396,
    "node_id": "MDQ6VXNlcjU3ODg1Mzk2",
    "avatar_url": "https://avatars.githubusercontent.com/u/57885396?v=4",
    "gravatar_id": "",
    "url": "https://api.github.com/users/**********",
    "html_url": "https://github.com/**********",
    "followers_url": "https://api.github.com/users/**********/followers",
    "following_url": "https://api.github.com/users/**********/following{/other_user}",
    "gists_url": "https://api.github.com/users/entando-**/gists{/gist_id}",
    "starred_url": "https://api.github.com/users/**********/starred{/owner}{/repo}",
    "subscriptions_url": "https://api.github.com/users/**********/subscriptions",
    "organizations_url": "https://api.github.com/users/**********/orgs",
    "repos_url": "https://api.github.com/users/**********/repos",
    "events_url": "https://api.github.com/users/**********/events{/privacy}",
    "received_events_url": "https://api.github.com/users/**********/received_events",
    "type": "User",
    "site_*****": false
  }
}
Congratulations! No build failures found for entando-portal-ui-PR-15.
