
Showing logs for build [32mentando-entando-plugin-jpseo-ma-b8778-34[0m stage [32mfrom-build-pack[0m and container [32mstep-credential-initializer-9q27b[0m
{"level":"warn","ts":1612286799.2452695,"logger":"fallback-logger","caller":"logging/config.go:69","msg":"Fetch GitHub commit ID from kodata failed: \"ref: refs/heads/0.8.0-**-support-backwards-incompats\" is not a valid GitHub commit ID"}
{"level":"info","ts":1612286799.262412,"logger":"fallback-logger","caller":"creds-init/main.go:40","msg":"Credentials initialized."}

Showing logs for build [32mentando-entando-plugin-jpseo-ma-b8778-34[0m stage [32mfrom-build-pack[0m and container [32mstep-working-dir-initializer-x6prx[0m
{"level":"warn","ts":1612286801.1069756,"logger":"fallback-logger","caller":"logging/config.go:69","msg":"Fetch GitHub commit ID from kodata failed: open /var/run/ko/HEAD: no such file or directory"}
{"level":"info","ts":1612286801.1390488,"logger":"fallback-logger","caller":"bash/main.go:64","msg":"Successfully e**cuted command \"sh -c mkdir -p /workspace/source\"; output "}

Showing logs for build [32mentando-entando-plugin-jpseo-ma-b8778-34[0m stage [32mfrom-build-pack[0m and container [32mstep-place-tools[0m

Showing logs for build [32mentando-entando-plugin-jpseo-ma-b8778-34[0m stage [32mfrom-build-pack[0m and container [32mstep-git-source-entando-entando-plugin-jpseo-ma-78shn[0m
{"level":"warn","ts":1612286926.726673,"logger":"fallback-logger","caller":"logging/config.go:69","msg":"Fetch GitHub commit ID from kodata failed: \"ref: refs/heads/0.8.0-**-support-backwards-incompats\" is not a valid GitHub commit ID"}
{"level":"info","ts":1612286928.235703,"logger":"fallback-logger","caller":"git/git.go:103","msg":"Successfully cloned https://github.com/entando/entando-plugin-jpseo.git @ v6.3.4 in path /workspace/source"}

Showing logs for build [32mentando-entando-plugin-jpseo-ma-b8778-34[0m stage [32mfrom-build-pack[0m and container [32mstep-git-merge[0m
Using SHAs from PULL_REFS=master:8a2324e93ae1d615c88fe3ebf5d0d01e8b902313
WARNING: no SHAs to merge, falling back to initial cloned commit

Showing logs for build [32mentando-entando-plugin-jpseo-ma-b8778-34[0m stage [32mfrom-build-pack[0m and container [32mstep-setup-jx-git-credentials[0m
Generated Git credentials file /workspace/xdg_config/git/credentials

Showing logs for build [32mentando-entando-plugin-jpseo-ma-b8778-34[0m stage [32mfrom-build-pack[0m and container [32mstep-build-fetch-history-for-sonar[0m
From https://github.com/entando/entando-plugin-jpseo
 * [new branch]      5.1.1-dev              -> origin/5.1.1-dev
 * [new branch]      EN-4.3.6               -> origin/EN-4.3.6
 * [new branch]      ENG-1276_widget_rename -> origin/ENG-1276_widget_rename
 * [new branch]      ENG-1512_cspNonce      -> origin/ENG-1512_cspNonce
 * [new branch]      ENG-442-adding-crsf-protection -> origin/ENG-442-adding-crsf-protection
 * [new branch]      ENG-532-improve-the-pr-that-fi**s-jacms-resource-edit -> origin/ENG-532-improve-the-pr-that-fi**s-jacms-resource-edit
 * [new branch]      ENG-773-fix-exp        -> origin/ENG-773-fix-exp
 * [new branch]      PIA-16                 -> origin/PIA-16
 * [new branch]      PIA-16-DEV             -> origin/PIA-16-DEV
 * [new branch]      analysis-ENG-1070      -> origin/analysis-ENG-1070
 * [new branch]      master                 -> origin/master
 * [new branch]      v5.3.0-dev             -> origin/v5.3.0-dev
 * [new branch]      v6.1.0-release         -> origin/v6.1.0-release
 * [new branch]      v6.1.1-release         -> origin/v6.1.1-release
 * [new branch]      xdev-pom-udpate-2020-12-10_21-46-11 -> origin/xdev-pom-udpate-2020-12-10_21-46-11
 * [new tag]         v6.1.0                 -> v6.1.0
 * [new tag]         v6.1.1                 -> v6.1.1
 * [new tag]         v6.3.4                 -> v6.3.4
 * [new tag]         pia-crs4               -> pia-crs4
 * [new tag]         v4.3.3                 -> v4.3.3
 * [new tag]         v4.3.4                 -> v4.3.4
 * [new tag]         v4.3.5                 -> v4.3.5
 * [new tag]         v5.1.0                 -> v5.1.0
 * [new tag]         v5.2.0                 -> v5.2.0
 * [new tag]         v5.3.0-comca           -> v5.3.0-comca
 * [new tag]         v6.2.0-sprint1-rc      -> v6.2.0-sprint1-rc
 * [new tag]         v6.2.0-sprint2-rc      -> v6.2.0-sprint2-rc
 * [new tag]         v6.2.0-sprint3-rc      -> v6.2.0-sprint3-rc
 * [new tag]         v6.2.0-sprint4-rc      -> v6.2.0-sprint4-rc
 * [new tag]         v6.2.0-sprint5-rc      -> v6.2.0-sprint5-rc

Showing logs for build [32mentando-entando-plugin-jpseo-ma-b8778-34[0m stage [32mfrom-build-pack[0m and container [32mstep-build-mvn-deploy-release[0m
Picked up _JAVA_OPTIONS: -XX:+UnlockExperimentalVMOptions -Dsun.zip.disableMemoryMapping=**** -XX:+UseParallelGC -XX:MinHeapFreeRatio=5 -XX:MaxHeapFreeRatio=10 -XX:GCTimeRatio=4 -XX:AdaptiveSizePolicyWeight=90 -Xms10m -Xmx8000m
[INFO] Scanning for projects...
[INFO] 
[INFO] ----------< org.entando.entando.plugins:entando-plugin-jpseo >----------
[INFO] Building Entando Plugin: SEO 6.3.4
[INFO] --------------------------------[ war ]---------------------------------
[WARNING] The POM for com.sun.xml.bind:jaxb-impl:jar:2.2.11 is invalid, transitive dependencies (if any) will not be available, enable debug logging for more details
[INFO] 
[INFO] --- maven-clean-plugin:2.5:clean (default-clean) @ entando-plugin-jpseo ---
[INFO] 
[INFO] --- maven-checkstyle-plugin:3.1.1:check (validate) @ entando-plugin-jpseo ---
[INFO] 
[INFO] --- maven-checkstyle-plugin:3.1.1:checkstyle (validate) @ entando-plugin-jpseo ---
[INFO] 
[INFO] --- jacoco-maven-plugin:0.8.5:prepare-agent (prepare-agent) @ entando-plugin-jpseo ---
[INFO] argLine set to -javaagent:/home/jenkins/.mvnrepository/org/jacoco/org.jacoco.agent/0.8.5/org.jacoco.agent-0.8.5-runtime.jar=destfile=/workspace/source/target/jacoco.e**c
[INFO] 
[INFO] --- maven-resources-plugin:2.5:resources (default-resources) @ entando-plugin-jpseo ---
[debug] e**cute contextualize
[INFO] Using 'UTF-8' encoding to copy filtered resources.
[INFO] Copying 12 resources
[INFO] Copying 1 resource
[INFO] Copying 5 resources
[INFO] Copying 11 resources
[INFO] Copying 2 resources to META-INF
[INFO] 
[INFO] --- maven-compiler-plugin:3.8.1:compile (default-compile) @ entando-plugin-jpseo ---
[INFO] Changes detected - recompiling the module!
[INFO] Compiling 50 source files to /workspace/source/target/classes
[WARNING] /workspace/source/src/main/java/org/entando/entando/plugins/jpseo/aps/******/services/page/SeoPageExtraConfigDOM.java:[92,73] unchecked conversion
  required: java.util.List<org.jdom.Element>
  found:    java.util.List
[WARNING] /workspace/source/src/main/java/org/entando/entando/plugins/jpseo/aps/******/services/page/SeoPageExtraConfigDOM.java:[100,65] unchecked conversion
  required: java.util.List<org.jdom.Element>
  found:    java.util.List
[WARNING] /workspace/source/src/main/java/org/entando/entando/plugins/jpseo/aps/******/services/page/SeoPageExtraConfigDOM.java:[122,66] unchecked conversion
  required: java.util.List<org.jdom.Element>
  found:    java.util.List
[WARNING] /workspace/source/src/main/java/org/entando/entando/plugins/jpseo/aps/******/services/page/SeoPageExtraConfigDOM.java:[186,70] unchecked conversion
  required: java.util.List<org.jdom.Element>
  found:    java.util.List
[WARNING] /workspace/source/src/main/java/org/entando/entando/plugins/jpseo/aps/******/services/page/SeoPageExtraConfigDOM.java:[203,70] unchecked conversion
  required: java.util.List<org.jdom.Element>
  found:    java.util.List
[WARNING] /workspace/source/src/main/java/org/entando/entando/plugins/jpseo/aps/******/services/page/SeoPageService.java:[270,62] unchecked conversion
  required: java.util.Map<java.lang.String,java.util.Map<java.lang.String,org.entando.entando.plugins.jpseo.aps.******.services.page.PageMetatag>>
  found:    java.util.HashMap
[WARNING] /workspace/source/src/main/java/org/entando/entando/plugins/jpseo/aps/******/services/mapping/cache/SeoMappingCacheWrapper.java:[119,61] unchecked cast
  required: java.util.List<java.lang.String>
  found:    java.util.List
[WARNING] /workspace/source/src/main/java/org/entando/entando/plugins/jpseo/aps/******/services/mapping/cache/SeoMappingCacheWrapper.java:[129,56] unchecked cast
  required: java.util.List<java.lang.String>
  found:    java.util.List
[WARNING] /workspace/source/src/main/java/org/entando/entando/plugins/jpseo/aps/******/services/mapping/cache/SeoMappingCacheWrapper.java:[167,46] unchecked conversion
  required: java.util.Map<java.lang.String,java.lang.String>
  found:    java.util.Map
[WARNING] /workspace/source/src/main/java/org/entando/entando/plugins/jpseo/aps/******/services/mapping/cache/SeoMappingCacheWrapper.java:[174,46] unchecked conversion
  required: java.util.Map<java.lang.String,java.lang.String>
  found:    java.util.Map
[WARNING] /workspace/source/src/main/java/org/entando/entando/plugins/jpseo/aps/tags/SiteMapTag.java:[90,44] unchecked call to FieldSearchFilter(java.lang.String,T,boolean) as a member of the raw type com.agiletec.aps.******.common.FieldSearchFilter
[WARNING] /workspace/source/src/main/java/org/entando/entando/plugins/jpseo/aps/******/services/url/URLManager.java:[73,38] unchecked method invocation: method createURL in class com.agiletec.aps.******.services.url.URLManager is applied to given types
  required: com.agiletec.aps.******.services.page.IPage,com.agiletec.aps.******.services.lang.Lang,java.util.Map<java.lang.String,java.lang.String>,boolean,javax.servlet.http.HttpServletRequest
  found: com.agiletec.aps.******.services.page.IPage,com.agiletec.aps.******.services.lang.Lang,java.util.Map,boolean,javax.servlet.http.HttpServletRequest
[WARNING] /workspace/source/src/main/java/org/entando/entando/plugins/jpseo/aps/******/services/url/URLManager.java:[73,72] unchecked conversion
  required: java.util.Map<java.lang.String,java.lang.String>
  found:    java.util.Map
[WARNING] /workspace/source/src/main/java/org/entando/entando/plugins/jpseo/aps/******/services/url/URLManager.java:[75,45] unchecked method invocation: method createFriendlyUrl in class org.entando.entando.plugins.jpseo.aps.******.services.url.URLManager is applied to given types
  required: java.lang.String,com.agiletec.aps.******.services.lang.Lang,java.util.Map<java.lang.String,java.lang.String>,boolean,javax.servlet.http.HttpServletRequest
  found: java.lang.String,com.agiletec.aps.******.services.lang.Lang,java.util.Map,boolean,javax.servlet.http.HttpServletRequest
[WARNING] /workspace/source/src/main/java/org/entando/entando/plugins/jpseo/aps/******/services/url/URLManager.java:[75,83] unchecked conversion
  required: java.util.Map<java.lang.String,java.lang.String>
  found:    java.util.Map
[WARNING] /workspace/source/src/main/java/org/entando/entando/plugins/jpseo/aps/******/services/metatag/MetatagDOM.java:[44,83] unchecked conversion
  required: java.util.List<org.jdom.Element>
  found:    java.util.List
[WARNING] /workspace/source/src/main/java/org/entando/entando/plugins/jpseo/aps/******/sitemap/SitemapAction.java:[109,44] unchecked call to FieldSearchFilter(java.lang.String,T,boolean) as a member of the raw type com.agiletec.aps.******.common.FieldSearchFilter
[INFO] /workspace/source/src/main/java/org/entando/entando/plugins/jpseo/aps/******/services/controller/control/RequestValidator.java: /workspace/source/src/main/java/org/entando/entando/plugins/jpseo/aps/******/services/controller/control/RequestValidator.java uses or overrides a deprecated API.
[INFO] /workspace/source/src/main/java/org/entando/entando/plugins/jpseo/aps/******/services/controller/control/RequestValidator.java: Recompile with -Xlint:deprecation for details.
[INFO] 
[INFO] --- maven-resources-plugin:2.5:copy-resources (copy-resources-test) @ entando-plugin-jpseo ---
[debug] e**cute contextualize
[INFO] Using 'UTF-8' encoding to copy filtered resources.
[INFO] Copying 5 resources
[INFO] 
[INFO] --- maven-resources-plugin:2.5:copy-resources (copy-resources-file-test-) @ entando-plugin-jpseo ---
[debug] e**cute contextualize
[INFO] Using 'UTF-8' encoding to copy filtered resources.
[INFO] Copying 5 resources
[INFO] 
[INFO] --- maven-resources-plugin:2.5:testResources (default-testResources) @ entando-plugin-jpseo ---
[debug] e**cute contextualize
[INFO] Using 'UTF-8' encoding to copy filtered resources.
[INFO] Copying 3 resources
[INFO] 
[INFO] --- maven-compiler-plugin:3.8.1:testCompile (default-testCompile) @ entando-plugin-jpseo ---
[INFO] Changes detected - recompiling the module!
[INFO] Compiling 11 source files to /workspace/source/target/test-classes
[WARNING] /workspace/source/src/test/java/org/entando/entando/plugins/jpseo/aps*****/portal/PageActionIntegrationTest.java:[90,125] unchecked cast
  required: java.util.Map<java.lang.String,java.util.Map<java.lang.String,org.entando.entando.plugins.jpseo.aps.******.services.page.PageMetatag>>
  found:    java.lang.Object
[WARNING] /workspace/source/src/test/java/org/entando/entando/plugins/jpseo/aps*****/portal/PageActionIntegrationTest.java:[395,67] unchecked conversion
  required: java.util.Map<java.lang.String,java.util.Map<java.lang.String,org.entando.entando.plugins.jpseo.aps.******.services.page.PageMetatag>>
  found:    java.util.Map
[WARNING] /workspace/source/src/test/java/org/entando/entando/plugins/jpseo/aps*****/portal/PageActionIntegrationTest.java:[407,29] unchecked conversion
  required: java.util.Map<java.lang.String,java.util.Map<java.lang.String,org.entando.entando.plugins.jpseo.aps.******.services.page.PageMetatag>>
  found:    java.util.Map
[WARNING] /workspace/source/src/test/java/org/entando/entando/plugins/jpseo/aps*****/portal/PageSettingsActionAspectTest.java:[100,49] unchecked method invocation: method convertValue in class com.opensymphony.xwork2.conversion.impl.XWorkConverter is applied to given types
  required: java.util.Map<java.lang.String,java.lang.Object>,java.lang.Object,java.lang.Class
  found: java.util.Map,java.lang.Object,java.lang.Class
[WARNING] /workspace/source/src/test/java/org/entando/entando/plugins/jpseo/aps*****/portal/PageSettingsActionAspectTest.java:[100,61] unchecked conversion
  required: java.util.Map<java.lang.String,java.lang.Object>
  found:    java.util.Map
[WARNING] /workspace/source/src/test/java/org/entando/entando/plugins/jpseo/aps*****/content/ContentActionIntegrationTest.java:[68,46] unchecked call to EntitySearchFilter(java.lang.String,boolean,T,boolean) as a member of the raw type com.agiletec.aps.******.common.entity.model.EntitySearchFilter
[INFO] 
[INFO] --- maven-surefire-plugin:3.0.0-M4:test (default-test) @ entando-plugin-jpseo ---
[INFO] 
[INFO] -------------------------------------------------------
[INFO]  T E S T S
[INFO] -------------------------------------------------------
[INFO] Running org.entando.entando.aps.******.services.controller.control.SeoRequestValidatorIntegrationTest
SLF4J: Class path contains multiple SLF4J bindings.
SLF4J: Found binding in [jar:file:/home/jenkins/.mvnrepository/org/slf4j/slf4j-jdk14/1.7.26/slf4j-jdk14-1.7.26.jar!/org/slf4j/impl/StaticLoggerBinder.class]
SLF4J: Found binding in [jar:file:/home/jenkins/.mvnrepository/org/apache/logging/log4j/log4j-slf4j-impl/2.13.3/log4j-slf4j-impl-2.13.3.jar!/org/slf4j/impl/StaticLoggerBinder.class]
SLF4J: See http://www.slf4j.org/codes.html#multiple_bindings for an explanation.
SLF4J: Actual binding is of type [org.slf4j.impl.JDK14LoggerFactory]
Feb 02, 2021 5:29:37 PM org.springframework.mock.jndi.SimpleNamingContextBuilder activate
INFO: Activating simple JNDI environment
Feb 02, 2021 5:29:37 PM org.springframework.mock.jndi.SimpleNamingContextBuilder bind
INFO: Static JNDI binding: [java:comp/env/logName] = [/workspace/source/target/test/entando-plugin-jpseo]
Feb 02, 2021 5:29:37 PM org.springframework.mock.jndi.SimpleNamingContextBuilder bind
INFO: Static JNDI binding: [java:comp/env/logFileRotatePattern] = [/workspace/source/target/test/entando-plugin-jpseo_logs/entando-plugin-jpseo-%i.log.gz]
Feb 02, 2021 5:29:37 PM org.springframework.mock.jndi.SimpleNamingContextBuilder bind
INFO: Static JNDI binding: [java:comp/env/logLevel] = [ERROR]
Feb 02, 2021 5:29:37 PM org.springframework.mock.jndi.SimpleNamingContextBuilder bind
INFO: Static JNDI binding: [java:comp/env/logFileSize] = [1048576]
Feb 02, 2021 5:29:37 PM org.springframework.mock.jndi.SimpleNamingContextBuilder bind
INFO: Static JNDI binding: [java:comp/env/logFilesCount] = [10]
Feb 02, 2021 5:29:37 PM org.springframework.mock.jndi.SimpleNamingContextBuilder bind
INFO: Static JNDI binding: [java:comp/env/configVersion] = [test]
Feb 02, 2021 5:29:37 PM org.springframework.mock.jndi.SimpleNamingContextBuilder bind
INFO: Static JNDI binding: [java:comp/env/applicationBaseURL] = [/Entando/]
Feb 02, 2021 5:29:37 PM org.springframework.mock.jndi.SimpleNamingContextBuilder bind
INFO: Static JNDI binding: [java:comp/env/resourceRootURL] = [/Entando/resources/]
Feb 02, 2021 5:29:37 PM org.springframework.mock.jndi.SimpleNamingContextBuilder bind
INFO: Static JNDI binding: [java:comp/env/protectedResourceRootURL] = [/Entando/protected/]
Feb 02, 2021 5:29:37 PM org.springframework.mock.jndi.SimpleNamingContextBuilder bind
INFO: Static JNDI binding: [java:comp/env/resourceDiskRootFolder] = [target/test/resources/]
Feb 02, 2021 5:29:37 PM org.springframework.mock.jndi.SimpleNamingContextBuilder bind
INFO: Static JNDI binding: [java:comp/env/protectedResourceDiskRootFolder] = [target/test/protected/]
Feb 02, 2021 5:29:37 PM org.springframework.mock.jndi.SimpleNamingContextBuilder bind
INFO: Static JNDI binding: [java:comp/env/indexDiskRootFolder] = [target/test/indexdir]
Feb 02, 2021 5:29:37 PM org.springframework.mock.jndi.SimpleNamingContextBuilder bind
INFO: Static JNDI binding: [java:comp/env/portDataSourceClassName] = [org.apache.derby.jdbc.EmbeddedDriver]
Feb 02, 2021 5:29:37 PM org.springframework.mock.jndi.SimpleNamingContextBuilder bind
INFO: Static JNDI binding: [java:comp/env/logActiveFileOutput] = [false]
Feb 02, 2021 5:29:37 PM org.springframework.mock.jndi.SimpleNamingContextBuilder bind
INFO: Static JNDI binding: [java:comp/env/jdbc.servDb.url] = [jdbc:derby:/workspace/source/target/test/db/entando-plugin-jpseotestServ;create=****]
Feb 02, 2021 5:29:37 PM org.springframework.mock.jndi.SimpleNamingContextBuilder bind
INFO: Static JNDI binding: [java:comp/env/servDataSourceClassName] = [org.apache.derby.jdbc.EmbeddedDriver]
Feb 02, 2021 5:29:37 PM org.springframework.mock.jndi.SimpleNamingContextBuilder bind
INFO: Static JNDI binding: [java:comp/env/logFilesCount] = [10]
Feb 02, 2021 5:29:37 PM org.springframework.mock.jndi.SimpleNamingContextBuilder bind
INFO: Static JNDI binding: [java:comp/env/applicationBaseURL] = [/Entando/]
Feb 02, 2021 5:29:37 PM org.springframework.mock.jndi.SimpleNamingContextBuilder bind
INFO: Static JNDI binding: [java:comp/env/jdbc.portDb.password] = [agile]
Feb 02, 2021 5:29:37 PM org.springframework.mock.jndi.SimpleNamingContextBuilder bind
INFO: Static JNDI binding: [java:comp/env/logLevel] = [ERROR]
Feb 02, 2021 5:29:37 PM org.springframework.mock.jndi.SimpleNamingContextBuilder bind
INFO: Static JNDI binding: [java:comp/env/indexDiskRootFolder] = [target/test/indexdir]
Feb 02, 2021 5:29:37 PM org.springframework.mock.jndi.SimpleNamingContextBuilder bind
INFO: Static JNDI binding: [java:comp/env/logFileSize] = [1048576]
Feb 02, 2021 5:29:37 PM org.springframework.mock.jndi.SimpleNamingContextBuilder bind
INFO: Static JNDI binding: [java:comp/env/resourceDiskRootFolder] = [target/test/resources/]
Feb 02, 2021 5:29:37 PM org.springframework.mock.jndi.SimpleNamingContextBuilder bind
INFO: Static JNDI binding: [java:comp/env/protectedResourceRootURL] = [/Entando/protected/]
Feb 02, 2021 5:29:37 PM org.springframework.mock.jndi.SimpleNamingContextBuilder bind
INFO: Static JNDI binding: [java:comp/env/resourceRootURL] = [/Entando/resources/]
Feb 02, 2021 5:29:37 PM org.springframework.mock.jndi.SimpleNamingContextBuilder bind
INFO: Static JNDI binding: [java:comp/env/configVersion] = [test]
Feb 02, 2021 5:29:37 PM org.springframework.mock.jndi.SimpleNamingContextBuilder bind
INFO: Static JNDI binding: [java:comp/env/jdbc.servDb.beanName] = [servDataSource]
Feb 02, 2021 5:29:37 PM org.springframework.mock.jndi.SimpleNamingContextBuilder bind
INFO: Static JNDI binding: [java:comp/env/jdbc.portDb.url] = [jdbc:derby:/workspace/source/target/test/db/entando-plugin-jpseotestPort;create=****]
Feb 02, 2021 5:29:37 PM org.springframework.mock.jndi.SimpleNamingContextBuilder bind
INFO: Static JNDI binding: [java:comp/env/jdbc.servDb.driverClassName] = [org.apache.derby.jdbc.EmbeddedDriver]
Feb 02, 2021 5:29:37 PM org.springframework.mock.jndi.SimpleNamingContextBuilder bind
INFO: Static JNDI binding: [java:comp/env/protectedResourceDiskRootFolder] = [target/test/protected/]
Feb 02, 2021 5:29:37 PM org.springframework.mock.jndi.SimpleNamingContextBuilder bind
INFO: Static JNDI binding: [java:comp/env/jdbc.portDb.beanName] = [portDataSource]
Feb 02, 2021 5:29:37 PM org.springframework.mock.jndi.SimpleNamingContextBuilder bind
INFO: Static JNDI binding: [java:comp/env/jdbc.servDb.password] = [agile]
Feb 02, 2021 5:29:37 PM org.springframework.mock.jndi.SimpleNamingContextBuilder bind
INFO: Static JNDI binding: [java:comp/env/jdbc.portDb.driverClassName] = [org.apache.derby.jdbc.EmbeddedDriver]
Feb 02, 2021 5:29:37 PM org.springframework.mock.jndi.SimpleNamingContextBuilder bind
INFO: Static JNDI binding: [java:comp/env/jdbc.portDb.username] = [agile]
Feb 02, 2021 5:29:37 PM org.springframework.mock.jndi.SimpleNamingContextBuilder bind
INFO: Static JNDI binding: [java:comp/env/jdbc.servDb.username] = [agile]
Feb 02, 2021 5:29:37 PM org.springframework.mock.jndi.SimpleNamingContextBuilder bind
INFO: Static JNDI binding: [java:comp/env/logName] = [/workspace/source/target/test/entando-plugin-jpseo]
Feb 02, 2021 5:29:37 PM org.springframework.mock.jndi.SimpleNamingContextBuilder bind
INFO: Static JNDI binding: [java:comp/env/logFileRotatePattern] = [/workspace/source/target/test/entando-plugin-jpseo_logs/entando-plugin-jpseo-%i.log.gz]
Feb 02, 2021 5:29:39 PM org.springframework.mock.jndi.SimpleNamingContextBuilder bind
INFO: Static JNDI binding: [java:comp/env/jdbc/servDataSource] = [org.apache.commons.dbcp2.BasicDataSource@12aa519b]
Feb 02, 2021 5:29:39 PM org.springframework.mock.jndi.SimpleNamingContextBuilder bind
INFO: Static JNDI binding: [java:comp/env/jdbc/portDataSource] = [org.apache.commons.dbcp2.BasicDataSource@7c5c20ed]
Feb 02, 2021 5:29:39 PM org.springframework.mock.web.MockServletContext log
INFO: Initializing Spring **** WebApplicationContext
Feb 02, 2021 5:29:39 PM org.springframework.web.context.ContextLoader initWebApplicationContext
INFO: Root WebApplicationContext: initialization started
Feb 02, 2021 5:29:52 PM org.entando.entando.ent.util.EntLogging$EntLogger info
INFO: Report not availablejava.sql.SQLSyntaxErrorException: Schema 'AGILE' does not exist
Feb 02, 2021 5:29:52 PM org.entando.entando.ent.util.EntLogging$EntLogger info
INFO: + [ Component: Core ] :: DATA
|   
Feb 02, 2021 5:29:53 PM org.entando.entando.ent.util.EntLogging$EntLogger info
INFO: Created table - portDataSource/sysconfig
Feb 02, 2021 5:29:53 PM org.entando.entando.ent.util.EntLogging$EntLogger info
INFO: Created table - portDataSource/categories
Feb 02, 2021 5:29:53 PM org.entando.entando.ent.util.EntLogging$EntLogger info
INFO: Created table - portDataSource/localstrings
Feb 02, 2021 5:29:53 PM org.entando.entando.ent.util.EntLogging$EntLogger info
INFO: Created table - portDataSource/pagemodels
Feb 02, 2021 5:29:53 PM org.entando.entando.ent.util.EntLogging$EntLogger info
INFO: Created table - portDataSource/pages
Feb 02, 2021 5:29:53 PM org.entando.entando.ent.util.EntLogging$EntLogger info
INFO: Created table - portDataSource/pages_metadata_online
Feb 02, 2021 5:29:53 PM org.entando.entando.ent.util.EntLogging$EntLogger info
INFO: Created table - portDataSource/pages_metadata_draft
Feb 02, 2021 5:29:53 PM org.entando.entando.ent.util.EntLogging$EntLogger info
INFO: Created table - portDataSource/widgetcatalog
Feb 02, 2021 5:29:53 PM org.entando.entando.ent.util.EntLogging$EntLogger info
INFO: Created table - portDataSource/guifragment
Feb 02, 2021 5:29:54 PM org.entando.entando.ent.util.EntLogging$EntLogger info
INFO: Created table - portDataSource/widgetconfig
Feb 02, 2021 5:29:54 PM org.entando.entando.ent.util.EntLogging$EntLogger info
INFO: Created table - portDataSource/widgetconfig_draft
Feb 02, 2021 5:29:54 PM org.entando.entando.ent.util.EntLogging$EntLogger info
INFO: Created table - portDataSource/uniquekeys
Feb 02, 2021 5:29:54 PM org.entando.entando.ent.util.EntLogging$EntLogger info
INFO: Created table - portDataSource/userpreferences
Feb 02, 2021 5:29:55 PM org.entando.entando.ent.util.EntLogging$EntLogger info
INFO: Created table - servDataSource/authgroups
Feb 02, 2021 5:29:55 PM org.entando.entando.ent.util.EntLogging$EntLogger info
INFO: Created table - servDataSource/authpermissions
Feb 02, 2021 5:29:55 PM org.entando.entando.ent.util.EntLogging$EntLogger info
INFO: Created table - servDataSource/authroles
Feb 02, 2021 5:29:55 PM org.entando.entando.ent.util.EntLogging$EntLogger info
INFO: Created table - servDataSource/authrolepermissions
Feb 02, 2021 5:29:55 PM org.entando.entando.ent.util.EntLogging$EntLogger info
INFO: Created table - servDataSource/authusers
Feb 02, 2021 5:29:55 PM org.entando.entando.ent.util.EntLogging$EntLogger info
INFO: Created table - servDataSource/authusergrouprole
Feb 02, 2021 5:29:55 PM org.entando.entando.ent.util.EntLogging$EntLogger info
INFO: Created table - servDataSource/api_oauth_consumers
Feb 02, 2021 5:29:55 PM org.entando.entando.ent.util.EntLogging$EntLogger info
INFO: Created table - servDataSource/api_oauth_tokens
Feb 02, 2021 5:29:55 PM org.entando.entando.ent.util.EntLogging$EntLogger info
INFO: Created table - servDataSource/apicatalog_methods
Feb 02, 2021 5:29:55 PM org.entando.entando.ent.util.EntLogging$EntLogger info
INFO: Created table - servDataSource/apicatalog_services
Feb 02, 2021 5:29:55 PM org.entando.entando.ent.util.EntLogging$EntLogger info
INFO: Created table - servDataSource/authuserprofiles
Feb 02, 2021 5:29:56 PM org.entando.entando.ent.util.EntLogging$EntLogger info
INFO: Created table - servDataSource/authuserprofilesearch
Feb 02, 2021 5:29:56 PM org.entando.entando.ent.util.EntLogging$EntLogger info
INFO: Created table - servDataSource/authuserprofileattrroles
Feb 02, 2021 5:29:56 PM org.entando.entando.ent.util.EntLogging$EntLogger info
INFO: Created table - servDataSource/actionlogrecords
Feb 02, 2021 5:29:56 PM org.entando.entando.ent.util.EntLogging$EntLogger info
INFO: Created table - servDataSource/actionlogrelations
Feb 02, 2021 5:29:56 PM org.entando.entando.ent.util.EntLogging$EntLogger info
INFO: Created table - servDataSource/actionloglikerecords
Feb 02, 2021 5:29:56 PM org.entando.entando.ent.util.EntLogging$EntLogger info
INFO: Created table - servDataSource/actionlogcommentrecords
Feb 02, 2021 5:29:56 PM org.entando.entando.ent.util.EntLogging$EntLogger info
INFO: Created table - servDataSource/dataobjectmodels
Feb 02, 2021 5:29:56 PM org.entando.entando.ent.util.EntLogging$EntLogger info
INFO: Created table - servDataSource/dataobjects
Feb 02, 2021 5:29:56 PM org.entando.entando.ent.util.EntLogging$EntLogger info
INFO: Created table - servDataSource/dataobjectrelations
Feb 02, 2021 5:29:56 PM org.entando.entando.ent.util.EntLogging$EntLogger info
INFO: Created table - servDataSource/dataobjectsearch
Feb 02, 2021 5:29:56 PM org.entando.entando.ent.util.EntLogging$EntLogger info
INFO: Created table - servDataSource/dataobjectattributeroles
Feb 02, 2021 5:29:56 PM org.entando.entando.ent.util.EntLogging$EntLogger info
INFO: + [ Component: jacms ] :: DATA
|   
Feb 02, 2021 5:29:56 PM org.entando.entando.ent.util.EntLogging$EntLogger info
INFO: Created table - portDataSource/contentmodels
Feb 02, 2021 5:29:56 PM org.entando.entando.ent.util.EntLogging$EntLogger info
INFO: Created table - portDataSource/contents
Feb 02, 2021 5:29:56 PM org.entando.entando.ent.util.EntLogging$EntLogger info
INFO: Created table - portDataSource/resources
Feb 02, 2021 5:29:57 PM org.entando.entando.ent.util.EntLogging$EntLogger info
INFO: Created table - portDataSource/resourcerelations
Feb 02, 2021 5:29:57 PM org.entando.entando.ent.util.EntLogging$EntLogger info
INFO: Created table - portDataSource/contentrelations
Feb 02, 2021 5:29:57 PM org.entando.entando.ent.util.EntLogging$EntLogger info
INFO: Created table - portDataSource/contentsearch
Feb 02, 2021 5:29:57 PM org.entando.entando.ent.util.EntLogging$EntLogger info
INFO: Created table - portDataSource/contentattributeroles
Feb 02, 2021 5:29:57 PM org.entando.entando.ent.util.EntLogging$EntLogger info
INFO: Created table - portDataSource/workcontentrelations
Feb 02, 2021 5:29:57 PM org.entando.entando.ent.util.EntLogging$EntLogger info
INFO: Created table - portDataSource/workcontentsearch
Feb 02, 2021 5:29:57 PM org.entando.entando.ent.util.EntLogging$EntLogger info
INFO: Created table - portDataSource/workcontentattributeroles
Feb 02, 2021 5:29:57 PM org.entando.entando.ent.util.EntLogging$EntLogger info
INFO: + [ Component: entando-*****-console ] :: DATA
|   
Feb 02, 2021 5:29:57 PM org.entando.entando.ent.util.EntLogging$EntLogger info
INFO: Created table - servDataSource/authusershortcuts
Feb 02, 2021 5:29:57 PM org.entando.entando.ent.util.EntLogging$EntLogger info
INFO: + [ Component: entando-portal-ui ] :: DATA
|   
Feb 02, 2021 5:29:57 PM org.entando.entando.ent.util.EntLogging$EntLogger info
INFO: + [ Component: jpseo ] :: DATA
|   
Feb 02, 2021 5:29:57 PM org.entando.entando.ent.util.EntLogging$EntLogger info
INFO: Created table - portDataSource/jpseo_friendlycode
Feb 02, 2021 5:29:57 PM org.entando.entando.ent.util.EntLogging$EntLogger info
INFO: + [ Component: Core ] :: DATA
|   
Feb 02, 2021 5:29:59 PM org.entando.entando.ent.util.EntLogging$EntLogger info
INFO: + [ Component: jacms ] :: DATA
|   
Feb 02, 2021 5:30:01 PM org.entando.entando.ent.util.EntLogging$EntLogger info
INFO: + [ Component: entando-*****-console ] :: DATA
|   
Feb 02, 2021 5:30:01 PM org.entando.entando.ent.util.EntLogging$EntLogger info
INFO: + [ Component: entando-portal-ui ] :: DATA
|   
Feb 02, 2021 5:30:01 PM org.entando.entando.ent.util.EntLogging$EntLogger info
INFO: + [ Component: jpseo ] :: DATA
|   
Feb 02, 2021 5:30:07 PM org.entando.entando.ent.util.EntLogging$EntLogger info
INFO: Successfully created a random page_preview_hash
Feb 02, 2021 5:30:17 PM org.springframework.scheduling.concurrent.E**cutorConfigurationSupport initialize
INFO: Initializing E**cutorService 'entandoScheduler'
Feb 02, 2021 5:30:20 PM org.springframework.security.web.DefaultSecurityFilterChain <init>
INFO: Creating filter chain: OrRequestMatcher [requestMatchers=[Ant [pattern='/oauth/token'], Ant [pattern='/oauth/token_key'], Ant [pattern='/oauth/check_token']]], [org.springframework.security.web.context.request.async.WebAsyncManagerIntegrationFilter@710121bd, org.springframework.security.web.context.SecurityContextPersistenceFilter@1e0083f6, org.springframework.security.web.header.HeaderWriterFilter@7c1fc4a5, org.springframework.security.web.authentication.logout.LogoutFilter@15a297a7, org.springframework.web.filter.CorsFilter@17e77540, org.springframework.security.web.authentication.www.BasicAuthenticationFilter@45590059, org.springframework.security.web.savedrequest.RequestCacheAwareFilter@562f9224, org.springframework.security.web.servletapi.SecurityContextHolderAwareRequestFilter@6afc62f7, org.springframework.security.web.authentication.AnonymousAuthenticationFilter@7e45cceb, org.springframework.security.web.session.SessionManagementFilter@66127329, org.springframework.security.web.access.ExceptionTranslationFilter@47610b2a, org.springframework.security.web.access.intercept.FilterSecurityInterceptor@353f294a]
Feb 02, 2021 5:30:20 PM org.springframework.security.web.DefaultSecurityFilterChain <init>
INFO: Creating filter chain: any request, [org.springframework.security.web.context.request.async.WebAsyncManagerIntegrationFilter@54a8655, org.springframework.security.web.context.SecurityContextPersistenceFilter@2571b07e, org.springframework.security.web.header.HeaderWriterFilter@78d69cfd, org.springframework.web.filter.CorsFilter@17e77540, org.springframework.security.web.authentication.logout.LogoutFilter@2a45de34, org.springframework.security.web.savedrequest.RequestCacheAwareFilter@287ed480, org.springframework.security.web.servletapi.SecurityContextHolderAwareRequestFilter@e0424c6, org.springframework.security.web.session.SessionManagementFilter@62263936, org.springframework.security.web.access.ExceptionTranslationFilter@22c5ba45]
Feb 02, 2021 5:30:20 PM org.springframework.web.context.ContextLoader initWebApplicationContext
INFO: Root WebApplicationContext initialized in 41545 ms
Feb 02, 2021 5:30:20 PM org.springframework.scheduling.concurrent.E**cutorConfigurationSupport shutdown
INFO: Shutting down E**cutorService 'entandoScheduler'
Feb 02, 2021 5:30:25 PM org.entando.entando.ent.util.EntLogging$EntLogger info
INFO: + [ Component: Core ] :: DATA
|   
Feb 02, 2021 5:30:25 PM org.entando.entando.ent.util.EntLogging$EntLogger info
INFO: + [ Component: jacms ] :: DATA
|   
Feb 02, 2021 5:30:25 PM org.entando.entando.ent.util.EntLogging$EntLogger info
INFO: + [ Component: entando-*****-console ] :: DATA
|   
Feb 02, 2021 5:30:25 PM org.entando.entando.ent.util.EntLogging$EntLogger info
INFO: + [ Component: entando-portal-ui ] :: DATA
|   
Feb 02, 2021 5:30:25 PM org.entando.entando.ent.util.EntLogging$EntLogger info
INFO: + [ Component: jpseo ] :: DATA
|   
Feb 02, 2021 5:30:25 PM org.entando.entando.ent.util.EntLogging$EntLogger info
INFO: + [ Component: Core ] :: DATA
|   
Feb 02, 2021 5:30:25 PM org.entando.entando.ent.util.EntLogging$EntLogger info
INFO: + [ Component: jacms ] :: DATA
|   
Feb 02, 2021 5:30:25 PM org.entando.entando.ent.util.EntLogging$EntLogger info
INFO: + [ Component: entando-*****-console ] :: DATA
|   
Feb 02, 2021 5:30:25 PM org.entando.entando.ent.util.EntLogging$EntLogger info
INFO: + [ Component: entando-portal-ui ] :: DATA
|   
Feb 02, 2021 5:30:25 PM org.entando.entando.ent.util.EntLogging$EntLogger info
INFO: + [ Component: jpseo ] :: DATA
|   
Feb 02, 2021 5:30:34 PM org.springframework.scheduling.concurrent.E**cutorConfigurationSupport initialize
INFO: Initializing E**cutorService 'entandoScheduler'
Feb 02, 2021 5:30:35 PM org.springframework.security.web.DefaultSecurityFilterChain <init>
INFO: Creating filter chain: OrRequestMatcher [requestMatchers=[Ant [pattern='/oauth/token'], Ant [pattern='/oauth/token_key'], Ant [pattern='/oauth/check_token']]], [org.springframework.security.web.context.request.async.WebAsyncManagerIntegrationFilter@7e42b22, org.springframework.security.web.context.SecurityContextPersistenceFilter@59eabf97, org.springframework.security.web.header.HeaderWriterFilter@288bfd97, org.springframework.security.web.authentication.logout.LogoutFilter@2c4e171b, org.springframework.web.filter.CorsFilter@52335e56, org.springframework.security.web.authentication.www.BasicAuthenticationFilter@2767b2ff, org.springframework.security.web.savedrequest.RequestCacheAwareFilter@74b49ae4, org.springframework.security.web.servletapi.SecurityContextHolderAwareRequestFilter@7ad2870d, org.springframework.security.web.authentication.AnonymousAuthenticationFilter@20c43d7f, org.springframework.security.web.session.SessionManagementFilter@631a4407, org.springframework.security.web.access.ExceptionTranslationFilter@38cd0dc8, org.springframework.security.web.access.intercept.FilterSecurityInterceptor@516e24c7]
Feb 02, 2021 5:30:35 PM org.springframework.security.web.DefaultSecurityFilterChain <init>
INFO: Creating filter chain: any request, [org.springframework.security.web.context.request.async.WebAsyncManagerIntegrationFilter@6759c673, org.springframework.security.web.context.SecurityContextPersistenceFilter@51e01d85, org.springframework.security.web.header.HeaderWriterFilter@6cdee82e, org.springframework.web.filter.CorsFilter@52335e56, org.springframework.security.web.authentication.logout.LogoutFilter@5206fb02, org.springframework.security.web.savedrequest.RequestCacheAwareFilter@55c42117, org.springframework.security.web.servletapi.SecurityContextHolderAwareRequestFilter@7dfe4df7, org.springframework.security.web.session.SessionManagementFilter@19970bab, org.springframework.security.web.access.ExceptionTranslationFilter@444a4ad2]
Feb 02, 2021 5:30:37 PM org.springframework.scheduling.concurrent.E**cutorConfigurationSupport shutdown
INFO: Shutting down E**cutorService 'entandoScheduler'
[INFO] Tests run: 2, Failures: 0, Errors: 0, Skipped: 0, Time elapsed: 59.978 s - in org.entando.entando.aps.******.services.controller.control.SeoRequestValidatorIntegrationTest
[INFO] Running org.entando.entando.plugins.jpseo.aps*****.content.ContentActionIntegrationTest
Feb 02, 2021 5:30:37 PM org.springframework.mock.jndi.SimpleNamingContextBuilder bind
INFO: Static JNDI binding: [java:comp/env/logName] = [/workspace/source/target/test/entando-plugin-jpseo]
Feb 02, 2021 5:30:37 PM org.springframework.mock.jndi.SimpleNamingContextBuilder bind
INFO: Static JNDI binding: [java:comp/env/logFileRotatePattern] = [/workspace/source/target/test/entando-plugin-jpseo_logs/entando-plugin-jpseo-%i.log.gz]
Feb 02, 2021 5:30:37 PM org.springframework.mock.jndi.SimpleNamingContextBuilder bind
INFO: Static JNDI binding: [java:comp/env/logLevel] = [ERROR]
Feb 02, 2021 5:30:37 PM org.springframework.mock.jndi.SimpleNamingContextBuilder bind
INFO: Static JNDI binding: [java:comp/env/logFileSize] = [1048576]
Feb 02, 2021 5:30:37 PM org.springframework.mock.jndi.SimpleNamingContextBuilder bind
INFO: Static JNDI binding: [java:comp/env/logFilesCount] = [10]
Feb 02, 2021 5:30:37 PM org.springframework.mock.jndi.SimpleNamingContextBuilder bind
INFO: Static JNDI binding: [java:comp/env/configVersion] = [test]
Feb 02, 2021 5:30:37 PM org.springframework.mock.jndi.SimpleNamingContextBuilder bind
INFO: Static JNDI binding: [java:comp/env/applicationBaseURL] = [/Entando/]
Feb 02, 2021 5:30:37 PM org.springframework.mock.jndi.SimpleNamingContextBuilder bind
INFO: Static JNDI binding: [java:comp/env/resourceRootURL] = [/Entando/resources/]
Feb 02, 2021 5:30:37 PM org.springframework.mock.jndi.SimpleNamingContextBuilder bind
INFO: Static JNDI binding: [java:comp/env/protectedResourceRootURL] = [/Entando/protected/]
Feb 02, 2021 5:30:37 PM org.springframework.mock.jndi.SimpleNamingContextBuilder bind
INFO: Static JNDI binding: [java:comp/env/resourceDiskRootFolder] = [target/test/resources/]
Feb 02, 2021 5:30:37 PM org.springframework.mock.jndi.SimpleNamingContextBuilder bind
INFO: Static JNDI binding: [java:comp/env/protectedResourceDiskRootFolder] = [target/test/protected/]
Feb 02, 2021 5:30:37 PM org.springframework.mock.jndi.SimpleNamingContextBuilder bind
INFO: Static JNDI binding: [java:comp/env/indexDiskRootFolder] = [target/test/indexdir]
Feb 02, 2021 5:30:37 PM org.springframework.mock.jndi.SimpleNamingContextBuilder bind
INFO: Static JNDI binding: [java:comp/env/portDataSourceClassName] = [org.apache.derby.jdbc.EmbeddedDriver]
Feb 02, 2021 5:30:37 PM org.springframework.mock.jndi.SimpleNamingContextBuilder bind
INFO: Static JNDI binding: [java:comp/env/logActiveFileOutput] = [false]
Feb 02, 2021 5:30:37 PM org.springframework.mock.jndi.SimpleNamingContextBuilder bind
INFO: Static JNDI binding: [java:comp/env/jdbc.servDb.url] = [jdbc:derby:/workspace/source/target/test/db/entando-plugin-jpseotestServ;create=****]
Feb 02, 2021 5:30:37 PM org.springframework.mock.jndi.SimpleNamingContextBuilder bind
INFO: Static JNDI binding: [java:comp/env/servDataSourceClassName] = [org.apache.derby.jdbc.EmbeddedDriver]
Feb 02, 2021 5:30:37 PM org.springframework.mock.jndi.SimpleNamingContextBuilder bind
INFO: Static JNDI binding: [java:comp/env/logFilesCount] = [10]
Feb 02, 2021 5:30:37 PM org.springframework.mock.jndi.SimpleNamingContextBuilder bind
INFO: Static JNDI binding: [java:comp/env/applicationBaseURL] = [/Entando/]
Feb 02, 2021 5:30:37 PM org.springframework.mock.jndi.SimpleNamingContextBuilder bind
INFO: Static JNDI binding: [java:comp/env/jdbc.portDb.password] = [agile]
Feb 02, 2021 5:30:37 PM org.springframework.mock.jndi.SimpleNamingContextBuilder bind
INFO: Static JNDI binding: [java:comp/env/logLevel] = [ERROR]
Feb 02, 2021 5:30:37 PM org.springframework.mock.jndi.SimpleNamingContextBuilder bind
INFO: Static JNDI binding: [java:comp/env/indexDiskRootFolder] = [target/test/indexdir]
Feb 02, 2021 5:30:37 PM org.springframework.mock.jndi.SimpleNamingContextBuilder bind
INFO: Static JNDI binding: [java:comp/env/logFileSize] = [1048576]
Feb 02, 2021 5:30:37 PM org.springframework.mock.jndi.SimpleNamingContextBuilder bind
INFO: Static JNDI binding: [java:comp/env/resourceDiskRootFolder] = [target/test/resources/]
Feb 02, 2021 5:30:37 PM org.springframework.mock.jndi.SimpleNamingContextBuilder bind
INFO: Static JNDI binding: [java:comp/env/protectedResourceRootURL] = [/Entando/protected/]
Feb 02, 2021 5:30:37 PM org.springframework.mock.jndi.SimpleNamingContextBuilder bind
INFO: Static JNDI binding: [java:comp/env/resourceRootURL] = [/Entando/resources/]
Feb 02, 2021 5:30:37 PM org.springframework.mock.jndi.SimpleNamingContextBuilder bind
INFO: Static JNDI binding: [java:comp/env/configVersion] = [test]
Feb 02, 2021 5:30:37 PM org.springframework.mock.jndi.SimpleNamingContextBuilder bind
INFO: Static JNDI binding: [java:comp/env/jdbc.servDb.beanName] = [servDataSource]
Feb 02, 2021 5:30:37 PM org.springframework.mock.jndi.SimpleNamingContextBuilder bind
INFO: Static JNDI binding: [java:comp/env/jdbc.portDb.url] = [jdbc:derby:/workspace/source/target/test/db/entando-plugin-jpseotestPort;create=****]
Feb 02, 2021 5:30:37 PM org.springframework.mock.jndi.SimpleNamingContextBuilder bind
INFO: Static JNDI binding: [java:comp/env/jdbc.servDb.driverClassName] = [org.apache.derby.jdbc.EmbeddedDriver]
Feb 02, 2021 5:30:37 PM org.springframework.mock.jndi.SimpleNamingContextBuilder bind
INFO: Static JNDI binding: [java:comp/env/protectedResourceDiskRootFolder] = [target/test/protected/]
Feb 02, 2021 5:30:37 PM org.springframework.mock.jndi.SimpleNamingContextBuilder bind
INFO: Static JNDI binding: [java:comp/env/jdbc.portDb.beanName] = [portDataSource]
Feb 02, 2021 5:30:37 PM org.springframework.mock.jndi.SimpleNamingContextBuilder bind
INFO: Static JNDI binding: [java:comp/env/jdbc.servDb.password] = [agile]
Feb 02, 2021 5:30:37 PM org.springframework.mock.jndi.SimpleNamingContextBuilder bind
INFO: Static JNDI binding: [java:comp/env/jdbc.portDb.driverClassName] = [org.apache.derby.jdbc.EmbeddedDriver]
Feb 02, 2021 5:30:37 PM org.springframework.mock.jndi.SimpleNamingContextBuilder bind
INFO: Static JNDI binding: [java:comp/env/jdbc.portDb.username] = [agile]
Feb 02, 2021 5:30:37 PM org.springframework.mock.jndi.SimpleNamingContextBuilder bind
INFO: Static JNDI binding: [java:comp/env/jdbc.servDb.username] = [agile]
Feb 02, 2021 5:30:37 PM org.springframework.mock.jndi.SimpleNamingContextBuilder bind
INFO: Static JNDI binding: [java:comp/env/logName] = [/workspace/source/target/test/entando-plugin-jpseo]
Feb 02, 2021 5:30:37 PM org.springframework.mock.jndi.SimpleNamingContextBuilder bind
INFO: Static JNDI binding: [java:comp/env/logFileRotatePattern] = [/workspace/source/target/test/entando-plugin-jpseo_logs/entando-plugin-jpseo-%i.log.gz]
Feb 02, 2021 5:30:37 PM org.springframework.mock.jndi.SimpleNamingContextBuilder bind
INFO: Static JNDI binding: [java:comp/env/jdbc/servDataSource] = [org.apache.commons.dbcp2.BasicDataSource@648d5614]
Feb 02, 2021 5:30:37 PM org.springframework.mock.jndi.SimpleNamingContextBuilder bind
INFO: Static JNDI binding: [java:comp/env/jdbc/portDataSource] = [org.apache.commons.dbcp2.BasicDataSource@1988d940]
Feb 02, 2021 5:30:37 PM org.springframework.mock.web.MockServletContext log
INFO: Initializing Spring **** WebApplicationContext
Feb 02, 2021 5:30:37 PM org.springframework.web.context.ContextLoader initWebApplicationContext
INFO: Root WebApplicationContext: initialization started
Feb 02, 2021 5:30:40 PM org.entando.entando.ent.util.EntLogging$EntLogger info
INFO: + [ Component: Core ] :: DATA
|   
Feb 02, 2021 5:30:40 PM org.entando.entando.ent.util.EntLogging$EntLogger info
INFO: + [ Component: jacms ] :: DATA
|   
Feb 02, 2021 5:30:40 PM org.entando.entando.ent.util.EntLogging$EntLogger info
INFO: + [ Component: entando-*****-console ] :: DATA
|   
Feb 02, 2021 5:30:40 PM org.entando.entando.ent.util.EntLogging$EntLogger info
INFO: + [ Component: entando-portal-ui ] :: DATA
|   
Feb 02, 2021 5:30:40 PM org.entando.entando.ent.util.EntLogging$EntLogger info
INFO: + [ Component: jpseo ] :: DATA
|   
Feb 02, 2021 5:30:40 PM org.entando.entando.ent.util.EntLogging$EntLogger info
INFO: + [ Component: Core ] :: DATA
|   
Feb 02, 2021 5:30:40 PM org.entando.entando.ent.util.EntLogging$EntLogger info
INFO: + [ Component: jacms ] :: DATA
|   
Feb 02, 2021 5:30:40 PM org.entando.entando.ent.util.EntLogging$EntLogger info
INFO: + [ Component: entando-*****-console ] :: DATA
|   
Feb 02, 2021 5:30:40 PM org.entando.entando.ent.util.EntLogging$EntLogger info
INFO: + [ Component: entando-portal-ui ] :: DATA
|   
Feb 02, 2021 5:30:40 PM org.entando.entando.ent.util.EntLogging$EntLogger info
INFO: + [ Component: jpseo ] :: DATA
|   
Feb 02, 2021 5:30:50 PM org.springframework.scheduling.concurrent.E**cutorConfigurationSupport initialize
INFO: Initializing E**cutorService 'entandoScheduler'
Feb 02, 2021 5:30:51 PM org.springframework.security.web.DefaultSecurityFilterChain <init>
INFO: Creating filter chain: OrRequestMatcher [requestMatchers=[Ant [pattern='/oauth/token'], Ant [pattern='/oauth/token_key'], Ant [pattern='/oauth/check_token']]], [org.springframework.security.web.context.request.async.WebAsyncManagerIntegrationFilter@4a70f508, org.springframework.security.web.context.SecurityContextPersistenceFilter@39385187, org.springframework.security.web.header.HeaderWriterFilter@6cb962ba, org.springframework.security.web.authentication.logout.LogoutFilter@38106d37, org.springframework.web.filter.CorsFilter@604a239a, org.springframework.security.web.authentication.www.BasicAuthenticationFilter@37f3f9e4, org.springframework.security.web.savedrequest.RequestCacheAwareFilter@29b8071, org.springframework.security.web.servletapi.SecurityContextHolderAwareRequestFilter@7f1db901, org.springframework.security.web.authentication.AnonymousAuthenticationFilter@37eedf7d, org.springframework.security.web.session.SessionManagementFilter@1503629d, org.springframework.security.web.access.ExceptionTranslationFilter@6a55f5a9, org.springframework.security.web.access.intercept.FilterSecurityInterceptor@6a409cee]
Feb 02, 2021 5:30:52 PM org.springframework.security.web.DefaultSecurityFilterChain <init>
INFO: Creating filter chain: any request, [org.springframework.security.web.context.request.async.WebAsyncManagerIntegrationFilter@7fa93c33, org.springframework.security.web.context.SecurityContextPersistenceFilter@574917ef, org.springframework.security.web.header.HeaderWriterFilter@5bb626b8, org.springframework.web.filter.CorsFilter@604a239a, org.springframework.security.web.authentication.logout.LogoutFilter@61600f8c, org.springframework.security.web.savedrequest.RequestCacheAwareFilter@1cab53bf, org.springframework.security.web.servletapi.SecurityContextHolderAwareRequestFilter@397730e7, org.springframework.security.web.session.SessionManagementFilter@4f772556, org.springframework.security.web.access.ExceptionTranslationFilter@2b9907ab]
Feb 02, 2021 5:30:52 PM org.springframework.web.context.ContextLoader initWebApplicationContext
INFO: Root WebApplicationContext initialized in 14492 ms
Feb 02, 2021 5:30:52 PM org.springframework.scheduling.concurrent.E**cutorConfigurationSupport shutdown
INFO: Shutting down E**cutorService 'entandoScheduler'
Feb 02, 2021 5:30:55 PM org.entando.entando.ent.util.EntLogging$EntLogger info
INFO: + [ Component: Core ] :: DATA
|   
Feb 02, 2021 5:30:55 PM org.entando.entando.ent.util.EntLogging$EntLogger info
INFO: + [ Component: jacms ] :: DATA
|   
Feb 02, 2021 5:30:55 PM org.entando.entando.ent.util.EntLogging$EntLogger info
INFO: + [ Component: entando-*****-console ] :: DATA
|   
Feb 02, 2021 5:30:55 PM org.entando.entando.ent.util.EntLogging$EntLogger info
INFO: + [ Component: entando-portal-ui ] :: DATA
|   
Feb 02, 2021 5:30:55 PM org.entando.entando.ent.util.EntLogging$EntLogger info
INFO: + [ Component: jpseo ] :: DATA
|   
Feb 02, 2021 5:30:55 PM org.entando.entando.ent.util.EntLogging$EntLogger info
INFO: + [ Component: Core ] :: DATA
|   
Feb 02, 2021 5:30:55 PM org.entando.entando.ent.util.EntLogging$EntLogger info
INFO: + [ Component: jacms ] :: DATA
|   
Feb 02, 2021 5:30:55 PM org.entando.entando.ent.util.EntLogging$EntLogger info
INFO: + [ Component: entando-*****-console ] :: DATA
|   
Feb 02, 2021 5:30:55 PM org.entando.entando.ent.util.EntLogging$EntLogger info
INFO: + [ Component: entando-portal-ui ] :: DATA
|   
Feb 02, 2021 5:30:55 PM org.entando.entando.ent.util.EntLogging$EntLogger info
INFO: + [ Component: jpseo ] :: DATA
|   
Feb 02, 2021 5:31:03 PM org.springframework.scheduling.concurrent.E**cutorConfigurationSupport initialize
INFO: Initializing E**cutorService 'entandoScheduler'
Feb 02, 2021 5:31:05 PM org.springframework.security.web.DefaultSecurityFilterChain <init>
INFO: Creating filter chain: OrRequestMatcher [requestMatchers=[Ant [pattern='/oauth/token'], Ant [pattern='/oauth/token_key'], Ant [pattern='/oauth/check_token']]], [org.springframework.security.web.context.request.async.WebAsyncManagerIntegrationFilter@4cde7bd, org.springframework.security.web.context.SecurityContextPersistenceFilter@e052a58, org.springframework.security.web.header.HeaderWriterFilter@23a53621, org.springframework.security.web.authentication.logout.LogoutFilter@52874c30, org.springframework.web.filter.CorsFilter@489407ce, org.springframework.security.web.authentication.www.BasicAuthenticationFilter@10bcb4d, org.springframework.security.web.savedrequest.RequestCacheAwareFilter@40ddf0ee, org.springframework.security.web.servletapi.SecurityContextHolderAwareRequestFilter@6394fe7d, org.springframework.security.web.authentication.AnonymousAuthenticationFilter@3b5f09e3, org.springframework.security.web.session.SessionManagementFilter@7c7fc274, org.springframework.security.web.access.ExceptionTranslationFilter@166c2fdb, org.springframework.security.web.access.intercept.FilterSecurityInterceptor@39569979]
Feb 02, 2021 5:31:05 PM org.springframework.security.web.DefaultSecurityFilterChain <init>
INFO: Creating filter chain: any request, [org.springframework.security.web.context.request.async.WebAsyncManagerIntegrationFilter@5f49aafe, org.springframework.security.web.context.SecurityContextPersistenceFilter@154fc48b, org.springframework.security.web.header.HeaderWriterFilter@2eebc217, org.springframework.web.filter.CorsFilter@489407ce, org.springframework.security.web.authentication.logout.LogoutFilter@5ff3ae26, org.springframework.security.web.savedrequest.RequestCacheAwareFilter@35e87b1d, org.springframework.security.web.servletapi.SecurityContextHolderAwareRequestFilter@5d23b7d1, org.springframework.security.web.session.SessionManagementFilter@758a19de, org.springframework.security.web.access.ExceptionTranslationFilter@30fa74dc]
[INFO ] 2021-02-02 17:31:06.881 [main] SpringObjectFactory - Setting autowire strategy to name
[INFO ] 2021-02-02 17:31:08.346 [main] SpringObjectFactory - Setting autowire strategy to name
Feb 02, 2021 5:31:09 PM org.entando.entando.ent.util.EntLogging$EntLogger warn
WARNING: Unrecognized location of resource '/workspace/source/target/classes/org/entando/entando/plugins/jpseo/aps*****/global-messages_en.properties'
Feb 02, 2021 5:31:09 PM org.entando.entando.ent.util.EntLogging$EntLogger warn
WARNING: Unrecognized location of resource '/workspace/source/target/classes/org/entando/entando/plugins/jpseo/aps*****/global-messages_it.properties'
Feb 02, 2021 5:31:09 PM org.entando.entando.ent.util.EntLogging$EntLogger warn
WARNING: Unrecognized location of resource 'file:/home/jenkins/.mvnrepository/org/entando/entando/plugins/entando-plugin-jacms/6.3.11/entando-plugin-jacms-6.3.11-classes.jar!/org/entando/entando/plugins/jacms/aps*****/global-messages_en.properties'
Feb 02, 2021 5:31:09 PM org.entando.entando.ent.util.EntLogging$EntLogger warn
WARNING: Unrecognized location of resource 'file:/home/jenkins/.mvnrepository/org/entando/entando/plugins/entando-plugin-jacms/6.3.11/entando-plugin-jacms-6.3.11-classes.jar!/org/entando/entando/plugins/jacms/aps*****/global-messages_it.properties'
Feb 02, 2021 5:31:09 PM org.entando.entando.ent.util.EntLogging$EntLogger warn
WARNING: Unrecognized location of resource 'file:/home/jenkins/.mvnrepository/org/entando/entando/plugins/entando-plugin-jacms/6.3.11/entando-plugin-jacms-6.3.11-classes.jar!/com/agiletec/plugins/jacms/aps*****/global-messages_en.properties'
Feb 02, 2021 5:31:09 PM org.entando.entando.ent.util.EntLogging$EntLogger warn
WARNING: Unrecognized location of resource 'file:/home/jenkins/.mvnrepository/org/entando/entando/plugins/entando-plugin-jacms/6.3.11/entando-plugin-jacms-6.3.11-classes.jar!/com/agiletec/plugins/jacms/aps*****/global-messages_it.properties'
Feb 02, 2021 5:31:12 PM org.entando.entando.ent.util.EntLogging$EntLogger info
INFO: Saving content ART202 - Description: 'Il titolo' - User: *****
[INFO] Tests run: 1, Failures: 0, Errors: 0, Skipped: 0, Time elapsed: 34.791 s - in org.entando.entando.plugins.jpseo.aps*****.content.ContentActionIntegrationTest
[INFO] Running org.entando.entando.plugins.jpseo.aps*****.portal.PageSettingsActionAspectTest
Feb 02, 2021 5:31:14 PM org.entando.entando.ent.util.EntLogging$EntLogger error
SEVERE: error updating page settings for seo
org.entando.entando.ent.exception.EntException

[INFO] Tests run: 8, Failures: 0, Errors: 0, Skipped: 0, Time elapsed: 2.057 s - in org.entando.entando.plugins.jpseo.aps*****.portal.PageSettingsActionAspectTest
[INFO] Running org.entando.entando.plugins.jpseo.aps*****.portal.PageActionIntegrationTest
[INFO ] 2021-02-02 17:31:14.905 [main] SpringObjectFactory - Setting autowire strategy to name
[INFO] Tests run: 8, Failures: 0, Errors: 0, Skipped: 0, Time elapsed: 5.686 s - in org.entando.entando.plugins.jpseo.aps*****.portal.PageActionIntegrationTest
[INFO] Running org.entando.entando.plugins.jpseo.aps*****.portal.PageSettingsActionIntegrationTest
[INFO ] 2021-02-02 17:31:20.649 [main] SpringObjectFactory - Setting autowire strategy to name
Feb 02, 2021 5:31:21 PM org.springframework.mock.jndi.SimpleNamingContextBuilder bind
INFO: Static JNDI binding: [java:comp/env/logName] = [/workspace/source/target/test/entando-plugin-jpseo]
Feb 02, 2021 5:31:21 PM org.springframework.mock.jndi.SimpleNamingContextBuilder bind
INFO: Static JNDI binding: [java:comp/env/logFileRotatePattern] = [/workspace/source/target/test/entando-plugin-jpseo_logs/entando-plugin-jpseo-%i.log.gz]
Feb 02, 2021 5:31:21 PM org.springframework.mock.jndi.SimpleNamingContextBuilder bind
INFO: Static JNDI binding: [java:comp/env/logLevel] = [ERROR]
Feb 02, 2021 5:31:21 PM org.springframework.mock.jndi.SimpleNamingContextBuilder bind
INFO: Static JNDI binding: [java:comp/env/logFileSize] = [1048576]
Feb 02, 2021 5:31:21 PM org.springframework.mock.jndi.SimpleNamingContextBuilder bind
INFO: Static JNDI binding: [java:comp/env/logFilesCount] = [10]
Feb 02, 2021 5:31:21 PM org.springframework.mock.jndi.SimpleNamingContextBuilder bind
INFO: Static JNDI binding: [java:comp/env/configVersion] = [test]
Feb 02, 2021 5:31:21 PM org.springframework.mock.jndi.SimpleNamingContextBuilder bind
INFO: Static JNDI binding: [java:comp/env/applicationBaseURL] = [/Entando/]
Feb 02, 2021 5:31:21 PM org.springframework.mock.jndi.SimpleNamingContextBuilder bind
INFO: Static JNDI binding: [java:comp/env/resourceRootURL] = [/Entando/resources/]
Feb 02, 2021 5:31:21 PM org.springframework.mock.jndi.SimpleNamingContextBuilder bind
INFO: Static JNDI binding: [java:comp/env/protectedResourceRootURL] = [/Entando/protected/]
Feb 02, 2021 5:31:21 PM org.springframework.mock.jndi.SimpleNamingContextBuilder bind
INFO: Static JNDI binding: [java:comp/env/resourceDiskRootFolder] = [target/test/resources/]
Feb 02, 2021 5:31:21 PM org.springframework.mock.jndi.SimpleNamingContextBuilder bind
INFO: Static JNDI binding: [java:comp/env/protectedResourceDiskRootFolder] = [target/test/protected/]
[INFO] Tests run: 5, Failures: 0, Errors: 0, Skipped: 0, Time elapsed: 1.715 s - in org.entando.entando.plugins.jpseo.aps*****.portal.PageSettingsActionIntegrationTest
[INFO] Running org.entando.entando.plugins.jpseo.aps.******.services.metatag.MetatagCatalogueIntegrationTest
Feb 02, 2021 5:31:21 PM org.springframework.mock.jndi.SimpleNamingContextBuilder bind
INFO: Static JNDI binding: [java:comp/env/indexDiskRootFolder] = [target/test/indexdir]
Feb 02, 2021 5:31:21 PM org.springframework.mock.jndi.SimpleNamingContextBuilder bind
INFO: Static JNDI binding: [java:comp/env/portDataSourceClassName] = [org.apache.derby.jdbc.EmbeddedDriver]
Feb 02, 2021 5:31:21 PM org.springframework.mock.jndi.SimpleNamingContextBuilder bind
INFO: Static JNDI binding: [java:comp/env/logActiveFileOutput] = [false]
Feb 02, 2021 5:31:21 PM org.springframework.mock.jndi.SimpleNamingContextBuilder bind
INFO: Static JNDI binding: [java:comp/env/jdbc.servDb.url] = [jdbc:derby:/workspace/source/target/test/db/entando-plugin-jpseotestServ;create=****]
Feb 02, 2021 5:31:21 PM org.springframework.mock.jndi.SimpleNamingContextBuilder bind
INFO: Static JNDI binding: [java:comp/env/servDataSourceClassName] = [org.apache.derby.jdbc.EmbeddedDriver]
Feb 02, 2021 5:31:21 PM org.springframework.mock.jndi.SimpleNamingContextBuilder bind
INFO: Static JNDI binding: [java:comp/env/logFilesCount] = [10]
Feb 02, 2021 5:31:21 PM org.springframework.mock.jndi.SimpleNamingContextBuilder bind
INFO: Static JNDI binding: [java:comp/env/applicationBaseURL] = [/Entando/]
Feb 02, 2021 5:31:21 PM org.springframework.mock.jndi.SimpleNamingContextBuilder bind
INFO: Static JNDI binding: [java:comp/env/jdbc.portDb.password] = [agile]
Feb 02, 2021 5:31:21 PM org.springframework.mock.jndi.SimpleNamingContextBuilder bind
INFO: Static JNDI binding: [java:comp/env/logLevel] = [ERROR]
Feb 02, 2021 5:31:21 PM org.springframework.mock.jndi.SimpleNamingContextBuilder bind
INFO: Static JNDI binding: [java:comp/env/indexDiskRootFolder] = [target/test/indexdir]
Feb 02, 2021 5:31:21 PM org.springframework.mock.jndi.SimpleNamingContextBuilder bind
INFO: Static JNDI binding: [java:comp/env/logFileSize] = [1048576]
Feb 02, 2021 5:31:21 PM org.springframework.mock.jndi.SimpleNamingContextBuilder bind
INFO: Static JNDI binding: [java:comp/env/resourceDiskRootFolder] = [target/test/resources/]
Feb 02, 2021 5:31:21 PM org.springframework.mock.jndi.SimpleNamingContextBuilder bind
INFO: Static JNDI binding: [java:comp/env/protectedResourceRootURL] = [/Entando/protected/]
Feb 02, 2021 5:31:22 PM org.springframework.mock.jndi.SimpleNamingContextBuilder bind
INFO: Static JNDI binding: [java:comp/env/resourceRootURL] = [/Entando/resources/]
Feb 02, 2021 5:31:22 PM org.springframework.mock.jndi.SimpleNamingContextBuilder bind
INFO: Static JNDI binding: [java:comp/env/configVersion] = [test]
Feb 02, 2021 5:31:22 PM org.springframework.mock.jndi.SimpleNamingContextBuilder bind
INFO: Static JNDI binding: [java:comp/env/jdbc.servDb.beanName] = [servDataSource]
Feb 02, 2021 5:31:22 PM org.springframework.mock.jndi.SimpleNamingContextBuilder bind
INFO: Static JNDI binding: [java:comp/env/jdbc.portDb.url] = [jdbc:derby:/workspace/source/target/test/db/entando-plugin-jpseotestPort;create=****]
Feb 02, 2021 5:31:22 PM org.springframework.mock.jndi.SimpleNamingContextBuilder bind
INFO: Static JNDI binding: [java:comp/env/jdbc.servDb.driverClassName] = [org.apache.derby.jdbc.EmbeddedDriver]
Feb 02, 2021 5:31:22 PM org.springframework.mock.jndi.SimpleNamingContextBuilder bind
INFO: Static JNDI binding: [java:comp/env/protectedResourceDiskRootFolder] = [target/test/protected/]
Feb 02, 2021 5:31:22 PM org.springframework.mock.jndi.SimpleNamingContextBuilder bind
INFO: Static JNDI binding: [java:comp/env/jdbc.portDb.beanName] = [portDataSource]
Feb 02, 2021 5:31:22 PM org.springframework.mock.jndi.SimpleNamingContextBuilder bind
INFO: Static JNDI binding: [java:comp/env/jdbc.servDb.password] = [agile]
Feb 02, 2021 5:31:22 PM org.springframework.mock.jndi.SimpleNamingContextBuilder bind
INFO: Static JNDI binding: [java:comp/env/jdbc.portDb.driverClassName] = [org.apache.derby.jdbc.EmbeddedDriver]
Feb 02, 2021 5:31:22 PM org.springframework.mock.jndi.SimpleNamingContextBuilder bind
INFO: Static JNDI binding: [java:comp/env/jdbc.portDb.username] = [agile]
Feb 02, 2021 5:31:22 PM org.springframework.mock.jndi.SimpleNamingContextBuilder bind
INFO: Static JNDI binding: [java:comp/env/jdbc.servDb.username] = [agile]
Feb 02, 2021 5:31:22 PM org.springframework.mock.jndi.SimpleNamingContextBuilder bind
INFO: Static JNDI binding: [java:comp/env/logName] = [/workspace/source/target/test/entando-plugin-jpseo]
Feb 02, 2021 5:31:22 PM org.springframework.mock.jndi.SimpleNamingContextBuilder bind
INFO: Static JNDI binding: [java:comp/env/logFileRotatePattern] = [/workspace/source/target/test/entando-plugin-jpseo_logs/entando-plugin-jpseo-%i.log.gz]
Feb 02, 2021 5:31:22 PM org.springframework.mock.jndi.SimpleNamingContextBuilder bind
INFO: Static JNDI binding: [java:comp/env/jdbc/servDataSource] = [org.apache.commons.dbcp2.BasicDataSource@28bb2c]
Feb 02, 2021 5:31:22 PM org.springframework.mock.jndi.SimpleNamingContextBuilder bind
INFO: Static JNDI binding: [java:comp/env/jdbc/portDataSource] = [org.apache.commons.dbcp2.BasicDataSource@3a0a3f89]
Feb 02, 2021 5:31:22 PM org.springframework.mock.web.MockServletContext log
INFO: Initializing Spring **** WebApplicationContext
Feb 02, 2021 5:31:22 PM org.springframework.web.context.ContextLoader initWebApplicationContext
INFO: Root WebApplicationContext: initialization started
Feb 02, 2021 5:31:25 PM org.entando.entando.ent.util.EntLogging$EntLogger info
INFO: + [ Component: Core ] :: DATA
|   
Feb 02, 2021 5:31:25 PM org.entando.entando.ent.util.EntLogging$EntLogger info
INFO: + [ Component: jacms ] :: DATA
|   
Feb 02, 2021 5:31:25 PM org.entando.entando.ent.util.EntLogging$EntLogger info
INFO: + [ Component: entando-*****-console ] :: DATA
|   
Feb 02, 2021 5:31:25 PM org.entando.entando.ent.util.EntLogging$EntLogger info
INFO: + [ Component: entando-portal-ui ] :: DATA
|   
Feb 02, 2021 5:31:25 PM org.entando.entando.ent.util.EntLogging$EntLogger info
INFO: + [ Component: jpseo ] :: DATA
|   
Feb 02, 2021 5:31:25 PM org.entando.entando.ent.util.EntLogging$EntLogger info
INFO: + [ Component: Core ] :: DATA
|   
Feb 02, 2021 5:31:25 PM org.entando.entando.ent.util.EntLogging$EntLogger info
INFO: + [ Component: jacms ] :: DATA
|   
Feb 02, 2021 5:31:25 PM org.entando.entando.ent.util.EntLogging$EntLogger info
INFO: + [ Component: entando-*****-console ] :: DATA
|   
Feb 02, 2021 5:31:25 PM org.entando.entando.ent.util.EntLogging$EntLogger info
INFO: + [ Component: entando-portal-ui ] :: DATA
|   
Feb 02, 2021 5:31:25 PM org.entando.entando.ent.util.EntLogging$EntLogger info
INFO: + [ Component: jpseo ] :: DATA
|   
Feb 02, 2021 5:31:35 PM org.springframework.scheduling.concurrent.E**cutorConfigurationSupport initialize
INFO: Initializing E**cutorService 'entandoScheduler'
Feb 02, 2021 5:31:36 PM org.springframework.security.web.DefaultSecurityFilterChain <init>
INFO: Creating filter chain: OrRequestMatcher [requestMatchers=[Ant [pattern='/oauth/token'], Ant [pattern='/oauth/token_key'], Ant [pattern='/oauth/check_token']]], [org.springframework.security.web.context.request.async.WebAsyncManagerIntegrationFilter@41166148, org.springframework.security.web.context.SecurityContextPersistenceFilter@5d2db943, org.springframework.security.web.header.HeaderWriterFilter@799d06cf, org.springframework.security.web.authentication.logout.LogoutFilter@18a731b5, org.springframework.web.filter.CorsFilter@70aca9f5, org.springframework.security.web.authentication.www.BasicAuthenticationFilter@4ed3d5fe, org.springframework.security.web.savedrequest.RequestCacheAwareFilter@43bcd34c, org.springframework.security.web.servletapi.SecurityContextHolderAwareRequestFilter@5fe63f3d, org.springframework.security.web.authentication.AnonymousAuthenticationFilter@5a911276, org.springframework.security.web.session.SessionManagementFilter@117f7853, org.springframework.security.web.access.ExceptionTranslationFilter@2711a8ef, org.springframework.security.web.access.intercept.FilterSecurityInterceptor@6eecc42]
Feb 02, 2021 5:31:36 PM org.springframework.security.web.DefaultSecurityFilterChain <init>
INFO: Creating filter chain: any request, [org.springframework.security.web.context.request.async.WebAsyncManagerIntegrationFilter@62f2afec, org.springframework.security.web.context.SecurityContextPersistenceFilter@26eee381, org.springframework.security.web.header.HeaderWriterFilter@21e58351, org.springframework.web.filter.CorsFilter@70aca9f5, org.springframework.security.web.authentication.logout.LogoutFilter@34f621ab, org.springframework.security.web.savedrequest.RequestCacheAwareFilter@543bf8a8, org.springframework.security.web.servletapi.SecurityContextHolderAwareRequestFilter@721b5ba3, org.springframework.security.web.session.SessionManagementFilter@1f209993, org.springframework.security.web.access.ExceptionTranslationFilter@37d260f7]
Feb 02, 2021 5:31:36 PM org.springframework.web.context.ContextLoader initWebApplicationContext
INFO: Root WebApplicationContext initialized in 14791 ms
Feb 02, 2021 5:31:36 PM org.springframework.scheduling.concurrent.E**cutorConfigurationSupport shutdown
INFO: Shutting down E**cutorService 'entandoScheduler'
Feb 02, 2021 5:31:39 PM org.entando.entando.ent.util.EntLogging$EntLogger info
INFO: + [ Component: Core ] :: DATA
|   
Feb 02, 2021 5:31:39 PM org.entando.entando.ent.util.EntLogging$EntLogger info
INFO: + [ Component: jacms ] :: DATA
|   
Feb 02, 2021 5:31:39 PM org.entando.entando.ent.util.EntLogging$EntLogger info
INFO: + [ Component: entando-*****-console ] :: DATA
|   
Feb 02, 2021 5:31:39 PM org.entando.entando.ent.util.EntLogging$EntLogger info
INFO: + [ Component: entando-portal-ui ] :: DATA
|   
Feb 02, 2021 5:31:39 PM org.entando.entando.ent.util.EntLogging$EntLogger info
INFO: + [ Component: jpseo ] :: DATA
|   
Feb 02, 2021 5:31:39 PM org.entando.entando.ent.util.EntLogging$EntLogger info
INFO: + [ Component: Core ] :: DATA
|   
Feb 02, 2021 5:31:39 PM org.entando.entando.ent.util.EntLogging$EntLogger info
INFO: + [ Component: jacms ] :: DATA
|   
Feb 02, 2021 5:31:39 PM org.entando.entando.ent.util.EntLogging$EntLogger info
INFO: + [ Component: entando-*****-console ] :: DATA
|   
Feb 02, 2021 5:31:39 PM org.entando.entando.ent.util.EntLogging$EntLogger info
INFO: + [ Component: entando-portal-ui ] :: DATA
|   
Feb 02, 2021 5:31:39 PM org.entando.entando.ent.util.EntLogging$EntLogger info
INFO: + [ Component: jpseo ] :: DATA
|   
Feb 02, 2021 5:31:49 PM org.springframework.scheduling.concurrent.E**cutorConfigurationSupport initialize
INFO: Initializing E**cutorService 'entandoScheduler'
Feb 02, 2021 5:31:52 PM org.springframework.security.web.DefaultSecurityFilterChain <init>
INFO: Creating filter chain: OrRequestMatcher [requestMatchers=[Ant [pattern='/oauth/token'], Ant [pattern='/oauth/token_key'], Ant [pattern='/oauth/check_token']]], [org.springframework.security.web.context.request.async.WebAsyncManagerIntegrationFilter@67b398b1, org.springframework.security.web.context.SecurityContextPersistenceFilter@75ab6c75, org.springframework.security.web.header.HeaderWriterFilter@11615fd5, org.springframework.security.web.authentication.logout.LogoutFilter@3bdff50e, org.springframework.web.filter.CorsFilter@3ac99cec, org.springframework.security.web.authentication.www.BasicAuthenticationFilter@5aa404cc, org.springframework.security.web.savedrequest.RequestCacheAwareFilter@21c9cc63, org.springframework.security.web.servletapi.SecurityContextHolderAwareRequestFilter@232841f3, org.springframework.security.web.authentication.AnonymousAuthenticationFilter@22a32375, org.springframework.security.web.session.SessionManagementFilter@7c816395, org.springframework.security.web.access.ExceptionTranslationFilter@6fecbac0, org.springframework.security.web.access.intercept.FilterSecurityInterceptor@4cd35792]
Feb 02, 2021 5:31:52 PM org.springframework.security.web.DefaultSecurityFilterChain <init>
INFO: Creating filter chain: any request, [org.springframework.security.web.context.request.async.WebAsyncManagerIntegrationFilter@62532cac, org.springframework.security.web.context.SecurityContextPersistenceFilter@7c9538a8, org.springframework.security.web.header.HeaderWriterFilter@5e968e6, org.springframework.web.filter.CorsFilter@3ac99cec, org.springframework.security.web.authentication.logout.LogoutFilter@46f5dc36, org.springframework.security.web.savedrequest.RequestCacheAwareFilter@7dd74925, org.springframework.security.web.servletapi.SecurityContextHolderAwareRequestFilter@31a12da0, org.springframework.security.web.session.SessionManagementFilter@3630f493, org.springframework.security.web.access.ExceptionTranslationFilter@18c03653]
Feb 02, 2021 5:31:52 PM org.springframework.scheduling.concurrent.E**cutorConfigurationSupport shutdown
INFO: Shutting down E**cutorService 'entandoScheduler'
[INFO] Tests run: 1, Failures: 0, Errors: 0, Skipped: 0, Time elapsed: 30.477 s - in org.entando.entando.plugins.jpseo.aps.******.services.metatag.MetatagCatalogueIntegrationTest
[INFO] Running org.entando.entando.plugins.jpseo.aps.******.services.mapping.SeoMappingManagerIntegrationTest
Feb 02, 2021 5:31:52 PM org.springframework.mock.jndi.SimpleNamingContextBuilder bind
INFO: Static JNDI binding: [java:comp/env/logName] = [/workspace/source/target/test/entando-plugin-jpseo]
Feb 02, 2021 5:31:52 PM org.springframework.mock.jndi.SimpleNamingContextBuilder bind
INFO: Static JNDI binding: [java:comp/env/logFileRotatePattern] = [/workspace/source/target/test/entando-plugin-jpseo_logs/entando-plugin-jpseo-%i.log.gz]
Feb 02, 2021 5:31:52 PM org.springframework.mock.jndi.SimpleNamingContextBuilder bind
INFO: Static JNDI binding: [java:comp/env/logLevel] = [ERROR]
Feb 02, 2021 5:31:52 PM org.springframework.mock.jndi.SimpleNamingContextBuilder bind
INFO: Static JNDI binding: [java:comp/env/logFileSize] = [1048576]
Feb 02, 2021 5:31:52 PM org.springframework.mock.jndi.SimpleNamingContextBuilder bind
INFO: Static JNDI binding: [java:comp/env/logFilesCount] = [10]
Feb 02, 2021 5:31:52 PM org.springframework.mock.jndi.SimpleNamingContextBuilder bind
INFO: Static JNDI binding: [java:comp/env/configVersion] = [test]
Feb 02, 2021 5:31:52 PM org.springframework.mock.jndi.SimpleNamingContextBuilder bind
INFO: Static JNDI binding: [java:comp/env/applicationBaseURL] = [/Entando/]
Feb 02, 2021 5:31:52 PM org.springframework.mock.jndi.SimpleNamingContextBuilder bind
INFO: Static JNDI binding: [java:comp/env/resourceRootURL] = [/Entando/resources/]
Feb 02, 2021 5:31:52 PM org.springframework.mock.jndi.SimpleNamingContextBuilder bind
INFO: Static JNDI binding: [java:comp/env/protectedResourceRootURL] = [/Entando/protected/]
Feb 02, 2021 5:31:52 PM org.springframework.mock.jndi.SimpleNamingContextBuilder bind
INFO: Static JNDI binding: [java:comp/env/resourceDiskRootFolder] = [target/test/resources/]
Feb 02, 2021 5:31:52 PM org.springframework.mock.jndi.SimpleNamingContextBuilder bind
INFO: Static JNDI binding: [java:comp/env/protectedResourceDiskRootFolder] = [target/test/protected/]
Feb 02, 2021 5:31:52 PM org.springframework.mock.jndi.SimpleNamingContextBuilder bind
INFO: Static JNDI binding: [java:comp/env/indexDiskRootFolder] = [target/test/indexdir]
Feb 02, 2021 5:31:52 PM org.springframework.mock.jndi.SimpleNamingContextBuilder bind
INFO: Static JNDI binding: [java:comp/env/portDataSourceClassName] = [org.apache.derby.jdbc.EmbeddedDriver]
Feb 02, 2021 5:31:52 PM org.springframework.mock.jndi.SimpleNamingContextBuilder bind
INFO: Static JNDI binding: [java:comp/env/logActiveFileOutput] = [false]
Feb 02, 2021 5:31:52 PM org.springframework.mock.jndi.SimpleNamingContextBuilder bind
INFO: Static JNDI binding: [java:comp/env/jdbc.servDb.url] = [jdbc:derby:/workspace/source/target/test/db/entando-plugin-jpseotestServ;create=****]
Feb 02, 2021 5:31:52 PM org.springframework.mock.jndi.SimpleNamingContextBuilder bind
INFO: Static JNDI binding: [java:comp/env/servDataSourceClassName] = [org.apache.derby.jdbc.EmbeddedDriver]
Feb 02, 2021 5:31:52 PM org.springframework.mock.jndi.SimpleNamingContextBuilder bind
INFO: Static JNDI binding: [java:comp/env/logFilesCount] = [10]
Feb 02, 2021 5:31:52 PM org.springframework.mock.jndi.SimpleNamingContextBuilder bind
INFO: Static JNDI binding: [java:comp/env/applicationBaseURL] = [/Entando/]
Feb 02, 2021 5:31:52 PM org.springframework.mock.jndi.SimpleNamingContextBuilder bind
INFO: Static JNDI binding: [java:comp/env/jdbc.portDb.password] = [agile]
Feb 02, 2021 5:31:52 PM org.springframework.mock.jndi.SimpleNamingContextBuilder bind
INFO: Static JNDI binding: [java:comp/env/logLevel] = [ERROR]
Feb 02, 2021 5:31:52 PM org.springframework.mock.jndi.SimpleNamingContextBuilder bind
INFO: Static JNDI binding: [java:comp/env/indexDiskRootFolder] = [target/test/indexdir]
Feb 02, 2021 5:31:52 PM org.springframework.mock.jndi.SimpleNamingContextBuilder bind
INFO: Static JNDI binding: [java:comp/env/logFileSize] = [1048576]
Feb 02, 2021 5:31:52 PM org.springframework.mock.jndi.SimpleNamingContextBuilder bind
INFO: Static JNDI binding: [java:comp/env/resourceDiskRootFolder] = [target/test/resources/]
Feb 02, 2021 5:31:52 PM org.springframework.mock.jndi.SimpleNamingContextBuilder bind
INFO: Static JNDI binding: [java:comp/env/protectedResourceRootURL] = [/Entando/protected/]
Feb 02, 2021 5:31:52 PM org.springframework.mock.jndi.SimpleNamingContextBuilder bind
INFO: Static JNDI binding: [java:comp/env/resourceRootURL] = [/Entando/resources/]
Feb 02, 2021 5:31:52 PM org.springframework.mock.jndi.SimpleNamingContextBuilder bind
INFO: Static JNDI binding: [java:comp/env/configVersion] = [test]
Feb 02, 2021 5:31:52 PM org.springframework.mock.jndi.SimpleNamingContextBuilder bind
INFO: Static JNDI binding: [java:comp/env/jdbc.servDb.beanName] = [servDataSource]
Feb 02, 2021 5:31:52 PM org.springframework.mock.jndi.SimpleNamingContextBuilder bind
INFO: Static JNDI binding: [java:comp/env/jdbc.portDb.url] = [jdbc:derby:/workspace/source/target/test/db/entando-plugin-jpseotestPort;create=****]
Feb 02, 2021 5:31:52 PM org.springframework.mock.jndi.SimpleNamingContextBuilder bind
INFO: Static JNDI binding: [java:comp/env/jdbc.servDb.driverClassName] = [org.apache.derby.jdbc.EmbeddedDriver]
Feb 02, 2021 5:31:52 PM org.springframework.mock.jndi.SimpleNamingContextBuilder bind
INFO: Static JNDI binding: [java:comp/env/protectedResourceDiskRootFolder] = [target/test/protected/]
Feb 02, 2021 5:31:52 PM org.springframework.mock.jndi.SimpleNamingContextBuilder bind
INFO: Static JNDI binding: [java:comp/env/jdbc.portDb.beanName] = [portDataSource]
Feb 02, 2021 5:31:52 PM org.springframework.mock.jndi.SimpleNamingContextBuilder bind
INFO: Static JNDI binding: [java:comp/env/jdbc.servDb.password] = [agile]
Feb 02, 2021 5:31:52 PM org.springframework.mock.jndi.SimpleNamingContextBuilder bind
INFO: Static JNDI binding: [java:comp/env/jdbc.portDb.driverClassName] = [org.apache.derby.jdbc.EmbeddedDriver]
Feb 02, 2021 5:31:52 PM org.springframework.mock.jndi.SimpleNamingContextBuilder bind
INFO: Static JNDI binding: [java:comp/env/jdbc.portDb.username] = [agile]
Feb 02, 2021 5:31:52 PM org.springframework.mock.jndi.SimpleNamingContextBuilder bind
INFO: Static JNDI binding: [java:comp/env/jdbc.servDb.username] = [agile]
Feb 02, 2021 5:31:52 PM org.springframework.mock.jndi.SimpleNamingContextBuilder bind
INFO: Static JNDI binding: [java:comp/env/logName] = [/workspace/source/target/test/entando-plugin-jpseo]
Feb 02, 2021 5:31:52 PM org.springframework.mock.jndi.SimpleNamingContextBuilder bind
INFO: Static JNDI binding: [java:comp/env/logFileRotatePattern] = [/workspace/source/target/test/entando-plugin-jpseo_logs/entando-plugin-jpseo-%i.log.gz]
Feb 02, 2021 5:31:52 PM org.springframework.mock.jndi.SimpleNamingContextBuilder bind
INFO: Static JNDI binding: [java:comp/env/jdbc/servDataSource] = [org.apache.commons.dbcp2.BasicDataSource@14c46e79]
Feb 02, 2021 5:31:52 PM org.springframework.mock.jndi.SimpleNamingContextBuilder bind
INFO: Static JNDI binding: [java:comp/env/jdbc/portDataSource] = [org.apache.commons.dbcp2.BasicDataSource@49b95a80]
Feb 02, 2021 5:31:52 PM org.springframework.mock.web.MockServletContext log
INFO: Initializing Spring **** WebApplicationContext
Feb 02, 2021 5:31:52 PM org.springframework.web.context.ContextLoader initWebApplicationContext
INFO: Root WebApplicationContext: initialization started
Feb 02, 2021 5:31:54 PM org.entando.entando.ent.util.EntLogging$EntLogger info
INFO: + [ Component: Core ] :: DATA
|   
Feb 02, 2021 5:31:54 PM org.entando.entando.ent.util.EntLogging$EntLogger info
INFO: + [ Component: jacms ] :: DATA
|   
Feb 02, 2021 5:31:54 PM org.entando.entando.ent.util.EntLogging$EntLogger info
INFO: + [ Component: entando-*****-console ] :: DATA
|   
Feb 02, 2021 5:31:54 PM org.entando.entando.ent.util.EntLogging$EntLogger info
INFO: + [ Component: entando-portal-ui ] :: DATA
|   
Feb 02, 2021 5:31:54 PM org.entando.entando.ent.util.EntLogging$EntLogger info
INFO: + [ Component: jpseo ] :: DATA
|   
Feb 02, 2021 5:31:54 PM org.entando.entando.ent.util.EntLogging$EntLogger info
INFO: + [ Component: Core ] :: DATA
|   
Feb 02, 2021 5:31:54 PM org.entando.entando.ent.util.EntLogging$EntLogger info
INFO: + [ Component: jacms ] :: DATA
|   
Feb 02, 2021 5:31:54 PM org.entando.entando.ent.util.EntLogging$EntLogger info
INFO: + [ Component: entando-*****-console ] :: DATA
|   
Feb 02, 2021 5:31:54 PM org.entando.entando.ent.util.EntLogging$EntLogger info
INFO: + [ Component: entando-portal-ui ] :: DATA
|   
Feb 02, 2021 5:31:54 PM org.entando.entando.ent.util.EntLogging$EntLogger info
INFO: + [ Component: jpseo ] :: DATA
|   
Feb 02, 2021 5:32:03 PM org.springframework.scheduling.concurrent.E**cutorConfigurationSupport initialize
INFO: Initializing E**cutorService 'entandoScheduler'
Feb 02, 2021 5:32:05 PM org.springframework.security.web.DefaultSecurityFilterChain <init>
INFO: Creating filter chain: OrRequestMatcher [requestMatchers=[Ant [pattern='/oauth/token'], Ant [pattern='/oauth/token_key'], Ant [pattern='/oauth/check_token']]], [org.springframework.security.web.context.request.async.WebAsyncManagerIntegrationFilter@7e0fa8d3, org.springframework.security.web.context.SecurityContextPersistenceFilter@3704db69, org.springframework.security.web.header.HeaderWriterFilter@97b5d1d, org.springframework.security.web.authentication.logout.LogoutFilter@21280b21, org.springframework.web.filter.CorsFilter@7800ec95, org.springframework.security.web.authentication.www.BasicAuthenticationFilter@4188c242, org.springframework.security.web.savedrequest.RequestCacheAwareFilter@1e527e39, org.springframework.security.web.servletapi.SecurityContextHolderAwareRequestFilter@c3697b1, org.springframework.security.web.authentication.AnonymousAuthenticationFilter@72ea0fc0, org.springframework.security.web.session.SessionManagementFilter@3ff22c4e, org.springframework.security.web.access.ExceptionTranslationFilter@5603504d, org.springframework.security.web.access.intercept.FilterSecurityInterceptor@16a1b49c]
Feb 02, 2021 5:32:05 PM org.springframework.security.web.DefaultSecurityFilterChain <init>
INFO: Creating filter chain: any request, [org.springframework.security.web.context.request.async.WebAsyncManagerIntegrationFilter@625d5d74, org.springframework.security.web.context.SecurityContextPersistenceFilter@3716295e, org.springframework.security.web.header.HeaderWriterFilter@6ace659, org.springframework.web.filter.CorsFilter@7800ec95, org.springframework.security.web.authentication.logout.LogoutFilter@5e3c2069, org.springframework.security.web.savedrequest.RequestCacheAwareFilter@5224f996, org.springframework.security.web.servletapi.SecurityContextHolderAwareRequestFilter@502d9b43, org.springframework.security.web.session.SessionManagementFilter@3a7de8a0, org.springframework.security.web.access.ExceptionTranslationFilter@576da5ab]
Feb 02, 2021 5:32:05 PM org.springframework.web.context.ContextLoader initWebApplicationContext
INFO: Root WebApplicationContext initialized in 13002 ms
Feb 02, 2021 5:32:05 PM org.springframework.scheduling.concurrent.E**cutorConfigurationSupport shutdown
INFO: Shutting down E**cutorService 'entandoScheduler'
Feb 02, 2021 5:32:08 PM org.entando.entando.ent.util.EntLogging$EntLogger info
INFO: + [ Component: Core ] :: DATA
|   
Feb 02, 2021 5:32:08 PM org.entando.entando.ent.util.EntLogging$EntLogger info
INFO: + [ Component: jacms ] :: DATA
|   
Feb 02, 2021 5:32:08 PM org.entando.entando.ent.util.EntLogging$EntLogger info
INFO: + [ Component: entando-*****-console ] :: DATA
|   
Feb 02, 2021 5:32:08 PM org.entando.entando.ent.util.EntLogging$EntLogger info
INFO: + [ Component: entando-portal-ui ] :: DATA
|   
Feb 02, 2021 5:32:08 PM org.entando.entando.ent.util.EntLogging$EntLogger info
INFO: + [ Component: jpseo ] :: DATA
|   
Feb 02, 2021 5:32:08 PM org.entando.entando.ent.util.EntLogging$EntLogger info
INFO: + [ Component: Core ] :: DATA
|   
Feb 02, 2021 5:32:08 PM org.entando.entando.ent.util.EntLogging$EntLogger info
INFO: + [ Component: jacms ] :: DATA
|   
Feb 02, 2021 5:32:08 PM org.entando.entando.ent.util.EntLogging$EntLogger info
INFO: + [ Component: entando-*****-console ] :: DATA
|   
Feb 02, 2021 5:32:08 PM org.entando.entando.ent.util.EntLogging$EntLogger info
INFO: + [ Component: entando-portal-ui ] :: DATA
|   
Feb 02, 2021 5:32:08 PM org.entando.entando.ent.util.EntLogging$EntLogger info
INFO: + [ Component: jpseo ] :: DATA
|   
Feb 02, 2021 5:32:17 PM org.springframework.scheduling.concurrent.E**cutorConfigurationSupport initialize
INFO: Initializing E**cutorService 'entandoScheduler'
Feb 02, 2021 5:32:19 PM org.springframework.security.web.DefaultSecurityFilterChain <init>
INFO: Creating filter chain: OrRequestMatcher [requestMatchers=[Ant [pattern='/oauth/token'], Ant [pattern='/oauth/token_key'], Ant [pattern='/oauth/check_token']]], [org.springframework.security.web.context.request.async.WebAsyncManagerIntegrationFilter@7be06170, org.springframework.security.web.context.SecurityContextPersistenceFilter@57f768d0, org.springframework.security.web.header.HeaderWriterFilter@1287c543, org.springframework.security.web.authentication.logout.LogoutFilter@480f4e44, org.springframework.web.filter.CorsFilter@91f9d98, org.springframework.security.web.authentication.www.BasicAuthenticationFilter@3c146c15, org.springframework.security.web.savedrequest.RequestCacheAwareFilter@7df711c7, org.springframework.security.web.servletapi.SecurityContextHolderAwareRequestFilter@4ed7c8f0, org.springframework.security.web.authentication.AnonymousAuthenticationFilter@51826b1a, org.springframework.security.web.session.SessionManagementFilter@6ff9279f, org.springframework.security.web.access.ExceptionTranslationFilter@645f860f, org.springframework.security.web.access.intercept.FilterSecurityInterceptor@39e1b855]
Feb 02, 2021 5:32:19 PM org.springframework.security.web.DefaultSecurityFilterChain <init>
INFO: Creating filter chain: any request, [org.springframework.security.web.context.request.async.WebAsyncManagerIntegrationFilter@1e9673b9, org.springframework.security.web.context.SecurityContextPersistenceFilter@4c8be007, org.springframework.security.web.header.HeaderWriterFilter@502b080a, org.springframework.web.filter.CorsFilter@91f9d98, org.springframework.security.web.authentication.logout.LogoutFilter@25bdae7a, org.springframework.security.web.savedrequest.RequestCacheAwareFilter@3523ebdc, org.springframework.security.web.servletapi.SecurityContextHolderAwareRequestFilter@666f4afe, org.springframework.security.web.session.SessionManagementFilter@728c7d27, org.springframework.security.web.access.ExceptionTranslationFilter@51633693]
Feb 02, 2021 5:32:22 PM org.entando.entando.ent.util.EntLogging$EntLogger info
INFO: Content EVN218 with friendly codes [wonders_theater, teatro_delle_meraviglie]
Feb 02, 2021 5:32:24 PM org.springframework.scheduling.concurrent.E**cutorConfigurationSupport shutdown
INFO: Shutting down E**cutorService 'entandoScheduler'
[INFO] Tests run: 3, Failures: 0, Errors: 0, Skipped: 0, Time elapsed: 31.987 s - in org.entando.entando.plugins.jpseo.aps.******.services.mapping.SeoMappingManagerIntegrationTest
[INFO] Running org.entando.entando.plugins.jpseo.aps.******.services.page.SeoPageServiceTest
Feb 02, 2021 5:32:24 PM org.springframework.mock.jndi.SimpleNamingContextBuilder bind
INFO: Static JNDI binding: [java:comp/env/logName] = [/workspace/source/target/test/entando-plugin-jpseo]
Feb 02, 2021 5:32:24 PM org.springframework.mock.jndi.SimpleNamingContextBuilder bind
INFO: Static JNDI binding: [java:comp/env/logFileRotatePattern] = [/workspace/source/target/test/entando-plugin-jpseo_logs/entando-plugin-jpseo-%i.log.gz]
Feb 02, 2021 5:32:24 PM org.springframework.mock.jndi.SimpleNamingContextBuilder bind
INFO: Static JNDI binding: [java:comp/env/logLevel] = [ERROR]
Feb 02, 2021 5:32:24 PM org.springframework.mock.jndi.SimpleNamingContextBuilder bind
INFO: Static JNDI binding: [java:comp/env/logFileSize] = [1048576]
Feb 02, 2021 5:32:24 PM org.springframework.mock.jndi.SimpleNamingContextBuilder bind
INFO: Static JNDI binding: [java:comp/env/logFilesCount] = [10]
Feb 02, 2021 5:32:24 PM org.springframework.mock.jndi.SimpleNamingContextBuilder bind
INFO: Static JNDI binding: [java:comp/env/configVersion] = [test]
Feb 02, 2021 5:32:24 PM org.springframework.mock.jndi.SimpleNamingContextBuilder bind
INFO: Static JNDI binding: [java:comp/env/applicationBaseURL] = [/Entando/]
Feb 02, 2021 5:32:24 PM org.springframework.mock.jndi.SimpleNamingContextBuilder bind
INFO: Static JNDI binding: [java:comp/env/resourceRootURL] = [/Entando/resources/]
Feb 02, 2021 5:32:24 PM org.springframework.mock.jndi.SimpleNamingContextBuilder bind
INFO: Static JNDI binding: [java:comp/env/protectedResourceRootURL] = [/Entando/protected/]
Feb 02, 2021 5:32:24 PM org.springframework.mock.jndi.SimpleNamingContextBuilder bind
INFO: Static JNDI binding: [java:comp/env/resourceDiskRootFolder] = [target/test/resources/]
Feb 02, 2021 5:32:24 PM org.springframework.mock.jndi.SimpleNamingContextBuilder bind
INFO: Static JNDI binding: [java:comp/env/protectedResourceDiskRootFolder] = [target/test/protected/]
Feb 02, 2021 5:32:24 PM org.springframework.mock.jndi.SimpleNamingContextBuilder bind
INFO: Static JNDI binding: [java:comp/env/indexDiskRootFolder] = [target/test/indexdir]
Feb 02, 2021 5:32:24 PM org.springframework.mock.jndi.SimpleNamingContextBuilder bind
INFO: Static JNDI binding: [java:comp/env/portDataSourceClassName] = [org.apache.derby.jdbc.EmbeddedDriver]
Feb 02, 2021 5:32:24 PM org.springframework.mock.jndi.SimpleNamingContextBuilder bind
INFO: Static JNDI binding: [java:comp/env/logActiveFileOutput] = [false]
Feb 02, 2021 5:32:24 PM org.springframework.mock.jndi.SimpleNamingContextBuilder bind
INFO: Static JNDI binding: [java:comp/env/jdbc.servDb.url] = [jdbc:derby:/workspace/source/target/test/db/entando-plugin-jpseotestServ;create=****]
Feb 02, 2021 5:32:24 PM org.springframework.mock.jndi.SimpleNamingContextBuilder bind
INFO: Static JNDI binding: [java:comp/env/servDataSourceClassName] = [org.apache.derby.jdbc.EmbeddedDriver]
Feb 02, 2021 5:32:24 PM org.springframework.mock.jndi.SimpleNamingContextBuilder bind
INFO: Static JNDI binding: [java:comp/env/logFilesCount] = [10]
Feb 02, 2021 5:32:24 PM org.springframework.mock.jndi.SimpleNamingContextBuilder bind
INFO: Static JNDI binding: [java:comp/env/applicationBaseURL] = [/Entando/]
Feb 02, 2021 5:32:24 PM org.springframework.mock.jndi.SimpleNamingContextBuilder bind
INFO: Static JNDI binding: [java:comp/env/jdbc.portDb.password] = [agile]
Feb 02, 2021 5:32:24 PM org.springframework.mock.jndi.SimpleNamingContextBuilder bind
INFO: Static JNDI binding: [java:comp/env/logLevel] = [ERROR]
Feb 02, 2021 5:32:24 PM org.springframework.mock.jndi.SimpleNamingContextBuilder bind
INFO: Static JNDI binding: [java:comp/env/indexDiskRootFolder] = [target/test/indexdir]
Feb 02, 2021 5:32:24 PM org.springframework.mock.jndi.SimpleNamingContextBuilder bind
INFO: Static JNDI binding: [java:comp/env/logFileSize] = [1048576]
Feb 02, 2021 5:32:24 PM org.springframework.mock.jndi.SimpleNamingContextBuilder bind
INFO: Static JNDI binding: [java:comp/env/resourceDiskRootFolder] = [target/test/resources/]
Feb 02, 2021 5:32:24 PM org.springframework.mock.jndi.SimpleNamingContextBuilder bind
INFO: Static JNDI binding: [java:comp/env/protectedResourceRootURL] = [/Entando/protected/]
Feb 02, 2021 5:32:24 PM org.springframework.mock.jndi.SimpleNamingContextBuilder bind
INFO: Static JNDI binding: [java:comp/env/resourceRootURL] = [/Entando/resources/]
Feb 02, 2021 5:32:24 PM org.springframework.mock.jndi.SimpleNamingContextBuilder bind
INFO: Static JNDI binding: [java:comp/env/configVersion] = [test]
Feb 02, 2021 5:32:24 PM org.springframework.mock.jndi.SimpleNamingContextBuilder bind
INFO: Static JNDI binding: [java:comp/env/jdbc.servDb.beanName] = [servDataSource]
Feb 02, 2021 5:32:24 PM org.springframework.mock.jndi.SimpleNamingContextBuilder bind
INFO: Static JNDI binding: [java:comp/env/jdbc.portDb.url] = [jdbc:derby:/workspace/source/target/test/db/entando-plugin-jpseotestPort;create=****]
Feb 02, 2021 5:32:24 PM org.springframework.mock.jndi.SimpleNamingContextBuilder bind
INFO: Static JNDI binding: [java:comp/env/jdbc.servDb.driverClassName] = [org.apache.derby.jdbc.EmbeddedDriver]
Feb 02, 2021 5:32:24 PM org.springframework.mock.jndi.SimpleNamingContextBuilder bind
INFO: Static JNDI binding: [java:comp/env/protectedResourceDiskRootFolder] = [target/test/protected/]
Feb 02, 2021 5:32:24 PM org.springframework.mock.jndi.SimpleNamingContextBuilder bind
INFO: Static JNDI binding: [java:comp/env/jdbc.portDb.beanName] = [portDataSource]
Feb 02, 2021 5:32:24 PM org.springframework.mock.jndi.SimpleNamingContextBuilder bind
INFO: Static JNDI binding: [java:comp/env/jdbc.servDb.password] = [agile]
Feb 02, 2021 5:32:24 PM org.springframework.mock.jndi.SimpleNamingContextBuilder bind
INFO: Static JNDI binding: [java:comp/env/jdbc.portDb.driverClassName] = [org.apache.derby.jdbc.EmbeddedDriver]
Feb 02, 2021 5:32:24 PM org.springframework.mock.jndi.SimpleNamingContextBuilder bind
INFO: Static JNDI binding: [java:comp/env/jdbc.portDb.username] = [agile]
Feb 02, 2021 5:32:24 PM org.springframework.mock.jndi.SimpleNamingContextBuilder bind
INFO: Static JNDI binding: [java:comp/env/jdbc.servDb.username] = [agile]
Feb 02, 2021 5:32:24 PM org.springframework.mock.jndi.SimpleNamingContextBuilder bind
INFO: Static JNDI binding: [java:comp/env/logName] = [/workspace/source/target/test/entando-plugin-jpseo]
Feb 02, 2021 5:32:24 PM org.springframework.mock.jndi.SimpleNamingContextBuilder bind
INFO: Static JNDI binding: [java:comp/env/logFileRotatePattern] = [/workspace/source/target/test/entando-plugin-jpseo_logs/entando-plugin-jpseo-%i.log.gz]
Feb 02, 2021 5:32:24 PM org.springframework.mock.jndi.SimpleNamingContextBuilder bind
INFO: Static JNDI binding: [java:comp/env/jdbc/servDataSource] = [org.apache.commons.dbcp2.BasicDataSource@714d85e5]
Feb 02, 2021 5:32:24 PM org.springframework.mock.jndi.SimpleNamingContextBuilder bind
INFO: Static JNDI binding: [java:comp/env/jdbc/portDataSource] = [org.apache.commons.dbcp2.BasicDataSource@3a0f5c93]
Feb 02, 2021 5:32:24 PM org.springframework.mock.web.MockServletContext log
INFO: Initializing Spring **** WebApplicationContext
Feb 02, 2021 5:32:24 PM org.springframework.web.context.ContextLoader initWebApplicationContext
INFO: Root WebApplicationContext: initialization started
Feb 02, 2021 5:32:27 PM org.entando.entando.ent.util.EntLogging$EntLogger info
INFO: + [ Component: Core ] :: DATA
|   
Feb 02, 2021 5:32:27 PM org.entando.entando.ent.util.EntLogging$EntLogger info
INFO: + [ Component: jacms ] :: DATA
|   
Feb 02, 2021 5:32:27 PM org.entando.entando.ent.util.EntLogging$EntLogger info
INFO: + [ Component: entando-*****-console ] :: DATA
|   
Feb 02, 2021 5:32:27 PM org.entando.entando.ent.util.EntLogging$EntLogger info
INFO: + [ Component: entando-portal-ui ] :: DATA
|   
Feb 02, 2021 5:32:27 PM org.entando.entando.ent.util.EntLogging$EntLogger info
INFO: + [ Component: jpseo ] :: DATA
|   
Feb 02, 2021 5:32:27 PM org.entando.entando.ent.util.EntLogging$EntLogger info
INFO: + [ Component: Core ] :: DATA
|   
Feb 02, 2021 5:32:27 PM org.entando.entando.ent.util.EntLogging$EntLogger info
INFO: + [ Component: jacms ] :: DATA
|   
Feb 02, 2021 5:32:27 PM org.entando.entando.ent.util.EntLogging$EntLogger info
INFO: + [ Component: entando-*****-console ] :: DATA
|   
Feb 02, 2021 5:32:27 PM org.entando.entando.ent.util.EntLogging$EntLogger info
INFO: + [ Component: entando-portal-ui ] :: DATA
|   
Feb 02, 2021 5:32:27 PM org.entando.entando.ent.util.EntLogging$EntLogger info
INFO: + [ Component: jpseo ] :: DATA
|   
Feb 02, 2021 5:32:36 PM org.springframework.scheduling.concurrent.E**cutorConfigurationSupport initialize
INFO: Initializing E**cutorService 'entandoScheduler'
Feb 02, 2021 5:32:37 PM org.springframework.security.web.DefaultSecurityFilterChain <init>
INFO: Creating filter chain: OrRequestMatcher [requestMatchers=[Ant [pattern='/oauth/token'], Ant [pattern='/oauth/token_key'], Ant [pattern='/oauth/check_token']]], [org.springframework.security.web.context.request.async.WebAsyncManagerIntegrationFilter@6c66f975, org.springframework.security.web.context.SecurityContextPersistenceFilter@772f9d8a, org.springframework.security.web.header.HeaderWriterFilter@1023bee0, org.springframework.security.web.authentication.logout.LogoutFilter@58b0c586, org.springframework.web.filter.CorsFilter@226a03db, org.springframework.security.web.authentication.www.BasicAuthenticationFilter@74b00047, org.springframework.security.web.savedrequest.RequestCacheAwareFilter@2e3cde40, org.springframework.security.web.servletapi.SecurityContextHolderAwareRequestFilter@141da748, org.springframework.security.web.authentication.AnonymousAuthenticationFilter@20868661, org.springframework.security.web.session.SessionManagementFilter@86b2f06, org.springframework.security.web.access.ExceptionTranslationFilter@ae8562e, org.springframework.security.web.access.intercept.FilterSecurityInterceptor@748ee3a5]
Feb 02, 2021 5:32:37 PM org.springframework.security.web.DefaultSecurityFilterChain <init>
INFO: Creating filter chain: any request, [org.springframework.security.web.context.request.async.WebAsyncManagerIntegrationFilter@2849f60f, org.springframework.security.web.context.SecurityContextPersistenceFilter@2332795, org.springframework.security.web.header.HeaderWriterFilter@439c835f, org.springframework.web.filter.CorsFilter@226a03db, org.springframework.security.web.authentication.logout.LogoutFilter@2dbe7f60, org.springframework.security.web.savedrequest.RequestCacheAwareFilter@97a7aa0, org.springframework.security.web.servletapi.SecurityContextHolderAwareRequestFilter@169aa183, org.springframework.security.web.session.SessionManagementFilter@3a21b221, org.springframework.security.web.access.ExceptionTranslationFilter@44dc5159]
Feb 02, 2021 5:32:37 PM org.springframework.web.context.ContextLoader initWebApplicationContext
INFO: Root WebApplicationContext initialized in 13435 ms
Feb 02, 2021 5:32:37 PM org.springframework.scheduling.concurrent.E**cutorConfigurationSupport shutdown
INFO: Shutting down E**cutorService 'entandoScheduler'
Feb 02, 2021 5:32:40 PM org.entando.entando.ent.util.EntLogging$EntLogger info
INFO: + [ Component: Core ] :: DATA
|   
Feb 02, 2021 5:32:40 PM org.entando.entando.ent.util.EntLogging$EntLogger info
INFO: + [ Component: jacms ] :: DATA
|   
Feb 02, 2021 5:32:40 PM org.entando.entando.ent.util.EntLogging$EntLogger info
INFO: + [ Component: entando-*****-console ] :: DATA
|   
Feb 02, 2021 5:32:40 PM org.entando.entando.ent.util.EntLogging$EntLogger info
INFO: + [ Component: entando-portal-ui ] :: DATA
|   
Feb 02, 2021 5:32:40 PM org.entando.entando.ent.util.EntLogging$EntLogger info
INFO: + [ Component: jpseo ] :: DATA
|   
Feb 02, 2021 5:32:40 PM org.entando.entando.ent.util.EntLogging$EntLogger info
INFO: + [ Component: Core ] :: DATA
|   
Feb 02, 2021 5:32:40 PM org.entando.entando.ent.util.EntLogging$EntLogger info
INFO: + [ Component: jacms ] :: DATA
|   
Feb 02, 2021 5:32:40 PM org.entando.entando.ent.util.EntLogging$EntLogger info
INFO: + [ Component: entando-*****-console ] :: DATA
|   
Feb 02, 2021 5:32:40 PM org.entando.entando.ent.util.EntLogging$EntLogger info
INFO: + [ Component: entando-portal-ui ] :: DATA
|   
Feb 02, 2021 5:32:40 PM org.entando.entando.ent.util.EntLogging$EntLogger info
INFO: + [ Component: jpseo ] :: DATA
|   
Feb 02, 2021 5:32:49 PM org.springframework.scheduling.concurrent.E**cutorConfigurationSupport initialize
INFO: Initializing E**cutorService 'entandoScheduler'
Feb 02, 2021 5:32:50 PM org.springframework.security.web.DefaultSecurityFilterChain <init>
INFO: Creating filter chain: OrRequestMatcher [requestMatchers=[Ant [pattern='/oauth/token'], Ant [pattern='/oauth/token_key'], Ant [pattern='/oauth/check_token']]], [org.springframework.security.web.context.request.async.WebAsyncManagerIntegrationFilter@4e2e01f6, org.springframework.security.web.context.SecurityContextPersistenceFilter@6163cc0f, org.springframework.security.web.header.HeaderWriterFilter@546ca860, org.springframework.security.web.authentication.logout.LogoutFilter@28df636, org.springframework.web.filter.CorsFilter@19838425, org.springframework.security.web.authentication.www.BasicAuthenticationFilter@63e7340b, org.springframework.security.web.savedrequest.RequestCacheAwareFilter@6aa8e7fb, org.springframework.security.web.servletapi.SecurityContextHolderAwareRequestFilter@699b2b98, org.springframework.security.web.authentication.AnonymousAuthenticationFilter@2bfb543c, org.springframework.security.web.session.SessionManagementFilter@2b9fb8da, org.springframework.security.web.access.ExceptionTranslationFilter@23b9916, org.springframework.security.web.access.intercept.FilterSecurityInterceptor@71d99904]
Feb 02, 2021 5:32:50 PM org.springframework.security.web.DefaultSecurityFilterChain <init>
INFO: Creating filter chain: any request, [org.springframework.security.web.context.request.async.WebAsyncManagerIntegrationFilter@7297ba2a, org.springframework.security.web.context.SecurityContextPersistenceFilter@2d76327c, org.springframework.security.web.header.HeaderWriterFilter@5a9022ee, org.springframework.web.filter.CorsFilter@19838425, org.springframework.security.web.authentication.logout.LogoutFilter@3117050, org.springframework.security.web.savedrequest.RequestCacheAwareFilter@6d359d40, org.springframework.security.web.servletapi.SecurityContextHolderAwareRequestFilter@326432f5, org.springframework.security.web.session.SessionManagementFilter@3539f19a, org.springframework.security.web.access.ExceptionTranslationFilter@1b53d53b]
Feb 02, 2021 5:32:50 PM org.springframework.scheduling.concurrent.E**cutorConfigurationSupport shutdown
INFO: Shutting down E**cutorService 'entandoScheduler'
[INFO] Tests run: 1, Failures: 0, Errors: 0, Skipped: 0, Time elapsed: 26.41 s - in org.entando.entando.plugins.jpseo.aps.******.services.page.SeoPageServiceTest
[INFO] Running org.entando.entando.plugins.jpseo.web.page.SeoPageControllerTest
[INFO ] 2021-02-02 17:32:51.789 [main] Version - HV000001: Hibernate Validator 6.0.17.Final
Feb 02, 2021 5:32:52 PM org.springframework.mock.web.MockServletContext log
INFO: Initializing Spring TestDispatcherServlet ''
Feb 02, 2021 5:32:52 PM org.springframework.web.servlet.FrameworkServlet initServletBean
INFO: Initializing Servlet ''
Feb 02, 2021 5:32:52 PM org.springframework.web.servlet.FrameworkServlet initServletBean
INFO: Completed initialization in 0 ms
Feb 02, 2021 5:32:52 PM org.springframework.mock.web.MockServletContext log
INFO: Initializing Spring TestDispatcherServlet ''
Feb 02, 2021 5:32:52 PM org.springframework.web.servlet.FrameworkServlet initServletBean
INFO: Initializing Servlet ''
Feb 02, 2021 5:32:52 PM org.springframework.web.servlet.FrameworkServlet initServletBean
INFO: Completed initialization in 1 ms
[INFO] Tests run: 2, Failures: 0, Errors: 0, Skipped: 0, Time elapsed: 1.849 s - in org.entando.entando.plugins.jpseo.web.page.SeoPageControllerTest
[INFO] Running org.entando.entando.plugins.jpseo.web.page.SeoPageControllerIntegrationTest
Feb 02, 2021 5:32:52 PM org.springframework.test.context.support.AbstractTestContextBootstrapper getDefaultTestE**cutionListenerClassNames
INFO: Loaded default TestE**cutionListener class names from location [META-INF/spring.factories]: [org.springframework.test.context.web.ServletTestE**cutionListener, org.springframework.test.context.support.DirtiesContextBeforeModesTestE**cutionListener, org.springframework.test.context.support.DependencyInjectionTestE**cutionListener, org.springframework.test.context.support.DirtiesContextTestE**cutionListener, org.springframework.test.context.transaction.TransactionalTestE**cutionListener, org.springframework.test.context.jdbc.SqlScriptsTestE**cutionListener]
Feb 02, 2021 5:32:52 PM org.springframework.test.context.support.AbstractTestContextBootstrapper getTestE**cutionListeners
INFO: Using TestE**cutionListeners: [org.springframework.test.context.web.ServletTestE**cutionListener@14fec42d, org.springframework.test.context.support.DirtiesContextBeforeModesTestE**cutionListener@7b10d49c, org.springframework.test.context.support.DependencyInjectionTestE**cutionListener@381249ed, org.springframework.test.context.support.DirtiesContextTestE**cutionListener@386721e5, org.springframework.test.context.transaction.TransactionalTestE**cutionListener@5a5a4568, org.springframework.test.context.jdbc.SqlScriptsTestE**cutionListener@2793ce8b]
Feb 02, 2021 5:32:52 PM org.springframework.mock.jndi.SimpleNamingContextBuilder bind
INFO: Static JNDI binding: [java:comp/env/logName] = [/workspace/source/target/test/entando-plugin-jpseo]
Feb 02, 2021 5:32:52 PM org.springframework.mock.jndi.SimpleNamingContextBuilder bind
INFO: Static JNDI binding: [java:comp/env/logFileRotatePattern] = [/workspace/source/target/test/entando-plugin-jpseo_logs/entando-plugin-jpseo-%i.log.gz]
Feb 02, 2021 5:32:52 PM org.springframework.mock.jndi.SimpleNamingContextBuilder bind
INFO: Static JNDI binding: [java:comp/env/logLevel] = [ERROR]
Feb 02, 2021 5:32:52 PM org.springframework.mock.jndi.SimpleNamingContextBuilder bind
INFO: Static JNDI binding: [java:comp/env/logFileSize] = [1048576]
Feb 02, 2021 5:32:52 PM org.springframework.mock.jndi.SimpleNamingContextBuilder bind
INFO: Static JNDI binding: [java:comp/env/logFilesCount] = [10]
Feb 02, 2021 5:32:52 PM org.springframework.mock.jndi.SimpleNamingContextBuilder bind
INFO: Static JNDI binding: [java:comp/env/configVersion] = [test]
Feb 02, 2021 5:32:52 PM org.springframework.mock.jndi.SimpleNamingContextBuilder bind
INFO: Static JNDI binding: [java:comp/env/applicationBaseURL] = [/Entando/]
Feb 02, 2021 5:32:52 PM org.springframework.mock.jndi.SimpleNamingContextBuilder bind
INFO: Static JNDI binding: [java:comp/env/resourceRootURL] = [/Entando/resources/]
Feb 02, 2021 5:32:52 PM org.springframework.mock.jndi.SimpleNamingContextBuilder bind
INFO: Static JNDI binding: [java:comp/env/protectedResourceRootURL] = [/Entando/protected/]
Feb 02, 2021 5:32:52 PM org.springframework.mock.jndi.SimpleNamingContextBuilder bind
INFO: Static JNDI binding: [java:comp/env/resourceDiskRootFolder] = [target/test/resources/]
Feb 02, 2021 5:32:52 PM org.springframework.mock.jndi.SimpleNamingContextBuilder bind
INFO: Static JNDI binding: [java:comp/env/protectedResourceDiskRootFolder] = [target/test/protected/]
Feb 02, 2021 5:32:52 PM org.springframework.mock.jndi.SimpleNamingContextBuilder bind
INFO: Static JNDI binding: [java:comp/env/indexDiskRootFolder] = [target/test/indexdir]
Feb 02, 2021 5:32:52 PM org.springframework.mock.jndi.SimpleNamingContextBuilder bind
INFO: Static JNDI binding: [java:comp/env/portDataSourceClassName] = [org.apache.derby.jdbc.EmbeddedDriver]
Feb 02, 2021 5:32:52 PM org.springframework.mock.jndi.SimpleNamingContextBuilder bind
INFO: Static JNDI binding: [java:comp/env/servDataSourceClassName] = [org.apache.derby.jdbc.EmbeddedDriver]
Feb 02, 2021 5:32:52 PM org.springframework.mock.jndi.SimpleNamingContextBuilder bind
INFO: Static JNDI binding: [java:comp/env/portDataSourceClassName] = [org.apache.derby.jdbc.EmbeddedDriver]
Feb 02, 2021 5:32:52 PM org.springframework.mock.jndi.SimpleNamingContextBuilder bind
INFO: Static JNDI binding: [java:comp/env/logActiveFileOutput] = [false]
Feb 02, 2021 5:32:52 PM org.springframework.mock.jndi.SimpleNamingContextBuilder bind
INFO: Static JNDI binding: [java:comp/env/jdbc.servDb.url] = [jdbc:derby:/workspace/source/target/test/db/entando-plugin-jpseotestServ;create=****]
Feb 02, 2021 5:32:52 PM org.springframework.mock.jndi.SimpleNamingContextBuilder bind
INFO: Static JNDI binding: [java:comp/env/servDataSourceClassName] = [org.apache.derby.jdbc.EmbeddedDriver]
Feb 02, 2021 5:32:52 PM org.springframework.mock.jndi.SimpleNamingContextBuilder bind
INFO: Static JNDI binding: [java:comp/env/logFilesCount] = [10]
Feb 02, 2021 5:32:52 PM org.springframework.mock.jndi.SimpleNamingContextBuilder bind
INFO: Static JNDI binding: [java:comp/env/applicationBaseURL] = [/Entando/]
Feb 02, 2021 5:32:52 PM org.springframework.mock.jndi.SimpleNamingContextBuilder bind
INFO: Static JNDI binding: [java:comp/env/jdbc.portDb.password] = [agile]
Feb 02, 2021 5:32:52 PM org.springframework.mock.jndi.SimpleNamingContextBuilder bind
INFO: Static JNDI binding: [java:comp/env/logLevel] = [ERROR]
Feb 02, 2021 5:32:52 PM org.springframework.mock.jndi.SimpleNamingContextBuilder bind
INFO: Static JNDI binding: [java:comp/env/indexDiskRootFolder] = [target/test/indexdir]
Feb 02, 2021 5:32:52 PM org.springframework.mock.jndi.SimpleNamingContextBuilder bind
INFO: Static JNDI binding: [java:comp/env/logFileSize] = [1048576]
Feb 02, 2021 5:32:52 PM org.springframework.mock.jndi.SimpleNamingContextBuilder bind
INFO: Static JNDI binding: [java:comp/env/resourceDiskRootFolder] = [target/test/resources/]
Feb 02, 2021 5:32:52 PM org.springframework.mock.jndi.SimpleNamingContextBuilder bind
INFO: Static JNDI binding: [java:comp/env/protectedResourceRootURL] = [/Entando/protected/]
Feb 02, 2021 5:32:52 PM org.springframework.mock.jndi.SimpleNamingContextBuilder bind
INFO: Static JNDI binding: [java:comp/env/resourceRootURL] = [/Entando/resources/]
Feb 02, 2021 5:32:52 PM org.springframework.mock.jndi.SimpleNamingContextBuilder bind
INFO: Static JNDI binding: [java:comp/env/configVersion] = [test]
Feb 02, 2021 5:32:52 PM org.springframework.mock.jndi.SimpleNamingContextBuilder bind
INFO: Static JNDI binding: [java:comp/env/jdbc.servDb.beanName] = [servDataSource]
Feb 02, 2021 5:32:52 PM org.springframework.mock.jndi.SimpleNamingContextBuilder bind
INFO: Static JNDI binding: [java:comp/env/jdbc.portDb.url] = [jdbc:derby:/workspace/source/target/test/db/entando-plugin-jpseotestPort;create=****]
Feb 02, 2021 5:32:52 PM org.springframework.mock.jndi.SimpleNamingContextBuilder bind
INFO: Static JNDI binding: [java:comp/env/jdbc.servDb.driverClassName] = [org.apache.derby.jdbc.EmbeddedDriver]
Feb 02, 2021 5:32:52 PM org.springframework.mock.jndi.SimpleNamingContextBuilder bind
INFO: Static JNDI binding: [java:comp/env/protectedResourceDiskRootFolder] = [target/test/protected/]
Feb 02, 2021 5:32:52 PM org.springframework.mock.jndi.SimpleNamingContextBuilder bind
INFO: Static JNDI binding: [java:comp/env/jdbc.portDb.beanName] = [portDataSource]
Feb 02, 2021 5:32:52 PM org.springframework.mock.jndi.SimpleNamingContextBuilder bind
INFO: Static JNDI binding: [java:comp/env/jdbc.servDb.password] = [agile]
Feb 02, 2021 5:32:52 PM org.springframework.mock.jndi.SimpleNamingContextBuilder bind
INFO: Static JNDI binding: [java:comp/env/jdbc.portDb.driverClassName] = [org.apache.derby.jdbc.EmbeddedDriver]
Feb 02, 2021 5:32:52 PM org.springframework.mock.jndi.SimpleNamingContextBuilder bind
INFO: Static JNDI binding: [java:comp/env/jdbc.portDb.username] = [agile]
Feb 02, 2021 5:32:52 PM org.springframework.mock.jndi.SimpleNamingContextBuilder bind
INFO: Static JNDI binding: [java:comp/env/jdbc.servDb.username] = [agile]
Feb 02, 2021 5:32:52 PM org.springframework.mock.jndi.SimpleNamingContextBuilder bind
INFO: Static JNDI binding: [java:comp/env/logName] = [/workspace/source/target/test/entando-plugin-jpseo]
Feb 02, 2021 5:32:52 PM org.springframework.mock.jndi.SimpleNamingContextBuilder bind
INFO: Static JNDI binding: [java:comp/env/logFileRotatePattern] = [/workspace/source/target/test/entando-plugin-jpseo_logs/entando-plugin-jpseo-%i.log.gz]
Feb 02, 2021 5:32:52 PM org.springframework.mock.jndi.SimpleNamingContextBuilder bind
INFO: Static JNDI binding: [java:comp/env/jdbc/servDataSource] = [org.apache.commons.dbcp2.BasicDataSource@4d434d58]
Feb 02, 2021 5:32:52 PM org.springframework.mock.jndi.SimpleNamingContextBuilder bind
INFO: Static JNDI binding: [java:comp/env/jdbc/portDataSource] = [org.apache.commons.dbcp2.BasicDataSource@525dc5bd]
Feb 02, 2021 5:32:52 PM org.springframework.mock.jndi.SimpleNamingContextBuilder activate
INFO: Activating simple JNDI environment
Feb 02, 2021 5:32:56 PM org.entando.entando.ent.util.EntLogging$EntLogger info
INFO: + [ Component: Core ] :: DATA
|   
Feb 02, 2021 5:32:56 PM org.entando.entando.ent.util.EntLogging$EntLogger info
INFO: + [ Component: jacms ] :: DATA
|   
Feb 02, 2021 5:32:56 PM org.entando.entando.ent.util.EntLogging$EntLogger info
INFO: + [ Component: entando-*****-console ] :: DATA
|   
Feb 02, 2021 5:32:56 PM org.entando.entando.ent.util.EntLogging$EntLogger info
INFO: + [ Component: entando-portal-ui ] :: DATA
|   
Feb 02, 2021 5:32:56 PM org.entando.entando.ent.util.EntLogging$EntLogger info
INFO: + [ Component: jpseo ] :: DATA
|   
Feb 02, 2021 5:32:56 PM org.entando.entando.ent.util.EntLogging$EntLogger info
INFO: + [ Component: Core ] :: DATA
|   
Feb 02, 2021 5:32:56 PM org.entando.entando.ent.util.EntLogging$EntLogger info
INFO: + [ Component: jacms ] :: DATA
|   
Feb 02, 2021 5:32:56 PM org.entando.entando.ent.util.EntLogging$EntLogger info
INFO: + [ Component: entando-*****-console ] :: DATA
|   
Feb 02, 2021 5:32:56 PM org.entando.entando.ent.util.EntLogging$EntLogger info
INFO: + [ Component: entando-portal-ui ] :: DATA
|   
Feb 02, 2021 5:32:56 PM org.entando.entando.ent.util.EntLogging$EntLogger info
INFO: + [ Component: jpseo ] :: DATA
|   
Feb 02, 2021 5:33:04 PM org.springframework.scheduling.concurrent.E**cutorConfigurationSupport initialize
INFO: Initializing E**cutorService 'entandoScheduler'
Feb 02, 2021 5:33:08 PM org.springframework.security.web.DefaultSecurityFilterChain <init>
INFO: Creating filter chain: OrRequestMatcher [requestMatchers=[Ant [pattern='/oauth/token'], Ant [pattern='/oauth/token_key'], Ant [pattern='/oauth/check_token']]], [org.springframework.security.web.context.request.async.WebAsyncManagerIntegrationFilter@1d8a2df, org.springframework.security.web.context.SecurityContextPersistenceFilter@33a781ed, org.springframework.security.web.header.HeaderWriterFilter@538b58ee, org.springframework.security.web.authentication.logout.LogoutFilter@1fbbd448, org.springframework.web.filter.CorsFilter@41688c10, org.springframework.security.web.authentication.www.BasicAuthenticationFilter@69bf5291, org.springframework.security.web.savedrequest.RequestCacheAwareFilter@5688ee86, org.springframework.security.web.servletapi.SecurityContextHolderAwareRequestFilter@4220f67e, org.springframework.security.web.authentication.AnonymousAuthenticationFilter@514a2784, org.springframework.security.web.session.SessionManagementFilter@c88a, org.springframework.security.web.access.ExceptionTranslationFilter@73106084, org.springframework.security.web.access.intercept.FilterSecurityInterceptor@22de8cff]
Feb 02, 2021 5:33:08 PM org.springframework.security.web.DefaultSecurityFilterChain <init>
INFO: Creating filter chain: any request, [org.springframework.security.web.context.request.async.WebAsyncManagerIntegrationFilter@56bc55b1, org.springframework.security.web.context.SecurityContextPersistenceFilter@6ebba9a0, org.springframework.security.web.header.HeaderWriterFilter@296f80ea, org.springframework.web.filter.CorsFilter@41688c10, org.springframework.security.web.authentication.logout.LogoutFilter@28620986, org.springframework.security.web.savedrequest.RequestCacheAwareFilter@6ea45f92, org.springframework.security.web.servletapi.SecurityContextHolderAwareRequestFilter@1a30d10f, org.springframework.security.web.session.SessionManagementFilter@328ffd83, org.springframework.security.web.access.ExceptionTranslationFilter@6cc5609b]
Feb 02, 2021 5:33:08 PM org.springframework.mock.web.MockServletContext log
INFO: Initializing Spring TestDispatcherServlet ''
Feb 02, 2021 5:33:08 PM org.springframework.web.servlet.FrameworkServlet initServletBean
INFO: Initializing Servlet ''
Feb 02, 2021 5:33:08 PM org.springframework.web.servlet.FrameworkServlet initServletBean
INFO: Completed initialization in 53 ms
Feb 02, 2021 5:33:08 PM org.entando.entando.ent.util.EntLogging$EntLogger error
SEVERE: Invalid friendly Code test_page_2
Feb 02, 2021 5:33:08 PM org.springframework.mock.web.MockServletContext log
INFO: Initializing Spring TestDispatcherServlet ''
Feb 02, 2021 5:33:08 PM org.springframework.web.servlet.FrameworkServlet initServletBean
INFO: Initializing Servlet ''
Feb 02, 2021 5:33:08 PM org.springframework.web.servlet.FrameworkServlet initServletBean
INFO: Completed initialization in 4 ms
Feb 02, 2021 5:33:08 PM org.springframework.mock.web.MockServletContext log
INFO: Initializing Spring TestDispatcherServlet ''
Feb 02, 2021 5:33:08 PM org.springframework.web.servlet.FrameworkServlet initServletBean
INFO: Initializing Servlet ''
Feb 02, 2021 5:33:08 PM org.springframework.web.servlet.FrameworkServlet initServletBean
INFO: Completed initialization in 3 ms
Feb 02, 2021 5:33:09 PM org.springframework.mock.web.MockServletContext log
INFO: Initializing Spring TestDispatcherServlet ''
Feb 02, 2021 5:33:09 PM org.springframework.web.servlet.FrameworkServlet initServletBean
INFO: Initializing Servlet ''
Feb 02, 2021 5:33:09 PM org.springframework.web.servlet.FrameworkServlet initServletBean
INFO: Completed initialization in 3 ms
Feb 02, 2021 5:33:09 PM org.springframework.mock.web.MockServletContext log
INFO: Initializing Spring TestDispatcherServlet ''
Feb 02, 2021 5:33:09 PM org.springframework.web.servlet.FrameworkServlet initServletBean
INFO: Initializing Servlet ''
Feb 02, 2021 5:33:09 PM org.springframework.web.servlet.FrameworkServlet initServletBean
INFO: Completed initialization in 3 ms
Feb 02, 2021 5:33:11 PM org.entando.entando.ent.util.EntLogging$EntLogger error
SEVERE: Invalid friendly Code test_page_2_fc
Feb 02, 2021 5:33:12 PM org.entando.entando.ent.util.EntLogging$EntLogger error
SEVERE: Invalid friendly Code test_page_2_fc
Feb 02, 2021 5:33:12 PM org.springframework.mock.web.MockServletContext log
INFO: Initializing Spring TestDispatcherServlet ''
Feb 02, 2021 5:33:12 PM org.springframework.web.servlet.FrameworkServlet initServletBean
INFO: Initializing Servlet ''
Feb 02, 2021 5:33:12 PM org.springframework.web.servlet.FrameworkServlet initServletBean
INFO: Completed initialization in 5 ms
Feb 02, 2021 5:33:12 PM org.springframework.mock.web.MockServletContext log
INFO: Initializing Spring TestDispatcherServlet ''
Feb 02, 2021 5:33:12 PM org.springframework.web.servlet.FrameworkServlet initServletBean
INFO: Initializing Servlet ''
Feb 02, 2021 5:33:12 PM org.springframework.web.servlet.FrameworkServlet initServletBean
INFO: Completed initialization in 6 ms
[INFO] Tests run: 7, Failures: 0, Errors: 0, Skipped: 0, Time elapsed: 19.769 s - in org.entando.entando.plugins.jpseo.web.page.SeoPageControllerIntegrationTest
[INFO] 
[INFO] Results:
[INFO] 
[INFO] Tests run: 38, Failures: 0, Errors: 0, Skipped: 0
[INFO] 
[INFO] 
[INFO] --- maven-war-plugin:2.1.1:war (default-war) @ entando-plugin-jpseo ---
[INFO] Packaging webapp
[INFO] Assembling webapp [entando-plugin-jpseo] in [/workspace/source/target/entando-plugin-jpseo-6.3.4]
[INFO] Processing war project
[INFO] Copying webapp resources [/workspace/source/src/main/webapp]
[INFO] Building jar: /workspace/source/target/entando-plugin-jpseo-6.3.4/WEB-INF/lib/entando-plugin-jpseo-6.3.4.jar
[INFO] Webapp assembled in [987 msecs]
[INFO] Building war: /workspace/source/target/entando-plugin-jpseo-6.3.4.war
[INFO] 
[INFO] --- maven-assembly-plugin:2.2.1:single (package-classes) @ entando-plugin-jpseo ---
[INFO] Reading assembly descriptor: /workspace/source/src/main/assembly/classes.xml
[INFO] Building jar: /workspace/source/target/entando-plugin-jpseo-6.3.4-classes.jar
[INFO] 
[INFO] --- maven-jar-plugin:3.2.0:test-jar (build-test-jar) @ entando-plugin-jpseo ---
[INFO] Building jar: /workspace/source/target/entando-plugin-jpseo-6.3.4-tests.jar
[INFO] 
[INFO] --- maven-source-plugin:3.2.1:jar-no-fork (attach-sources) @ entando-plugin-jpseo ---
[INFO] Building jar: /workspace/source/target/entando-plugin-jpseo-6.3.4-sources.jar
[INFO] 
[INFO] >>> maven-source-plugin:3.2.1:test-jar (attach-sources) > generate-sources @ entando-plugin-jpseo >>>
[INFO] 
[INFO] --- maven-checkstyle-plugin:3.1.1:check (validate) @ entando-plugin-jpseo ---
[INFO] 
[INFO] --- maven-checkstyle-plugin:3.1.1:checkstyle (validate) @ entando-plugin-jpseo ---
[INFO] 
[INFO] --- jacoco-maven-plugin:0.8.5:prepare-agent (prepare-agent) @ entando-plugin-jpseo ---
[INFO] argLine set to -javaagent:/home/jenkins/.mvnrepository/org/jacoco/org.jacoco.agent/0.8.5/org.jacoco.agent-0.8.5-runtime.jar=destfile=/workspace/source/target/jacoco.e**c
[INFO] 
[INFO] <<< maven-source-plugin:3.2.1:test-jar (attach-sources) < generate-sources @ entando-plugin-jpseo <<<
[INFO] 
[INFO] 
[INFO] --- maven-source-plugin:3.2.1:test-jar (attach-sources) @ entando-plugin-jpseo ---
[INFO] Building jar: /workspace/source/target/entando-plugin-jpseo-6.3.4-test-sources.jar
[INFO] 
[INFO] --- maven-javadoc-plugin:3.2.0:jar (attach-javadocs) @ entando-plugin-jpseo ---
[WARNING] '/workspace/source/target/entando-plugin-jpseo-6.3.4.war' not allowed on the path, only outputDirectories and jars are accepted
[INFO] No previous run data found, generating javadoc.
[INFO] 
Loading source files for package org.entando.entando.plugins.jpseo.aps*****.content.helper...
Loading source files for package org.entando.entando.plugins.jpseo.aps*****.portal...
Loading source files for package org.entando.entando.plugins.jpseo.aps.tags...
Loading source files for package org.entando.entando.plugins.jpseo.aps.******.init.portdb...
Loading source files for package org.entando.entando.plugins.jpseo.aps.******.sitemap...
Loading source files for package org.entando.entando.plugins.jpseo.aps.******...
Loading source files for package org.entando.entando.plugins.jpseo.aps.******.services.controller.control...
Loading source files for package org.entando.entando.plugins.jpseo.aps.******.services.content.widget...
Loading source files for package org.entando.entando.plugins.jpseo.aps.******.services.metatag...
Loading source files for package org.entando.entando.plugins.jpseo.aps.******.services.mapping.cache...
Loading source files for package org.entando.entando.plugins.jpseo.aps.******.services.mapping...
Loading source files for package org.entando.entando.plugins.jpseo.aps.******.services.mapping.event...
Loading source files for package org.entando.entando.plugins.jpseo.aps.******.services.linkresolver...
Loading source files for package org.entando.entando.plugins.jpseo.aps.******.services.page...
Loading source files for package org.entando.entando.plugins.jpseo.aps.******.services.url...
Loading source files for package org.entando.entando.plugins.jpseo.aps.util...
Loading source files for package org.entando.entando.plugins.jpseo.web.page.model...
Loading source files for package org.entando.entando.plugins.jpseo.web.page...
Loading source files for package org.entando.entando.plugins.jpseo.web.page.validator...
Constructing Javadoc information...
Standard Doclet version 11.0.6
Building tree for all the packages and classes...
Generating /workspace/source/target/apidocs/org/entando/entando/plugins/jpseo/aps/******/JpseoSystemConstants.html...
Generating /workspace/source/target/apidocs/org/entando/entando/plugins/jpseo/aps/******/init/portdb/FriendlyCode.html...
Generating /workspace/source/target/apidocs/org/entando/entando/plugins/jpseo/aps/******/services/content/widget/ContentViewerHelper.html...
Generating /workspace/source/target/apidocs/org/entando/entando/plugins/jpseo/aps/******/services/controller/control/RequestValidator.html...
Generating /workspace/source/target/apidocs/org/entando/entando/plugins/jpseo/aps/******/services/linkresolver/LinkResolverManager.html...
Generating /workspace/source/target/apidocs/org/entando/entando/plugins/jpseo/aps/******/services/mapping/ContentFriendlyCode.html...
Generating /workspace/source/target/apidocs/org/entando/entando/plugins/jpseo/aps/******/services/mapping/FriendlyCodeVO.html...
Generating /workspace/source/target/apidocs/org/entando/entando/plugins/jpseo/aps/******/services/mapping/ISeoMappingDAO.html...
Generating /workspace/source/target/apidocs/org/entando/entando/plugins/jpseo/aps/******/services/mapping/ISeoMappingManager.html...
Generating /workspace/source/target/apidocs/org/entando/entando/plugins/jpseo/aps/******/services/mapping/SeoMappingDAO.html...
Generating /workspace/source/target/apidocs/org/entando/entando/plugins/jpseo/aps/******/services/mapping/SeoMappingManager.html...
Generating /workspace/source/target/apidocs/org/entando/entando/plugins/jpseo/aps/******/services/mapping/cache/ISeoMappingCacheWrapper.html...
Generating /workspace/source/target/apidocs/org/entando/entando/plugins/jpseo/aps/******/services/mapping/cache/SeoMappingCacheWrapper.html...
Generating /workspace/source/target/apidocs/org/entando/entando/plugins/jpseo/aps/******/services/mapping/event/SeoChangedEvent.html...
Generating /workspace/source/target/apidocs/org/entando/entando/plugins/jpseo/aps/******/services/mapping/event/SeoChangedObserver.html...
Generating /workspace/source/target/apidocs/org/entando/entando/plugins/jpseo/aps/******/services/metatag/IMetatagCatalog.html...
Generating /workspace/source/target/apidocs/org/entando/entando/plugins/jpseo/aps/******/services/metatag/Metatag.html...
Generating /workspace/source/target/apidocs/org/entando/entando/plugins/jpseo/aps/******/services/metatag/MetatagCatalog.html...
Generating /workspace/source/target/apidocs/org/entando/entando/plugins/jpseo/aps/******/services/metatag/MetatagDOM.html...
Generating /workspace/source/target/apidocs/org/entando/entando/plugins/jpseo/aps/******/services/page/PageMetatag.html...
Generating /workspace/source/target/apidocs/org/entando/entando/plugins/jpseo/aps/******/services/page/SeoPageDAO.html...
Generating /workspace/source/target/apidocs/org/entando/entando/plugins/jpseo/aps/******/services/page/SeoPageDto.html...
Generating /workspace/source/target/apidocs/org/entando/entando/plugins/jpseo/aps/******/services/page/SeoPageExtraConfigDOM.html...
Generating /workspace/source/target/apidocs/org/entando/entando/plugins/jpseo/aps/******/services/page/SeoPageMetadata.html...
Generating /workspace/source/target/apidocs/org/entando/entando/plugins/jpseo/aps/******/services/page/SeoPageService.html...
Generating /workspace/source/target/apidocs/org/entando/entando/plugins/jpseo/aps/******/services/url/PageURL.html...
Generating /workspace/source/target/apidocs/org/entando/entando/plugins/jpseo/aps/******/services/url/URLManager.html...
Generating /workspace/source/target/apidocs/org/entando/entando/plugins/jpseo/aps/******/sitemap/SitemapAction.html...
Generating /workspace/source/target/apidocs/org/entando/entando/plugins/jpseo/aps/tags/ContentTag.html...
Generating /workspace/source/target/apidocs/org/entando/entando/plugins/jpseo/aps/tags/CurrentPageTag.html...
Generating /workspace/source/target/apidocs/org/entando/entando/plugins/jpseo/aps/tags/PageInfoTag.html...
Generating /workspace/source/target/apidocs/org/entando/entando/plugins/jpseo/aps/tags/SeoMetatagCatalogTag.html...
Generating /workspace/source/target/apidocs/org/entando/entando/plugins/jpseo/aps/tags/SeoMetatagsTag.html...
Generating /workspace/source/target/apidocs/org/entando/entando/plugins/jpseo/aps/tags/SeoMetatagTag.html...
Generating /workspace/source/target/apidocs/org/entando/entando/plugins/jpseo/aps/tags/SiteMapTag.html...
Generating /workspace/source/target/apidocs/org/entando/entando/plugins/jpseo/aps/util/FriendlyCodeGenerator.html...
Generating /workspace/source/target/apidocs/org/entando/entando/plugins/jpseo/aps*****/content/helper/ContentActionHelperAspect.html...
Generating /workspace/source/target/apidocs/org/entando/entando/plugins/jpseo/aps*****/portal/PageActionAspect.html...
Generating /workspace/source/target/apidocs/org/entando/entando/plugins/jpseo/aps*****/portal/PageSettingsActionAspect.html...
Generating /workspace/source/target/apidocs/org/entando/entando/plugins/jpseo/aps*****/portal/PageSettingsUtils.html...
Generating /workspace/source/target/apidocs/org/entando/entando/plugins/jpseo/aps*****/portal/SeoPageAction.html...
Generating /workspace/source/target/apidocs/org/entando/entando/plugins/jpseo/aps*****/portal/SeoPageActionUtils.html...
Generating /workspace/source/target/apidocs/org/entando/entando/plugins/jpseo/aps*****/portal/SeoPageSettingsAction.html...
Generating /workspace/source/target/apidocs/org/entando/entando/plugins/jpseo/web/page/ISeoPageController.html...
Generating /workspace/source/target/apidocs/org/entando/entando/plugins/jpseo/web/page/SeoPageController.html...
Generating /workspace/source/target/apidocs/org/entando/entando/plugins/jpseo/web/page/model/SeoData.html...
Generating /workspace/source/target/apidocs/org/entando/entando/plugins/jpseo/web/page/model/SeoDataByLang.html...
Generating /workspace/source/target/apidocs/org/entando/entando/plugins/jpseo/web/page/model/SeoMetaTag.html...
Generating /workspace/source/target/apidocs/org/entando/entando/plugins/jpseo/web/page/model/SeoPageRequest.html...
Generating /workspace/source/target/apidocs/org/entando/entando/plugins/jpseo/web/page/validator/SeoPageValidator.html...
Generating /workspace/source/target/apidocs/org/entando/entando/plugins/jpseo/aps/******/package-summary.html...
Generating /workspace/source/target/apidocs/org/entando/entando/plugins/jpseo/aps/******/package-tree.html...
Generating /workspace/source/target/apidocs/org/entando/entando/plugins/jpseo/aps/******/init/portdb/package-summary.html...
Generating /workspace/source/target/apidocs/org/entando/entando/plugins/jpseo/aps/******/init/portdb/package-tree.html...
Generating /workspace/source/target/apidocs/org/entando/entando/plugins/jpseo/aps/******/services/content/widget/package-summary.html...
Generating /workspace/source/target/apidocs/org/entando/entando/plugins/jpseo/aps/******/services/content/widget/package-tree.html...
Generating /workspace/source/target/apidocs/org/entando/entando/plugins/jpseo/aps/******/services/controller/control/package-summary.html...
Generating /workspace/source/target/apidocs/org/entando/entando/plugins/jpseo/aps/******/services/controller/control/package-tree.html...
Generating /workspace/source/target/apidocs/org/entando/entando/plugins/jpseo/aps/******/services/linkresolver/package-summary.html...
Generating /workspace/source/target/apidocs/org/entando/entando/plugins/jpseo/aps/******/services/linkresolver/package-tree.html...
Generating /workspace/source/target/apidocs/org/entando/entando/plugins/jpseo/aps/******/services/mapping/package-summary.html...
Generating /workspace/source/target/apidocs/org/entando/entando/plugins/jpseo/aps/******/services/mapping/package-tree.html...
Generating /workspace/source/target/apidocs/org/entando/entando/plugins/jpseo/aps/******/services/mapping/cache/package-summary.html...
Generating /workspace/source/target/apidocs/org/entando/entando/plugins/jpseo/aps/******/services/mapping/cache/package-tree.html...
Generating /workspace/source/target/apidocs/org/entando/entando/plugins/jpseo/aps/******/services/mapping/event/package-summary.html...
Generating /workspace/source/target/apidocs/org/entando/entando/plugins/jpseo/aps/******/services/mapping/event/package-tree.html...
Generating /workspace/source/target/apidocs/org/entando/entando/plugins/jpseo/aps/******/services/metatag/package-summary.html...
Generating /workspace/source/target/apidocs/org/entando/entando/plugins/jpseo/aps/******/services/metatag/package-tree.html...
Generating /workspace/source/target/apidocs/org/entando/entando/plugins/jpseo/aps/******/services/page/package-summary.html...
Generating /workspace/source/target/apidocs/org/entando/entando/plugins/jpseo/aps/******/services/page/package-tree.html...
Generating /workspace/source/target/apidocs/org/entando/entando/plugins/jpseo/aps/******/services/url/package-summary.html...
Generating /workspace/source/target/apidocs/org/entando/entando/plugins/jpseo/aps/******/services/url/package-tree.html...
Generating /workspace/source/target/apidocs/org/entando/entando/plugins/jpseo/aps/******/sitemap/package-summary.html...
Generating /workspace/source/target/apidocs/org/entando/entando/plugins/jpseo/aps/******/sitemap/package-tree.html...
Generating /workspace/source/target/apidocs/org/entando/entando/plugins/jpseo/aps/tags/package-summary.html...
Generating /workspace/source/target/apidocs/org/entando/entando/plugins/jpseo/aps/tags/package-tree.html...
Generating /workspace/source/target/apidocs/org/entando/entando/plugins/jpseo/aps/util/package-summary.html...
Generating /workspace/source/target/apidocs/org/entando/entando/plugins/jpseo/aps/util/package-tree.html...
Generating /workspace/source/target/apidocs/org/entando/entando/plugins/jpseo/aps*****/content/helper/package-summary.html...
Generating /workspace/source/target/apidocs/org/entando/entando/plugins/jpseo/aps*****/content/helper/package-tree.html...
Generating /workspace/source/target/apidocs/org/entando/entando/plugins/jpseo/aps*****/portal/package-summary.html...
Generating /workspace/source/target/apidocs/org/entando/entando/plugins/jpseo/aps*****/portal/package-tree.html...
Generating /workspace/source/target/apidocs/org/entando/entando/plugins/jpseo/web/page/package-summary.html...
Generating /workspace/source/target/apidocs/org/entando/entando/plugins/jpseo/web/page/package-tree.html...
Generating /workspace/source/target/apidocs/org/entando/entando/plugins/jpseo/web/page/model/package-summary.html...
Generating /workspace/source/target/apidocs/org/entando/entando/plugins/jpseo/web/page/model/package-tree.html...
Generating /workspace/source/target/apidocs/org/entando/entando/plugins/jpseo/web/page/validator/package-summary.html...
Generating /workspace/source/target/apidocs/org/entando/entando/plugins/jpseo/web/page/validator/package-tree.html...
Generating /workspace/source/target/apidocs/constant-values.html...
Generating /workspace/source/target/apidocs/serialized-form.html...
Generating /workspace/source/target/apidocs/org/entando/entando/plugins/jpseo/aps*****/content/helper/class-use/ContentActionHelperAspect.html...
Generating /workspace/source/target/apidocs/org/entando/entando/plugins/jpseo/aps*****/portal/class-use/SeoPageSettingsAction.html...
Generating /workspace/source/target/apidocs/org/entando/entando/plugins/jpseo/aps*****/portal/class-use/SeoPageActionUtils.html...
Generating /workspace/source/target/apidocs/org/entando/entando/plugins/jpseo/aps*****/portal/class-use/PageActionAspect.html...
Generating /workspace/source/target/apidocs/org/entando/entando/plugins/jpseo/aps*****/portal/class-use/PageSettingsUtils.html...
Generating /workspace/source/target/apidocs/org/entando/entando/plugins/jpseo/aps*****/portal/class-use/SeoPageAction.html...
Generating /workspace/source/target/apidocs/org/entando/entando/plugins/jpseo/aps*****/portal/class-use/PageSettingsActionAspect.html...
Generating /workspace/source/target/apidocs/org/entando/entando/plugins/jpseo/aps/tags/class-use/SeoMetatagCatalogTag.html...
Generating /workspace/source/target/apidocs/org/entando/entando/plugins/jpseo/aps/tags/class-use/SeoMetatagTag.html...
Generating /workspace/source/target/apidocs/org/entando/entando/plugins/jpseo/aps/tags/class-use/SeoMetatagsTag.html...
Generating /workspace/source/target/apidocs/org/entando/entando/plugins/jpseo/aps/tags/class-use/CurrentPageTag.html...
Generating /workspace/source/target/apidocs/org/entando/entando/plugins/jpseo/aps/tags/class-use/SiteMapTag.html...
Generating /workspace/source/target/apidocs/org/entando/entando/plugins/jpseo/aps/tags/class-use/PageInfoTag.html...
Generating /workspace/source/target/apidocs/org/entando/entando/plugins/jpseo/aps/tags/class-use/ContentTag.html...
Generating /workspace/source/target/apidocs/org/entando/entando/plugins/jpseo/aps/******/init/portdb/class-use/FriendlyCode.html...
Generating /workspace/source/target/apidocs/org/entando/entando/plugins/jpseo/aps/******/sitemap/class-use/SitemapAction.html...
Generating /workspace/source/target/apidocs/org/entando/entando/plugins/jpseo/aps/******/class-use/JpseoSystemConstants.html...
Generating /workspace/source/target/apidocs/org/entando/entando/plugins/jpseo/aps/******/services/controller/control/class-use/RequestValidator.html...
Generating /workspace/source/target/apidocs/org/entando/entando/plugins/jpseo/aps/******/services/content/widget/class-use/ContentViewerHelper.html...
Generating /workspace/source/target/apidocs/org/entando/entando/plugins/jpseo/aps/******/services/metatag/class-use/MetatagCatalog.html...
Generating /workspace/source/target/apidocs/org/entando/entando/plugins/jpseo/aps/******/services/metatag/class-use/IMetatagCatalog.html...
Generating /workspace/source/target/apidocs/org/entando/entando/plugins/jpseo/aps/******/services/metatag/class-use/Metatag.html...
Generating /workspace/source/target/apidocs/org/entando/entando/plugins/jpseo/aps/******/services/metatag/class-use/MetatagDOM.html...
Generating /workspace/source/target/apidocs/org/entando/entando/plugins/jpseo/aps/******/services/mapping/cache/class-use/ISeoMappingCacheWrapper.html...
Generating /workspace/source/target/apidocs/org/entando/entando/plugins/jpseo/aps/******/services/mapping/cache/class-use/SeoMappingCacheWrapper.html...
Generating /workspace/source/target/apidocs/org/entando/entando/plugins/jpseo/aps/******/services/mapping/class-use/FriendlyCodeVO.html...
Generating /workspace/source/target/apidocs/org/entando/entando/plugins/jpseo/aps/******/services/mapping/class-use/SeoMappingDAO.html...
Generating /workspace/source/target/apidocs/org/entando/entando/plugins/jpseo/aps/******/services/mapping/class-use/SeoMappingManager.html...
Generating /workspace/source/target/apidocs/org/entando/entando/plugins/jpseo/aps/******/services/mapping/class-use/ISeoMappingDAO.html...
Generating /workspace/source/target/apidocs/org/entando/entando/plugins/jpseo/aps/******/services/mapping/class-use/ContentFriendlyCode.html...
Generating /workspace/source/target/apidocs/org/entando/entando/plugins/jpseo/aps/******/services/mapping/class-use/ISeoMappingManager.html...
Generating /workspace/source/target/apidocs/org/entando/entando/plugins/jpseo/aps/******/services/mapping/event/class-use/SeoChangedEvent.html...
Generating /workspace/source/target/apidocs/org/entando/entando/plugins/jpseo/aps/******/services/mapping/event/class-use/SeoChangedObserver.html...
Generating /workspace/source/target/apidocs/org/entando/entando/plugins/jpseo/aps/******/services/linkresolver/class-use/LinkResolverManager.html...
Generating /workspace/source/target/apidocs/org/entando/entando/plugins/jpseo/aps/******/services/page/class-use/SeoPageService.html...
Generating /workspace/source/target/apidocs/org/entando/entando/plugins/jpseo/aps/******/services/page/class-use/SeoPageExtraConfigDOM.html...
Generating /workspace/source/target/apidocs/org/entando/entando/plugins/jpseo/aps/******/services/page/class-use/SeoPageMetadata.html...
Generating /workspace/source/target/apidocs/org/entando/entando/plugins/jpseo/aps/******/services/page/class-use/SeoPageDAO.html...
Generating /workspace/source/target/apidocs/org/entando/entando/plugins/jpseo/aps/******/services/page/class-use/PageMetatag.html...
Generating /workspace/source/target/apidocs/org/entando/entando/plugins/jpseo/aps/******/services/page/class-use/SeoPageDto.html...
Generating /workspace/source/target/apidocs/org/entando/entando/plugins/jpseo/aps/******/services/url/class-use/URLManager.html...
Generating /workspace/source/target/apidocs/org/entando/entando/plugins/jpseo/aps/******/services/url/class-use/PageURL.html...
Generating /workspace/source/target/apidocs/org/entando/entando/plugins/jpseo/aps/util/class-use/FriendlyCodeGenerator.html...
Generating /workspace/source/target/apidocs/org/entando/entando/plugins/jpseo/web/page/model/class-use/SeoData.html...
Generating /workspace/source/target/apidocs/org/entando/entando/plugins/jpseo/web/page/model/class-use/SeoMetaTag.html...
Generating /workspace/source/target/apidocs/org/entando/entando/plugins/jpseo/web/page/model/class-use/SeoPageRequest.html...
Generating /workspace/source/target/apidocs/org/entando/entando/plugins/jpseo/web/page/model/class-use/SeoDataByLang.html...
Generating /workspace/source/target/apidocs/org/entando/entando/plugins/jpseo/web/page/class-use/SeoPageController.html...
Generating /workspace/source/target/apidocs/org/entando/entando/plugins/jpseo/web/page/class-use/ISeoPageController.html...
Generating /workspace/source/target/apidocs/org/entando/entando/plugins/jpseo/web/page/validator/class-use/SeoPageValidator.html...
Generating /workspace/source/target/apidocs/org/entando/entando/plugins/jpseo/aps/******/package-use.html...
Generating /workspace/source/target/apidocs/org/entando/entando/plugins/jpseo/aps/******/init/portdb/package-use.html...
Generating /workspace/source/target/apidocs/org/entando/entando/plugins/jpseo/aps/******/services/content/widget/package-use.html...
Generating /workspace/source/target/apidocs/org/entando/entando/plugins/jpseo/aps/******/services/controller/control/package-use.html...
Generating /workspace/source/target/apidocs/org/entando/entando/plugins/jpseo/aps/******/services/linkresolver/package-use.html...
Generating /workspace/source/target/apidocs/org/entando/entando/plugins/jpseo/aps/******/services/mapping/package-use.html...
Generating /workspace/source/target/apidocs/org/entando/entando/plugins/jpseo/aps/******/services/mapping/cache/package-use.html...
Generating /workspace/source/target/apidocs/org/entando/entando/plugins/jpseo/aps/******/services/mapping/event/package-use.html...
Generating /workspace/source/target/apidocs/org/entando/entando/plugins/jpseo/aps/******/services/metatag/package-use.html...
Generating /workspace/source/target/apidocs/org/entando/entando/plugins/jpseo/aps/******/services/page/package-use.html...
Generating /workspace/source/target/apidocs/org/entando/entando/plugins/jpseo/aps/******/services/url/package-use.html...
Generating /workspace/source/target/apidocs/org/entando/entando/plugins/jpseo/aps/******/sitemap/package-use.html...
Generating /workspace/source/target/apidocs/org/entando/entando/plugins/jpseo/aps/tags/package-use.html...
Generating /workspace/source/target/apidocs/org/entando/entando/plugins/jpseo/aps/util/package-use.html...
Generating /workspace/source/target/apidocs/org/entando/entando/plugins/jpseo/aps*****/content/helper/package-use.html...
Generating /workspace/source/target/apidocs/org/entando/entando/plugins/jpseo/aps*****/portal/package-use.html...
Generating /workspace/source/target/apidocs/org/entando/entando/plugins/jpseo/web/page/package-use.html...
Generating /workspace/source/target/apidocs/org/entando/entando/plugins/jpseo/web/page/model/package-use.html...
Generating /workspace/source/target/apidocs/org/entando/entando/plugins/jpseo/web/page/validator/package-use.html...
Building index for all the packages and classes...
Generating /workspace/source/target/apidocs/overview-tree.html...
Generating /workspace/source/target/apidocs/index-all.html...
Building index for all classes...
Generating /workspace/source/target/apidocs/allclasses-index.html...
Generating /workspace/source/target/apidocs/allpackages-index.html...
Generating /workspace/source/target/apidocs/deprecated-list.html...
Building index for all classes...
Generating /workspace/source/target/apidocs/allclasses.html...
Generating /workspace/source/target/apidocs/allclasses.html...
Generating /workspace/source/target/apidocs/index.html...
Generating /workspace/source/target/apidocs/overview-summary.html...
Generating /workspace/source/target/apidocs/help-doc.html...
1 warning
[WARNING] Javadoc Warnings
[WARNING] /workspace/source/src/main/java/org/entando/entando/plugins/jpseo/aps/tags/ContentTag.java:96: warning - @param argument "publishExtraTitle" is not a parameter name.
[INFO] Building jar: /workspace/source/target/entando-plugin-jpseo-6.3.4-javadoc.jar
[INFO] 
[INFO] --- maven-surefire-report-plugin:3.0.0-M4:failsafe-report-only (integration-tests) @ entando-plugin-jpseo ---
[INFO] 
[INFO] --- dependency-check-maven:5.3.2:aggregate (default) @ entando-plugin-jpseo ---
[INFO] Skipping National Vulnerability Database Report
[INFO] 
[INFO] --- jacoco-maven-plugin:0.8.5:report (report) @ entando-plugin-jpseo ---
[INFO] Loading e**cution data file /workspace/source/target/jacoco.e**c
[INFO] Analyzed bundle 'Entando Plugin: SEO' with 44 classes
[INFO] 
[INFO] --- maven-gpg-plugin:1.6:sign (sign-artifacts) @ entando-plugin-jpseo ---
gpg: WARNING: unsafe permissions on homedir `********************'
gpg: WARNING: unsafe permissions on homedir `********************'
gpg: WARNING: unsafe permissions on homedir `********************'
gpg: WARNING: unsafe permissions on homedir `********************'
gpg: WARNING: unsafe permissions on homedir `********************'
gpg: WARNING: unsafe permissions on homedir `********************'
gpg: WARNING: unsafe permissions on homedir `********************'
[INFO] 
[INFO] --- maven-surefire-report-plugin:3.0.0-M4:report-only (unit-tests) @ entando-plugin-jpseo ---
[WARNING] Unable to locate Test Source XRef to link to - DISABLED
[INFO] 
[INFO] --- maven-install-plugin:2.4:install (default-install) @ entando-plugin-jpseo ---
[INFO] Installing /workspace/source/target/entando-plugin-jpseo-6.3.4.war to /home/jenkins/.mvnrepository/org/entando/entando/plugins/entando-plugin-jpseo/6.3.4/entando-plugin-jpseo-6.3.4.war
[INFO] Installing /workspace/source/pom.xml to /home/jenkins/.mvnrepository/org/entando/entando/plugins/entando-plugin-jpseo/6.3.4/entando-plugin-jpseo-6.3.4.pom
[INFO] Installing /workspace/source/target/entando-plugin-jpseo-6.3.4-classes.jar to /home/jenkins/.mvnrepository/org/entando/entando/plugins/entando-plugin-jpseo/6.3.4/entando-plugin-jpseo-6.3.4-classes.jar
[INFO] Installing /workspace/source/target/entando-plugin-jpseo-6.3.4-tests.jar to /home/jenkins/.mvnrepository/org/entando/entando/plugins/entando-plugin-jpseo/6.3.4/entando-plugin-jpseo-6.3.4-tests.jar
[INFO] Installing /workspace/source/target/entando-plugin-jpseo-6.3.4-sources.jar to /home/jenkins/.mvnrepository/org/entando/entando/plugins/entando-plugin-jpseo/6.3.4/entando-plugin-jpseo-6.3.4-sources.jar
[INFO] Installing /workspace/source/target/entando-plugin-jpseo-6.3.4-test-sources.jar to /home/jenkins/.mvnrepository/org/entando/entando/plugins/entando-plugin-jpseo/6.3.4/entando-plugin-jpseo-6.3.4-test-sources.jar
[INFO] Installing /workspace/source/target/entando-plugin-jpseo-6.3.4-javadoc.jar to /home/jenkins/.mvnrepository/org/entando/entando/plugins/entando-plugin-jpseo/6.3.4/entando-plugin-jpseo-6.3.4-javadoc.jar
[INFO] Installing /workspace/source/target/entando-plugin-jpseo-6.3.4.war.asc to /home/jenkins/.mvnrepository/org/entando/entando/plugins/entando-plugin-jpseo/6.3.4/entando-plugin-jpseo-6.3.4.war.asc
[INFO] Installing /workspace/source/target/entando-plugin-jpseo-6.3.4.pom.asc to /home/jenkins/.mvnrepository/org/entando/entando/plugins/entando-plugin-jpseo/6.3.4/entando-plugin-jpseo-6.3.4.pom.asc
[INFO] Installing /workspace/source/target/entando-plugin-jpseo-6.3.4-classes.jar.asc to /home/jenkins/.mvnrepository/org/entando/entando/plugins/entando-plugin-jpseo/6.3.4/entando-plugin-jpseo-6.3.4-classes.jar.asc
[INFO] Installing /workspace/source/target/entando-plugin-jpseo-6.3.4-tests.jar.asc to /home/jenkins/.mvnrepository/org/entando/entando/plugins/entando-plugin-jpseo/6.3.4/entando-plugin-jpseo-6.3.4-tests.jar.asc
[INFO] Installing /workspace/source/target/entando-plugin-jpseo-6.3.4-sources.jar.asc to /home/jenkins/.mvnrepository/org/entando/entando/plugins/entando-plugin-jpseo/6.3.4/entando-plugin-jpseo-6.3.4-sources.jar.asc
[INFO] Installing /workspace/source/target/entando-plugin-jpseo-6.3.4-test-sources.jar.asc to /home/jenkins/.mvnrepository/org/entando/entando/plugins/entando-plugin-jpseo/6.3.4/entando-plugin-jpseo-6.3.4-test-sources.jar.asc
[INFO] Installing /workspace/source/target/entando-plugin-jpseo-6.3.4-javadoc.jar.asc to /home/jenkins/.mvnrepository/org/entando/entando/plugins/entando-plugin-jpseo/6.3.4/entando-plugin-jpseo-6.3.4-javadoc.jar.asc
[INFO] 
[INFO] --- maven-deploy-plugin:2.8.2:deploy (default-deploy) @ entando-plugin-jpseo ---
[INFO] Using alternate deployment repository local-nexus::default::http://nexus/repository/maven-releases/
[INFO] 
[INFO] --- maven-site-plugin:3.9.0:site (default-site) @ entando-plugin-jpseo ---
[INFO] configuring report plugin org.apache.maven.plugins:maven-project-info-reports-plugin:3.0.0
[INFO] 9 reports configured for maven-project-info-reports-plugin:3.0.0: dependency-info, distribution-management, index, ci-management, issue-management, licenses, plugins, scm, summary
[INFO] Rendering site with default locale English (en)
[WARNING] Unable to find a URL to the parent project. The parent menu will NOT be added.
[INFO] Relativizing decoration links with respect to localized project URL: http://www.entando.com/
[INFO] Rendering content with org.apache.maven.skins:maven-default-skin:jar:1.3 skin.
[INFO] Generating "Dependency Information" report --- maven-project-info-reports-plugin:3.0.0:dependency-info
[INFO] Generating "About" report         --- maven-project-info-reports-plugin:3.0.0:index
[INFO] Generating "Issue Management" report --- maven-project-info-reports-plugin:3.0.0:issue-management
[INFO] Generating "Licenses" report      --- maven-project-info-reports-plugin:3.0.0:licenses
[INFO] Generating "Plugins" report       --- maven-project-info-reports-plugin:3.0.0:plugins
[INFO] Generating "Source Code Management" report --- maven-project-info-reports-plugin:3.0.0:scm
[INFO] Generating "Summary" report       --- maven-project-info-reports-plugin:3.0.0:summary
[INFO] 
[INFO] ----------< org.entando.entando.plugins:entando-plugin-jpseo >----------
[INFO] Building Entando Plugin: SEO 6.3.4
[INFO] --------------------------------[ war ]---------------------------------
[INFO] 
[INFO] --- sonar-maven-plugin:3.8.0.2131:sonar (default-cli) @ entando-plugin-jpseo ---
[INFO] User cache: /****/.sonar/cache
[INFO] SonarQube version: 8.5.0
[INFO] Default locale: "en", source code encoding: "UTF-8"
[INFO] Load global settings
[INFO] Load global settings (done) | time=714ms
[INFO] Server id: 1BD809FA-AWHW8ct9-T_TB3XqouNu
[INFO] User cache: /****/.sonar/cache
[INFO] Load/download plugins
[INFO] Load plugins index
[INFO] Load plugins index (done) | time=79ms
[INFO] Load/download plugins (done) | time=27028ms
[INFO] Loaded core extensions: developer-scanner
[INFO] JavaScript/TypeScript frontend is enabled
[INFO] Load project settings for component key: 'entando_entando-plugin-jpseo'
[INFO] Load project settings for component key: 'entando_entando-plugin-jpseo' (done) | time=36ms
[INFO] Process project properties
[INFO] E**cute project builders
[INFO] E**cute project builders (done) | time=2ms
[INFO] Project key: entando_entando-plugin-jpseo
[INFO] Base dir: /workspace/source
[INFO] Working dir: /workspace/source/target/sonar
[INFO] Load project branches
[INFO] Load project branches (done) | time=31ms
[INFO] Check ALM binding of project 'entando_entando-plugin-jpseo'
[INFO] Detected project binding: NOT_BOUND
[INFO] Check ALM binding of project 'entando_entando-plugin-jpseo' (done) | time=19ms
[INFO] Load project pull requests
[INFO] Load project pull requests (done) | time=35ms
[INFO] Load branch configuration
[INFO] Load branch configuration (done) | time=4ms
[INFO] Load quality profiles
[INFO] Load quality profiles (done) | time=88ms
[INFO] Load active rules
[INFO] Load active rules (done) | time=1570ms
[INFO] Organization key: entando
[INFO] Indexing files...
[INFO] Project configuration:
[WARNING] Exception caught during e**cution of command '[/usr/local/git/bin/git, config, --******, --edit]' in '/usr/local/git/bin', return code '128', error message 'fatal: Invalid path '/usr/local/git/etc': No such file or directory
'
[INFO] Load project repositories
[INFO] Load project repositories (done) | time=56ms
[INFO] 90 files inde**d
[INFO] 0 files ignored because of scm ignore settings
[INFO] Quality profile for css: Sonar way
[INFO] Quality profile for java: Sonar way
[INFO] Quality profile for jsp: Sonar way
[INFO] Quality profile for xml: Sonar way
[INFO] ------------- Run sensors on module Entando Plugin: SEO
[INFO] JavaScript/TypeScript frontend is enabled
[INFO] Load metrics repository
[INFO] Load metrics repository (done) | time=31ms
[INFO] Sensor JavaSquidSensor [java]
[INFO] Configured Java source version (sonar.java.source): 8
[INFO] JavaClasspath initialization
[INFO] JavaClasspath initialization (done) | time=23ms
[INFO] JavaTestClasspath initialization
[INFO] JavaTestClasspath initialization (done) | time=3ms
Feb 02, 2021 5:34:26 PM org.apache.jasper.servlet.TldScanner scanJars
INFO: At least one JAR was scanned for TLDs yet contained no TLDs. Enable debug logging for this logger for a complete list of JARs that were scanned but no TLDs were found in them. Skipping unneeded JARs during scanning can improve startup time and JSP compilation time.
[WARNING] Some JSP pages failed to transpile. Enable debug log for details.
[INFO] Java Main Files AST scan
[INFO] 50 source files to be analyzed
[INFO] 24/50 files analyzed, current file: src/main/java/org/entando/entando/plugins/jpseo/aps/******/services/mapping/SeoMappingManager.java
[INFO] 50/50 source files have been analyzed
[INFO] Java Main Files AST scan (done) | time=19156ms
[INFO] Java Test Files AST scan
[INFO] 11 source files to be analyzed
[INFO] Java Test Files AST scan (done) | time=3309ms
[INFO] Java Generated Files AST scan
[INFO] 11/11 source files have been analyzed
[INFO] 5 source files to be analyzed
[INFO] Java Generated Files AST scan (done) | time=3658ms
[INFO] 5/5 source files have been analyzed
[INFO] Sensor JavaSquidSensor [java] (done) | time=28638ms
[INFO] Sensor SonarCSS Metrics [cssfamily]
[INFO] Sensor SonarCSS Metrics [cssfamily] (done) | time=42ms
[INFO] Sensor SonarCSS Rules [cssfamily]
[INFO] 1 source files to be analyzed
[INFO] 1/1 source files have been analyzed
[INFO] Sensor SonarCSS Rules [cssfamily] (done) | time=5603ms
[INFO] Sensor C# Properties [csharp]
[INFO] Sensor C# Properties [csharp] (done) | time=2ms
[INFO] Sensor Import of Checkstyle issues [java]
[WARNING] Checkstyle report not found: /workspace/source/target/checkstyle-result.xml
[INFO] Sensor Import of Checkstyle issues [java] (done) | time=5ms
[INFO] Sensor SurefireSensor [java]
[INFO] parsing [/workspace/source/target/surefire-reports]
[INFO] Sensor SurefireSensor [java] (done) | time=107ms
[INFO] Sensor JavaXmlSensor [java]
[INFO] 6 source files to be analyzed
[INFO] Sensor JavaXmlSensor [java] (done) | time=188ms
[INFO] 6/6 source files have been analyzed
[INFO] Sensor HTML [web]
[INFO] Sensor HTML [web] (done) | time=344ms
[INFO] Sensor XML Sensor [xml]
[INFO] 6 source files to be analyzed
[INFO] Sensor XML Sensor [xml] (done) | time=259ms
[INFO] 6/6 source files have been analyzed
[INFO] Sensor VB.NET Properties [vbnet]
[INFO] Sensor VB.NET Properties [vbnet] (done) | time=2ms
[INFO] Sensor JaCoCo XML Report Importer [jacoco]
[INFO] Importing 1 report(s). Turn your logs in debug mode in order to see the exhaustive list.
[INFO] Sensor JaCoCo XML Report Importer [jacoco] (done) | time=82ms
[INFO] Sensor ThymeLeaf template sensor [securityjavafrontend]
[INFO] Sensor ThymeLeaf template sensor [securityjavafrontend] (done) | time=4ms
[INFO] Sensor JavaSecuritySensor [security]
[INFO] Reading type hierarchy from: /workspace/source/target/sonar/ucfg2/java
[INFO] Read 338 type definitions
[INFO] Reading UCFGs from: /workspace/source/target/sonar/ucfg2/java
[INFO] 17:35:01.484468 Building Runtime Type propagation graph
[INFO] 17:35:01.646245 Running Tarjan on 5312 nodes
[INFO] 17:35:01.667932 Tarjan found 5307 components
[INFO] 17:35:01.691647 Variable type analysis: done
[INFO] 17:35:01.697658 Building Runtime Type propagation graph
[INFO] 17:35:01.769862 Running Tarjan on 5312 nodes
[INFO] 17:35:01.776043 Tarjan found 5307 components
[INFO] 17:35:01.788683 Variable type analysis: done
[INFO] Analyzing 696 ucfgs to detect vulnerabilities.
[INFO] All rules entrypoints : 2 Retained UCFGs : 9
[INFO] rule: S5131, entrypoints: 0
[INFO] rule: S5131 done
[INFO] rule: S3649, entrypoints: 0
[INFO] rule: S3649 done
[INFO] rule: S2076, entrypoints: 0
[INFO] rule: S2076 done
[INFO] rule: S2091, entrypoints: 0
[INFO] rule: S2091 done
[INFO] rule: S2078, entrypoints: 0
[INFO] rule: S2078 done
[INFO] rule: S2631, entrypoints: 0
[INFO] rule: S2631 done
[INFO] rule: S5135, entrypoints: 0
[INFO] rule: S5135 done
[INFO] rule: S2083, entrypoints: 2
[INFO] Running symbolic analysis
[INFO] rule: S2083 done
[INFO] rule: S5167, entrypoints: 0
[INFO] rule: S5167 done
[INFO] rule: S5144, entrypoints: 0
[INFO] rule: S5144 done
[INFO] rule: S5145, entrypoints: 0
[INFO] rule: S5145 done
[INFO] rule: S5146, entrypoints: 0
[INFO] rule: S5146 done
[INFO] rule: S5334, entrypoints: 0
[INFO] rule: S5334 done
[INFO] Sensor JavaSecuritySensor [security] (done) | time=4772ms
[INFO] Sensor CSharpSecuritySensor [security]
[INFO] Reading type hierarchy from: /workspace/source/target/ucfg_cs2
[INFO] Read 0 type definitions
[INFO] Reading UCFGs from: /workspace/source/target/ucfg_cs2
[INFO] No UCFGs have been included for analysis.
[INFO] Sensor CSharpSecuritySensor [security] (done) | time=2ms
[INFO] Sensor PhpSecuritySensor [security]
[INFO] Reading type hierarchy from: /workspace/source/target/sonar/ucfg2/php
[INFO] Read 0 type definitions
[INFO] Reading UCFGs from: /workspace/source/target/sonar/ucfg2/php
[INFO] No UCFGs have been included for analysis.
[INFO] Sensor PhpSecuritySensor [security] (done) | time=2ms
[INFO] Sensor PythonSecuritySensor [security]
[INFO] Reading type hierarchy from: /workspace/source/target/sonar/ucfg2/python
[INFO] Read 0 type definitions
[INFO] Reading UCFGs from: /workspace/source/target/sonar/ucfg2/python
[INFO] No UCFGs have been included for analysis.
[INFO] Sensor PythonSecuritySensor [security] (done) | time=2ms
[INFO] Sensor JsSecuritySensor [security]
[INFO] Reading type hierarchy from: /workspace/source/target/sonar/ucfg2/js
[INFO] Read 0 type definitions
[INFO] Reading UCFGs from: /workspace/source/target/sonar/ucfg2/js
[INFO] No UCFGs have been included for analysis.
[INFO] Sensor JsSecuritySensor [security] (done) | time=2ms
[INFO] ------------- Run sensors on project
[INFO] Sensor Zero Coverage Sensor
[INFO] Sensor Zero Coverage Sensor (done) | time=1ms
[INFO] Sensor Java CPD Block Inde**r
[INFO] Sensor Java CPD Block Inde**r (done) | time=170ms
[INFO] SCM Publisher SCM provider for this project is: git
[INFO] SCM Publisher 75 source files to be analyzed
[WARNING] Shallow clone detected, no blame information will be provided. You can convert to non-shallow with 'git fetch --unshallow'.
[INFO] SCM Publisher 0/75 source files have been analyzed (done) | time=3ms
[WARNING] Missing blame information for the following files:
[WARNING]   * src/main/webapp/WEB-INF/plugins/jpseo/aps*****/jsp/portal/entryPageLang-jack.jsp
[WARNING]   * src/main/java/org/entando/entando/plugins/jpseo/aps*****/content/helper/ContentActionHelperAspect.java
[WARNING]   * src/main/java/org/entando/entando/plugins/jpseo/aps/tags/SeoMetatagCatalogTag.java
[WARNING]   * src/main/java/org/entando/entando/plugins/jpseo/aps/******/services/metatag/metatag_catalog.xml
[WARNING]   * src/main/java/org/entando/entando/plugins/jpseo/aps/******/services/url/PageURL.java
[WARNING]   * src/main/java/org/entando/entando/plugins/jpseo/aps/tags/CurrentPageTag.java
[WARNING]   * src/main/java/org/entando/entando/plugins/jpseo/aps/******/services/mapping/cache/SeoMappingCacheWrapper.java
[WARNING]   * src/main/java/org/entando/entando/plugins/jpseo/aps/******/services/metatag/IMetatagCatalog.java
[WARNING]   * src/main/java/org/entando/entando/plugins/jpseo/aps/tags/PageInfoTag.java
[WARNING]   * src/main/java/org/entando/entando/plugins/jpseo/aps/******/services/page/SeoPageService.java
[WARNING]   * src/main/java/org/entando/entando/plugins/jpseo/aps/******/services/metatag/MetatagDOM.java
[WARNING]   * src/main/webapp/WEB-INF/plugins/jpseo/aps*****/jsp/portal/entryPage.jsp
[WARNING]   * src/main/java/org/entando/entando/plugins/jpseo/aps/******/services/mapping/event/SeoChangedEvent.java
[WARNING]   * src/main/java/org/entando/entando/plugins/jpseo/aps*****/portal/SeoPageActionUtils.java
[WARNING]   * src/test/java/org/entando/entando/aps/******/services/controller/control/SeoRequestValidatorIntegrationTest.java
[WARNING]   * src/main/webapp/WEB-INF/plugins/jpseo/aps*****/jpseo-tiles.xml
[WARNING]   * src/main/webapp/WEB-INF/plugins/jpseo/aps*****/jsp/portal/entryPage-jack.jsp
[WARNING]   * src/main/java/org/entando/entando/plugins/jpseo/aps*****/portal/page.xml
[WARNING]   * src/main/java/org/entando/entando/plugins/jpseo/aps/******/sitemap/sitemap.xml
[WARNING]   * src/test/java/org/entando/entando/plugins/jpseo/aps*****/portal/PageSettingsActionIntegrationTest.java
[WARNING]   * src/main/webapp/WEB-INF/plugins/jpseo/aps/jsp/widgets/jpseo_site_map.jsp
[WARNING]   * src/test/java/org/entando/entando/plugins/jpseo/aps/******/services/mapping/SeoMappingManagerIntegrationTest.java
[WARNING]   * src/main/webapp/resources/plugins/jpseo/*****istration/css/master-seo.css
[WARNING]   * src/main/java/org/entando/entando/plugins/jpseo/web/page/validator/SeoPageValidator.java
[WARNING]   * src/main/webapp/WEB-INF/plugins/jpseo/aps/jsp/widgets/jpseo_content_viewer.jsp
[WARNING]   * src/main/java/org/entando/entando/plugins/jpseo/aps/tags/SeoMetatagTag.java
[WARNING]   * src/main/java/org/entando/entando/plugins/jpseo/aps/tags/ContentTag.java
[WARNING]   * src/main/java/org/entando/entando/plugins/jpseo/aps/******/services/mapping/ContentFriendlyCode.java
[WARNING]   * src/main/java/org/entando/entando/plugins/jpseo/web/page/ISeoPageController.java
[WARNING]   * src/main/java/org/entando/entando/plugins/jpseo/web/page/model/SeoMetaTag.java
[WARNING]   * src/main/java/org/entando/entando/plugins/jpseo/aps/******/init/portdb/FriendlyCode.java
[WARNING]   * src/test/java/org/entando/entando/plugins/jpseo/aps*****/portal/PageActionIntegrationTest.java
[WARNING]   * src/test/java/org/entando/entando/plugins/jpseo/web/page/SeoPageControllerIntegrationTest.java
[WARNING]   * src/main/java/org/entando/entando/plugins/jpseo/aps/******/services/metatag/Metatag.java
[WARNING]   * src/main/java/org/entando/entando/plugins/jpseo/aps/******/services/mapping/ISeoMappingManager.java
[WARNING]   * src/main/java/org/entando/entando/plugins/jpseo/aps*****/portal/SeoPageAction.java
[WARNING]   * src/main/java/org/entando/entando/plugins/jpseo/aps/******/services/page/SeoPageDto.java
[WARNING]   * src/main/java/org/entando/entando/plugins/jpseo/web/page/model/SeoPageRequest.java
[WARNING]   * src/main/java/org/entando/entando/plugins/jpseo/web/page/model/SeoData.java
[WARNING]   * src/main/java/org/entando/entando/plugins/jpseo/aps/******/services/mapping/SeoMappingManager.java
[WARNING]   * src/main/java/org/entando/entando/plugins/jpseo/web/page/model/SeoDataByLang.java
[WARNING]   * src/main/java/org/entando/entando/plugins/jpseo/aps/******/services/controller/control/RequestValidator.java
[WARNING]   * src/main/java/org/entando/entando/plugins/jpseo/aps/******/services/url/URLManager.java
[WARNING]   * src/main/webapp/WEB-INF/plugins/jpseo/aps*****/jsp/portal/seo-autocomplete.jsp
[WARNING]   * src/main/java/org/entando/entando/plugins/jpseo/aps/******/services/metatag/MetatagCatalog.java
[WARNING]   * src/test/java/org/entando/entando/plugins/jpseo/aps/******/services/metatag/MetatagCatalogueIntegrationTest.java
[WARNING]   * src/test/java/org/entando/entando/plugins/jpseo/aps*****/portal/PageSettingsActionAspectTest.java
[WARNING]   * pom.xml
[WARNING]   * src/main/java/org/entando/entando/plugins/jpseo/aps/******/JpseoSystemConstants.java
[WARNING]   * src/main/java/org/entando/entando/plugins/jpseo/aps/******/services/page/PageMetatag.java
[WARNING]   * src/main/java/org/entando/entando/plugins/jpseo/aps/util/FriendlyCodeGenerator.java
[WARNING]   * src/main/java/org/entando/entando/plugins/jpseo/aps/tags/SiteMapTag.java
[WARNING]   * src/main/java/org/entando/entando/plugins/jpseo/web/page/SeoPageController.java
[WARNING]   * src/test/java/org/entando/entando/plugins/jpseo/utils/stubhelper/SeoStubHelper.java
[WARNING]   * src/main/java/org/entando/entando/plugins/jpseo/aps/tags/SeoMetatagsTag.java
[WARNING]   * src/test/java/org/entando/entando/plugins/jpseo/aps*****/content/ContentActionIntegrationTest.java
[WARNING]   * src/main/java/org/entando/entando/plugins/jpseo/aps/******/services/page/SeoPageExtraConfigDOM.java
[WARNING]   * src/main/webapp/WEB-INF/plugins/jpseo/seoAttributeRoles.xml
[WARNING]   * src/main/java/org/entando/entando/plugins/jpseo/aps/******/sitemap/SitemapAction.java
[WARNING]   * src/main/java/org/entando/entando/plugins/jpseo/aps*****/portal/SeoPageSettingsAction.java
[WARNING]   * src/main/java/org/entando/entando/plugins/jpseo/aps*****/portal/PageActionAspect.java
[WARNING]   * src/main/java/org/entando/entando/plugins/jpseo/aps*****/portal/PageSettingsActionAspect.java
[WARNING]   * src/main/java/org/entando/entando/plugins/jpseo/aps/******/services/mapping/event/SeoChangedObserver.java
[WARNING]   * src/main/webapp/WEB-INF/plugins/jpseo/aps*****/jsp/portal/pageSettings-jack.jsp
[WARNING]   * src/main/java/org/entando/entando/plugins/jpseo/aps/******/services/mapping/ISeoMappingDAO.java
[WARNING]   * src/main/java/org/entando/entando/plugins/jpseo/aps/******/services/page/SeoPageMetadata.java
[WARNING]   * src/main/java/org/entando/entando/plugins/jpseo/aps/******/services/content/widget/ContentViewerHelper.java
[WARNING]   * src/test/java/org/entando/entando/plugins/jpseo/aps/******/services/page/SeoPageServiceTest.java
[WARNING]   * src/main/java/org/entando/entando/plugins/jpseo/aps*****/portal/PageSettingsUtils.java
[WARNING]   * src/main/java/org/entando/entando/plugins/jpseo/aps/******/services/page/SeoPageDAO.java
[WARNING]   * src/main/java/org/entando/entando/plugins/jpseo/aps/******/services/mapping/SeoMappingDAO.java
[WARNING]   * src/main/java/org/entando/entando/plugins/jpseo/aps/******/services/mapping/cache/ISeoMappingCacheWrapper.java
[WARNING]   * src/test/java/org/entando/entando/plugins/jpseo/web/page/SeoPageControllerTest.java
[WARNING]   * src/main/java/org/entando/entando/plugins/jpseo/aps/******/services/linkresolver/LinkResolverManager.java
[WARNING]   * src/main/java/org/entando/entando/plugins/jpseo/aps/******/services/mapping/FriendlyCodeVO.java
[WARNING] This may lead to missing/broken features in SonarCloud
[INFO] CPD E**cutor 8 files had no CPD blocks
[INFO] CPD E**cutor Calculating CPD for 49 files
[INFO] CPD E**cutor CPD calculation finished (done) | time=56ms
[INFO] Analysis report generated in 198ms, dir size=924 KB
[INFO] Analysis report compressed in 160ms, zip size=353 KB
[INFO] Analysis report uploaded in 182ms
[INFO] ANALYSIS SUCCESSFUL, you can find the results at: https://sonarcloud.io/dashboard?id=entando_entando-plugin-jpseo
[INFO] Note that you will be able to access the updated dashboard once the server has processed the submitted analysis report
[INFO] More about the report processing at https://sonarcloud.io/api/ce/task?id=AXdjz-qIfFqIyZZn2dQL
[INFO] Analysis total time: 48.304 s
[INFO] ------------------------------------------------------------------------
[INFO] BUILD SUCCESS
[INFO] ------------------------------------------------------------------------
[INFO] Total time:  06:11 min
[INFO] Finished at: 2021-02-02T17:35:06Z
[INFO] ------------------------------------------------------------------------
Congratulations! No build failures found for entando-plugin-jpseo-master.

Showing logs for build [32mentando-entando-plugin-jpseo-ma-b8778-34[0m stage [32mfrom-build-pack[0m and container [32mstep-promote-changelog[0m
Converted /workspace/source to an unshallow repository
Generating change log from git ref 0a31449380f8e74d9abab06cf977f2380f323310 => 0bd14301a92b312616921b7d11c65c4ad50a26f5
Associating user w-caffiero-entando in users.jenkins.io with email 63636347+w-caffiero-entando@users.noreply.github.com to git GitProvider user with login w-caffiero-entando-2 as emails match
Adding label jenkins.io/git-github-userid=w-caffiero-entando-2 to user w-caffiero-entando in users.jenkins.io
Associating user github in users.jenkins.io with email noreply@github.com to git GitProvider user with login github-0 as emails match
Adding label jenkins.io/git-github-userid=github-0 to user github in users.jenkins.io
Finding issues in commit messages using git format
Associating user eugenio-santoboni in users.jenkins.io with email eugenio.santoboni@gmail.com to git GitProvider user with login eugenio-santoboni-0 as emails match
Adding label jenkins.io/git-github-userid=eugenio-santoboni-0 to user eugenio-santoboni in users.jenkins.io
Associating user eugenio-santoboni in users.jenkins.io with email eugenio.santoboni@gmail.com to git GitProvider user with login eugenio-santoboni-0 as emails match
Adding label jenkins.io/git-github-userid=eugenio-santoboni-0 to user eugenio-santoboni in users.jenkins.io
Associating user eugenio-santoboni in users.jenkins.io with email eugenio.santoboni@gmail.com to git GitProvider user with login eugenio-santoboni-0 as emails match
Adding label jenkins.io/git-github-userid=eugenio-santoboni-0 to user eugenio-santoboni in users.jenkins.io
Associating user eugenio-santoboni in users.jenkins.io with email eugenio.santoboni@gmail.com to git GitProvider user with login eugenio-santoboni-0 as emails match
Adding label jenkins.io/git-github-userid=eugenio-santoboni-0 to user eugenio-santoboni in users.jenkins.io
Associating user eugenio-santoboni in users.jenkins.io with email eugenio.santoboni@gmail.com to git GitProvider user with login eugenio-santoboni-0 as emails match
Adding label jenkins.io/git-github-userid=eugenio-santoboni-0 to user eugenio-santoboni in users.jenkins.io
Associating user eugenio-santoboni in users.jenkins.io with email eugenio.santoboni@gmail.com to git GitProvider user with login eugenio-santoboni-0 as emails match
Adding label jenkins.io/git-github-userid=eugenio-santoboni-0 to user eugenio-santoboni in users.jenkins.io
Associating user eugenio-santoboni in users.jenkins.io with email eugenio.santoboni@gmail.com to git GitProvider user with login eugenio-santoboni-0 as emails match
Adding label jenkins.io/git-github-userid=eugenio-santoboni-0 to user eugenio-santoboni in users.jenkins.io
Associating user eugenio-santoboni in users.jenkins.io with email eugenio.santoboni@gmail.com to git GitProvider user with login eugenio-santoboni-0 as emails match
Adding label jenkins.io/git-github-userid=eugenio-santoboni-0 to user eugenio-santoboni in users.jenkins.io
WARNING: No release found for entando/entando-plugin-jpseo and tag v6.3.4 so creating a new release
Updated the release information at https://github.com/entando/entando-plugin-jpseo/releases/tag/v6.3.4
generated: /workspace/source/templates/release.yaml
Created Release entando-plugin-jpseo-6-3-4 resource in namespace **
Updating PipelineActivity entando-entando-plugin-jpseo-master-34 with version 6.3.4
Updated PipelineActivities entando-entando-plugin-jpseo-master-34 with release notes URL: https://github.com/entando/entando-plugin-jpseo/releases/tag/v6.3.4

Showing logs for build [32mentando-entando-plugin-jpseo-ma-b8778-34[0m stage [32mfrom-build-pack[0m and container [32mstep-promote-update-bom[0m
/tmp /workspace/source
Cloning into 'entando-core-bom'...
/tmp/entando-core-bom /tmp /workspace/source
[master 5bb2a88] Bumped entando-plugin-jpseo to 6.3.4
 1 file changed, 1 insertion(+), 1 deletion(-)
To https://github.com/entando/entando-core-bom.git
   9993873..5bb2a88  master -> master
/tmp /workspace/source
/workspace/source
