
Showing logs for build [32mentando-k8s-entando-k8s-custom-h5wx5-18[0m stage [32mfrom-build-pack[0m and container [32mstep-credential-initializer-mqstz[0m
{"level":"warn","ts":1612269335.7773585,"logger":"fallback-logger","caller":"logging/config.go:69","msg":"Fetch GitHub commit ID from kodata failed: \"ref: refs/heads/0.8.0-**-support-backwards-incompats\" is not a valid GitHub commit ID"}
{"level":"info","ts":1612269335.792875,"logger":"fallback-logger","caller":"creds-init/main.go:40","msg":"Credentials initialized."}

Showing logs for build [32mentando-k8s-entando-k8s-custom-h5wx5-18[0m stage [32mfrom-build-pack[0m and container [32mstep-working-dir-initializer-g6kvc[0m
{"level":"warn","ts":1612269337.4265358,"logger":"fallback-logger","caller":"logging/config.go:69","msg":"Fetch GitHub commit ID from kodata failed: open /var/run/ko/HEAD: no such file or directory"}
{"level":"info","ts":1612269337.453485,"logger":"fallback-logger","caller":"bash/main.go:64","msg":"Successfully e**cuted command \"sh -c mkdir -p /workspace/source\"; output "}

Showing logs for build [32mentando-k8s-entando-k8s-custom-h5wx5-18[0m stage [32mfrom-build-pack[0m and container [32mstep-place-tools[0m

Showing logs for build [32mentando-k8s-entando-k8s-custom-h5wx5-18[0m stage [32mfrom-build-pack[0m and container [32mstep-git-source-entando-k8s-entando-k8s-custom-cjvr8[0m
{"level":"warn","ts":1612269431.3829963,"logger":"fallback-logger","caller":"logging/config.go:69","msg":"Fetch GitHub commit ID from kodata failed: \"ref: refs/heads/0.8.0-**-support-backwards-incompats\" is not a valid GitHub commit ID"}
{"level":"info","ts":1612269433.0606542,"logger":"fallback-logger","caller":"git/git.go:103","msg":"Successfully cloned https://github.com/entando-k8s/entando-k8s-custom-model.git @ master in path /workspace/source"}

Showing logs for build [32mentando-k8s-entando-k8s-custom-h5wx5-18[0m stage [32mfrom-build-pack[0m and container [32mstep-git-merge[0m
Using SHAs from PULL_REFS=master:df42cde13c12b875758ad029042ddb20ac084e41,37:ac62e479cabd71ce4388d57f1f1c1d0a314c4c1d
DEBUG: ran git fetch --unshallow origin ac62e479cabd71ce4388d57f1f1c1d0a314c4c1d: df42cde13c12b875758ad029042ddb20ac084e41: in 
DEBUG: ran git checkout master in 
DEBUG: ran git reset --hard df42cde13c12b875758ad029042ddb20ac084e41 in 
DEBUG: ran clean --force -d . in 
DEBUG: ran git merge ac62e479cabd71ce4388d57f1f1c1d0a314c4c1d in 
Merged SHA ac62e479cabd71ce4388d57f1f1c1d0a314c4c1d with commit message 'ENG-1737 more Sonar fi**s' into base branch master
Merged SHA a23cab9dafaed6fae018450e2faa42e30f5a8936 with commit message 'ENG-1737 more Sonar fi**s' into base branch master
Merged SHA 0336399770e8fbb717e3a5e20e4576fef24d1f9d with commit message 'ENG-1737 many Sonar fi**s' into base branch master
Merged SHA 7a88892686a397403fcddea67934b2dfb922ac2e with commit message 'ENG-1737 bumped to latest quarkus-parent' into base branch master
Merged SHA abd71202546d5f3d1517682f4122c9ef586d86e4 with commit message 'ENG-1737 fi**d incorrect primitive int in entandoAppSpec' into base branch master
Merged SHA 543d5b2dd65ca49d05fee702396c337cf55c5906 with commit message 'ENG-1737 fi**d typo' into base branch master
Merged SHA be6ef2b16176c21fe23d151d4c9b09765f0ba8c5 with commit message 'ENG-1737 added ommissions' into base branch master
Merged SHA bfa32b303a906c0977fd86ca750c560e03270e59 with commit message 'ENG-1737 introduced overrides from EntandoCompositeApp for improved quickstart experience' into base branch master
Merged SHA a5ac71cb4befa8d484e8ad4f8fc2fd1b47662fc2 with commit message 'ENG-1737 some refinements for an OLM quickstart experience' into base branch master
Merged SHA ceb4e436245a6e67d35f00e08ff97247353f7c50 with commit message 'ENG-1737 minor fi**s to the EntandoDeBundle status definition' into base branch master
Merged SHA 644dc56fa446f9858a40d4fa048d89a3a4fe9cf0 with commit message 'ENG-1737 fi**d incorrect scope on DeBundle' into base branch master
Merged SHA 770498fae6b84b0a8f2aa3022ca3552547394f19 with commit message 'ENG-1737 trying to fix integration tests' into base branch master
Merged SHA 6572f818955b7250ef32d7816252c6785bd9e231 with commit message 'ENG-1737 EntandoDeBundle' into base branch master
Merged SHA b3fdf23276e950a6c42b4e50f99a7b1e3edd9165 with commit message 'ENG-1737 fi**d typo in EntandoAppCRD.yaml' into base branch master
Merged SHA 40637115cff692b9d20b6497503764ec7e9eb6d6 with commit message 'ENG-1737 modified EntandoApp and EntandoAppPluginLink CRDs' into base branch master
Merged SHA 585ff5ffd990d34de20338c37a901aba5c72c28b with commit message 'ENG-1742 refined CRDs for Red Hat certification' into base branch master
Merged SHA 67582b86d4818178d5740d6657e288d339c7c5cb with commit message 'ENG-1737 refined doneable logic' into base branch master
Merged SHA 65318d53a5e23c6de6267fa9c334fc90d1920de9 with commit message 'ENG-1737 refined doneable logic' into base branch master
Merged SHA ab4eecf6200effac1ff3b0ea28e08a82d103428b with commit message 'ENG-1737 fi**d EntandoClusterInfraustructre CRD' into base branch master
Merged SHA 4f4b9b03d47072719f3a5474a6a425114023de27 with commit message 'ENG-1737 introduced observedGeneration logic' into base branch master
Merged SHA 740819ef9c4ff536405a1ba960dcfa14d15a6895 with commit message 'ENG-1737 backported CRD for compatibility on Openshift 3.11' into base branch master
Merged SHA c690d8c0dbd634537574366368798054acad3d05 with commit message 'ENG-1737 refined EntandoKeycloakServer additionalPrinterColums' into base branch master
Merged SHA f49c22637a0e27001d1cc7c407f51d2e00b50f5e with commit message 'ENG-1737 migrated EntandoKeycloakServerCRD.yaml to v1 api' into base branch master
Merged SHA be72400411db83e604e65b6b99cbb69612d690c3 with commit message 'ENG-1737 added StandardKeycloakImage' into base branch master

Showing logs for build [32mentando-k8s-entando-k8s-custom-h5wx5-18[0m stage [32mfrom-build-pack[0m and container [32mstep-build-set-version[0m
Picked up _JAVA_OPTIONS: -XX:+UnlockExperimentalVMOptions -Dsun.zip.disableMemoryMapping=**** -XX:+UseParallelGC -XX:MinHeapFreeRatio=5 -XX:MaxHeapFreeRatio=10 -XX:GCTimeRatio=4 -XX:AdaptiveSizePolicyWeight=90 -Xms10m -Xmx8000m
[INFO] Scanning for projects...
[INFO] 
[INFO] ----------------< org.entando:entando-k8s-custom-model >----------------
[INFO] Building Entando Kubernetes Custom Model 6.3.0-SNAPSHOT
[INFO] --------------------------------[ jar ]---------------------------------
[INFO] 
[INFO] --- versions-maven-plugin:2.8.1:set (default-cli) @ entando-k8s-custom-model ---
[INFO] Local aggregation ****: /workspace/source
[INFO] Processing change of org.entando:entando-k8s-custom-model:6.3.0-SNAPSHOT -> 0.0.0-SNAPSHOT-PR-37-18
[INFO] Processing org.entando:entando-k8s-custom-model
[INFO]     Updating project org.entando:entando-k8s-custom-model
[INFO]         from version 6.3.0-SNAPSHOT to 0.0.0-SNAPSHOT-PR-37-18
[INFO] 
[INFO] ------------------------------------------------------------------------
[INFO] BUILD SUCCESS
[INFO] ------------------------------------------------------------------------
[INFO] Total time:  10.639 s
[INFO] Finished at: 2021-02-02T12:37:28Z
[INFO] ------------------------------------------------------------------------

Showing logs for build [32mentando-k8s-entando-k8s-custom-h5wx5-18[0m stage [32mfrom-build-pack[0m and container [32mstep-build-fix-git-for-sonar[0m
Switched to a new branch 'PR-37'
M	pom.xml
Deleted branch master (was ac62e47).
From https://github.com/entando-k8s/entando-k8s-custom-model
 * [new branch]      master     -> master

Showing logs for build [32mentando-k8s-entando-k8s-custom-h5wx5-18[0m stage [32mfrom-build-pack[0m and container [32mstep-build-mvn-verify-pr[0m
  % Total    % Received % Xferd  Average Speed   Time    Time     Time  Current
                                 Dload  Upload   Total   Spent    Left  Speed
  0     0    0     0    0     0      0      0 --:--:-- --:--:-- --:--:--     0100  1859  100  1643  100   216   2349    308 --:--:-- --:--:-- --:--:--  2370
{
  "url": "https://api.github.com/repos/entando-k8s/entando-k8s-custom-model/statuses/ac62e479cabd71ce4388d57f1f1c1d0a314c4c1d",
  "avatar_url": "https://avatars.githubusercontent.com/u/57885396?v=4",
  "id": 12041157214,
  "node_id": "MDEzOlN0YXR1c0NvbnRleHQxMjA0MTE1NzIxNA==",
  "state": "pending",
  "description": "Pre-deployment tests pending!",
  "target_url": "https://entando-k8s.github.io/devops-results/entando-k8s-custom-model/PR-37/surefire-report.html",
  "context": "Pre-deployment tests",
  "created_at": "2021-02-02T12:37:32Z",
  "updated_at": "2021-02-02T12:37:32Z",
  "creator": {
    "login": "**********",
    "id": 57885396,
    "node_id": "MDQ6VXNlcjU3ODg1Mzk2",
    "avatar_url": "https://avatars.githubusercontent.com/u/57885396?v=4",
    "gravatar_id": "",
    "url": "https://api.github.com/users/**********",
    "html_url": "https://github.com/**********",
    "followers_url": "https://api.github.com/users/entando-**/followers",
    "following_url": "https://api.github.com/users/entando-**/following{/other_user}",
    "gists_url": "https://api.github.com/users/entando-**/gists{/gist_id}",
    "starred_url": "https://api.github.com/users/entando-**/starred{/owner}{/repo}",
    "subscriptions_url": "https://api.github.com/users/**********/subscriptions",
    "organizations_url": "https://api.github.com/users/**********/orgs",
    "repos_url": "https://api.github.com/users/entando-**/repos",
    "events_url": "https://api.github.com/users/entando-**/events{/privacy}",
    "received_events_url": "https://api.github.com/users/entando-**/received_events",
    "type": "User",
    "site_*****": false
  }
}
  % Total    % Received % Xferd  Average Speed   Time    Time     Time  Current
                                 Dload  Upload   Total   Spent    Left  Speed
{
  "url": "https://api.github.com/repos/entando-k8s/entando-k8s-custom-model/statuses/ac62e479cabd71ce4388d57f1f1c1d0a314c4c1d",
  "avatar_url": "https://avatars.githubusercontent.com/u/57885396?v=4",
  "id": 12041157334,
  "node_id": "MDEzOlN0YXR1c0NvbnRleHQxMjA0MTE1NzMzNA==",
  "state": "pending",
  "description": "Checkstyle pending!",
  "target_url": "https://entando-k8s.github.io/devops-results/entando-k8s-custom-model/PR-37/checkstyle.html",
  "context": "Checkstyle",
  "created_at": "2021-02-02T12:37:32Z",
  "updated_at": "2021-02-02T12:37:32Z",
  "creator": {
    "login": "entando-**",
    "id": 57885396,
    "node_id": "MDQ6VXNlcjU3ODg1Mzk2",
    "avatar_url": "https://avatars.githubusercontent.com/u/57885396?v=4",
    "gravatar_id": "",
    "url": "https://api.github.com/users/entando-**",
    "html_url": "https://github.com/entando-**",
    "followers_url": "https://api.github.com/users/**********/followers",
    "following_url": "https://api.github.com/users/entando-**/following{/other_user}",
    "gists_url": "https://api.github.com/users/**********/gists{/gist_id}",
    "starred_url": "https://api.github.com/users/entando-**/starred{/owner}{/repo}",
    "subscriptions_url": "https://api.github.com/users/**********/subscriptions",
    "organizations_url": "https://api.github.com/users/entando-**/orgs",
    "repos_url": "https://api.github.com/users/entando-**/repos",
    "events_url": "https://api.github.com/users/**********/events{/privacy}",
    "received_events_url": "https://api.github.com/users/entando-**/received_events",
    "type": "User",
    "site_*****": false
  }
}
  0     0    0     0    0     0      0      0 --:--:-- --:--:-- --:--:--     0  0     0    0     0    0     0      0      0 --:--:-- --:--:-- --:--:--     0100  1809  100  1618  100   191   2820    333 --:--:-- --:--:-- --:--:--  2818
  % Total    % Received % Xferd  Average Speed   Time    Time     Time  Current
                                 Dload  Upload   Total   Spent    Left  Speed
  0     0    0     0    0     0      0      0 --:--:-- --:--:-- --:--:--     0100  1831  100  1629  100   202   2977    369 --:--:-- --:--:-- --:--:--  2983
{
  "url": "https://api.github.com/repos/entando-k8s/entando-k8s-custom-model/statuses/ac62e479cabd71ce4388d57f1f1c1d0a314c4c1d",
  "avatar_url": "https://avatars.githubusercontent.com/u/57885396?v=4",
  "id": 12041157432,
  "node_id": "MDEzOlN0YXR1c0NvbnRleHQxMjA0MTE1NzQzMg==",
  "state": "pending",
  "description": "OWASP CVE pending!",
  "target_url": "https://entando-k8s.github.io/devops-results/entando-k8s-custom-model/PR-37/dependency-check-report.html",
  "context": "OWASP CVE",
  "created_at": "2021-02-02T12:37:33Z",
  "updated_at": "2021-02-02T12:37:33Z",
  "creator": {
    "login": "entando-**",
    "id": 57885396,
    "node_id": "MDQ6VXNlcjU3ODg1Mzk2",
    "avatar_url": "https://avatars.githubusercontent.com/u/57885396?v=4",
    "gravatar_id": "",
    "url": "https://api.github.com/users/**********",
    "html_url": "https://github.com/**********",
    "followers_url": "https://api.github.com/users/entando-**/followers",
    "following_url": "https://api.github.com/users/entando-**/following{/other_user}",
    "gists_url": "https://api.github.com/users/entando-**/gists{/gist_id}",
    "starred_url": "https://api.github.com/users/**********/starred{/owner}{/repo}",
    "subscriptions_url": "https://api.github.com/users/**********/subscriptions",
    "organizations_url": "https://api.github.com/users/**********/orgs",
    "repos_url": "https://api.github.com/users/**********/repos",
    "events_url": "https://api.github.com/users/entando-**/events{/privacy}",
    "received_events_url": "https://api.github.com/users/entando-**/received_events",
    "type": "User",
    "site_*****": false
  }
}
Picked up _JAVA_OPTIONS: -XX:+UnlockExperimentalVMOptions -Dsun.zip.disableMemoryMapping=**** -XX:+UseParallelGC -XX:MinHeapFreeRatio=5 -XX:MaxHeapFreeRatio=10 -XX:GCTimeRatio=4 -XX:AdaptiveSizePolicyWeight=90 -Xms10m -Xmx8000m
[INFO] Scanning for projects...
[INFO] 
[INFO] ----------------< org.entando:entando-k8s-custom-model >----------------
[INFO] Building Entando Kubernetes Custom Model 0.0.0-SNAPSHOT-PR-37-18
[INFO] --------------------------------[ jar ]---------------------------------
[INFO] 
[INFO] --- maven-checkstyle-plugin:3.1.1:check (validate) @ entando-k8s-custom-model ---
[INFO] Starting audit...
Audit done.
[INFO] You have 0 Checkstyle violations.
[INFO] 
[INFO] --- maven-checkstyle-plugin:3.1.1:checkstyle (validate) @ entando-k8s-custom-model ---
[INFO] Starting audit...
Audit done.
[INFO] 
[INFO] --- jacoco-maven-plugin:0.8.5:prepare-agent (prepare-agent) @ entando-k8s-custom-model ---
[INFO] argLine set to -javaagent:/home/jenkins/.mvnrepository/org/jacoco/org.jacoco.agent/0.8.5/org.jacoco.agent-0.8.5-runtime.jar=destfile=/workspace/source/target/jacoco.e**c
[INFO] 
[INFO] --- maven-resources-plugin:2.6:resources (default-resources) @ entando-k8s-custom-model ---
[INFO] Using 'UTF-8' encoding to copy filtered resources.
[INFO] Copying 18 resources
[INFO] 
[INFO] --- maven-compiler-plugin:3.8.1:compile (default-compile) @ entando-k8s-custom-model ---
[INFO] Changes detected - recompiling the module!
[INFO] Compiling 135 source files to /workspace/source/target/classes
[INFO] 
[INFO] --- maven-resources-plugin:2.6:testResources (default-testResources) @ entando-k8s-custom-model ---
[INFO] Using 'UTF-8' encoding to copy filtered resources.
[INFO] Copying 3 resources
[INFO] 
[INFO] --- maven-compiler-plugin:3.8.1:testCompile (default-testCompile) @ entando-k8s-custom-model ---
[INFO] Changes detected - recompiling the module!
[INFO] Compiling 28 source files to /workspace/source/target/test-classes
[INFO] 
[INFO] --- maven-surefire-plugin:3.0.0-M1:test (default-test) @ entando-k8s-custom-model ---
[INFO] 
[INFO] -------------------------------------------------------
[INFO]  T E S T S
[INFO] -------------------------------------------------------
[INFO] Running org.entando.kubernetes.model.inprocesstest.EntandoCustomResourceStatusTest
[INFO] Tests run: 1, Failures: 0, Errors: 0, Skipped: 0, Time elapsed: 2.795 s - in org.entando.kubernetes.model.inprocesstest.EntandoCustomResourceStatusTest
[INFO] Running org.entando.kubernetes.model.inprocesstest.EntandoPluginMockedTest
Feb 02, 2021 12:38:02 PM okhttp3.mockwebserver.MockWebServer$2 e**cute
INFO: MockWebServer[58347] starting to accept connections
Feb 02, 2021 12:38:03 PM okhttp3.mockwebserver.MockWebServer$3 processOneRequest
INFO: MockWebServer[58347] received request: GET /apis/apiextensions.k8s.io/v1beta1/customresourcedefinitions/entandoplugins.entando.org HTTP/1.1 and responded: HTTP/1.1 404 Client Error
Feb 02, 2021 12:38:03 PM okhttp3.mockwebserver.MockWebServer$3 processOneRequest
INFO: MockWebServer[58347] received request: POST /apis/apiextensions.k8s.io/v1beta1/customresourcedefinitions HTTP/1.1 and responded: HTTP/1.1 202 OK
Feb 02, 2021 12:38:03 PM okhttp3.mockwebserver.MockWebServer$3 processOneRequest
INFO: MockWebServer[58347] received request: GET /api/v1/namespaces/test HTTP/1.1 and responded: HTTP/1.1 404 Client Error
Feb 02, 2021 12:38:03 PM okhttp3.mockwebserver.MockWebServer$3 processOneRequest
INFO: MockWebServer[58347] received request: GET /apis/entando.org/v1/namespaces/default/entandoplugins HTTP/1.1 and responded: HTTP/1.1 200 OK
Feb 02, 2021 12:38:03 PM okhttp3.mockwebserver.MockWebServer$3 processOneRequest
INFO: MockWebServer[58347] received request: GET /api/v1/namespaces/test HTTP/1.1 and responded: HTTP/1.1 404 Client Error
Feb 02, 2021 12:38:03 PM okhttp3.mockwebserver.MockWebServer$3 processOneRequest
INFO: MockWebServer[58347] received request: GET /apis/entando.org/v1/namespaces/default/entandoplugins HTTP/1.1 and responded: HTTP/1.1 200 OK
Feb 02, 2021 12:38:04 PM okhttp3.mockwebserver.MockWebServer$3 processOneRequest
INFO: MockWebServer[58347] received request: GET /api/v1/namespaces/entando-k8s-custom-model-cupr37 HTTP/1.1 and responded: HTTP/1.1 404 Client Error
Feb 02, 2021 12:38:04 PM okhttp3.mockwebserver.MockWebServer$3 processOneRequest
INFO: MockWebServer[58347] received request: POST /api/v1/namespaces HTTP/1.1 and responded: HTTP/1.1 202 OK
Feb 02, 2021 12:38:04 PM okhttp3.mockwebserver.MockWebServer$3 processOneRequest
INFO: MockWebServer[58347] received request: POST /apis/entando.org/v1/namespaces/entando-k8s-custom-model-cupr37/entandoplugins HTTP/1.1 and responded: HTTP/1.1 202 OK
Feb 02, 2021 12:38:04 PM okhttp3.mockwebserver.MockWebServer$3 processOneRequest
INFO: MockWebServer[58347] received request: GET /apis/entando.org/v1/namespaces/entando-k8s-custom-model-cupr37/entandoplugins/my-plugin HTTP/1.1 and responded: HTTP/1.1 200 OK
Feb 02, 2021 12:38:04 PM okhttp3.mockwebserver.MockWebServer$3 processOneRequest
INFO: MockWebServer[58347] received request: GET /apis/entando.org/v1/namespaces/entando-k8s-custom-model-cupr37/entandoplugins/my-plugin HTTP/1.1 and responded: HTTP/1.1 200 OK
Feb 02, 2021 12:38:04 PM okhttp3.mockwebserver.MockWebServer$3 processOneRequest
INFO: MockWebServer[58347] received request: PATCH /apis/entando.org/v1/namespaces/entando-k8s-custom-model-cupr37/entandoplugins/my-plugin HTTP/1.1 and responded: HTTP/1.1 202 OK
Feb 02, 2021 12:38:04 PM okhttp3.mockwebserver.MockWebServer$3 processOneRequest
INFO: MockWebServer[58347] received request: PUT /apis/entando.org/v1/namespaces/entando-k8s-custom-model-cupr37/entandoplugins/my-plugin/status HTTP/1.1 and responded: HTTP/1.1 202 OK
Feb 02, 2021 12:38:04 PM okhttp3.mockwebserver.MockWebServer$2 acceptConnections
INFO: MockWebServer[58347] done accepting connections: Socket closed
Feb 02, 2021 12:38:04 PM okhttp3.mockwebserver.MockWebServer$2 e**cute
INFO: MockWebServer[48656] starting to accept connections
Feb 02, 2021 12:38:04 PM okhttp3.mockwebserver.MockWebServer$3 processOneRequest
INFO: MockWebServer[48656] received request: GET /api/v1/namespaces/test HTTP/1.1 and responded: HTTP/1.1 404 Client Error
Feb 02, 2021 12:38:05 PM okhttp3.mockwebserver.MockWebServer$3 processOneRequest
INFO: MockWebServer[48656] received request: GET /apis/entando.org/v1/namespaces/default/entandoplugins HTTP/1.1 and responded: HTTP/1.1 200 OK
Feb 02, 2021 12:38:05 PM okhttp3.mockwebserver.MockWebServer$3 processOneRequest
INFO: MockWebServer[48656] received request: GET /api/v1/namespaces/test HTTP/1.1 and responded: HTTP/1.1 404 Client Error
Feb 02, 2021 12:38:05 PM okhttp3.mockwebserver.MockWebServer$3 processOneRequest
INFO: MockWebServer[48656] received request: GET /apis/entando.org/v1/namespaces/default/entandoplugins HTTP/1.1 and responded: HTTP/1.1 200 OK
Feb 02, 2021 12:38:05 PM okhttp3.mockwebserver.MockWebServer$3 processOneRequest
INFO: MockWebServer[48656] received request: GET /api/v1/namespaces/entando-k8s-custom-model-cupr37 HTTP/1.1 and responded: HTTP/1.1 404 Client Error
Feb 02, 2021 12:38:05 PM okhttp3.mockwebserver.MockWebServer$3 processOneRequest
INFO: MockWebServer[48656] received request: POST /api/v1/namespaces HTTP/1.1 and responded: HTTP/1.1 202 OK
Feb 02, 2021 12:38:05 PM okhttp3.mockwebserver.MockWebServer$3 processOneRequest
INFO: MockWebServer[48656] received request: POST /apis/entando.org/v1/namespaces/entando-k8s-custom-model-cupr37/entandoplugins HTTP/1.1 and responded: HTTP/1.1 202 OK
Feb 02, 2021 12:38:05 PM okhttp3.mockwebserver.MockWebServer$3 processOneRequest
INFO: MockWebServer[48656] received request: GET /apis/entando.org/v1/namespaces/entando-k8s-custom-model-cupr37/entandoplugins/my-plugin HTTP/1.1 and responded: HTTP/1.1 200 OK
Feb 02, 2021 12:38:05 PM okhttp3.mockwebserver.MockWebServer$2 acceptConnections
INFO: MockWebServer[48656] done accepting connections: Socket closed
Feb 02, 2021 12:38:05 PM okhttp3.mockwebserver.MockWebServer$2 e**cute
INFO: MockWebServer[53993] starting to accept connections
Feb 02, 2021 12:38:05 PM okhttp3.mockwebserver.MockWebServer$3 processOneRequest
INFO: MockWebServer[53993] received request: GET /api/v1/namespaces/test HTTP/1.1 and responded: HTTP/1.1 404 Client Error
Feb 02, 2021 12:38:05 PM okhttp3.mockwebserver.MockWebServer$3 processOneRequest
INFO: MockWebServer[53993] received request: GET /apis/entando.org/v1/namespaces/default/entandoplugins HTTP/1.1 and responded: HTTP/1.1 200 OK
Feb 02, 2021 12:38:05 PM okhttp3.mockwebserver.MockWebServer$3 processOneRequest
INFO: MockWebServer[53993] received request: GET /api/v1/namespaces/test HTTP/1.1 and responded: HTTP/1.1 404 Client Error
Feb 02, 2021 12:38:05 PM okhttp3.mockwebserver.MockWebServer$3 processOneRequest
INFO: MockWebServer[53993] received request: GET /apis/entando.org/v1/namespaces/default/entandoplugins HTTP/1.1 and responded: HTTP/1.1 200 OK
Feb 02, 2021 12:38:05 PM okhttp3.mockwebserver.MockWebServer$3 processOneRequest
INFO: MockWebServer[53993] received request: GET /api/v1/namespaces/entando-k8s-custom-model-cupr37 HTTP/1.1 and responded: HTTP/1.1 404 Client Error
Feb 02, 2021 12:38:06 PM okhttp3.mockwebserver.MockWebServer$3 processOneRequest
INFO: MockWebServer[53993] received request: POST /api/v1/namespaces HTTP/1.1 and responded: HTTP/1.1 202 OK
Feb 02, 2021 12:38:06 PM okhttp3.mockwebserver.MockWebServer$2 acceptConnections
INFO: MockWebServer[53993] done accepting connections: Socket closed
[INFO] Tests run: 3, Failures: 0, Errors: 0, Skipped: 0, Time elapsed: 4.207 s - in org.entando.kubernetes.model.inprocesstest.EntandoPluginMockedTest
[INFO] Running org.entando.kubernetes.model.inprocesstest.EntandoKeycloakServerMockedTest
Feb 02, 2021 12:38:06 PM okhttp3.mockwebserver.MockWebServer$2 e**cute
INFO: MockWebServer[47679] starting to accept connections
Feb 02, 2021 12:38:06 PM okhttp3.mockwebserver.MockWebServer$3 processOneRequest
INFO: MockWebServer[47679] received request: GET /apis/apiextensions.k8s.io/v1beta1/customresourcedefinitions/entandokeycloakservers.entando.org HTTP/1.1 and responded: HTTP/1.1 404 Client Error
Feb 02, 2021 12:38:06 PM okhttp3.mockwebserver.MockWebServer$3 processOneRequest
INFO: MockWebServer[47679] received request: POST /apis/apiextensions.k8s.io/v1beta1/customresourcedefinitions HTTP/1.1 and responded: HTTP/1.1 202 OK
Feb 02, 2021 12:38:06 PM okhttp3.mockwebserver.MockWebServer$3 processOneRequest
INFO: MockWebServer[47679] received request: GET /api/v1/namespaces/test HTTP/1.1 and responded: HTTP/1.1 404 Client Error
Feb 02, 2021 12:38:06 PM okhttp3.mockwebserver.MockWebServer$3 processOneRequest
INFO: MockWebServer[47679] received request: GET /apis/entando.org/v1/namespaces/default/entandokeycloakservers HTTP/1.1 and responded: HTTP/1.1 200 OK
Feb 02, 2021 12:38:06 PM okhttp3.mockwebserver.MockWebServer$3 processOneRequest
INFO: MockWebServer[47679] received request: GET /api/v1/namespaces/test HTTP/1.1 and responded: HTTP/1.1 404 Client Error
Feb 02, 2021 12:38:06 PM okhttp3.mockwebserver.MockWebServer$3 processOneRequest
INFO: MockWebServer[47679] received request: GET /apis/entando.org/v1/namespaces/default/entandokeycloakservers HTTP/1.1 and responded: HTTP/1.1 200 OK
Feb 02, 2021 12:38:06 PM okhttp3.mockwebserver.MockWebServer$3 processOneRequest
INFO: MockWebServer[47679] received request: GET /api/v1/namespaces/entando-k8s-custom-model-cupr37 HTTP/1.1 and responded: HTTP/1.1 404 Client Error
Feb 02, 2021 12:38:06 PM okhttp3.mockwebserver.MockWebServer$3 processOneRequest
INFO: MockWebServer[47679] received request: POST /api/v1/namespaces HTTP/1.1 and responded: HTTP/1.1 202 OK
Feb 02, 2021 12:38:06 PM okhttp3.mockwebserver.MockWebServer$3 processOneRequest
INFO: MockWebServer[47679] received request: POST /apis/entando.org/v1/namespaces/entando-k8s-custom-model-cupr37/entandokeycloakservers HTTP/1.1 and responded: HTTP/1.1 202 OK
Feb 02, 2021 12:38:07 PM okhttp3.mockwebserver.MockWebServer$3 processOneRequest
INFO: MockWebServer[47679] received request: GET /apis/entando.org/v1/namespaces/entando-k8s-custom-model-cupr37/entandokeycloakservers/my-keycloak HTTP/1.1 and responded: HTTP/1.1 200 OK
Feb 02, 2021 12:38:07 PM okhttp3.mockwebserver.MockWebServer$2 acceptConnections
INFO: MockWebServer[47679] done accepting connections: Socket closed
Feb 02, 2021 12:38:07 PM okhttp3.mockwebserver.MockWebServer$2 e**cute
INFO: MockWebServer[36171] starting to accept connections
Feb 02, 2021 12:38:07 PM okhttp3.mockwebserver.MockWebServer$3 processOneRequest
INFO: MockWebServer[36171] received request: GET /api/v1/namespaces/test HTTP/1.1 and responded: HTTP/1.1 404 Client Error
Feb 02, 2021 12:38:07 PM okhttp3.mockwebserver.MockWebServer$3 processOneRequest
INFO: MockWebServer[36171] received request: GET /apis/entando.org/v1/namespaces/default/entandokeycloakservers HTTP/1.1 and responded: HTTP/1.1 200 OK
Feb 02, 2021 12:38:07 PM okhttp3.mockwebserver.MockWebServer$3 processOneRequest
INFO: MockWebServer[36171] received request: GET /api/v1/namespaces/test HTTP/1.1 and responded: HTTP/1.1 404 Client Error
Feb 02, 2021 12:38:07 PM okhttp3.mockwebserver.MockWebServer$3 processOneRequest
INFO: MockWebServer[36171] received request: GET /apis/entando.org/v1/namespaces/default/entandokeycloakservers HTTP/1.1 and responded: HTTP/1.1 200 OK
Feb 02, 2021 12:38:07 PM okhttp3.mockwebserver.MockWebServer$3 processOneRequest
INFO: MockWebServer[36171] received request: GET /api/v1/namespaces/entando-k8s-custom-model-cupr37 HTTP/1.1 and responded: HTTP/1.1 404 Client Error
Feb 02, 2021 12:38:07 PM okhttp3.mockwebserver.MockWebServer$3 processOneRequest
INFO: MockWebServer[36171] received request: POST /api/v1/namespaces HTTP/1.1 and responded: HTTP/1.1 202 OK
Feb 02, 2021 12:38:07 PM okhttp3.mockwebserver.MockWebServer$3 processOneRequest
INFO: MockWebServer[36171] received request: POST /apis/entando.org/v1/namespaces/entando-k8s-custom-model-cupr37/entandokeycloakservers HTTP/1.1 and responded: HTTP/1.1 202 OK
Feb 02, 2021 12:38:07 PM okhttp3.mockwebserver.MockWebServer$3 processOneRequest
INFO: MockWebServer[36171] received request: GET /apis/entando.org/v1/namespaces/entando-k8s-custom-model-cupr37/entandokeycloakservers/my-keycloak HTTP/1.1 and responded: HTTP/1.1 200 OK
Feb 02, 2021 12:38:07 PM okhttp3.mockwebserver.MockWebServer$3 processOneRequest
INFO: MockWebServer[36171] received request: GET /apis/entando.org/v1/namespaces/entando-k8s-custom-model-cupr37/entandokeycloakservers/my-keycloak HTTP/1.1 and responded: HTTP/1.1 200 OK
Feb 02, 2021 12:38:07 PM okhttp3.mockwebserver.MockWebServer$3 processOneRequest
INFO: MockWebServer[36171] received request: PATCH /apis/entando.org/v1/namespaces/entando-k8s-custom-model-cupr37/entandokeycloakservers/my-keycloak HTTP/1.1 and responded: HTTP/1.1 202 OK
Feb 02, 2021 12:38:08 PM okhttp3.mockwebserver.MockWebServer$3 processOneRequest
INFO: MockWebServer[36171] received request: PUT /apis/entando.org/v1/namespaces/entando-k8s-custom-model-cupr37/entandokeycloakservers/my-keycloak/status HTTP/1.1 and responded: HTTP/1.1 202 OK
Feb 02, 2021 12:38:08 PM okhttp3.mockwebserver.MockWebServer$2 acceptConnections
INFO: MockWebServer[36171] done accepting connections: Socket closed
Feb 02, 2021 12:38:08 PM okhttp3.mockwebserver.MockWebServer$2 e**cute
INFO: MockWebServer[53261] starting to accept connections
Feb 02, 2021 12:38:08 PM okhttp3.mockwebserver.MockWebServer$3 processOneRequest
INFO: MockWebServer[53261] received request: GET /api/v1/namespaces/test HTTP/1.1 and responded: HTTP/1.1 404 Client Error
Feb 02, 2021 12:38:08 PM okhttp3.mockwebserver.MockWebServer$3 processOneRequest
INFO: MockWebServer[53261] received request: GET /apis/entando.org/v1/namespaces/default/entandokeycloakservers HTTP/1.1 and responded: HTTP/1.1 200 OK
Feb 02, 2021 12:38:08 PM okhttp3.mockwebserver.MockWebServer$3 processOneRequest
INFO: MockWebServer[53261] received request: GET /api/v1/namespaces/test HTTP/1.1 and responded: HTTP/1.1 404 Client Error
Feb 02, 2021 12:38:08 PM okhttp3.mockwebserver.MockWebServer$3 processOneRequest
INFO: MockWebServer[53261] received request: GET /apis/entando.org/v1/namespaces/default/entandokeycloakservers HTTP/1.1 and responded: HTTP/1.1 200 OK
Feb 02, 2021 12:38:08 PM okhttp3.mockwebserver.MockWebServer$3 processOneRequest
INFO: MockWebServer[53261] received request: GET /api/v1/namespaces/entando-k8s-custom-model-cupr37 HTTP/1.1 and responded: HTTP/1.1 404 Client Error
Feb 02, 2021 12:38:08 PM okhttp3.mockwebserver.MockWebServer$3 processOneRequest
INFO: MockWebServer[53261] received request: POST /api/v1/namespaces HTTP/1.1 and responded: HTTP/1.1 202 OK
Feb 02, 2021 12:38:08 PM okhttp3.mockwebserver.MockWebServer$2 acceptConnections
INFO: MockWebServer[53261] done accepting connections: Socket closed
[INFO] Tests run: 3, Failures: 0, Errors: 0, Skipped: 0, Time elapsed: 2.484 s - in org.entando.kubernetes.model.inprocesstest.EntandoKeycloakServerMockedTest
[INFO] Running org.entando.kubernetes.model.inprocesstest.EntandoClusterInfrastructureMockedTest
Feb 02, 2021 12:38:08 PM okhttp3.mockwebserver.MockWebServer$2 e**cute
INFO: MockWebServer[46939] starting to accept connections
Feb 02, 2021 12:38:08 PM okhttp3.mockwebserver.MockWebServer$3 processOneRequest
INFO: MockWebServer[46939] received request: GET /apis/apiextensions.k8s.io/v1beta1/customresourcedefinitions/entandoclusterinfrastructures.entando.org HTTP/1.1 and responded: HTTP/1.1 404 Client Error
Feb 02, 2021 12:38:08 PM okhttp3.mockwebserver.MockWebServer$3 processOneRequest
INFO: MockWebServer[46939] received request: POST /apis/apiextensions.k8s.io/v1beta1/customresourcedefinitions HTTP/1.1 and responded: HTTP/1.1 202 OK
Feb 02, 2021 12:38:08 PM okhttp3.mockwebserver.MockWebServer$3 processOneRequest
INFO: MockWebServer[46939] received request: GET /api/v1/namespaces/test HTTP/1.1 and responded: HTTP/1.1 404 Client Error
Feb 02, 2021 12:38:09 PM okhttp3.mockwebserver.MockWebServer$3 processOneRequest
INFO: MockWebServer[46939] received request: GET /apis/entando.org/v1/namespaces/default/entandoclusterinfrastructures HTTP/1.1 and responded: HTTP/1.1 200 OK
Feb 02, 2021 12:38:09 PM okhttp3.mockwebserver.MockWebServer$3 processOneRequest
INFO: MockWebServer[46939] received request: GET /api/v1/namespaces/test HTTP/1.1 and responded: HTTP/1.1 404 Client Error
Feb 02, 2021 12:38:09 PM okhttp3.mockwebserver.MockWebServer$3 processOneRequest
INFO: MockWebServer[46939] received request: GET /apis/entando.org/v1/namespaces/default/entandoclusterinfrastructures HTTP/1.1 and responded: HTTP/1.1 200 OK
Feb 02, 2021 12:38:09 PM okhttp3.mockwebserver.MockWebServer$3 processOneRequest
INFO: MockWebServer[46939] received request: GET /api/v1/namespaces/entando-k8s-custom-model-cupr37 HTTP/1.1 and responded: HTTP/1.1 404 Client Error
Feb 02, 2021 12:38:09 PM okhttp3.mockwebserver.MockWebServer$3 processOneRequest
INFO: MockWebServer[46939] received request: POST /api/v1/namespaces HTTP/1.1 and responded: HTTP/1.1 202 OK
Feb 02, 2021 12:38:09 PM okhttp3.mockwebserver.MockWebServer$3 processOneRequest
INFO: MockWebServer[46939] received request: POST /apis/entando.org/v1/namespaces/entando-k8s-custom-model-cupr37/entandoclusterinfrastructures HTTP/1.1 and responded: HTTP/1.1 202 OK
Feb 02, 2021 12:38:09 PM okhttp3.mockwebserver.MockWebServer$3 processOneRequest
INFO: MockWebServer[46939] received request: GET /apis/entando.org/v1/namespaces/entando-k8s-custom-model-cupr37/entandoclusterinfrastructures/my-entando-cluster-infrastructure HTTP/1.1 and responded: HTTP/1.1 200 OK
Feb 02, 2021 12:38:09 PM okhttp3.mockwebserver.MockWebServer$2 acceptConnections
INFO: MockWebServer[46939] done accepting connections: Socket closed
Feb 02, 2021 12:38:09 PM okhttp3.mockwebserver.MockWebServer$2 e**cute
INFO: MockWebServer[47539] starting to accept connections
Feb 02, 2021 12:38:09 PM okhttp3.mockwebserver.MockWebServer$3 processOneRequest
INFO: MockWebServer[47539] received request: GET /api/v1/namespaces/test HTTP/1.1 and responded: HTTP/1.1 404 Client Error
Feb 02, 2021 12:38:09 PM okhttp3.mockwebserver.MockWebServer$3 processOneRequest
INFO: MockWebServer[47539] received request: GET /apis/entando.org/v1/namespaces/default/entandoclusterinfrastructures HTTP/1.1 and responded: HTTP/1.1 200 OK
Feb 02, 2021 12:38:09 PM okhttp3.mockwebserver.MockWebServer$3 processOneRequest
INFO: MockWebServer[47539] received request: GET /api/v1/namespaces/test HTTP/1.1 and responded: HTTP/1.1 404 Client Error
Feb 02, 2021 12:38:09 PM okhttp3.mockwebserver.MockWebServer$3 processOneRequest
INFO: MockWebServer[47539] received request: GET /apis/entando.org/v1/namespaces/default/entandoclusterinfrastructures HTTP/1.1 and responded: HTTP/1.1 200 OK
Feb 02, 2021 12:38:10 PM okhttp3.mockwebserver.MockWebServer$3 processOneRequest
INFO: MockWebServer[47539] received request: GET /api/v1/namespaces/entando-k8s-custom-model-cupr37 HTTP/1.1 and responded: HTTP/1.1 404 Client Error
Feb 02, 2021 12:38:10 PM okhttp3.mockwebserver.MockWebServer$3 processOneRequest
INFO: MockWebServer[47539] received request: POST /api/v1/namespaces HTTP/1.1 and responded: HTTP/1.1 202 OK
Feb 02, 2021 12:38:10 PM okhttp3.mockwebserver.MockWebServer$3 processOneRequest
INFO: MockWebServer[47539] received request: POST /apis/entando.org/v1/namespaces/entando-k8s-custom-model-cupr37/entandoclusterinfrastructures HTTP/1.1 and responded: HTTP/1.1 202 OK
Feb 02, 2021 12:38:10 PM okhttp3.mockwebserver.MockWebServer$3 processOneRequest
INFO: MockWebServer[47539] received request: GET /apis/entando.org/v1/namespaces/entando-k8s-custom-model-cupr37/entandoclusterinfrastructures/my-entando-cluster-infrastructure HTTP/1.1 and responded: HTTP/1.1 200 OK
Feb 02, 2021 12:38:10 PM okhttp3.mockwebserver.MockWebServer$3 processOneRequest
INFO: MockWebServer[47539] received request: GET /apis/entando.org/v1/namespaces/entando-k8s-custom-model-cupr37/entandoclusterinfrastructures/my-entando-cluster-infrastructure HTTP/1.1 and responded: HTTP/1.1 200 OK
Feb 02, 2021 12:38:10 PM okhttp3.mockwebserver.MockWebServer$3 processOneRequest
INFO: MockWebServer[47539] received request: PATCH /apis/entando.org/v1/namespaces/entando-k8s-custom-model-cupr37/entandoclusterinfrastructures/my-entando-cluster-infrastructure HTTP/1.1 and responded: HTTP/1.1 202 OK
Feb 02, 2021 12:38:10 PM okhttp3.mockwebserver.MockWebServer$3 processOneRequest
INFO: MockWebServer[47539] received request: PUT /apis/entando.org/v1/namespaces/entando-k8s-custom-model-cupr37/entandoclusterinfrastructures/my-entando-cluster-infrastructure/status HTTP/1.1 and responded: HTTP/1.1 202 OK
Feb 02, 2021 12:38:10 PM okhttp3.mockwebserver.MockWebServer$2 acceptConnections
INFO: MockWebServer[47539] done accepting connections: Socket closed
Feb 02, 2021 12:38:10 PM okhttp3.mockwebserver.MockWebServer$2 e**cute
INFO: MockWebServer[42423] starting to accept connections
Feb 02, 2021 12:38:10 PM okhttp3.mockwebserver.MockWebServer$3 processOneRequest
INFO: MockWebServer[42423] received request: GET /api/v1/namespaces/test HTTP/1.1 and responded: HTTP/1.1 404 Client Error
Feb 02, 2021 12:38:10 PM okhttp3.mockwebserver.MockWebServer$3 processOneRequest
INFO: MockWebServer[42423] received request: GET /apis/entando.org/v1/namespaces/default/entandoclusterinfrastructures HTTP/1.1 and responded: HTTP/1.1 200 OK
Feb 02, 2021 12:38:10 PM okhttp3.mockwebserver.MockWebServer$3 processOneRequest
INFO: MockWebServer[42423] received request: GET /api/v1/namespaces/test HTTP/1.1 and responded: HTTP/1.1 404 Client Error
Feb 02, 2021 12:38:10 PM okhttp3.mockwebserver.MockWebServer$3 processOneRequest
INFO: MockWebServer[42423] received request: GET /apis/entando.org/v1/namespaces/default/entandoclusterinfrastructures HTTP/1.1 and responded: HTTP/1.1 200 OK
Feb 02, 2021 12:38:11 PM okhttp3.mockwebserver.MockWebServer$3 processOneRequest
INFO: MockWebServer[42423] received request: GET /api/v1/namespaces/entando-k8s-custom-model-cupr37 HTTP/1.1 and responded: HTTP/1.1 404 Client Error
Feb 02, 2021 12:38:11 PM okhttp3.mockwebserver.MockWebServer$3 processOneRequest
INFO: MockWebServer[42423] received request: POST /api/v1/namespaces HTTP/1.1 and responded: HTTP/1.1 202 OK
Feb 02, 2021 12:38:11 PM okhttp3.mockwebserver.MockWebServer$2 acceptConnections
INFO: MockWebServer[42423] done accepting connections: Socket closed
[INFO] Tests run: 3, Failures: 0, Errors: 0, Skipped: 0, Time elapsed: 2.473 s - in org.entando.kubernetes.model.inprocesstest.EntandoClusterInfrastructureMockedTest
[INFO] Running org.entando.kubernetes.model.inprocesstest.EntandoDeBundleMockedTest
Feb 02, 2021 12:38:11 PM okhttp3.mockwebserver.MockWebServer$2 e**cute
INFO: MockWebServer[58388] starting to accept connections
Feb 02, 2021 12:38:11 PM okhttp3.mockwebserver.MockWebServer$3 processOneRequest
INFO: MockWebServer[58388] received request: GET /apis/apiextensions.k8s.io/v1beta1/customresourcedefinitions/entandodebundles.entando.org HTTP/1.1 and responded: HTTP/1.1 404 Client Error
Feb 02, 2021 12:38:11 PM okhttp3.mockwebserver.MockWebServer$3 processOneRequest
INFO: MockWebServer[58388] received request: POST /apis/apiextensions.k8s.io/v1beta1/customresourcedefinitions HTTP/1.1 and responded: HTTP/1.1 202 OK
Feb 02, 2021 12:38:11 PM okhttp3.mockwebserver.MockWebServer$3 processOneRequest
INFO: MockWebServer[58388] received request: GET /api/v1/namespaces/test HTTP/1.1 and responded: HTTP/1.1 404 Client Error
Feb 02, 2021 12:38:11 PM okhttp3.mockwebserver.MockWebServer$3 processOneRequest
INFO: MockWebServer[58388] received request: GET /apis/entando.org/v1/namespaces/default/entandodebundles HTTP/1.1 and responded: HTTP/1.1 200 OK
Feb 02, 2021 12:38:11 PM okhttp3.mockwebserver.MockWebServer$3 processOneRequest
INFO: MockWebServer[58388] received request: GET /api/v1/namespaces/test HTTP/1.1 and responded: HTTP/1.1 404 Client Error
Feb 02, 2021 12:38:11 PM okhttp3.mockwebserver.MockWebServer$3 processOneRequest
INFO: MockWebServer[58388] received request: GET /apis/entando.org/v1/namespaces/default/entandodebundles HTTP/1.1 and responded: HTTP/1.1 200 OK
Feb 02, 2021 12:38:11 PM okhttp3.mockwebserver.MockWebServer$3 processOneRequest
INFO: MockWebServer[58388] received request: GET /api/v1/namespaces/entando-k8s-custom-model-cupr37 HTTP/1.1 and responded: HTTP/1.1 404 Client Error
Feb 02, 2021 12:38:11 PM okhttp3.mockwebserver.MockWebServer$3 processOneRequest
INFO: MockWebServer[58388] received request: POST /api/v1/namespaces HTTP/1.1 and responded: HTTP/1.1 202 OK
Feb 02, 2021 12:38:11 PM okhttp3.mockwebserver.MockWebServer$3 processOneRequest
INFO: MockWebServer[58388] received request: POST /apis/entando.org/v1/namespaces/entando-k8s-custom-model-cupr37/entandodebundles HTTP/1.1 and responded: HTTP/1.1 202 OK
Feb 02, 2021 12:38:12 PM okhttp3.mockwebserver.MockWebServer$3 processOneRequest
INFO: MockWebServer[58388] received request: GET /apis/entando.org/v1/namespaces/entando-k8s-custom-model-cupr37/entandodebundles/my-bundle HTTP/1.1 and responded: HTTP/1.1 200 OK
Feb 02, 2021 12:38:12 PM okhttp3.mockwebserver.MockWebServer$3 processOneRequest
INFO: MockWebServer[58388] received request: GET /apis/entando.org/v1/namespaces/entando-k8s-custom-model-cupr37/entandodebundles/my-bundle HTTP/1.1 and responded: HTTP/1.1 200 OK
Feb 02, 2021 12:38:12 PM okhttp3.mockwebserver.MockWebServer$3 processOneRequest
INFO: MockWebServer[58388] received request: PATCH /apis/entando.org/v1/namespaces/entando-k8s-custom-model-cupr37/entandodebundles/my-bundle HTTP/1.1 and responded: HTTP/1.1 202 OK
Feb 02, 2021 12:38:12 PM okhttp3.mockwebserver.MockWebServer$2 acceptConnections
INFO: MockWebServer[58388] done accepting connections: Socket closed
Feb 02, 2021 12:38:12 PM okhttp3.mockwebserver.MockWebServer$2 e**cute
INFO: MockWebServer[34285] starting to accept connections
Feb 02, 2021 12:38:12 PM okhttp3.mockwebserver.MockWebServer$3 processOneRequest
INFO: MockWebServer[34285] received request: GET /api/v1/namespaces/test HTTP/1.1 and responded: HTTP/1.1 404 Client Error
Feb 02, 2021 12:38:12 PM okhttp3.mockwebserver.MockWebServer$3 processOneRequest
INFO: MockWebServer[34285] received request: GET /apis/entando.org/v1/namespaces/default/entandodebundles HTTP/1.1 and responded: HTTP/1.1 200 OK
Feb 02, 2021 12:38:12 PM okhttp3.mockwebserver.MockWebServer$3 processOneRequest
INFO: MockWebServer[34285] received request: GET /api/v1/namespaces/test HTTP/1.1 and responded: HTTP/1.1 404 Client Error
Feb 02, 2021 12:38:12 PM okhttp3.mockwebserver.MockWebServer$3 processOneRequest
INFO: MockWebServer[34285] received request: GET /apis/entando.org/v1/namespaces/default/entandodebundles HTTP/1.1 and responded: HTTP/1.1 200 OK
Feb 02, 2021 12:38:12 PM okhttp3.mockwebserver.MockWebServer$3 processOneRequest
INFO: MockWebServer[34285] received request: GET /api/v1/namespaces/entando-k8s-custom-model-cupr37 HTTP/1.1 and responded: HTTP/1.1 404 Client Error
Feb 02, 2021 12:38:12 PM okhttp3.mockwebserver.MockWebServer$3 processOneRequest
INFO: MockWebServer[34285] received request: POST /api/v1/namespaces HTTP/1.1 and responded: HTTP/1.1 202 OK
Feb 02, 2021 12:38:12 PM okhttp3.mockwebserver.MockWebServer$3 processOneRequest
INFO: MockWebServer[34285] received request: POST /apis/entando.org/v1/namespaces/entando-k8s-custom-model-cupr37/entandodebundles HTTP/1.1 and responded: HTTP/1.1 202 OK
Feb 02, 2021 12:38:12 PM okhttp3.mockwebserver.MockWebServer$3 processOneRequest
INFO: MockWebServer[34285] received request: GET /apis/entando.org/v1/namespaces/entando-k8s-custom-model-cupr37/entandodebundles/my-bundle HTTP/1.1 and responded: HTTP/1.1 200 OK
Feb 02, 2021 12:38:13 PM okhttp3.mockwebserver.MockWebServer$2 acceptConnections
INFO: MockWebServer[34285] done accepting connections: Socket closed
Feb 02, 2021 12:38:13 PM okhttp3.mockwebserver.MockWebServer$2 e**cute
INFO: MockWebServer[34414] starting to accept connections
Feb 02, 2021 12:38:13 PM okhttp3.mockwebserver.MockWebServer$3 processOneRequest
INFO: MockWebServer[34414] received request: GET /api/v1/namespaces/test HTTP/1.1 and responded: HTTP/1.1 404 Client Error
Feb 02, 2021 12:38:13 PM okhttp3.mockwebserver.MockWebServer$3 processOneRequest
INFO: MockWebServer[34414] received request: GET /apis/entando.org/v1/namespaces/default/entandodebundles HTTP/1.1 and responded: HTTP/1.1 200 OK
Feb 02, 2021 12:38:13 PM okhttp3.mockwebserver.MockWebServer$3 processOneRequest
INFO: MockWebServer[34414] received request: GET /api/v1/namespaces/test HTTP/1.1 and responded: HTTP/1.1 404 Client Error
Feb 02, 2021 12:38:13 PM okhttp3.mockwebserver.MockWebServer$3 processOneRequest
INFO: MockWebServer[34414] received request: GET /apis/entando.org/v1/namespaces/default/entandodebundles HTTP/1.1 and responded: HTTP/1.1 200 OK
Feb 02, 2021 12:38:13 PM okhttp3.mockwebserver.MockWebServer$3 processOneRequest
INFO: MockWebServer[34414] received request: GET /api/v1/namespaces/entando-k8s-custom-model-cupr37 HTTP/1.1 and responded: HTTP/1.1 404 Client Error
Feb 02, 2021 12:38:13 PM okhttp3.mockwebserver.MockWebServer$3 processOneRequest
INFO: MockWebServer[34414] received request: POST /api/v1/namespaces HTTP/1.1 and responded: HTTP/1.1 202 OK
Feb 02, 2021 12:38:13 PM okhttp3.mockwebserver.MockWebServer$2 acceptConnections
INFO: MockWebServer[34414] done accepting connections: Socket closed
[INFO] Tests run: 3, Failures: 0, Errors: 0, Skipped: 0, Time elapsed: 2.434 s - in org.entando.kubernetes.model.inprocesstest.EntandoDeBundleMockedTest
[INFO] Running org.entando.kubernetes.model.inprocesstest.EntandoAppPluginLinkMockedTest
Feb 02, 2021 12:38:13 PM okhttp3.mockwebserver.MockWebServer$2 e**cute
INFO: MockWebServer[35236] starting to accept connections
Feb 02, 2021 12:38:13 PM okhttp3.mockwebserver.MockWebServer$3 processOneRequest
INFO: MockWebServer[35236] received request: GET /apis/apiextensions.k8s.io/v1beta1/customresourcedefinitions/entandoapppluginlinks.entando.org HTTP/1.1 and responded: HTTP/1.1 404 Client Error
Feb 02, 2021 12:38:13 PM okhttp3.mockwebserver.MockWebServer$3 processOneRequest
INFO: MockWebServer[35236] received request: POST /apis/apiextensions.k8s.io/v1beta1/customresourcedefinitions HTTP/1.1 and responded: HTTP/1.1 202 OK
Feb 02, 2021 12:38:13 PM okhttp3.mockwebserver.MockWebServer$3 processOneRequest
INFO: MockWebServer[35236] received request: GET /api/v1/namespaces/test HTTP/1.1 and responded: HTTP/1.1 404 Client Error
Feb 02, 2021 12:38:13 PM okhttp3.mockwebserver.MockWebServer$3 processOneRequest
INFO: MockWebServer[35236] received request: GET /apis/entando.org/v1/namespaces/default/entandoapppluginlinks HTTP/1.1 and responded: HTTP/1.1 200 OK
Feb 02, 2021 12:38:14 PM okhttp3.mockwebserver.MockWebServer$3 processOneRequest
INFO: MockWebServer[35236] received request: GET /api/v1/namespaces/test HTTP/1.1 and responded: HTTP/1.1 404 Client Error
Feb 02, 2021 12:38:14 PM okhttp3.mockwebserver.MockWebServer$3 processOneRequest
INFO: MockWebServer[35236] received request: GET /apis/entando.org/v1/namespaces/default/entandoapppluginlinks HTTP/1.1 and responded: HTTP/1.1 200 OK
Feb 02, 2021 12:38:14 PM okhttp3.mockwebserver.MockWebServer$3 processOneRequest
INFO: MockWebServer[35236] received request: GET /api/v1/namespaces/entando-k8s-custom-model-cupr37 HTTP/1.1 and responded: HTTP/1.1 404 Client Error
Feb 02, 2021 12:38:14 PM okhttp3.mockwebserver.MockWebServer$3 processOneRequest
INFO: MockWebServer[35236] received request: POST /api/v1/namespaces HTTP/1.1 and responded: HTTP/1.1 202 OK
Feb 02, 2021 12:38:14 PM okhttp3.mockwebserver.MockWebServer$3 processOneRequest
INFO: MockWebServer[35236] received request: POST /apis/entando.org/v1/namespaces/entando-k8s-custom-model-cupr37/entandoapppluginlinks HTTP/1.1 and responded: HTTP/1.1 202 OK
Feb 02, 2021 12:38:14 PM okhttp3.mockwebserver.MockWebServer$3 processOneRequest
INFO: MockWebServer[35236] received request: GET /apis/entando.org/v1/namespaces/entando-k8s-custom-model-cupr37/entandoapppluginlinks/my-app-plugin-link HTTP/1.1 and responded: HTTP/1.1 200 OK
Feb 02, 2021 12:38:14 PM okhttp3.mockwebserver.MockWebServer$3 processOneRequest
INFO: MockWebServer[35236] received request: GET /apis/entando.org/v1/namespaces/entando-k8s-custom-model-cupr37/entandoapppluginlinks/my-app-plugin-link HTTP/1.1 and responded: HTTP/1.1 200 OK
Feb 02, 2021 12:38:14 PM okhttp3.mockwebserver.MockWebServer$3 processOneRequest
INFO: MockWebServer[35236] received request: PATCH /apis/entando.org/v1/namespaces/entando-k8s-custom-model-cupr37/entandoapppluginlinks/my-app-plugin-link HTTP/1.1 and responded: HTTP/1.1 202 OK
Feb 02, 2021 12:38:14 PM okhttp3.mockwebserver.MockWebServer$2 acceptConnections
INFO: MockWebServer[35236] done accepting connections: Socket closed
Feb 02, 2021 12:38:14 PM okhttp3.mockwebserver.MockWebServer$2 e**cute
INFO: MockWebServer[58695] starting to accept connections
Feb 02, 2021 12:38:14 PM okhttp3.mockwebserver.MockWebServer$3 processOneRequest
INFO: MockWebServer[58695] received request: GET /api/v1/namespaces/test HTTP/1.1 and responded: HTTP/1.1 404 Client Error
Feb 02, 2021 12:38:14 PM okhttp3.mockwebserver.MockWebServer$3 processOneRequest
INFO: MockWebServer[58695] received request: GET /apis/entando.org/v1/namespaces/default/entandoapppluginlinks HTTP/1.1 and responded: HTTP/1.1 200 OK
Feb 02, 2021 12:38:14 PM okhttp3.mockwebserver.MockWebServer$3 processOneRequest
INFO: MockWebServer[58695] received request: GET /api/v1/namespaces/test HTTP/1.1 and responded: HTTP/1.1 404 Client Error
Feb 02, 2021 12:38:15 PM okhttp3.mockwebserver.MockWebServer$3 processOneRequest
INFO: MockWebServer[58695] received request: GET /apis/entando.org/v1/namespaces/default/entandoapppluginlinks HTTP/1.1 and responded: HTTP/1.1 200 OK
Feb 02, 2021 12:38:15 PM okhttp3.mockwebserver.MockWebServer$3 processOneRequest
INFO: MockWebServer[58695] received request: GET /api/v1/namespaces/entando-k8s-custom-model-cupr37 HTTP/1.1 and responded: HTTP/1.1 404 Client Error
Feb 02, 2021 12:38:15 PM okhttp3.mockwebserver.MockWebServer$3 processOneRequest
INFO: MockWebServer[58695] received request: POST /api/v1/namespaces HTTP/1.1 and responded: HTTP/1.1 202 OK
Feb 02, 2021 12:38:15 PM okhttp3.mockwebserver.MockWebServer$3 processOneRequest
INFO: MockWebServer[58695] received request: POST /apis/entando.org/v1/namespaces/entando-k8s-custom-model-cupr37/entandoapppluginlinks HTTP/1.1 and responded: HTTP/1.1 202 OK
Feb 02, 2021 12:38:15 PM okhttp3.mockwebserver.MockWebServer$3 processOneRequest
INFO: MockWebServer[58695] received request: GET /apis/entando.org/v1/namespaces/entando-k8s-custom-model-cupr37/entandoapppluginlinks/my-app-plugin-link HTTP/1.1 and responded: HTTP/1.1 200 OK
Feb 02, 2021 12:38:15 PM okhttp3.mockwebserver.MockWebServer$2 acceptConnections
INFO: MockWebServer[58695] done accepting connections: Socket closed
Feb 02, 2021 12:38:15 PM okhttp3.mockwebserver.MockWebServer$2 e**cute
INFO: MockWebServer[45257] starting to accept connections
Feb 02, 2021 12:38:15 PM okhttp3.mockwebserver.MockWebServer$3 processOneRequest
INFO: MockWebServer[45257] received request: GET /api/v1/namespaces/test HTTP/1.1 and responded: HTTP/1.1 404 Client Error
Feb 02, 2021 12:38:15 PM okhttp3.mockwebserver.MockWebServer$3 processOneRequest
INFO: MockWebServer[45257] received request: GET /apis/entando.org/v1/namespaces/default/entandoapppluginlinks HTTP/1.1 and responded: HTTP/1.1 200 OK
Feb 02, 2021 12:38:15 PM okhttp3.mockwebserver.MockWebServer$3 processOneRequest
INFO: MockWebServer[45257] received request: GET /api/v1/namespaces/test HTTP/1.1 and responded: HTTP/1.1 404 Client Error
Feb 02, 2021 12:38:15 PM okhttp3.mockwebserver.MockWebServer$3 processOneRequest
INFO: MockWebServer[45257] received request: GET /apis/entando.org/v1/namespaces/default/entandoapppluginlinks HTTP/1.1 and responded: HTTP/1.1 200 OK
Feb 02, 2021 12:38:15 PM okhttp3.mockwebserver.MockWebServer$3 processOneRequest
INFO: MockWebServer[45257] received request: GET /api/v1/namespaces/entando-k8s-custom-model-cupr37 HTTP/1.1 and responded: HTTP/1.1 404 Client Error
Feb 02, 2021 12:38:15 PM okhttp3.mockwebserver.MockWebServer$3 processOneRequest
INFO: MockWebServer[45257] received request: POST /api/v1/namespaces HTTP/1.1 and responded: HTTP/1.1 202 OK
Feb 02, 2021 12:38:15 PM okhttp3.mockwebserver.MockWebServer$2 acceptConnections
INFO: MockWebServer[45257] done accepting connections: Socket closed
[INFO] Tests run: 3, Failures: 0, Errors: 0, Skipped: 0, Time elapsed: 2.367 s - in org.entando.kubernetes.model.inprocesstest.EntandoAppPluginLinkMockedTest
[INFO] Running org.entando.kubernetes.model.inprocesstest.EntandoCompositeAppMockedTest
Feb 02, 2021 12:38:16 PM okhttp3.mockwebserver.MockWebServer$2 e**cute
INFO: MockWebServer[48953] starting to accept connections
Feb 02, 2021 12:38:16 PM okhttp3.mockwebserver.MockWebServer$3 processOneRequest
INFO: MockWebServer[48953] received request: GET /apis/apiextensions.k8s.io/v1beta1/customresourcedefinitions/entandocompositeapps.entando.org HTTP/1.1 and responded: HTTP/1.1 404 Client Error
Feb 02, 2021 12:38:16 PM okhttp3.mockwebserver.MockWebServer$3 processOneRequest
INFO: MockWebServer[48953] received request: POST /apis/apiextensions.k8s.io/v1beta1/customresourcedefinitions HTTP/1.1 and responded: HTTP/1.1 202 OK
Feb 02, 2021 12:38:16 PM okhttp3.mockwebserver.MockWebServer$3 processOneRequest
INFO: MockWebServer[48953] received request: GET /api/v1/namespaces/test HTTP/1.1 and responded: HTTP/1.1 404 Client Error
Feb 02, 2021 12:38:16 PM okhttp3.mockwebserver.MockWebServer$3 processOneRequest
INFO: MockWebServer[48953] received request: GET /apis/entando.org/v1/namespaces/default/entandocompositeapps HTTP/1.1 and responded: HTTP/1.1 200 OK
Feb 02, 2021 12:38:16 PM okhttp3.mockwebserver.MockWebServer$3 processOneRequest
INFO: MockWebServer[48953] received request: GET /api/v1/namespaces/test HTTP/1.1 and responded: HTTP/1.1 404 Client Error
Feb 02, 2021 12:38:16 PM okhttp3.mockwebserver.MockWebServer$3 processOneRequest
INFO: MockWebServer[48953] received request: GET /apis/entando.org/v1/namespaces/default/entandocompositeapps HTTP/1.1 and responded: HTTP/1.1 200 OK
Feb 02, 2021 12:38:16 PM okhttp3.mockwebserver.MockWebServer$3 processOneRequest
INFO: MockWebServer[48953] received request: GET /api/v1/namespaces/entando-k8s-custom-model-cupr37 HTTP/1.1 and responded: HTTP/1.1 404 Client Error
Feb 02, 2021 12:38:16 PM okhttp3.mockwebserver.MockWebServer$3 processOneRequest
INFO: MockWebServer[48953] received request: POST /api/v1/namespaces HTTP/1.1 and responded: HTTP/1.1 202 OK
Feb 02, 2021 12:38:16 PM okhttp3.mockwebserver.MockWebServer$3 processOneRequest
INFO: MockWebServer[48953] received request: POST /apis/entando.org/v1/namespaces/entando-k8s-custom-model-cupr37/entandocompositeapps HTTP/1.1 and responded: HTTP/1.1 202 OK
Feb 02, 2021 12:38:16 PM okhttp3.mockwebserver.MockWebServer$3 processOneRequest
INFO: MockWebServer[48953] received request: GET /apis/entando.org/v1/namespaces/entando-k8s-custom-model-cupr37/entandocompositeapps/my-comnposite-app HTTP/1.1 and responded: HTTP/1.1 200 OK
Feb 02, 2021 12:38:16 PM okhttp3.mockwebserver.MockWebServer$2 acceptConnections
INFO: MockWebServer[48953] done accepting connections: Socket closed
Feb 02, 2021 12:38:17 PM okhttp3.mockwebserver.MockWebServer$2 e**cute
INFO: MockWebServer[37163] starting to accept connections
Feb 02, 2021 12:38:17 PM okhttp3.mockwebserver.MockWebServer$3 processOneRequest
INFO: MockWebServer[37163] received request: GET /api/v1/namespaces/test HTTP/1.1 and responded: HTTP/1.1 404 Client Error
Feb 02, 2021 12:38:17 PM okhttp3.mockwebserver.MockWebServer$3 processOneRequest
INFO: MockWebServer[37163] received request: GET /apis/entando.org/v1/namespaces/default/entandocompositeapps HTTP/1.1 and responded: HTTP/1.1 200 OK
Feb 02, 2021 12:38:17 PM okhttp3.mockwebserver.MockWebServer$3 processOneRequest
INFO: MockWebServer[37163] received request: GET /api/v1/namespaces/test HTTP/1.1 and responded: HTTP/1.1 404 Client Error
Feb 02, 2021 12:38:17 PM okhttp3.mockwebserver.MockWebServer$3 processOneRequest
INFO: MockWebServer[37163] received request: GET /apis/entando.org/v1/namespaces/default/entandocompositeapps HTTP/1.1 and responded: HTTP/1.1 200 OK
Feb 02, 2021 12:38:17 PM okhttp3.mockwebserver.MockWebServer$3 processOneRequest
INFO: MockWebServer[37163] received request: GET /api/v1/namespaces/entando-k8s-custom-model-cupr37 HTTP/1.1 and responded: HTTP/1.1 404 Client Error
Feb 02, 2021 12:38:17 PM okhttp3.mockwebserver.MockWebServer$3 processOneRequest
INFO: MockWebServer[37163] received request: POST /api/v1/namespaces HTTP/1.1 and responded: HTTP/1.1 202 OK
Feb 02, 2021 12:38:17 PM okhttp3.mockwebserver.MockWebServer$3 processOneRequest
INFO: MockWebServer[37163] received request: POST /apis/entando.org/v1/namespaces/entando-k8s-custom-model-cupr37/entandocompositeapps HTTP/1.1 and responded: HTTP/1.1 202 OK
Feb 02, 2021 12:38:17 PM okhttp3.mockwebserver.MockWebServer$3 processOneRequest
INFO: MockWebServer[37163] received request: GET /apis/entando.org/v1/namespaces/entando-k8s-custom-model-cupr37/entandocompositeapps/my-comnposite-app HTTP/1.1 and responded: HTTP/1.1 200 OK
Feb 02, 2021 12:38:17 PM okhttp3.mockwebserver.MockWebServer$3 processOneRequest
INFO: MockWebServer[37163] received request: GET /apis/entando.org/v1/namespaces/entando-k8s-custom-model-cupr37/entandocompositeapps/my-comnposite-app HTTP/1.1 and responded: HTTP/1.1 200 OK
Feb 02, 2021 12:38:17 PM okhttp3.mockwebserver.MockWebServer$3 processOneRequest
INFO: MockWebServer[37163] received request: PATCH /apis/entando.org/v1/namespaces/entando-k8s-custom-model-cupr37/entandocompositeapps/my-comnposite-app HTTP/1.1 and responded: HTTP/1.1 202 OK
Feb 02, 2021 12:38:17 PM okhttp3.mockwebserver.MockWebServer$3 processOneRequest
INFO: MockWebServer[37163] received request: PUT /apis/entando.org/v1/namespaces/entando-k8s-custom-model-cupr37/entandocompositeapps/my-comnposite-app/status HTTP/1.1 and responded: HTTP/1.1 202 OK
Feb 02, 2021 12:38:18 PM okhttp3.mockwebserver.MockWebServer$2 acceptConnections
INFO: MockWebServer[37163] done accepting connections: Socket closed
Feb 02, 2021 12:38:18 PM okhttp3.mockwebserver.MockWebServer$2 e**cute
INFO: MockWebServer[55348] starting to accept connections
Feb 02, 2021 12:38:18 PM okhttp3.mockwebserver.MockWebServer$3 processOneRequest
INFO: MockWebServer[55348] received request: GET /api/v1/namespaces/test HTTP/1.1 and responded: HTTP/1.1 404 Client Error
Feb 02, 2021 12:38:18 PM okhttp3.mockwebserver.MockWebServer$3 processOneRequest
INFO: MockWebServer[55348] received request: GET /apis/entando.org/v1/namespaces/default/entandocompositeapps HTTP/1.1 and responded: HTTP/1.1 200 OK
Feb 02, 2021 12:38:18 PM okhttp3.mockwebserver.MockWebServer$3 processOneRequest
INFO: MockWebServer[55348] received request: GET /api/v1/namespaces/test HTTP/1.1 and responded: HTTP/1.1 404 Client Error
Feb 02, 2021 12:38:18 PM okhttp3.mockwebserver.MockWebServer$3 processOneRequest
INFO: MockWebServer[55348] received request: GET /apis/entando.org/v1/namespaces/default/entandocompositeapps HTTP/1.1 and responded: HTTP/1.1 200 OK
Feb 02, 2021 12:38:18 PM okhttp3.mockwebserver.MockWebServer$3 processOneRequest
INFO: MockWebServer[55348] received request: GET /api/v1/namespaces/entando-k8s-custom-model-cupr37 HTTP/1.1 and responded: HTTP/1.1 404 Client Error
Feb 02, 2021 12:38:18 PM okhttp3.mockwebserver.MockWebServer$3 processOneRequest
INFO: MockWebServer[55348] received request: POST /api/v1/namespaces HTTP/1.1 and responded: HTTP/1.1 202 OK
Feb 02, 2021 12:38:18 PM okhttp3.mockwebserver.MockWebServer$2 acceptConnections
INFO: MockWebServer[55348] done accepting connections: Socket closed
[INFO] Tests run: 3, Failures: 0, Errors: 0, Skipped: 0, Time elapsed: 2.526 s - in org.entando.kubernetes.model.inprocesstest.EntandoCompositeAppMockedTest
[INFO] Running org.entando.kubernetes.model.inprocesstest.EntandoAppMockedTest
Feb 02, 2021 12:38:18 PM okhttp3.mockwebserver.MockWebServer$2 e**cute
INFO: MockWebServer[50235] starting to accept connections
Feb 02, 2021 12:38:18 PM okhttp3.mockwebserver.MockWebServer$3 processOneRequest
INFO: MockWebServer[50235] received request: GET /apis/apiextensions.k8s.io/v1beta1/customresourcedefinitions/entandoapps.entando.org HTTP/1.1 and responded: HTTP/1.1 404 Client Error
Feb 02, 2021 12:38:18 PM okhttp3.mockwebserver.MockWebServer$3 processOneRequest
INFO: MockWebServer[50235] received request: POST /apis/apiextensions.k8s.io/v1beta1/customresourcedefinitions HTTP/1.1 and responded: HTTP/1.1 202 OK
Feb 02, 2021 12:38:18 PM okhttp3.mockwebserver.MockWebServer$3 processOneRequest
INFO: MockWebServer[50235] received request: GET /api/v1/namespaces/test HTTP/1.1 and responded: HTTP/1.1 404 Client Error
Feb 02, 2021 12:38:18 PM okhttp3.mockwebserver.MockWebServer$3 processOneRequest
INFO: MockWebServer[50235] received request: GET /apis/entando.org/v1/namespaces/default/entandoapps HTTP/1.1 and responded: HTTP/1.1 200 OK
Feb 02, 2021 12:38:18 PM okhttp3.mockwebserver.MockWebServer$3 processOneRequest
INFO: MockWebServer[50235] received request: GET /api/v1/namespaces/test HTTP/1.1 and responded: HTTP/1.1 404 Client Error
Feb 02, 2021 12:38:19 PM okhttp3.mockwebserver.MockWebServer$3 processOneRequest
INFO: MockWebServer[50235] received request: GET /apis/entando.org/v1/namespaces/default/entandoapps HTTP/1.1 and responded: HTTP/1.1 200 OK
Feb 02, 2021 12:38:19 PM okhttp3.mockwebserver.MockWebServer$3 processOneRequest
INFO: MockWebServer[50235] received request: GET /api/v1/namespaces/entando-k8s-custom-model-cupr37 HTTP/1.1 and responded: HTTP/1.1 404 Client Error
Feb 02, 2021 12:38:19 PM okhttp3.mockwebserver.MockWebServer$3 processOneRequest
INFO: MockWebServer[50235] received request: POST /api/v1/namespaces HTTP/1.1 and responded: HTTP/1.1 202 OK
Feb 02, 2021 12:38:19 PM okhttp3.mockwebserver.MockWebServer$3 processOneRequest
INFO: MockWebServer[50235] received request: POST /apis/entando.org/v1/namespaces/entando-k8s-custom-model-cupr37/entandoapps HTTP/1.1 and responded: HTTP/1.1 202 OK
Feb 02, 2021 12:38:19 PM okhttp3.mockwebserver.MockWebServer$3 processOneRequest
INFO: MockWebServer[50235] received request: GET /apis/entando.org/v1/namespaces/entando-k8s-custom-model-cupr37/entandoapps/my-app HTTP/1.1 and responded: HTTP/1.1 200 OK
Feb 02, 2021 12:38:19 PM okhttp3.mockwebserver.MockWebServer$3 processOneRequest
INFO: MockWebServer[50235] received request: GET /apis/entando.org/v1/namespaces/entando-k8s-custom-model-cupr37/entandoapps/my-app HTTP/1.1 and responded: HTTP/1.1 200 OK
Feb 02, 2021 12:38:19 PM okhttp3.mockwebserver.MockWebServer$3 processOneRequest
INFO: MockWebServer[50235] received request: GET /apis/entando.org/v1/namespaces/entando-k8s-custom-model-cupr37/entandoapps/my-app HTTP/1.1 and responded: HTTP/1.1 200 OK
Feb 02, 2021 12:38:19 PM okhttp3.mockwebserver.MockWebServer$3 processOneRequest
INFO: MockWebServer[50235] received request: PATCH /apis/entando.org/v1/namespaces/entando-k8s-custom-model-cupr37/entandoapps/my-app HTTP/1.1 and responded: HTTP/1.1 202 OK
Feb 02, 2021 12:38:19 PM okhttp3.mockwebserver.MockWebServer$2 acceptConnections
INFO: MockWebServer[50235] done accepting connections: Socket closed
Feb 02, 2021 12:38:19 PM okhttp3.mockwebserver.MockWebServer$2 e**cute
INFO: MockWebServer[37440] starting to accept connections
Feb 02, 2021 12:38:19 PM okhttp3.mockwebserver.MockWebServer$3 processOneRequest
INFO: MockWebServer[37440] received request: GET /api/v1/namespaces/test HTTP/1.1 and responded: HTTP/1.1 404 Client Error
Feb 02, 2021 12:38:19 PM okhttp3.mockwebserver.MockWebServer$3 processOneRequest
INFO: MockWebServer[37440] received request: GET /apis/entando.org/v1/namespaces/default/entandoapps HTTP/1.1 and responded: HTTP/1.1 200 OK
Feb 02, 2021 12:38:19 PM okhttp3.mockwebserver.MockWebServer$3 processOneRequest
INFO: MockWebServer[37440] received request: GET /api/v1/namespaces/test HTTP/1.1 and responded: HTTP/1.1 404 Client Error
Feb 02, 2021 12:38:20 PM okhttp3.mockwebserver.MockWebServer$3 processOneRequest
INFO: MockWebServer[37440] received request: GET /apis/entando.org/v1/namespaces/default/entandoapps HTTP/1.1 and responded: HTTP/1.1 200 OK
Feb 02, 2021 12:38:20 PM okhttp3.mockwebserver.MockWebServer$3 processOneRequest
INFO: MockWebServer[37440] received request: GET /api/v1/namespaces/entando-k8s-custom-model-cupr37 HTTP/1.1 and responded: HTTP/1.1 404 Client Error
Feb 02, 2021 12:38:20 PM okhttp3.mockwebserver.MockWebServer$3 processOneRequest
INFO: MockWebServer[37440] received request: POST /api/v1/namespaces HTTP/1.1 and responded: HTTP/1.1 202 OK
Feb 02, 2021 12:38:20 PM okhttp3.mockwebserver.MockWebServer$3 processOneRequest
INFO: MockWebServer[37440] received request: POST /apis/entando.org/v1/namespaces/entando-k8s-custom-model-cupr37/entandoapps HTTP/1.1 and responded: HTTP/1.1 202 OK
Feb 02, 2021 12:38:20 PM okhttp3.mockwebserver.MockWebServer$3 processOneRequest
INFO: MockWebServer[37440] received request: GET /apis/entando.org/v1/namespaces/entando-k8s-custom-model-cupr37/entandoapps/my-app HTTP/1.1 and responded: HTTP/1.1 200 OK
Feb 02, 2021 12:38:20 PM okhttp3.mockwebserver.MockWebServer$2 acceptConnections
INFO: MockWebServer[37440] done accepting connections: Socket closed
Feb 02, 2021 12:38:20 PM okhttp3.mockwebserver.MockWebServer$2 e**cute
INFO: MockWebServer[57988] starting to accept connections
Feb 02, 2021 12:38:20 PM okhttp3.mockwebserver.MockWebServer$3 processOneRequest
INFO: MockWebServer[57988] received request: GET /api/v1/namespaces/test HTTP/1.1 and responded: HTTP/1.1 404 Client Error
Feb 02, 2021 12:38:20 PM okhttp3.mockwebserver.MockWebServer$3 processOneRequest
INFO: MockWebServer[57988] received request: GET /apis/entando.org/v1/namespaces/default/entandoapps HTTP/1.1 and responded: HTTP/1.1 200 OK
Feb 02, 2021 12:38:20 PM okhttp3.mockwebserver.MockWebServer$3 processOneRequest
INFO: MockWebServer[57988] received request: GET /api/v1/namespaces/test HTTP/1.1 and responded: HTTP/1.1 404 Client Error
Feb 02, 2021 12:38:20 PM okhttp3.mockwebserver.MockWebServer$3 processOneRequest
INFO: MockWebServer[57988] received request: GET /apis/entando.org/v1/namespaces/default/entandoapps HTTP/1.1 and responded: HTTP/1.1 200 OK
Feb 02, 2021 12:38:20 PM okhttp3.mockwebserver.MockWebServer$3 processOneRequest
INFO: MockWebServer[57988] received request: GET /api/v1/namespaces/entando-k8s-custom-model-cupr37 HTTP/1.1 and responded: HTTP/1.1 404 Client Error
Feb 02, 2021 12:38:20 PM okhttp3.mockwebserver.MockWebServer$3 processOneRequest
INFO: MockWebServer[57988] received request: POST /api/v1/namespaces HTTP/1.1 and responded: HTTP/1.1 202 OK
Feb 02, 2021 12:38:21 PM okhttp3.mockwebserver.MockWebServer$2 acceptConnections
INFO: MockWebServer[57988] done accepting connections: Socket closed
[INFO] Tests run: 3, Failures: 0, Errors: 0, Skipped: 0, Time elapsed: 2.446 s - in org.entando.kubernetes.model.inprocesstest.EntandoAppMockedTest
[INFO] Running org.entando.kubernetes.model.inprocesstest.EntandoDatabaseServiceMockedTest
Feb 02, 2021 12:38:21 PM okhttp3.mockwebserver.MockWebServer$2 e**cute
INFO: MockWebServer[58918] starting to accept connections
Feb 02, 2021 12:38:21 PM okhttp3.mockwebserver.MockWebServer$3 processOneRequest
INFO: MockWebServer[58918] received request: GET /apis/apiextensions.k8s.io/v1beta1/customresourcedefinitions/entandodatabaseservices.entando.org HTTP/1.1 and responded: HTTP/1.1 404 Client Error
Feb 02, 2021 12:38:21 PM okhttp3.mockwebserver.MockWebServer$3 processOneRequest
INFO: MockWebServer[58918] received request: POST /apis/apiextensions.k8s.io/v1beta1/customresourcedefinitions HTTP/1.1 and responded: HTTP/1.1 202 OK
Feb 02, 2021 12:38:21 PM okhttp3.mockwebserver.MockWebServer$3 processOneRequest
INFO: MockWebServer[58918] received request: GET /api/v1/namespaces/test HTTP/1.1 and responded: HTTP/1.1 404 Client Error
Feb 02, 2021 12:38:21 PM okhttp3.mockwebserver.MockWebServer$3 processOneRequest
INFO: MockWebServer[58918] received request: GET /apis/entando.org/v1/namespaces/default/entandodatabaseservices HTTP/1.1 and responded: HTTP/1.1 200 OK
Feb 02, 2021 12:38:21 PM okhttp3.mockwebserver.MockWebServer$3 processOneRequest
INFO: MockWebServer[58918] received request: GET /api/v1/namespaces/test HTTP/1.1 and responded: HTTP/1.1 404 Client Error
Feb 02, 2021 12:38:21 PM okhttp3.mockwebserver.MockWebServer$3 processOneRequest
INFO: MockWebServer[58918] received request: GET /apis/entando.org/v1/namespaces/default/entandodatabaseservices HTTP/1.1 and responded: HTTP/1.1 200 OK
Feb 02, 2021 12:38:21 PM okhttp3.mockwebserver.MockWebServer$3 processOneRequest
INFO: MockWebServer[58918] received request: GET /api/v1/namespaces/entando-k8s-custom-model-cupr37 HTTP/1.1 and responded: HTTP/1.1 404 Client Error
Feb 02, 2021 12:38:21 PM okhttp3.mockwebserver.MockWebServer$3 processOneRequest
INFO: MockWebServer[58918] received request: POST /api/v1/namespaces HTTP/1.1 and responded: HTTP/1.1 202 OK
Feb 02, 2021 12:38:21 PM okhttp3.mockwebserver.MockWebServer$3 processOneRequest
INFO: MockWebServer[58918] received request: POST /apis/entando.org/v1/namespaces/entando-k8s-custom-model-cupr37/entandodatabaseservices HTTP/1.1 and responded: HTTP/1.1 202 OK
Feb 02, 2021 12:38:21 PM okhttp3.mockwebserver.MockWebServer$3 processOneRequest
INFO: MockWebServer[58918] received request: GET /apis/entando.org/v1/namespaces/entando-k8s-custom-model-cupr37/entandodatabaseservices/my-external-database HTTP/1.1 and responded: HTTP/1.1 200 OK
Feb 02, 2021 12:38:21 PM okhttp3.mockwebserver.MockWebServer$2 acceptConnections
INFO: MockWebServer[58918] done accepting connections: Socket closed
Feb 02, 2021 12:38:21 PM okhttp3.mockwebserver.MockWebServer$2 e**cute
INFO: MockWebServer[35679] starting to accept connections
Feb 02, 2021 12:38:22 PM okhttp3.mockwebserver.MockWebServer$3 processOneRequest
INFO: MockWebServer[35679] received request: GET /api/v1/namespaces/test HTTP/1.1 and responded: HTTP/1.1 404 Client Error
Feb 02, 2021 12:38:22 PM okhttp3.mockwebserver.MockWebServer$3 processOneRequest
INFO: MockWebServer[35679] received request: GET /apis/entando.org/v1/namespaces/default/entandodatabaseservices HTTP/1.1 and responded: HTTP/1.1 200 OK
Feb 02, 2021 12:38:22 PM okhttp3.mockwebserver.MockWebServer$3 processOneRequest
INFO: MockWebServer[35679] received request: GET /api/v1/namespaces/test HTTP/1.1 and responded: HTTP/1.1 404 Client Error
Feb 02, 2021 12:38:22 PM okhttp3.mockwebserver.MockWebServer$3 processOneRequest
INFO: MockWebServer[35679] received request: GET /apis/entando.org/v1/namespaces/default/entandodatabaseservices HTTP/1.1 and responded: HTTP/1.1 200 OK
Feb 02, 2021 12:38:22 PM okhttp3.mockwebserver.MockWebServer$3 processOneRequest
INFO: MockWebServer[35679] received request: GET /api/v1/namespaces/entando-k8s-custom-model-cupr37 HTTP/1.1 and responded: HTTP/1.1 404 Client Error
Feb 02, 2021 12:38:22 PM okhttp3.mockwebserver.MockWebServer$3 processOneRequest
INFO: MockWebServer[35679] received request: POST /api/v1/namespaces HTTP/1.1 and responded: HTTP/1.1 202 OK
Feb 02, 2021 12:38:22 PM okhttp3.mockwebserver.MockWebServer$3 processOneRequest
INFO: MockWebServer[35679] received request: POST /apis/entando.org/v1/namespaces/entando-k8s-custom-model-cupr37/entandodatabaseservices HTTP/1.1 and responded: HTTP/1.1 202 OK
Feb 02, 2021 12:38:22 PM okhttp3.mockwebserver.MockWebServer$3 processOneRequest
INFO: MockWebServer[35679] received request: GET /apis/entando.org/v1/namespaces/entando-k8s-custom-model-cupr37/entandodatabaseservices/my-external-database HTTP/1.1 and responded: HTTP/1.1 200 OK
Feb 02, 2021 12:38:22 PM okhttp3.mockwebserver.MockWebServer$3 processOneRequest
INFO: MockWebServer[35679] received request: GET /apis/entando.org/v1/namespaces/entando-k8s-custom-model-cupr37/entandodatabaseservices/my-external-database HTTP/1.1 and responded: HTTP/1.1 200 OK
Feb 02, 2021 12:38:22 PM okhttp3.mockwebserver.MockWebServer$3 processOneRequest
INFO: MockWebServer[35679] received request: PATCH /apis/entando.org/v1/namespaces/entando-k8s-custom-model-cupr37/entandodatabaseservices/my-external-database HTTP/1.1 and responded: HTTP/1.1 202 OK
Feb 02, 2021 12:38:22 PM okhttp3.mockwebserver.MockWebServer$2 acceptConnections
INFO: MockWebServer[35679] done accepting connections: Socket closed
Feb 02, 2021 12:38:22 PM okhttp3.mockwebserver.MockWebServer$2 e**cute
INFO: MockWebServer[42710] starting to accept connections
Feb 02, 2021 12:38:22 PM okhttp3.mockwebserver.MockWebServer$3 processOneRequest
INFO: MockWebServer[42710] received request: GET /api/v1/namespaces/test HTTP/1.1 and responded: HTTP/1.1 404 Client Error
Feb 02, 2021 12:38:22 PM okhttp3.mockwebserver.MockWebServer$3 processOneRequest
INFO: MockWebServer[42710] received request: GET /apis/entando.org/v1/namespaces/default/entandodatabaseservices HTTP/1.1 and responded: HTTP/1.1 200 OK
Feb 02, 2021 12:38:23 PM okhttp3.mockwebserver.MockWebServer$3 processOneRequest
INFO: MockWebServer[42710] received request: GET /api/v1/namespaces/test HTTP/1.1 and responded: HTTP/1.1 404 Client Error
Feb 02, 2021 12:38:23 PM okhttp3.mockwebserver.MockWebServer$3 processOneRequest
INFO: MockWebServer[42710] received request: GET /apis/entando.org/v1/namespaces/default/entandodatabaseservices HTTP/1.1 and responded: HTTP/1.1 200 OK
Feb 02, 2021 12:38:23 PM okhttp3.mockwebserver.MockWebServer$3 processOneRequest
INFO: MockWebServer[42710] received request: GET /api/v1/namespaces/entando-k8s-custom-model-cupr37 HTTP/1.1 and responded: HTTP/1.1 404 Client Error
Feb 02, 2021 12:38:23 PM okhttp3.mockwebserver.MockWebServer$3 processOneRequest
INFO: MockWebServer[42710] received request: POST /api/v1/namespaces HTTP/1.1 and responded: HTTP/1.1 202 OK
Feb 02, 2021 12:38:23 PM okhttp3.mockwebserver.MockWebServer$2 acceptConnections
INFO: MockWebServer[42710] done accepting connections: Socket closed
[INFO] Tests run: 3, Failures: 0, Errors: 0, Skipped: 0, Time elapsed: 2.305 s - in org.entando.kubernetes.model.inprocesstest.EntandoDatabaseServiceMockedTest
[INFO] Running org.entando.kubernetes.model.interprocesstest.EntandoKeycloakServerIntegratedTest
[INFO] Tests run: 2, Failures: 0, Errors: 0, Skipped: 0, Time elapsed: 1.025 s - in org.entando.kubernetes.model.interprocesstest.EntandoKeycloakServerIntegratedTest
[INFO] Running org.entando.kubernetes.model.interprocesstest.EntandoAppPluginLinkIntegratedTest
[INFO] Tests run: 2, Failures: 0, Errors: 0, Skipped: 0, Time elapsed: 0.953 s - in org.entando.kubernetes.model.interprocesstest.EntandoAppPluginLinkIntegratedTest
[INFO] Running org.entando.kubernetes.model.interprocesstest.EntandoDatabaseServiceIntegratedTest
[INFO] Tests run: 2, Failures: 0, Errors: 0, Skipped: 0, Time elapsed: 0.892 s - in org.entando.kubernetes.model.interprocesstest.EntandoDatabaseServiceIntegratedTest
[INFO] Running org.entando.kubernetes.model.interprocesstest.EntandoPluginIntegratedTest
[INFO] Tests run: 2, Failures: 0, Errors: 0, Skipped: 0, Time elapsed: 0.877 s - in org.entando.kubernetes.model.interprocesstest.EntandoPluginIntegratedTest
[INFO] Running org.entando.kubernetes.model.interprocesstest.EntandoAppIntegratedTest
[INFO] Tests run: 2, Failures: 0, Errors: 0, Skipped: 0, Time elapsed: 0.848 s - in org.entando.kubernetes.model.interprocesstest.EntandoAppIntegratedTest
[INFO] Running org.entando.kubernetes.model.interprocesstest.EntandoDeBundleIntegratedTest
[INFO] Tests run: 2, Failures: 0, Errors: 0, Skipped: 0, Time elapsed: 0.8 s - in org.entando.kubernetes.model.interprocesstest.EntandoDeBundleIntegratedTest
[INFO] Running org.entando.kubernetes.model.interprocesstest.EntandoCompositeAppIntegratedTest
[INFO] Tests run: 2, Failures: 0, Errors: 0, Skipped: 0, Time elapsed: 0.721 s - in org.entando.kubernetes.model.interprocesstest.EntandoCompositeAppIntegratedTest
[INFO] Running org.entando.kubernetes.model.interprocesstest.EntandoClusterInfrastructureIntegratedTest
[INFO] Tests run: 3, Failures: 0, Errors: 0, Skipped: 0, Time elapsed: 1.335 s - in org.entando.kubernetes.model.interprocesstest.EntandoClusterInfrastructureIntegratedTest
[INFO] 
[INFO] Results:
[INFO] 
[INFO] Tests run: 42, Failures: 0, Errors: 0, Skipped: 0
[INFO] 
[INFO] 
[INFO] --- maven-jar-plugin:3.2.0:jar (default-jar) @ entando-k8s-custom-model ---
[INFO] Building jar: /workspace/source/target/entando-k8s-custom-model-0.0.0-SNAPSHOT-PR-37-18.jar
[INFO] 
[INFO] --- maven-jar-plugin:3.2.0:test-jar (build-test-jar) @ entando-k8s-custom-model ---
[INFO] Building jar: /workspace/source/target/entando-k8s-custom-model-0.0.0-SNAPSHOT-PR-37-18-tests.jar
[INFO] 
[INFO] --- maven-javadoc-plugin:3.2.0:jar (attach-javadocs) @ entando-k8s-custom-model ---
[INFO] No previous run data found, generating javadoc.
[INFO] 
Loading source files for package org.entando.kubernetes.model.keycloakserver...
Loading source files for package org.entando.kubernetes.model...
Loading source files for package org.entando.kubernetes.model.app...
Loading source files for package org.entando.kubernetes.model.externaldatabase...
Loading source files for package org.entando.kubernetes.model.infrastructure...
Loading source files for package org.entando.kubernetes.model.plugin...
Loading source files for package org.entando.kubernetes.model.gitspec...
Loading source files for package org.entando.kubernetes.model.debundle...
Loading source files for package org.entando.kubernetes.model.link...
Loading source files for package org.entando.kubernetes.model.compositeapp...
Constructing Javadoc information...
Standard Doclet version 11.0.6
Building tree for all the packages and classes...
Generating /workspace/source/target/apidocs/org/entando/kubernetes/model/AbstractServerStatus.html...
Generating /workspace/source/target/apidocs/org/entando/kubernetes/model/ClusterInfrastructureAwareSpec.html...
Generating /workspace/source/target/apidocs/org/entando/kubernetes/model/ClusterInfrastructureAwareSpecFluent.html...
Generating /workspace/source/target/apidocs/org/entando/kubernetes/model/Coalescence.html...
Generating /workspace/source/target/apidocs/org/entando/kubernetes/model/DbmsVendor.html...
Generating /workspace/source/target/apidocs/org/entando/kubernetes/model/DbServerStatus.html...
Generating /workspace/source/target/apidocs/org/entando/kubernetes/model/DoneableEntandoCustomResource.html...
Generating /workspace/source/target/apidocs/org/entando/kubernetes/model/EntandoBaseCustomResource.html...
Generating /workspace/source/target/apidocs/org/entando/kubernetes/model/EntandoBaseFluent.html...
Generating /workspace/source/target/apidocs/org/entando/kubernetes/model/EntandoControllerFailure.html...
Generating /workspace/source/target/apidocs/org/entando/kubernetes/model/EntandoControllerFailureBuilder.html...
Generating /workspace/source/target/apidocs/org/entando/kubernetes/model/EntandoCustomResource.html...
Generating /workspace/source/target/apidocs/org/entando/kubernetes/model/EntandoCustomResourceResolver.html...
Generating /workspace/source/target/apidocs/org/entando/kubernetes/model/EntandoCustomResourceStatus.html...
Generating /workspace/source/target/apidocs/org/entando/kubernetes/model/EntandoDeploymentPhase.html...
Generating /workspace/source/target/apidocs/org/entando/kubernetes/model/EntandoDeploymentSpec.html...
Generating /workspace/source/target/apidocs/org/entando/kubernetes/model/EntandoDeploymentSpecFluent.html...
Generating /workspace/source/target/apidocs/org/entando/kubernetes/model/EntandoDeploymentSpecFluent.EntandoResourceRequirementsNested.html...
Generating /workspace/source/target/apidocs/org/entando/kubernetes/model/EntandoFluent.html...
Generating /workspace/source/target/apidocs/org/entando/kubernetes/model/EntandoIngressingDeploymentBaseFluent.html...
Generating /workspace/source/target/apidocs/org/entando/kubernetes/model/EntandoIngressingDeploymentSpec.html...
Generating /workspace/source/target/apidocs/org/entando/kubernetes/model/EntandoIngressingDeploymentSpecBaseFluent.html...
Generating /workspace/source/target/apidocs/org/entando/kubernetes/model/EntandoIngressingDeploymentSpecFluent.html...
Generating /workspace/source/target/apidocs/org/entando/kubernetes/model/EntandoResourceOperationsRegistry.html...
Generating /workspace/source/target/apidocs/org/entando/kubernetes/model/EntandoResourceRequirements.html...
Generating /workspace/source/target/apidocs/org/entando/kubernetes/model/EntandoResourceRequirementsBuilder.html...
Generating /workspace/source/target/apidocs/org/entando/kubernetes/model/EntandoResourceRequirementsFluent.html...
Generating /workspace/source/target/apidocs/org/entando/kubernetes/model/HasIngress.html...
Generating /workspace/source/target/apidocs/org/entando/kubernetes/model/JeeServer.html...
Generating /workspace/source/target/apidocs/org/entando/kubernetes/model/KeycloakAwareSpec.html...
Generating /workspace/source/target/apidocs/org/entando/kubernetes/model/KeycloakAwareSpecFluent.html...
Generating /workspace/source/target/apidocs/org/entando/kubernetes/model/KeycloakAwareSpecFluent.KeycloakToUseNested.html...
Generating /workspace/source/target/apidocs/org/entando/kubernetes/model/KeycloakToUse.html...
Generating /workspace/source/target/apidocs/org/entando/kubernetes/model/KeycloakToUseFluent.html...
Generating /workspace/source/target/apidocs/org/entando/kubernetes/model/MetadataNestedImpl.html...
Generating /workspace/source/target/apidocs/org/entando/kubernetes/model/NestedIngressingDeploymentSpecFluent.html...
Generating /workspace/source/target/apidocs/org/entando/kubernetes/model/ResourceReference.html...
Generating /workspace/source/target/apidocs/org/entando/kubernetes/model/SampleWriter.html...
Generating /workspace/source/target/apidocs/org/entando/kubernetes/model/SpecHasIngress.html...
Generating /workspace/source/target/apidocs/org/entando/kubernetes/model/WebServerStatus.html...
Generating /workspace/source/target/apidocs/org/entando/kubernetes/model/app/DoneableEntandoApp.html...
Generating /workspace/source/target/apidocs/org/entando/kubernetes/model/app/EntandoApp.html...
Generating /workspace/source/target/apidocs/org/entando/kubernetes/model/app/EntandoAppBuilder.html...
Generating /workspace/source/target/apidocs/org/entando/kubernetes/model/app/EntandoAppFluent.html...
Generating /workspace/source/target/apidocs/org/entando/kubernetes/model/app/EntandoAppList.html...
Generating /workspace/source/target/apidocs/org/entando/kubernetes/model/app/EntandoAppOperationFactory.html...
Generating /workspace/source/target/apidocs/org/entando/kubernetes/model/app/EntandoAppSpec.html...
Generating /workspace/source/target/apidocs/org/entando/kubernetes/model/app/EntandoAppSpecBuilder.html...
Generating /workspace/source/target/apidocs/org/entando/kubernetes/model/app/EntandoAppSpecFluent.html...
Generating /workspace/source/target/apidocs/org/entando/kubernetes/model/app/EntandoAppSpecFluent.GitSpecBuilderNested.html...
Generating /workspace/source/target/apidocs/org/entando/kubernetes/model/app/NestedEntandoAppSpecFluent.html...
Generating /workspace/source/target/apidocs/org/entando/kubernetes/model/compositeapp/DoneableEntandoCompositeApp.html...
Generating /workspace/source/target/apidocs/org/entando/kubernetes/model/compositeapp/EntandoCompositeApp.html...
Generating /workspace/source/target/apidocs/org/entando/kubernetes/model/compositeapp/EntandoCompositeAppBuilder.html...
Generating /workspace/source/target/apidocs/org/entando/kubernetes/model/compositeapp/EntandoCompositeAppFluent.html...
Generating /workspace/source/target/apidocs/org/entando/kubernetes/model/compositeapp/EntandoCompositeAppFluent.NestedEntandoCompositeAppFluent.html...
Generating /workspace/source/target/apidocs/org/entando/kubernetes/model/compositeapp/EntandoCompositeAppList.html...
Generating /workspace/source/target/apidocs/org/entando/kubernetes/model/compositeapp/EntandoCompositeAppOperationFactory.html...
Generating /workspace/source/target/apidocs/org/entando/kubernetes/model/compositeapp/EntandoCompositeAppSpec.html...
Generating /workspace/source/target/apidocs/org/entando/kubernetes/model/compositeapp/EntandoCompositeAppSpecBuilder.html...
Generating /workspace/source/target/apidocs/org/entando/kubernetes/model/compositeapp/EntandoCompositeAppSpecFluent.html...
Generating /workspace/source/target/apidocs/org/entando/kubernetes/model/compositeapp/EntandoCompositeAppSpecFluent.EntandoAppNested.html...
Generating /workspace/source/target/apidocs/org/entando/kubernetes/model/compositeapp/EntandoCompositeAppSpecFluent.EntandoAppPluginLinkNested.html...
Generating /workspace/source/target/apidocs/org/entando/kubernetes/model/compositeapp/EntandoCompositeAppSpecFluent.EntandoClusterInfrastructureNested.html...
Generating /workspace/source/target/apidocs/org/entando/kubernetes/model/compositeapp/EntandoCompositeAppSpecFluent.EntandoCustomResourceReferenceNested.html...
Generating /workspace/source/target/apidocs/org/entando/kubernetes/model/compositeapp/EntandoCompositeAppSpecFluent.EntandoDatabaseServiceNested.html...
Generating /workspace/source/target/apidocs/org/entando/kubernetes/model/compositeapp/EntandoCompositeAppSpecFluent.EntandoKeycloakServerNested.html...
Generating /workspace/source/target/apidocs/org/entando/kubernetes/model/compositeapp/EntandoCompositeAppSpecFluent.EntandoPluginNested.html...
Generating /workspace/source/target/apidocs/org/entando/kubernetes/model/compositeapp/EntandoCustomResourceReference.html...
Generating /workspace/source/target/apidocs/org/entando/kubernetes/model/compositeapp/EntandoCustomResourceReferenceBuilder.html...
Generating /workspace/source/target/apidocs/org/entando/kubernetes/model/compositeapp/EntandoCustomResourceReferenceFluent.html...
Generating /workspace/source/target/apidocs/org/entando/kubernetes/model/compositeapp/EntandoCustomResourceReferenceFluent.NestedEntandoCustomResourceReferenceSpecFluent.html...
Generating /workspace/source/target/apidocs/org/entando/kubernetes/model/compositeapp/EntandoCustomResourceReferenceSpec.html...
Generating /workspace/source/target/apidocs/org/entando/kubernetes/model/compositeapp/EntandoCustomResourceReferenceSpecBuilder.html...
Generating /workspace/source/target/apidocs/org/entando/kubernetes/model/compositeapp/EntandoCustomResourceReferenceSpecFluent.html...
Generating /workspace/source/target/apidocs/org/entando/kubernetes/model/debundle/DoneableEntandoDeBundle.html...
Generating /workspace/source/target/apidocs/org/entando/kubernetes/model/debundle/EntandoDeBundle.html...
Generating /workspace/source/target/apidocs/org/entando/kubernetes/model/debundle/EntandoDeBundleBuilder.html...
Generating /workspace/source/target/apidocs/org/entando/kubernetes/model/debundle/EntandoDeBundleDetails.html...
Generating /workspace/source/target/apidocs/org/entando/kubernetes/model/debundle/EntandoDeBundleDetailsBuilder.html...
Generating /workspace/source/target/apidocs/org/entando/kubernetes/model/debundle/EntandoDeBundleDetailsFluent.html...
Generating /workspace/source/target/apidocs/org/entando/kubernetes/model/debundle/EntandoDeBundleFluent.html...
Generating /workspace/source/target/apidocs/org/entando/kubernetes/model/debundle/EntandoDeBundleFluent.SpecNestedImpl.html...
Generating /workspace/source/target/apidocs/org/entando/kubernetes/model/debundle/EntandoDeBundleList.html...
Generating /workspace/source/target/apidocs/org/entando/kubernetes/model/debundle/EntandoDeBundleOperationFactory.html...
Generating /workspace/source/target/apidocs/org/entando/kubernetes/model/debundle/EntandoDeBundleSpec.html...
Generating /workspace/source/target/apidocs/org/entando/kubernetes/model/debundle/EntandoDeBundleSpecBuilder.html...
Generating /workspace/source/target/apidocs/org/entando/kubernetes/model/debundle/EntandoDeBundleSpecFluent.html...
Generating /workspace/source/target/apidocs/org/entando/kubernetes/model/debundle/EntandoDeBundleSpecFluent.DetailsNested.html...
Generating /workspace/source/target/apidocs/org/entando/kubernetes/model/debundle/EntandoDeBundleSpecFluent.TagNested.html...
Generating /workspace/source/target/apidocs/org/entando/kubernetes/model/debundle/EntandoDeBundleTag.html...
Generating /workspace/source/target/apidocs/org/entando/kubernetes/model/debundle/EntandoDeBundleTagBuilder.html...
Generating /workspace/source/target/apidocs/org/entando/kubernetes/model/debundle/EntandoDeBundleTagFluent.html...
Generating /workspace/source/target/apidocs/org/entando/kubernetes/model/externaldatabase/DoneableEntandoDatabaseService.html...
Generating /workspace/source/target/apidocs/org/entando/kubernetes/model/externaldatabase/EntandoDatabaseService.html...
Generating /workspace/source/target/apidocs/org/entando/kubernetes/model/externaldatabase/EntandoDatabaseServiceBuilder.html...
Generating /workspace/source/target/apidocs/org/entando/kubernetes/model/externaldatabase/EntandoDatabaseServiceFluent.html...
Generating /workspace/source/target/apidocs/org/entando/kubernetes/model/externaldatabase/EntandoDatabaseServiceList.html...
Generating /workspace/source/target/apidocs/org/entando/kubernetes/model/externaldatabase/EntandoDatabaseServiceOperationFactory.html...
Generating /workspace/source/target/apidocs/org/entando/kubernetes/model/externaldatabase/EntandoDatabaseServiceSpec.html...
Generating /workspace/source/target/apidocs/org/entando/kubernetes/model/externaldatabase/EntandoDatabaseServiceSpecBuilder.html...
Generating /workspace/source/target/apidocs/org/entando/kubernetes/model/externaldatabase/EntandoDatabaseServiceSpecFluent.html...
Generating /workspace/source/target/apidocs/org/entando/kubernetes/model/externaldatabase/NestedEntandoDatabaseServiceFluent.html...
Generating /workspace/source/target/apidocs/org/entando/kubernetes/model/gitspec/GitResponsibility.html...
Generating /workspace/source/target/apidocs/org/entando/kubernetes/model/gitspec/GitSpec.html...
Generating /workspace/source/target/apidocs/org/entando/kubernetes/model/gitspec/GitSpecBuilder.html...
Generating /workspace/source/target/apidocs/org/entando/kubernetes/model/gitspec/GitSpecFluent.html...
Generating /workspace/source/target/apidocs/org/entando/kubernetes/model/infrastructure/DoneableEntandoClusterInfrastructure.html...
Generating /workspace/source/target/apidocs/org/entando/kubernetes/model/infrastructure/EntandoClusterInfrastructure.html...
Generating /workspace/source/target/apidocs/org/entando/kubernetes/model/infrastructure/EntandoClusterInfrastructureBuilder.html...
Generating /workspace/source/target/apidocs/org/entando/kubernetes/model/infrastructure/EntandoClusterInfrastructureFluent.html...
Generating /workspace/source/target/apidocs/org/entando/kubernetes/model/infrastructure/EntandoClusterInfrastructureList.html...
Generating /workspace/source/target/apidocs/org/entando/kubernetes/model/infrastructure/EntandoClusterInfrastructureOperationFactory.html...
Generating /workspace/source/target/apidocs/org/entando/kubernetes/model/infrastructure/EntandoClusterInfrastructureSpec.html...
Generating /workspace/source/target/apidocs/org/entando/kubernetes/model/infrastructure/EntandoClusterInfrastructureSpecBuilder.html...
Generating /workspace/source/target/apidocs/org/entando/kubernetes/model/infrastructure/EntandoClusterInfrastructureSpecFluent.html...
Generating /workspace/source/target/apidocs/org/entando/kubernetes/model/infrastructure/NestedEntandClusterInfrastructureSpecFluent.html...
Generating /workspace/source/target/apidocs/org/entando/kubernetes/model/keycloakserver/DoneableEntandoKeycloakServer.html...
Generating /workspace/source/target/apidocs/org/entando/kubernetes/model/keycloakserver/EntandoKeycloakServer.html...
Generating /workspace/source/target/apidocs/org/entando/kubernetes/model/keycloakserver/EntandoKeycloakServerBuilder.html...
Generating /workspace/source/target/apidocs/org/entando/kubernetes/model/keycloakserver/EntandoKeycloakServerFluent.html...
Generating /workspace/source/target/apidocs/org/entando/kubernetes/model/keycloakserver/EntandoKeycloakServerList.html...
Generating /workspace/source/target/apidocs/org/entando/kubernetes/model/keycloakserver/EntandoKeycloakServerOperationFactory.html...
Generating /workspace/source/target/apidocs/org/entando/kubernetes/model/keycloakserver/EntandoKeycloakServerSpec.html...
Generating /workspace/source/target/apidocs/org/entando/kubernetes/model/keycloakserver/EntandoKeycloakServerSpecBuilder.html...
Generating /workspace/source/target/apidocs/org/entando/kubernetes/model/keycloakserver/EntandoKeycloakServerSpecFluent.html...
Generating /workspace/source/target/apidocs/org/entando/kubernetes/model/keycloakserver/NestedEntandoKeycloakServerSpecFluent.html...
Generating /workspace/source/target/apidocs/org/entando/kubernetes/model/keycloakserver/StandardKeycloakImage.html...
Generating /workspace/source/target/apidocs/org/entando/kubernetes/model/link/DoneableEntandoAppPluginLink.html...
Generating /workspace/source/target/apidocs/org/entando/kubernetes/model/link/EntandoAppPluginLink.html...
Generating /workspace/source/target/apidocs/org/entando/kubernetes/model/link/EntandoAppPluginLinkBuilder.html...
Generating /workspace/source/target/apidocs/org/entando/kubernetes/model/link/EntandoAppPluginLinkFluent.html...
Generating /workspace/source/target/apidocs/org/entando/kubernetes/model/link/EntandoAppPluginLinkFluent.NestedEntandoAppPluginLinkSpecFluent.html...
Generating /workspace/source/target/apidocs/org/entando/kubernetes/model/link/EntandoAppPluginLinkList.html...
Generating /workspace/source/target/apidocs/org/entando/kubernetes/model/link/EntandoAppPluginLinkOperationFactory.html...
Generating /workspace/source/target/apidocs/org/entando/kubernetes/model/link/EntandoAppPluginLinkSpec.html...
Generating /workspace/source/target/apidocs/org/entando/kubernetes/model/link/EntandoAppPluginLinkSpecBuilder.html...
Generating /workspace/source/target/apidocs/org/entando/kubernetes/model/link/EntandoAppPluginLinkSpecFluent.html...
Generating /workspace/source/target/apidocs/org/entando/kubernetes/model/plugin/DoneableEntandoPlugin.html...
Generating /workspace/source/target/apidocs/org/entando/kubernetes/model/plugin/EntandoPlugin.html...
Generating /workspace/source/target/apidocs/org/entando/kubernetes/model/plugin/EntandoPluginBuilder.html...
Generating /workspace/source/target/apidocs/org/entando/kubernetes/model/plugin/EntandoPluginFluent.html...
Generating /workspace/source/target/apidocs/org/entando/kubernetes/model/plugin/EntandoPluginList.html...
Generating /workspace/source/target/apidocs/org/entando/kubernetes/model/plugin/EntandoPluginOperationFactory.html...
Generating /workspace/source/target/apidocs/org/entando/kubernetes/model/plugin/EntandoPluginSpec.html...
Generating /workspace/source/target/apidocs/org/entando/kubernetes/model/plugin/EntandoPluginSpecBuilder.html...
Generating /workspace/source/target/apidocs/org/entando/kubernetes/model/plugin/EntandoPluginSpecFluent.html...
Generating /workspace/source/target/apidocs/org/entando/kubernetes/model/plugin/ExpectedRole.html...
Generating /workspace/source/target/apidocs/org/entando/kubernetes/model/plugin/NestedEntandoPluginSpecFluent.html...
Generating /workspace/source/target/apidocs/org/entando/kubernetes/model/plugin/Permission.html...
Generating /workspace/source/target/apidocs/org/entando/kubernetes/model/plugin/PluginSecurityLevel.html...
Generating /workspace/source/target/apidocs/org/entando/kubernetes/model/package-summary.html...
Generating /workspace/source/target/apidocs/org/entando/kubernetes/model/package-tree.html...
Generating /workspace/source/target/apidocs/org/entando/kubernetes/model/app/package-summary.html...
Generating /workspace/source/target/apidocs/org/entando/kubernetes/model/app/package-tree.html...
Generating /workspace/source/target/apidocs/org/entando/kubernetes/model/compositeapp/package-summary.html...
Generating /workspace/source/target/apidocs/org/entando/kubernetes/model/compositeapp/package-tree.html...
Generating /workspace/source/target/apidocs/org/entando/kubernetes/model/debundle/package-summary.html...
Generating /workspace/source/target/apidocs/org/entando/kubernetes/model/debundle/package-tree.html...
Generating /workspace/source/target/apidocs/org/entando/kubernetes/model/externaldatabase/package-summary.html...
Generating /workspace/source/target/apidocs/org/entando/kubernetes/model/externaldatabase/package-tree.html...
Generating /workspace/source/target/apidocs/org/entando/kubernetes/model/gitspec/package-summary.html...
Generating /workspace/source/target/apidocs/org/entando/kubernetes/model/gitspec/package-tree.html...
Generating /workspace/source/target/apidocs/org/entando/kubernetes/model/infrastructure/package-summary.html...
Generating /workspace/source/target/apidocs/org/entando/kubernetes/model/infrastructure/package-tree.html...
Generating /workspace/source/target/apidocs/org/entando/kubernetes/model/keycloakserver/package-summary.html...
Generating /workspace/source/target/apidocs/org/entando/kubernetes/model/keycloakserver/package-tree.html...
Generating /workspace/source/target/apidocs/org/entando/kubernetes/model/link/package-summary.html...
Generating /workspace/source/target/apidocs/org/entando/kubernetes/model/link/package-tree.html...
Generating /workspace/source/target/apidocs/org/entando/kubernetes/model/plugin/package-summary.html...
Generating /workspace/source/target/apidocs/org/entando/kubernetes/model/plugin/package-tree.html...
Generating /workspace/source/target/apidocs/constant-values.html...
Generating /workspace/source/target/apidocs/serialized-form.html...
Generating /workspace/source/target/apidocs/org/entando/kubernetes/model/keycloakserver/class-use/EntandoKeycloakServerList.html...
Generating /workspace/source/target/apidocs/org/entando/kubernetes/model/keycloakserver/class-use/EntandoKeycloakServerFluent.html...
Generating /workspace/source/target/apidocs/org/entando/kubernetes/model/keycloakserver/class-use/StandardKeycloakImage.html...
Generating /workspace/source/target/apidocs/org/entando/kubernetes/model/keycloakserver/class-use/EntandoKeycloakServer.html...
Generating /workspace/source/target/apidocs/org/entando/kubernetes/model/keycloakserver/class-use/EntandoKeycloakServerBuilder.html...
Generating /workspace/source/target/apidocs/org/entando/kubernetes/model/keycloakserver/class-use/EntandoKeycloakServerSpecBuilder.html...
Generating /workspace/source/target/apidocs/org/entando/kubernetes/model/keycloakserver/class-use/EntandoKeycloakServerOperationFactory.html...
Generating /workspace/source/target/apidocs/org/entando/kubernetes/model/keycloakserver/class-use/EntandoKeycloakServerSpec.html...
Generating /workspace/source/target/apidocs/org/entando/kubernetes/model/keycloakserver/class-use/DoneableEntandoKeycloakServer.html...
Generating /workspace/source/target/apidocs/org/entando/kubernetes/model/keycloakserver/class-use/NestedEntandoKeycloakServerSpecFluent.html...
Generating /workspace/source/target/apidocs/org/entando/kubernetes/model/keycloakserver/class-use/EntandoKeycloakServerSpecFluent.html...
Generating /workspace/source/target/apidocs/org/entando/kubernetes/model/class-use/ResourceReference.html...
Generating /workspace/source/target/apidocs/org/entando/kubernetes/model/class-use/DbmsVendor.html...
Generating /workspace/source/target/apidocs/org/entando/kubernetes/model/class-use/EntandoResourceRequirements.html...
Generating /workspace/source/target/apidocs/org/entando/kubernetes/model/class-use/Coalescence.html...
Generating /workspace/source/target/apidocs/org/entando/kubernetes/model/class-use/JeeServer.html...
Generating /workspace/source/target/apidocs/org/entando/kubernetes/model/class-use/KeycloakAwareSpec.html...
Generating /workspace/source/target/apidocs/org/entando/kubernetes/model/class-use/EntandoDeploymentSpec.html...
Generating /workspace/source/target/apidocs/org/entando/kubernetes/model/class-use/SampleWriter.html...
Generating /workspace/source/target/apidocs/org/entando/kubernetes/model/class-use/EntandoBaseCustomResource.html...
Generating /workspace/source/target/apidocs/org/entando/kubernetes/model/class-use/EntandoIngressingDeploymentSpecFluent.html...
Generating /workspace/source/target/apidocs/org/entando/kubernetes/model/class-use/EntandoResourceOperationsRegistry.html...
Generating /workspace/source/target/apidocs/org/entando/kubernetes/model/class-use/KeycloakToUse.html...
Generating /workspace/source/target/apidocs/org/entando/kubernetes/model/class-use/EntandoCustomResourceResolver.html...
Generating /workspace/source/target/apidocs/org/entando/kubernetes/model/class-use/EntandoBaseFluent.html...
Generating /workspace/source/target/apidocs/org/entando/kubernetes/model/class-use/SpecHasIngress.html...
Generating /workspace/source/target/apidocs/org/entando/kubernetes/model/class-use/AbstractServerStatus.html...
Generating /workspace/source/target/apidocs/org/entando/kubernetes/model/class-use/EntandoControllerFailureBuilder.html...
Generating /workspace/source/target/apidocs/org/entando/kubernetes/model/class-use/ClusterInfrastructureAwareSpec.html...
Generating /workspace/source/target/apidocs/org/entando/kubernetes/model/class-use/EntandoIngressingDeploymentBaseFluent.html...
Generating /workspace/source/target/apidocs/org/entando/kubernetes/model/class-use/DoneableEntandoCustomResource.html...
Generating /workspace/source/target/apidocs/org/entando/kubernetes/model/class-use/EntandoResourceRequirementsFluent.html...
Generating /workspace/source/target/apidocs/org/entando/kubernetes/model/class-use/HasIngress.html...
Generating /workspace/source/target/apidocs/org/entando/kubernetes/model/class-use/EntandoControllerFailure.html...
Generating /workspace/source/target/apidocs/org/entando/kubernetes/model/class-use/EntandoCustomResource.html...
Generating /workspace/source/target/apidocs/org/entando/kubernetes/model/class-use/EntandoIngressingDeploymentSpecBaseFluent.html...
Generating /workspace/source/target/apidocs/org/entando/kubernetes/model/class-use/ClusterInfrastructureAwareSpecFluent.html...
Generating /workspace/source/target/apidocs/org/entando/kubernetes/model/class-use/KeycloakToUseFluent.html...
Generating /workspace/source/target/apidocs/org/entando/kubernetes/model/class-use/EntandoCustomResourceStatus.html...
Generating /workspace/source/target/apidocs/org/entando/kubernetes/model/class-use/EntandoFluent.html...
Generating /workspace/source/target/apidocs/org/entando/kubernetes/model/class-use/EntandoDeploymentPhase.html...
Generating /workspace/source/target/apidocs/org/entando/kubernetes/model/class-use/KeycloakAwareSpecFluent.html...
Generating /workspace/source/target/apidocs/org/entando/kubernetes/model/class-use/KeycloakAwareSpecFluent.KeycloakToUseNested.html...
Generating /workspace/source/target/apidocs/org/entando/kubernetes/model/class-use/NestedIngressingDeploymentSpecFluent.html...
Generating /workspace/source/target/apidocs/org/entando/kubernetes/model/class-use/DbServerStatus.html...
Generating /workspace/source/target/apidocs/org/entando/kubernetes/model/class-use/MetadataNestedImpl.html...
Generating /workspace/source/target/apidocs/org/entando/kubernetes/model/class-use/EntandoIngressingDeploymentSpec.html...
Generating /workspace/source/target/apidocs/org/entando/kubernetes/model/class-use/EntandoDeploymentSpecFluent.html...
Generating /workspace/source/target/apidocs/org/entando/kubernetes/model/class-use/EntandoDeploymentSpecFluent.EntandoResourceRequirementsNested.html...
Generating /workspace/source/target/apidocs/org/entando/kubernetes/model/class-use/WebServerStatus.html...
Generating /workspace/source/target/apidocs/org/entando/kubernetes/model/class-use/EntandoResourceRequirementsBuilder.html...
Generating /workspace/source/target/apidocs/org/entando/kubernetes/model/app/class-use/EntandoAppSpecFluent.html...
Generating /workspace/source/target/apidocs/org/entando/kubernetes/model/app/class-use/EntandoAppSpecFluent.GitSpecBuilderNested.html...
Generating /workspace/source/target/apidocs/org/entando/kubernetes/model/app/class-use/EntandoAppFluent.html...
Generating /workspace/source/target/apidocs/org/entando/kubernetes/model/app/class-use/EntandoAppList.html...
Generating /workspace/source/target/apidocs/org/entando/kubernetes/model/app/class-use/EntandoApp.html...
Generating /workspace/source/target/apidocs/org/entando/kubernetes/model/app/class-use/NestedEntandoAppSpecFluent.html...
Generating /workspace/source/target/apidocs/org/entando/kubernetes/model/app/class-use/EntandoAppOperationFactory.html...
Generating /workspace/source/target/apidocs/org/entando/kubernetes/model/app/class-use/DoneableEntandoApp.html...
Generating /workspace/source/target/apidocs/org/entando/kubernetes/model/app/class-use/EntandoAppSpecBuilder.html...
Generating /workspace/source/target/apidocs/org/entando/kubernetes/model/app/class-use/EntandoAppBuilder.html...
Generating /workspace/source/target/apidocs/org/entando/kubernetes/model/app/class-use/EntandoAppSpec.html...
Generating /workspace/source/target/apidocs/org/entando/kubernetes/model/externaldatabase/class-use/NestedEntandoDatabaseServiceFluent.html...
Generating /workspace/source/target/apidocs/org/entando/kubernetes/model/externaldatabase/class-use/EntandoDatabaseServiceList.html...
Generating /workspace/source/target/apidocs/org/entando/kubernetes/model/externaldatabase/class-use/EntandoDatabaseServiceOperationFactory.html...
Generating /workspace/source/target/apidocs/org/entando/kubernetes/model/externaldatabase/class-use/EntandoDatabaseServiceSpec.html...
Generating /workspace/source/target/apidocs/org/entando/kubernetes/model/externaldatabase/class-use/EntandoDatabaseService.html...
Generating /workspace/source/target/apidocs/org/entando/kubernetes/model/externaldatabase/class-use/DoneableEntandoDatabaseService.html...
Generating /workspace/source/target/apidocs/org/entando/kubernetes/model/externaldatabase/class-use/EntandoDatabaseServiceSpecBuilder.html...
Generating /workspace/source/target/apidocs/org/entando/kubernetes/model/externaldatabase/class-use/EntandoDatabaseServiceFluent.html...
Generating /workspace/source/target/apidocs/org/entando/kubernetes/model/externaldatabase/class-use/EntandoDatabaseServiceSpecFluent.html...
Generating /workspace/source/target/apidocs/org/entando/kubernetes/model/externaldatabase/class-use/EntandoDatabaseServiceBuilder.html...
Generating /workspace/source/target/apidocs/org/entando/kubernetes/model/infrastructure/class-use/DoneableEntandoClusterInfrastructure.html...
Generating /workspace/source/target/apidocs/org/entando/kubernetes/model/infrastructure/class-use/EntandoClusterInfrastructureSpecBuilder.html...
Generating /workspace/source/target/apidocs/org/entando/kubernetes/model/infrastructure/class-use/EntandoClusterInfrastructureOperationFactory.html...
Generating /workspace/source/target/apidocs/org/entando/kubernetes/model/infrastructure/class-use/EntandoClusterInfrastructure.html...
Generating /workspace/source/target/apidocs/org/entando/kubernetes/model/infrastructure/class-use/EntandoClusterInfrastructureFluent.html...
Generating /workspace/source/target/apidocs/org/entando/kubernetes/model/infrastructure/class-use/EntandoClusterInfrastructureSpecFluent.html...
Generating /workspace/source/target/apidocs/org/entando/kubernetes/model/infrastructure/class-use/NestedEntandClusterInfrastructureSpecFluent.html...
Generating /workspace/source/target/apidocs/org/entando/kubernetes/model/infrastructure/class-use/EntandoClusterInfrastructureSpec.html...
Generating /workspace/source/target/apidocs/org/entando/kubernetes/model/infrastructure/class-use/EntandoClusterInfrastructureList.html...
Generating /workspace/source/target/apidocs/org/entando/kubernetes/model/infrastructure/class-use/EntandoClusterInfrastructureBuilder.html...
Generating /workspace/source/target/apidocs/org/entando/kubernetes/model/plugin/class-use/ExpectedRole.html...
Generating /workspace/source/target/apidocs/org/entando/kubernetes/model/plugin/class-use/Permission.html...
Generating /workspace/source/target/apidocs/org/entando/kubernetes/model/plugin/class-use/EntandoPluginSpecBuilder.html...
Generating /workspace/source/target/apidocs/org/entando/kubernetes/model/plugin/class-use/NestedEntandoPluginSpecFluent.html...
Generating /workspace/source/target/apidocs/org/entando/kubernetes/model/plugin/class-use/EntandoPluginSpec.html...
Generating /workspace/source/target/apidocs/org/entando/kubernetes/model/plugin/class-use/EntandoPluginBuilder.html...
Generating /workspace/source/target/apidocs/org/entando/kubernetes/model/plugin/class-use/EntandoPluginSpecFluent.html...
Generating /workspace/source/target/apidocs/org/entando/kubernetes/model/plugin/class-use/PluginSecurityLevel.html...
Generating /workspace/source/target/apidocs/org/entando/kubernetes/model/plugin/class-use/DoneableEntandoPlugin.html...
Generating /workspace/source/target/apidocs/org/entando/kubernetes/model/plugin/class-use/EntandoPluginFluent.html...
Generating /workspace/source/target/apidocs/org/entando/kubernetes/model/plugin/class-use/EntandoPluginList.html...
Generating /workspace/source/target/apidocs/org/entando/kubernetes/model/plugin/class-use/EntandoPlugin.html...
Generating /workspace/source/target/apidocs/org/entando/kubernetes/model/plugin/class-use/EntandoPluginOperationFactory.html...
Generating /workspace/source/target/apidocs/org/entando/kubernetes/model/gitspec/class-use/GitSpec.html...
Generating /workspace/source/target/apidocs/org/entando/kubernetes/model/gitspec/class-use/GitResponsibility.html...
Generating /workspace/source/target/apidocs/org/entando/kubernetes/model/gitspec/class-use/GitSpecBuilder.html...
Generating /workspace/source/target/apidocs/org/entando/kubernetes/model/gitspec/class-use/GitSpecFluent.html...
Generating /workspace/source/target/apidocs/org/entando/kubernetes/model/debundle/class-use/EntandoDeBundleDetailsBuilder.html...
Generating /workspace/source/target/apidocs/org/entando/kubernetes/model/debundle/class-use/DoneableEntandoDeBundle.html...
Generating /workspace/source/target/apidocs/org/entando/kubernetes/model/debundle/class-use/EntandoDeBundleDetails.html...
Generating /workspace/source/target/apidocs/org/entando/kubernetes/model/debundle/class-use/EntandoDeBundleList.html...
Generating /workspace/source/target/apidocs/org/entando/kubernetes/model/debundle/class-use/EntandoDeBundleSpec.html...
Generating /workspace/source/target/apidocs/org/entando/kubernetes/model/debundle/class-use/EntandoDeBundleSpecFluent.html...
Generating /workspace/source/target/apidocs/org/entando/kubernetes/model/debundle/class-use/EntandoDeBundleSpecFluent.TagNested.html...
Generating /workspace/source/target/apidocs/org/entando/kubernetes/model/debundle/class-use/EntandoDeBundleSpecFluent.DetailsNested.html...
Generating /workspace/source/target/apidocs/org/entando/kubernetes/model/debundle/class-use/EntandoDeBundleTagBuilder.html...
Generating /workspace/source/target/apidocs/org/entando/kubernetes/model/debundle/class-use/EntandoDeBundleFluent.html...
Generating /workspace/source/target/apidocs/org/entando/kubernetes/model/debundle/class-use/EntandoDeBundleFluent.SpecNestedImpl.html...
Generating /workspace/source/target/apidocs/org/entando/kubernetes/model/debundle/class-use/EntandoDeBundleBuilder.html...
Generating /workspace/source/target/apidocs/org/entando/kubernetes/model/debundle/class-use/EntandoDeBundleDetailsFluent.html...
Generating /workspace/source/target/apidocs/org/entando/kubernetes/model/debundle/class-use/EntandoDeBundleTag.html...
Generating /workspace/source/target/apidocs/org/entando/kubernetes/model/debundle/class-use/EntandoDeBundleSpecBuilder.html...
Generating /workspace/source/target/apidocs/org/entando/kubernetes/model/debundle/class-use/EntandoDeBundleOperationFactory.html...
Generating /workspace/source/target/apidocs/org/entando/kubernetes/model/debundle/class-use/EntandoDeBundleTagFluent.html...
Generating /workspace/source/target/apidocs/org/entando/kubernetes/model/debundle/class-use/EntandoDeBundle.html...
Generating /workspace/source/target/apidocs/org/entando/kubernetes/model/link/class-use/EntandoAppPluginLinkList.html...
Generating /workspace/source/target/apidocs/org/entando/kubernetes/model/link/class-use/EntandoAppPluginLinkSpecBuilder.html...
Generating /workspace/source/target/apidocs/org/entando/kubernetes/model/link/class-use/EntandoAppPluginLinkOperationFactory.html...
Generating /workspace/source/target/apidocs/org/entando/kubernetes/model/link/class-use/EntandoAppPluginLinkSpecFluent.html...
Generating /workspace/source/target/apidocs/org/entando/kubernetes/model/link/class-use/EntandoAppPluginLinkSpec.html...
Generating /workspace/source/target/apidocs/org/entando/kubernetes/model/link/class-use/EntandoAppPluginLink.html...
Generating /workspace/source/target/apidocs/org/entando/kubernetes/model/link/class-use/EntandoAppPluginLinkBuilder.html...
Generating /workspace/source/target/apidocs/org/entando/kubernetes/model/link/class-use/EntandoAppPluginLinkFluent.html...
Generating /workspace/source/target/apidocs/org/entando/kubernetes/model/link/class-use/EntandoAppPluginLinkFluent.NestedEntandoAppPluginLinkSpecFluent.html...
Generating /workspace/source/target/apidocs/org/entando/kubernetes/model/link/class-use/DoneableEntandoAppPluginLink.html...
Generating /workspace/source/target/apidocs/org/entando/kubernetes/model/compositeapp/class-use/EntandoCustomResourceReferenceSpecBuilder.html...
Generating /workspace/source/target/apidocs/org/entando/kubernetes/model/compositeapp/class-use/EntandoCompositeApp.html...
Generating /workspace/source/target/apidocs/org/entando/kubernetes/model/compositeapp/class-use/EntandoCompositeAppBuilder.html...
Generating /workspace/source/target/apidocs/org/entando/kubernetes/model/compositeapp/class-use/EntandoCustomResourceReferenceSpecFluent.html...
Generating /workspace/source/target/apidocs/org/entando/kubernetes/model/compositeapp/class-use/EntandoCompositeAppSpecFluent.html...
Generating /workspace/source/target/apidocs/org/entando/kubernetes/model/compositeapp/class-use/EntandoCompositeAppSpecFluent.EntandoCustomResourceReferenceNested.html...
Generating /workspace/source/target/apidocs/org/entando/kubernetes/model/compositeapp/class-use/EntandoCompositeAppSpecFluent.EntandoDatabaseServiceNested.html...
Generating /workspace/source/target/apidocs/org/entando/kubernetes/model/compositeapp/class-use/EntandoCompositeAppSpecFluent.EntandoAppPluginLinkNested.html...
Generating /workspace/source/target/apidocs/org/entando/kubernetes/model/compositeapp/class-use/EntandoCompositeAppSpecFluent.EntandoPluginNested.html...
Generating /workspace/source/target/apidocs/org/entando/kubernetes/model/compositeapp/class-use/EntandoCompositeAppSpecFluent.EntandoClusterInfrastructureNested.html...
Generating /workspace/source/target/apidocs/org/entando/kubernetes/model/compositeapp/class-use/EntandoCompositeAppSpecFluent.EntandoAppNested.html...
Generating /workspace/source/target/apidocs/org/entando/kubernetes/model/compositeapp/class-use/EntandoCompositeAppSpecFluent.EntandoKeycloakServerNested.html...
Generating /workspace/source/target/apidocs/org/entando/kubernetes/model/compositeapp/class-use/EntandoCompositeAppSpecBuilder.html...
Generating /workspace/source/target/apidocs/org/entando/kubernetes/model/compositeapp/class-use/EntandoCustomResourceReference.html...
Generating /workspace/source/target/apidocs/org/entando/kubernetes/model/compositeapp/class-use/EntandoCustomResourceReferenceFluent.html...
Generating /workspace/source/target/apidocs/org/entando/kubernetes/model/compositeapp/class-use/EntandoCustomResourceReferenceFluent.NestedEntandoCustomResourceReferenceSpecFluent.html...
Generating /workspace/source/target/apidocs/org/entando/kubernetes/model/compositeapp/class-use/EntandoCompositeAppOperationFactory.html...
Generating /workspace/source/target/apidocs/org/entando/kubernetes/model/compositeapp/class-use/EntandoCompositeAppSpec.html...
Generating /workspace/source/target/apidocs/org/entando/kubernetes/model/compositeapp/class-use/DoneableEntandoCompositeApp.html...
Generating /workspace/source/target/apidocs/org/entando/kubernetes/model/compositeapp/class-use/EntandoCustomResourceReferenceSpec.html...
Generating /workspace/source/target/apidocs/org/entando/kubernetes/model/compositeapp/class-use/EntandoCompositeAppList.html...
Generating /workspace/source/target/apidocs/org/entando/kubernetes/model/compositeapp/class-use/EntandoCustomResourceReferenceBuilder.html...
Generating /workspace/source/target/apidocs/org/entando/kubernetes/model/compositeapp/class-use/EntandoCompositeAppFluent.html...
Generating /workspace/source/target/apidocs/org/entando/kubernetes/model/compositeapp/class-use/EntandoCompositeAppFluent.NestedEntandoCompositeAppFluent.html...
Generating /workspace/source/target/apidocs/org/entando/kubernetes/model/package-use.html...
Generating /workspace/source/target/apidocs/org/entando/kubernetes/model/app/package-use.html...
Generating /workspace/source/target/apidocs/org/entando/kubernetes/model/compositeapp/package-use.html...
Generating /workspace/source/target/apidocs/org/entando/kubernetes/model/debundle/package-use.html...
Generating /workspace/source/target/apidocs/org/entando/kubernetes/model/externaldatabase/package-use.html...
Generating /workspace/source/target/apidocs/org/entando/kubernetes/model/gitspec/package-use.html...
Generating /workspace/source/target/apidocs/org/entando/kubernetes/model/infrastructure/package-use.html...
Generating /workspace/source/target/apidocs/org/entando/kubernetes/model/keycloakserver/package-use.html...
Generating /workspace/source/target/apidocs/org/entando/kubernetes/model/link/package-use.html...
Generating /workspace/source/target/apidocs/org/entando/kubernetes/model/plugin/package-use.html...
Building index for all the packages and classes...
Generating /workspace/source/target/apidocs/overview-tree.html...
Generating /workspace/source/target/apidocs/index-all.html...
Building index for all classes...
Generating /workspace/source/target/apidocs/allclasses-index.html...
Generating /workspace/source/target/apidocs/allpackages-index.html...
Generating /workspace/source/target/apidocs/deprecated-list.html...
Building index for all classes...
Generating /workspace/source/target/apidocs/allclasses.html...
Generating /workspace/source/target/apidocs/allclasses.html...
Generating /workspace/source/target/apidocs/index.html...
Generating /workspace/source/target/apidocs/overview-summary.html...
Generating /workspace/source/target/apidocs/help-doc.html...
[INFO] Building jar: /workspace/source/target/entando-k8s-custom-model-0.0.0-SNAPSHOT-PR-37-18-javadoc.jar
[INFO] 
[INFO] --- maven-surefire-report-plugin:3.0.0-M4:failsafe-report-only (integration-tests) @ entando-k8s-custom-model ---
[INFO] 
[INFO] --- dependency-check-maven:6.0.3:aggregate (default) @ entando-k8s-custom-model ---
[INFO] Checking for updates
[INFO] Download Started for NVD CVE - Modified
[INFO] Download Complete for NVD CVE - Modified  (800 ms)
[INFO] Processing Started for NVD CVE - Modified
WARNING: An illegal reflective access operation has occurred
WARNING: Illegal reflective access by com.fasterxml.jackson.module.afterburner.util.MyClassLoader (file:/home/jenkins/.mvnrepository/com/fasterxml/jackson/module/jackson-module-afterburner/2.11.3/jackson-module-afterburner-2.11.3.jar) to method java.lang.ClassLoader.findLoadedClass(java.lang.String)
WARNING: Please consider reporting this to the maintainers of com.fasterxml.jackson.module.afterburner.util.MyClassLoader
WARNING: Use --illegal-access=warn to enable warnings of further illegal reflective access operations
WARNING: All illegal access operations will be denied in a future release
[INFO] Processing Complete for NVD CVE - Modified  (8118 ms)
[INFO] Begin database maintenance
[INFO] Updated the CPE eco****** on 1 NVD records
[INFO] Cleaned up 34 orphaned NVD records
[INFO] End database maintenance (798 ms)
[INFO] Check for updates complete (10580 ms)
[INFO] 

Dependency-Check is an open source tool performing a best effort analysis of 3rd party dependencies; false positives and false negatives may exist in the analysis performed by the tool. Use of the tool and the reporting provided constitutes acceptance for use in an AS IS condition, and there are NO warranties, implied or otherwise, with regard to the analysis or its use. Any use of the tool and the reporting provided is at the user’s risk. In no event shall the copyright holder or OWASP be held liable for any damages whatsoever arising out of or in connection with the use of this tool, the analysis performed, or the resulting report.


[INFO] Analysis Started
[INFO] Finished Archive Analyzer (1 seconds)
[INFO] Finished File Name Analyzer (0 seconds)
[INFO] Finished Jar Analyzer (1 seconds)
[INFO] Finished Dependency Merging Analyzer (0 seconds)
[INFO] Finished Version Filter Analyzer (0 seconds)
[INFO] Finished Hint Analyzer (0 seconds)
[INFO] Created CPE Index (4 seconds)
[INFO] Finished CPE Analyzer (6 seconds)
[INFO] Finished False Positive Analyzer (0 seconds)
[INFO] Finished NVD CVE Analyzer (0 seconds)
[INFO] Finished Sonatype OSS Index Analyzer (1 seconds)
[INFO] Finished Vulnerability Suppression Analyzer (0 seconds)
[INFO] Finished Dependency Bundling Analyzer (0 seconds)
[INFO] Analysis Complete (10 seconds)
[INFO] 
[INFO] --- jacoco-maven-plugin:0.8.5:report (report) @ entando-k8s-custom-model ---
[INFO] Loading e**cution data file /workspace/source/target/jacoco.e**c
[INFO] Analyzed bundle 'Entando Kubernetes Custom Model' with 144 classes
[INFO] 
[INFO] --- maven-surefire-report-plugin:3.0.0-M4:report-only (unit-tests) @ entando-k8s-custom-model ---
[WARNING] Unable to locate Test Source XRef to link to - DISABLED
[INFO] 
[INFO] --- maven-install-plugin:2.4:install (default-install) @ entando-k8s-custom-model ---
[INFO] Installing /workspace/source/target/entando-k8s-custom-model-0.0.0-SNAPSHOT-PR-37-18.jar to /home/jenkins/.mvnrepository/org/entando/entando-k8s-custom-model/0.0.0-SNAPSHOT-PR-37-18/entando-k8s-custom-model-0.0.0-SNAPSHOT-PR-37-18.jar
[INFO] Installing /workspace/source/pom.xml to /home/jenkins/.mvnrepository/org/entando/entando-k8s-custom-model/0.0.0-SNAPSHOT-PR-37-18/entando-k8s-custom-model-0.0.0-SNAPSHOT-PR-37-18.pom
[INFO] Installing /workspace/source/target/entando-k8s-custom-model-0.0.0-SNAPSHOT-PR-37-18-tests.jar to /home/jenkins/.mvnrepository/org/entando/entando-k8s-custom-model/0.0.0-SNAPSHOT-PR-37-18/entando-k8s-custom-model-0.0.0-SNAPSHOT-PR-37-18-tests.jar
[INFO] Installing /workspace/source/target/entando-k8s-custom-model-0.0.0-SNAPSHOT-PR-37-18-javadoc.jar to /home/jenkins/.mvnrepository/org/entando/entando-k8s-custom-model/0.0.0-SNAPSHOT-PR-37-18/entando-k8s-custom-model-0.0.0-SNAPSHOT-PR-37-18-javadoc.jar
[INFO] 
[INFO] --- maven-deploy-plugin:2.8.2:deploy (default-deploy) @ entando-k8s-custom-model ---
[INFO] Using alternate deployment repository local-nexus::default::http://nexus/repository/maven-releases/
[INFO] 
[INFO] ----------------< org.entando:entando-k8s-custom-model >----------------
[INFO] Building Entando Kubernetes Custom Model 0.0.0-SNAPSHOT-PR-37-18
[INFO] --------------------------------[ jar ]---------------------------------
[INFO] 
[INFO] --- sonar-maven-plugin:3.8.0.2131:sonar (default-cli) @ entando-k8s-custom-model ---
[INFO] User cache: /****/.sonar/cache
[INFO] SonarQube version: 8.5.0
[INFO] Default locale: "en_US", source code encoding: "UTF-8"
[INFO] Load global settings
[INFO] Load global settings (done) | time=214ms
[INFO] Server id: 1BD809FA-AWHW8ct9-T_TB3XqouNu
[INFO] User cache: /****/.sonar/cache
[INFO] Load/download plugins
[INFO] Load plugins index
[INFO] Load plugins index (done) | time=86ms
[INFO] Load/download plugins (done) | time=24271ms
[INFO] Loaded core extensions: developer-scanner
[INFO] JavaScript/TypeScript frontend is enabled
[INFO] Load project settings for component key: 'entando-k8s_entando-k8s-custom-model'
[INFO] Load project settings for component key: 'entando-k8s_entando-k8s-custom-model' (done) | time=33ms
[INFO] Process project properties
[INFO] E**cute project builders
[INFO] E**cute project builders (done) | time=1ms
[INFO] Project key: entando-k8s_entando-k8s-custom-model
[INFO] Base dir: /workspace/source
[INFO] Working dir: /workspace/source/target/sonar
[INFO] Load project branches
[INFO] Load project branches (done) | time=27ms
[INFO] Check ALM binding of project 'entando-k8s_entando-k8s-custom-model'
[INFO] Detected project binding: BOUND
[INFO] Check ALM binding of project 'entando-k8s_entando-k8s-custom-model' (done) | time=20ms
[INFO] Load project pull requests
[INFO] Load project pull requests (done) | time=33ms
[INFO] Load branch configuration
[INFO] Load branch configuration (done) | time=507ms
[INFO] Load quality profiles
[INFO] Load quality profiles (done) | time=62ms
[INFO] Load active rules
[INFO] Load active rules (done) | time=1332ms
[INFO] Organization key: entando-k8s
[INFO] Pull request 37 for merge into master from ENG-1737_added_standardImage_to_keycloak_crd
[INFO] SCM collecting changed files in the branch
[WARNING] Exception caught during e**cution of command '[/usr/local/git/bin/git, config, --******, --edit]' in '/usr/local/git/bin', return code '128', error message 'fatal: Invalid path '/usr/local/git/etc': No such file or directory
'
[INFO] SCM collecting changed files in the branch (done) | time=339ms
[INFO] Indexing files...
[INFO] Project configuration:
[INFO] 164 files inde**d
[INFO] 0 files ignored because of scm ignore settings
[INFO] Quality profile for java: Sonar way
[INFO] Quality profile for xml: Sonar way
[INFO] ------------- Run sensors on module Entando Kubernetes Custom Model
[INFO] JavaScript/TypeScript frontend is enabled
[INFO] Load metrics repository
[INFO] Load metrics repository (done) | time=32ms
[INFO] Sensor JavaSquidSensor [java]
[INFO] Configured Java source version (sonar.java.source): 8
[INFO] JavaClasspath initialization
[INFO] JavaClasspath initialization (done) | time=15ms
[INFO] JavaTestClasspath initialization
[INFO] JavaTestClasspath initialization (done) | time=1ms
[INFO] Java Main Files AST scan
[INFO] 135 source files to be analyzed
[INFO] 60/135 files analyzed, current file: src/main/java/org/entando/kubernetes/model/compositeapp/EntandoCustomResourceReference.java
[INFO] 135/135 source files have been analyzed
[INFO] Java Main Files AST scan (done) | time=16983ms
[INFO] Java Test Files AST scan
[INFO] 28 source files to be analyzed
[INFO] Java Test Files AST scan (done) | time=2625ms
[INFO] 28/28 source files have been analyzed
[INFO] Java Generated Files AST scan
[INFO] 0 source files to be analyzed
[INFO] Java Generated Files AST scan (done) | time=1ms
[INFO] 0/0 source files have been analyzed
[INFO] Sensor JavaSquidSensor [java] (done) | time=20437ms
[INFO] Sensor SonarCSS Rules [cssfamily]
[INFO] No CSS, PHP, HTML or VueJS files are found in the project. CSS analysis is skipped.
[INFO] Sensor SonarCSS Rules [cssfamily] (done) | time=2ms
[INFO] Sensor C# Properties [csharp]
[INFO] Sensor C# Properties [csharp] (done) | time=1ms
[INFO] Sensor Import of Checkstyle issues [java]
[INFO] Importing /workspace/source/target/checkstyle-result.xml
[INFO] Sensor Import of Checkstyle issues [java] (done) | time=78ms
[INFO] Sensor SurefireSensor [java]
[INFO] parsing [/workspace/source/target/surefire-reports]
[INFO] Sensor SurefireSensor [java] (done) | time=286ms
[INFO] Sensor JavaXmlSensor [java]
[INFO] 1 source files to be analyzed
[INFO] Sensor JavaXmlSensor [java] (done) | time=246ms
[INFO] 1/1 source files have been analyzed
[INFO] Sensor HTML [web]
[INFO] Sensor HTML [web] (done) | time=4ms
[INFO] Sensor XML Sensor [xml]
[INFO] 1 source files to be analyzed
[INFO] Sensor XML Sensor [xml] (done) | time=159ms
[INFO] 1/1 source files have been analyzed
[INFO] Sensor VB.NET Properties [vbnet]
[INFO] Sensor VB.NET Properties [vbnet] (done) | time=1ms
[INFO] Sensor JaCoCo XML Report Importer [jacoco]
[INFO] Importing 1 report(s). Turn your logs in debug mode in order to see the exhaustive list.
[INFO] Sensor JaCoCo XML Report Importer [jacoco] (done) | time=90ms
[INFO] Sensor ThymeLeaf template sensor [securityjavafrontend]
[INFO] Sensor ThymeLeaf template sensor [securityjavafrontend] (done) | time=3ms
[INFO] Sensor JavaSecuritySensor [security]
[INFO] Reading type hierarchy from: /workspace/source/target/sonar/ucfg2/java
[INFO] Read 296 type definitions
[INFO] Reading UCFGs from: /workspace/source/target/sonar/ucfg2/java
[INFO] 12:40:07.923873 Building Runtime Type propagation graph
[INFO] 12:40:07.979003 Running Tarjan on 2358 nodes
[INFO] 12:40:07.993789 Tarjan found 2267 components
[INFO] 12:40:08.009921 Variable type analysis: done
[INFO] 12:40:08.01487 Building Runtime Type propagation graph
[INFO] 12:40:08.036 Running Tarjan on 2358 nodes
[INFO] 12:40:08.039042 Tarjan found 2267 components
[INFO] 12:40:08.045942 Variable type analysis: done
[INFO] Analyzing 661 ucfgs to detect vulnerabilities.
[INFO] All rules entrypoints : 0 Retained UCFGs : 0
[INFO] rule: S5131, entrypoints: 0
[INFO] rule: S5131 done
[INFO] rule: S3649, entrypoints: 0
[INFO] rule: S3649 done
[INFO] rule: S2076, entrypoints: 0
[INFO] rule: S2076 done
[INFO] rule: S2091, entrypoints: 0
[INFO] rule: S2091 done
[INFO] rule: S2078, entrypoints: 0
[INFO] rule: S2078 done
[INFO] rule: S2631, entrypoints: 0
[INFO] rule: S2631 done
[INFO] rule: S5135, entrypoints: 0
[INFO] rule: S5135 done
[INFO] rule: S2083, entrypoints: 0
[INFO] rule: S2083 done
[INFO] rule: S5167, entrypoints: 0
[INFO] rule: S5167 done
[INFO] rule: S5144, entrypoints: 0
[INFO] rule: S5144 done
[INFO] rule: S5145, entrypoints: 0
[INFO] rule: S5145 done
[INFO] rule: S5146, entrypoints: 0
[INFO] rule: S5146 done
[INFO] rule: S5334, entrypoints: 0
[INFO] rule: S5334 done
[INFO] Sensor JavaSecuritySensor [security] (done) | time=2982ms
[INFO] Sensor CSharpSecuritySensor [security]
[INFO] Reading type hierarchy from: /workspace/source/target/ucfg_cs2
[INFO] Read 0 type definitions
[INFO] Reading UCFGs from: /workspace/source/target/ucfg_cs2
[INFO] No UCFGs have been included for analysis.
[INFO] Sensor CSharpSecuritySensor [security] (done) | time=1ms
[INFO] Sensor PhpSecuritySensor [security]
[INFO] Reading type hierarchy from: /workspace/source/target/sonar/ucfg2/php
[INFO] Read 0 type definitions
[INFO] Reading UCFGs from: /workspace/source/target/sonar/ucfg2/php
[INFO] No UCFGs have been included for analysis.
[INFO] Sensor PhpSecuritySensor [security] (done) | time=2ms
[INFO] Sensor PythonSecuritySensor [security]
[INFO] Reading type hierarchy from: /workspace/source/target/sonar/ucfg2/python
[INFO] Read 0 type definitions
[INFO] Reading UCFGs from: /workspace/source/target/sonar/ucfg2/python
[INFO] No UCFGs have been included for analysis.
[INFO] Sensor PythonSecuritySensor [security] (done) | time=1ms
[INFO] Sensor JsSecuritySensor [security]
[INFO] Reading type hierarchy from: /workspace/source/target/sonar/ucfg2/js
[INFO] Read 0 type definitions
[INFO] Reading UCFGs from: /workspace/source/target/sonar/ucfg2/js
[INFO] No UCFGs have been included for analysis.
[INFO] Sensor JsSecuritySensor [security] (done) | time=1ms
[INFO] ------------- Run sensors on project
[INFO] Sensor Zero Coverage Sensor
[INFO] Sensor Zero Coverage Sensor (done) | time=1ms
[INFO] Sensor Java CPD Block Inde**r
[INFO] Sensor Java CPD Block Inde**r (done) | time=170ms
[INFO] SCM Publisher SCM provider for this project is: git
[INFO] SCM Publisher 88 source files to be analyzed
[INFO] SCM Publisher 87/88 source files have been analyzed (done) | time=890ms
[WARNING] Missing blame information for the following files:
[WARNING]   * pom.xml
[WARNING] This may lead to missing/broken features in SonarCloud
[INFO] CPD E**cutor 45 files had no CPD blocks
[INFO] CPD E**cutor Calculating CPD for 90 files
[INFO] CPD E**cutor CPD calculation finished (done) | time=55ms
[INFO] SCM writing changed lines
[WARNING] File '/workspace/source/src/main/java/org/entando/kubernetes/model/infrastructure/EntandoClusterInfrastructureSpec.java' was detected as changed but without having changed lines
[WARNING] File '/workspace/source/src/main/java/org/entando/kubernetes/model/compositeapp/EntandoCustomResourceReferenceSpecBuilder.java' was detected as changed but without having changed lines
[WARNING] File '/workspace/source/src/main/java/org/entando/kubernetes/model/compositeapp/EntandoCustomResourceReference.java' was detected as changed but without having changed lines
[INFO] SCM writing changed lines (done) | time=432ms
[INFO] Analysis report generated in 655ms, dir size=716 KB
[INFO] Analysis report compressed in 287ms, zip size=379 KB
[INFO] Analysis report uploaded in 146ms
[INFO] ANALYSIS SUCCESSFUL, you can find the results at: https://sonarcloud.io/dashboard?id=entando-k8s_entando-k8s-custom-model&pullRequest=37
[INFO] Note that you will be able to access the updated dashboard once the server has processed the submitted analysis report
[INFO] More about the report processing at https://sonarcloud.io/api/ce/task?id=AXdiwe6MTUgSs2d2vD4T
[INFO] Analysis total time: 33.746 s
[INFO] ------------------------------------------------------------------------
[INFO] BUILD SUCCESS
[INFO] ------------------------------------------------------------------------
[INFO] Total time:  02:37 min
[INFO] Finished at: 2021-02-02T12:40:12Z
[INFO] ------------------------------------------------------------------------
Picked up _JAVA_OPTIONS: -XX:+UnlockExperimentalVMOptions -Dsun.zip.disableMemoryMapping=**** -XX:+UseParallelGC -XX:MinHeapFreeRatio=5 -XX:MaxHeapFreeRatio=10 -XX:GCTimeRatio=4 -XX:AdaptiveSizePolicyWeight=90 -Xms10m -Xmx8000m
[INFO] Scanning for projects...
[INFO] 
[INFO] ----------------< org.entando:entando-k8s-custom-model >----------------
[INFO] Building Entando Kubernetes Custom Model 0.0.0-SNAPSHOT-PR-37-18
[INFO] --------------------------------[ jar ]---------------------------------
[INFO] 
[INFO] --- maven-site-plugin:3.9.0:site (default-site) @ entando-k8s-custom-model ---
[INFO] configuring report plugin org.apache.maven.plugins:maven-project-info-reports-plugin:3.0.0
[INFO] 9 reports configured for maven-project-info-reports-plugin:3.0.0: dependency-info, distribution-management, index, ci-management, issue-management, licenses, plugins, scm, summary
[INFO] Rendering site with default locale English (en)
[WARNING] Unable to find a URL to the parent project. The parent menu will NOT be added.
[INFO] Relativizing decoration links with respect to localized project URL: https://central.entando.com
[INFO] Rendering content with org.apache.maven.skins:maven-default-skin:jar:1.3 skin.
[INFO] Generating "Dependency Information" report --- maven-project-info-reports-plugin:3.0.0:dependency-info
[INFO] Generating "About" report         --- maven-project-info-reports-plugin:3.0.0:index
[INFO] Generating "Issue Management" report --- maven-project-info-reports-plugin:3.0.0:issue-management
[INFO] Generating "Licenses" report      --- maven-project-info-reports-plugin:3.0.0:licenses
[INFO] Generating "Plugins" report       --- maven-project-info-reports-plugin:3.0.0:plugins
[INFO] Generating "Source Code Management" report --- maven-project-info-reports-plugin:3.0.0:scm
[INFO] Generating "Summary" report       --- maven-project-info-reports-plugin:3.0.0:summary
[INFO] ------------------------------------------------------------------------
[INFO] BUILD SUCCESS
[INFO] ------------------------------------------------------------------------
[INFO] Total time:  21.213 s
[INFO] Finished at: 2021-02-02T12:40:35Z
[INFO] ------------------------------------------------------------------------
error: etcdserver: request is too large
  % Total    % Received % Xferd  Average Speed   Time    Time     Time  Current
                                 Dload  Upload   Total   Spent    Left  Speed
  0     0    0     0    0     0      0      0 --:--:-- --:--:-- --:--:--     0100  1859  100  1643  100   216   2715    356 --:--:-- --:--:-- --:--:--  2720
{
  "url": "https://api.github.com/repos/entando-k8s/entando-k8s-custom-model/statuses/ac62e479cabd71ce4388d57f1f1c1d0a314c4c1d",
  "avatar_url": "https://avatars.githubusercontent.com/u/57885396?v=4",
  "id": 12041190694,
  "node_id": "MDEzOlN0YXR1c0NvbnRleHQxMjA0MTE5MDY5NA==",
  "state": "success",
  "description": "Pre-deployment tests success!",
  "target_url": "https://entando-k8s.github.io/devops-results/entando-k8s-custom-model/PR-37/surefire-report.html",
  "context": "Pre-deployment tests",
  "created_at": "2021-02-02T12:40:51Z",
  "updated_at": "2021-02-02T12:40:51Z",
  "creator": {
    "login": "**********",
    "id": 57885396,
    "node_id": "MDQ6VXNlcjU3ODg1Mzk2",
    "avatar_url": "https://avatars.githubusercontent.com/u/57885396?v=4",
    "gravatar_id": "",
    "url": "https://api.github.com/users/**********",
    "html_url": "https://github.com/entando-**",
    "followers_url": "https://api.github.com/users/**********/followers",
    "following_url": "https://api.github.com/users/entando-**/following{/other_user}",
    "gists_url": "https://api.github.com/users/entando-**/gists{/gist_id}",
    "starred_url": "https://api.github.com/users/entando-**/starred{/owner}{/repo}",
    "subscriptions_url": "https://api.github.com/users/entando-**/subscriptions",
    "organizations_url": "https://api.github.com/users/**********/orgs",
    "repos_url": "https://api.github.com/users/entando-**/repos",
    "events_url": "https://api.github.com/users/entando-**/events{/privacy}",
    "received_events_url": "https://api.github.com/users/**********/received_events",
    "type": "User",
    "site_*****": false
  }
}
  % Total    % Received % Xferd  Average Speed   Time    Time     Time  Current
                                 Dload  Upload   Total   Spent    Left  Speed
{
  "url": "https://api.github.com/repos/entando-k8s/entando-k8s-custom-model/statuses/ac62e479cabd71ce4388d57f1f1c1d0a314c4c1d",
  "avatar_url": "https://avatars.githubusercontent.com/u/57885396?v=4",
  "id": 12041190790,
  "node_id": "MDEzOlN0YXR1c0NvbnRleHQxMjA0MTE5MDc5MA==",
  "state": "success",
  "description": "Checkstyle success!",
  "target_url": "https://entando-k8s.github.io/devops-results/entando-k8s-custom-model/PR-37/checkstyle.html",
  "context": "Checkstyle",
  "created_at": "2021-02-02T12:40:52Z",
  "updated_at": "2021-02-02T12:40:52Z",
  "creator": {
    "login": "entando-**",
    "id": 57885396,
    "node_id": "MDQ6VXNlcjU3ODg1Mzk2",
    "avatar_url": "https://avatars.githubusercontent.com/u/57885396?v=4",
    "gravatar_id": "",
    "url": "https://api.github.com/users/entando-**",
    "html_url": "https://github.com/entando-**",
    "followers_url": "https://api.github.com/users/entando-**/followers",
    "following_url": "https://api.github.com/users/entando-**/following{/other_user}",
    "gists_url": "https://api.github.com/users/**********/gists{/gist_id}",
    "starred_url": "https://api.github.com/users/**********/starred{/owner}{/repo}",
    "subscriptions_url": "https://api.github.com/users/entando-**/subscriptions",
    "organizations_url": "https://api.github.com/users/entando-**/orgs",
    "repos_url": "https://api.github.com/users/entando-**/repos",
    "events_url": "https://api.github.com/users/entando-**/events{/privacy}",
    "received_events_url": "https://api.github.com/users/**********/received_events",
    "type": "User",
    "site_*****": false
  }
}
  0     0    0     0    0     0      0      0 --:--:-- --:--:-- --:--:--     0100  1809  100  1618  100   191   2610    308 --:--:-- --:--:-- --:--:--  2626
  % Total    % Received % Xferd  Average Speed   Time    Time     Time  Current
                                 Dload  Upload   Total   Spent    Left  Speed
{
  "url": "https://api.github.com/repos/entando-k8s/entando-k8s-custom-model/statuses/ac62e479cabd71ce4388d57f1f1c1d0a314c4c1d",
  "avatar_url": "https://avatars.githubusercontent.com/u/57885396?v=4",
  "id": 12041190865,
  "node_id": "MDEzOlN0YXR1c0NvbnRleHQxMjA0MTE5MDg2NQ==",
  "state": "success",
  "description": "OWASP CVE success!",
  "target_url": "https://entando-k8s.github.io/devops-results/entando-k8s-custom-model/PR-37/dependency-check-report.html",
  "context": "OWASP CVE",
  "created_at": "2021-02-02T12:40:52Z",
  "updated_at": "2021-02-02T12:40:52Z",
  "creator": {
    "login": "entando-**",
    "id": 57885396,
    "node_id": "MDQ6VXNlcjU3ODg1Mzk2",
    "avatar_url": "https://avatars.githubusercontent.com/u/57885396?v=4",
    "gravatar_id": "",
    "url": "https://api.github.com/users/**********",
    "html_url": "https://github.com/entando-**",
    "followers_url": "https://api.github.com/users/entando-**/followers",
    "following_url": "https://api.github.com/users/entando-**/following{/other_user}",
    "gists_url": "https://api.github.com/users/entando-**/gists{/gist_id}",
    "starred_url": "https://api.github.com/users/**********/starred{/owner}{/repo}",
    "subscriptions_url": "https://api.github.com/users/entando-**/subscriptions",
    "organizations_url": "https://api.github.com/users/entando-**/orgs",
    "repos_url": "https://api.github.com/users/entando-**/repos",
    "events_url": "https://api.github.com/users/entando-**/events{/privacy}",
    "received_events_url": "https://api.github.com/users/entando-**/received_events",
    "type": "User",
    "site_*****": false
  }
}
  0     0    0     0    0     0      0      0 --:--:-- --:--:-- --:--:--     0 11  1831    0     0  100   202      0    333 --:--:-- --:--:-- --:--:--   334100  1831  100  1629  100   202   2685    333 --:--:-- --:--:-- --:--:--  2701
Congratulations! No build failures found for entando-k8s-custom-model-PR-37.
