
Showing logs for build [32mentando-entando-plugin-jpseo-pr-fvtj2-2[0m stage [32mfrom-build-pack[0m and container [32mstep-credential-initializer-46njj[0m
{"level":"warn","ts":1612280887.1540687,"logger":"fallback-logger","caller":"logging/config.go:69","msg":"Fetch GitHub commit ID from kodata failed: \"ref: refs/heads/0.8.0-**-support-backwards-incompats\" is not a valid GitHub commit ID"}
{"level":"info","ts":1612280887.166499,"logger":"fallback-logger","caller":"creds-init/main.go:40","msg":"Credentials initialized."}

Showing logs for build [32mentando-entando-plugin-jpseo-pr-fvtj2-2[0m stage [32mfrom-build-pack[0m and container [32mstep-working-dir-initializer-s7c2z[0m
{"level":"warn","ts":1612280888.6370666,"logger":"fallback-logger","caller":"logging/config.go:69","msg":"Fetch GitHub commit ID from kodata failed: open /var/run/ko/HEAD: no such file or directory"}
{"level":"info","ts":1612280888.6601405,"logger":"fallback-logger","caller":"bash/main.go:64","msg":"Successfully e**cuted command \"sh -c mkdir -p /workspace/source\"; output "}

Showing logs for build [32mentando-entando-plugin-jpseo-pr-fvtj2-2[0m stage [32mfrom-build-pack[0m and container [32mstep-place-tools[0m

Showing logs for build [32mentando-entando-plugin-jpseo-pr-fvtj2-2[0m stage [32mfrom-build-pack[0m and container [32mstep-git-source-entando-entando-plugin-jpseo-pr-kcz79[0m
{"level":"warn","ts":1612280950.8812053,"logger":"fallback-logger","caller":"logging/config.go:69","msg":"Fetch GitHub commit ID from kodata failed: \"ref: refs/heads/0.8.0-**-support-backwards-incompats\" is not a valid GitHub commit ID"}
{"level":"info","ts":1612280952.552838,"logger":"fallback-logger","caller":"git/git.go:103","msg":"Successfully cloned https://github.com/entando/entando-plugin-jpseo.git @ master in path /workspace/source"}

Showing logs for build [32mentando-entando-plugin-jpseo-pr-fvtj2-2[0m stage [32mfrom-build-pack[0m and container [32mstep-git-merge[0m
Using SHAs from PULL_REFS=master:3602b80cd45755fab86fd17650d94419dc67783e,29:16eda489c7174b8ab9e090cfd3dfe654c17bd852
DEBUG: ran git fetch --unshallow origin 16eda489c7174b8ab9e090cfd3dfe654c17bd852: 3602b80cd45755fab86fd17650d94419dc67783e: in 
DEBUG: ran git checkout master in 
DEBUG: ran git reset --hard 3602b80cd45755fab86fd17650d94419dc67783e in 
DEBUG: ran clean --force -d . in 
DEBUG: ran git merge 16eda489c7174b8ab9e090cfd3dfe654c17bd852 in 
Merged SHA 16eda489c7174b8ab9e090cfd3dfe654c17bd852 with commit message 'ENG-1745: Upgrade core-parent and bom version' into base branch master
Merged SHA fac4fbae055b0e29babd11e50fd4cf154a1be68c with commit message 'ENG-1745: Fix code smell' into base branch master
Merged SHA 6794f0b388a0fa16bf4947a4489035ddfff43b5f with commit message 'ENG-1745: Override of configuration in parent pom' into base branch master
Merged SHA d81cd6455929108a117fdb6bbf9681b9a8be1170 with commit message 'ENG-1745: junit5 integration' into base branch master

Showing logs for build [32mentando-entando-plugin-jpseo-pr-fvtj2-2[0m stage [32mfrom-build-pack[0m and container [32mstep-build-set-version[0m
Picked up _JAVA_OPTIONS: -XX:+UnlockExperimentalVMOptions -Dsun.zip.disableMemoryMapping=**** -XX:+UseParallelGC -XX:MinHeapFreeRatio=5 -XX:MaxHeapFreeRatio=10 -XX:GCTimeRatio=4 -XX:AdaptiveSizePolicyWeight=90 -Xms10m -Xmx8000m
[INFO] Scanning for projects...
[INFO] 
[INFO] ----------< org.entando.entando.plugins:entando-plugin-jpseo >----------
[INFO] Building Entando Plugin: SEO 6.3.0-SNAPSHOT
[INFO] --------------------------------[ war ]---------------------------------
[INFO] 
[INFO] --- versions-maven-plugin:2.8.1:set (default-cli) @ entando-plugin-jpseo ---
[INFO] Local aggregation ****: /workspace/source
[INFO] Processing change of org.entando.entando.plugins:entando-plugin-jpseo:6.3.0-SNAPSHOT -> 0.0.0-SNAPSHOT-PR-29-2
[INFO] Processing org.entando.entando.plugins:entando-plugin-jpseo
[INFO]     Updating project org.entando.entando.plugins:entando-plugin-jpseo
[INFO]         from version 6.3.0-SNAPSHOT to 0.0.0-SNAPSHOT-PR-29-2
[INFO] 
[INFO] ------------------------------------------------------------------------
[INFO] BUILD SUCCESS
[INFO] ------------------------------------------------------------------------
[INFO] Total time:  10.798 s
[INFO] Finished at: 2021-02-02T15:49:29Z
[INFO] ------------------------------------------------------------------------

Showing logs for build [32mentando-entando-plugin-jpseo-pr-fvtj2-2[0m stage [32mfrom-build-pack[0m and container [32mstep-build-fix-git-for-sonar[0m
M	pom.xml
Switched to a new branch 'PR-29'
Deleted branch master (was 16eda48).
From https://github.com/entando/entando-plugin-jpseo
 * [new branch]      master            -> master
 * [new tag]         pia-crs4          -> pia-crs4
 * [new tag]         v6.2.0-sprint1-rc -> v6.2.0-sprint1-rc
 * [new tag]         v6.2.0-sprint2-rc -> v6.2.0-sprint2-rc
 * [new tag]         v6.2.0-sprint3-rc -> v6.2.0-sprint3-rc
 * [new tag]         v6.2.0-sprint4-rc -> v6.2.0-sprint4-rc
 * [new tag]         v6.2.0-sprint5-rc -> v6.2.0-sprint5-rc

Showing logs for build [32mentando-entando-plugin-jpseo-pr-fvtj2-2[0m stage [32mfrom-build-pack[0m and container [32mstep-build-mvn-verify-pr[0m
  % Total    % Received % Xferd  Average Speed   Time    Time     Time  Current
                                 Dload  Upload   Total   Spent    Left  Speed
  0     0    0     0    0     0      0      0 --:--:-- --:--:-- --:--:--     0 11  1843    0     0  100   212      0    286 --:--:-- --:--:-- --:--:--   286100  1843  100  1631  100   212   2205    286 --:--:-- --:--:-- --:--:--  2204
{
  "url": "https://api.github.com/repos/entando/entando-plugin-jpseo/statuses/16eda489c7174b8ab9e090cfd3dfe654c17bd852",
  "avatar_url": "https://avatars.githubusercontent.com/u/57885396?v=4",
  "id": 12043537027,
  "node_id": "MDEzOlN0YXR1c0NvbnRleHQxMjA0MzUzNzAyNw==",
  "state": "pending",
  "description": "Pre-deployment tests pending!",
  "target_url": "https://entando-k8s.github.io/devops-results/entando-plugin-jpseo/PR-29/surefire-report.html",
  "context": "Pre-deployment tests",
  "created_at": "2021-02-02T15:49:32Z",
  "updated_at": "2021-02-02T15:49:32Z",
  "creator": {
    "login": "entando-**",
    "id": 57885396,
    "node_id": "MDQ6VXNlcjU3ODg1Mzk2",
    "avatar_url": "https://avatars.githubusercontent.com/u/57885396?v=4",
    "gravatar_id": "",
    "url": "https://api.github.com/users/**********",
    "html_url": "https://github.com/entando-**",
    "followers_url": "https://api.github.com/users/**********/followers",
    "following_url": "https://api.github.com/users/**********/following{/other_user}",
    "gists_url": "https://api.github.com/users/**********/gists{/gist_id}",
    "starred_url": "https://api.github.com/users/**********/starred{/owner}{/repo}",
    "subscriptions_url": "https://api.github.com/users/**********/subscriptions",
    "organizations_url": "https://api.github.com/users/entando-**/orgs",
    "repos_url": "https://api.github.com/users/**********/repos",
    "events_url": "https://api.github.com/users/entando-**/events{/privacy}",
    "received_events_url": "https://api.github.com/users/**********/received_events",
    "type": "User",
    "site_*****": false
  }
}
Picked up _JAVA_OPTIONS: -XX:+UnlockExperimentalVMOptions -Dsun.zip.disableMemoryMapping=**** -XX:+UseParallelGC -XX:MinHeapFreeRatio=5 -XX:MaxHeapFreeRatio=10 -XX:GCTimeRatio=4 -XX:AdaptiveSizePolicyWeight=90 -Xms10m -Xmx8000m
[INFO] Scanning for projects...
[INFO] 
[INFO] ----------< org.entando.entando.plugins:entando-plugin-jpseo >----------
[INFO] Building Entando Plugin: SEO 0.0.0-SNAPSHOT-PR-29-2
[INFO] --------------------------------[ war ]---------------------------------
[WARNING] The POM for com.sun.xml.bind:jaxb-impl:jar:2.2.11 is invalid, transitive dependencies (if any) will not be available, enable debug logging for more details
[INFO] 
[INFO] --- maven-checkstyle-plugin:3.1.1:check (validate) @ entando-plugin-jpseo ---
[INFO] 
[INFO] --- maven-checkstyle-plugin:3.1.1:checkstyle (validate) @ entando-plugin-jpseo ---
[INFO] 
[INFO] --- jacoco-maven-plugin:0.8.5:prepare-agent (prepare-agent) @ entando-plugin-jpseo ---
[INFO] argLine set to -javaagent:/home/jenkins/.mvnrepository/org/jacoco/org.jacoco.agent/0.8.5/org.jacoco.agent-0.8.5-runtime.jar=destfile=/workspace/source/target/jacoco.e**c
[INFO] 
[INFO] --- maven-resources-plugin:2.5:resources (default-resources) @ entando-plugin-jpseo ---
[debug] e**cute contextualize
[INFO] Using 'UTF-8' encoding to copy filtered resources.
[INFO] Copying 12 resources
[INFO] Copying 1 resource
[INFO] Copying 5 resources
[INFO] Copying 11 resources
[INFO] Copying 2 resources to META-INF
[INFO] 
[INFO] --- maven-compiler-plugin:3.8.1:compile (default-compile) @ entando-plugin-jpseo ---
[INFO] Changes detected - recompiling the module!
[INFO] Compiling 50 source files to /workspace/source/target/classes
[WARNING] /workspace/source/src/main/java/org/entando/entando/plugins/jpseo/aps/******/services/page/SeoPageExtraConfigDOM.java:[92,73] unchecked conversion
  required: java.util.List<org.jdom.Element>
  found:    java.util.List
[WARNING] /workspace/source/src/main/java/org/entando/entando/plugins/jpseo/aps/******/services/page/SeoPageExtraConfigDOM.java:[100,65] unchecked conversion
  required: java.util.List<org.jdom.Element>
  found:    java.util.List
[WARNING] /workspace/source/src/main/java/org/entando/entando/plugins/jpseo/aps/******/services/page/SeoPageExtraConfigDOM.java:[122,66] unchecked conversion
  required: java.util.List<org.jdom.Element>
  found:    java.util.List
[WARNING] /workspace/source/src/main/java/org/entando/entando/plugins/jpseo/aps/******/services/page/SeoPageExtraConfigDOM.java:[186,70] unchecked conversion
  required: java.util.List<org.jdom.Element>
  found:    java.util.List
[WARNING] /workspace/source/src/main/java/org/entando/entando/plugins/jpseo/aps/******/services/page/SeoPageExtraConfigDOM.java:[203,70] unchecked conversion
  required: java.util.List<org.jdom.Element>
  found:    java.util.List
[WARNING] /workspace/source/src/main/java/org/entando/entando/plugins/jpseo/aps/******/services/page/SeoPageService.java:[270,62] unchecked conversion
  required: java.util.Map<java.lang.String,java.util.Map<java.lang.String,org.entando.entando.plugins.jpseo.aps.******.services.page.PageMetatag>>
  found:    java.util.HashMap
[WARNING] /workspace/source/src/main/java/org/entando/entando/plugins/jpseo/aps/******/services/mapping/cache/SeoMappingCacheWrapper.java:[119,61] unchecked cast
  required: java.util.List<java.lang.String>
  found:    java.util.List
[WARNING] /workspace/source/src/main/java/org/entando/entando/plugins/jpseo/aps/******/services/mapping/cache/SeoMappingCacheWrapper.java:[129,56] unchecked cast
  required: java.util.List<java.lang.String>
  found:    java.util.List
[WARNING] /workspace/source/src/main/java/org/entando/entando/plugins/jpseo/aps/******/services/mapping/cache/SeoMappingCacheWrapper.java:[167,46] unchecked conversion
  required: java.util.Map<java.lang.String,java.lang.String>
  found:    java.util.Map
[WARNING] /workspace/source/src/main/java/org/entando/entando/plugins/jpseo/aps/******/services/mapping/cache/SeoMappingCacheWrapper.java:[174,46] unchecked conversion
  required: java.util.Map<java.lang.String,java.lang.String>
  found:    java.util.Map
[WARNING] /workspace/source/src/main/java/org/entando/entando/plugins/jpseo/aps/tags/SiteMapTag.java:[90,44] unchecked call to FieldSearchFilter(java.lang.String,T,boolean) as a member of the raw type com.agiletec.aps.******.common.FieldSearchFilter
[WARNING] /workspace/source/src/main/java/org/entando/entando/plugins/jpseo/aps/******/services/url/URLManager.java:[73,38] unchecked method invocation: method createURL in class com.agiletec.aps.******.services.url.URLManager is applied to given types
  required: com.agiletec.aps.******.services.page.IPage,com.agiletec.aps.******.services.lang.Lang,java.util.Map<java.lang.String,java.lang.String>,boolean,javax.servlet.http.HttpServletRequest
  found: com.agiletec.aps.******.services.page.IPage,com.agiletec.aps.******.services.lang.Lang,java.util.Map,boolean,javax.servlet.http.HttpServletRequest
[WARNING] /workspace/source/src/main/java/org/entando/entando/plugins/jpseo/aps/******/services/url/URLManager.java:[73,72] unchecked conversion
  required: java.util.Map<java.lang.String,java.lang.String>
  found:    java.util.Map
[WARNING] /workspace/source/src/main/java/org/entando/entando/plugins/jpseo/aps/******/services/url/URLManager.java:[75,45] unchecked method invocation: method createFriendlyUrl in class org.entando.entando.plugins.jpseo.aps.******.services.url.URLManager is applied to given types
  required: java.lang.String,com.agiletec.aps.******.services.lang.Lang,java.util.Map<java.lang.String,java.lang.String>,boolean,javax.servlet.http.HttpServletRequest
  found: java.lang.String,com.agiletec.aps.******.services.lang.Lang,java.util.Map,boolean,javax.servlet.http.HttpServletRequest
[WARNING] /workspace/source/src/main/java/org/entando/entando/plugins/jpseo/aps/******/services/url/URLManager.java:[75,83] unchecked conversion
  required: java.util.Map<java.lang.String,java.lang.String>
  found:    java.util.Map
[WARNING] /workspace/source/src/main/java/org/entando/entando/plugins/jpseo/aps/******/services/metatag/MetatagDOM.java:[44,83] unchecked conversion
  required: java.util.List<org.jdom.Element>
  found:    java.util.List
[WARNING] /workspace/source/src/main/java/org/entando/entando/plugins/jpseo/aps/******/sitemap/SitemapAction.java:[109,44] unchecked call to FieldSearchFilter(java.lang.String,T,boolean) as a member of the raw type com.agiletec.aps.******.common.FieldSearchFilter
[INFO] /workspace/source/src/main/java/org/entando/entando/plugins/jpseo/aps/******/services/controller/control/RequestValidator.java: /workspace/source/src/main/java/org/entando/entando/plugins/jpseo/aps/******/services/controller/control/RequestValidator.java uses or overrides a deprecated API.
[INFO] /workspace/source/src/main/java/org/entando/entando/plugins/jpseo/aps/******/services/controller/control/RequestValidator.java: Recompile with -Xlint:deprecation for details.
[INFO] 
[INFO] --- maven-resources-plugin:2.5:copy-resources (copy-resources-test) @ entando-plugin-jpseo ---
[debug] e**cute contextualize
[INFO] Using 'UTF-8' encoding to copy filtered resources.
[INFO] Copying 5 resources
[INFO] 
[INFO] --- maven-resources-plugin:2.5:copy-resources (copy-resources-file-test-) @ entando-plugin-jpseo ---
[debug] e**cute contextualize
[INFO] Using 'UTF-8' encoding to copy filtered resources.
[INFO] Copying 5 resources
[INFO] 
[INFO] --- maven-resources-plugin:2.5:testResources (default-testResources) @ entando-plugin-jpseo ---
[debug] e**cute contextualize
[INFO] Using 'UTF-8' encoding to copy filtered resources.
[INFO] Copying 3 resources
[INFO] 
[INFO] --- maven-compiler-plugin:3.8.1:testCompile (default-testCompile) @ entando-plugin-jpseo ---
[INFO] Changes detected - recompiling the module!
[INFO] Compiling 11 source files to /workspace/source/target/test-classes
[WARNING] /workspace/source/src/test/java/org/entando/entando/plugins/jpseo/aps*****/portal/PageActionIntegrationTest.java:[90,125] unchecked cast
  required: java.util.Map<java.lang.String,java.util.Map<java.lang.String,org.entando.entando.plugins.jpseo.aps.******.services.page.PageMetatag>>
  found:    java.lang.Object
[WARNING] /workspace/source/src/test/java/org/entando/entando/plugins/jpseo/aps*****/portal/PageActionIntegrationTest.java:[395,67] unchecked conversion
  required: java.util.Map<java.lang.String,java.util.Map<java.lang.String,org.entando.entando.plugins.jpseo.aps.******.services.page.PageMetatag>>
  found:    java.util.Map
[WARNING] /workspace/source/src/test/java/org/entando/entando/plugins/jpseo/aps*****/portal/PageActionIntegrationTest.java:[407,29] unchecked conversion
  required: java.util.Map<java.lang.String,java.util.Map<java.lang.String,org.entando.entando.plugins.jpseo.aps.******.services.page.PageMetatag>>
  found:    java.util.Map
[WARNING] /workspace/source/src/test/java/org/entando/entando/plugins/jpseo/aps*****/portal/PageSettingsActionAspectTest.java:[100,49] unchecked method invocation: method convertValue in class com.opensymphony.xwork2.conversion.impl.XWorkConverter is applied to given types
  required: java.util.Map<java.lang.String,java.lang.Object>,java.lang.Object,java.lang.Class
  found: java.util.Map,java.lang.Object,java.lang.Class
[WARNING] /workspace/source/src/test/java/org/entando/entando/plugins/jpseo/aps*****/portal/PageSettingsActionAspectTest.java:[100,61] unchecked conversion
  required: java.util.Map<java.lang.String,java.lang.Object>
  found:    java.util.Map
[WARNING] /workspace/source/src/test/java/org/entando/entando/plugins/jpseo/aps*****/content/ContentActionIntegrationTest.java:[68,46] unchecked call to EntitySearchFilter(java.lang.String,boolean,T,boolean) as a member of the raw type com.agiletec.aps.******.common.entity.model.EntitySearchFilter
[INFO] 
[INFO] --- maven-surefire-plugin:3.0.0-M4:test (default-test) @ entando-plugin-jpseo ---
[INFO] 
[INFO] -------------------------------------------------------
[INFO]  T E S T S
[INFO] -------------------------------------------------------
[INFO] Running org.entando.entando.aps.******.services.controller.control.SeoRequestValidatorIntegrationTest
SLF4J: Class path contains multiple SLF4J bindings.
SLF4J: Found binding in [jar:file:/home/jenkins/.mvnrepository/org/slf4j/slf4j-jdk14/1.7.26/slf4j-jdk14-1.7.26.jar!/org/slf4j/impl/StaticLoggerBinder.class]
SLF4J: Found binding in [jar:file:/home/jenkins/.mvnrepository/org/apache/logging/log4j/log4j-slf4j-impl/2.13.3/log4j-slf4j-impl-2.13.3.jar!/org/slf4j/impl/StaticLoggerBinder.class]
SLF4J: See http://www.slf4j.org/codes.html#multiple_bindings for an explanation.
SLF4J: Actual binding is of type [org.slf4j.impl.JDK14LoggerFactory]
Feb 02, 2021 3:50:11 PM org.springframework.mock.jndi.SimpleNamingContextBuilder activate
INFO: Activating simple JNDI environment
Feb 02, 2021 3:50:11 PM org.springframework.mock.jndi.SimpleNamingContextBuilder bind
INFO: Static JNDI binding: [java:comp/env/logName] = [/workspace/source/target/test/entando-plugin-jpseo]
Feb 02, 2021 3:50:11 PM org.springframework.mock.jndi.SimpleNamingContextBuilder bind
INFO: Static JNDI binding: [java:comp/env/logFileRotatePattern] = [/workspace/source/target/test/entando-plugin-jpseo_logs/entando-plugin-jpseo-%i.log.gz]
Feb 02, 2021 3:50:11 PM org.springframework.mock.jndi.SimpleNamingContextBuilder bind
INFO: Static JNDI binding: [java:comp/env/logLevel] = [ERROR]
Feb 02, 2021 3:50:11 PM org.springframework.mock.jndi.SimpleNamingContextBuilder bind
INFO: Static JNDI binding: [java:comp/env/logFileSize] = [1048576]
Feb 02, 2021 3:50:11 PM org.springframework.mock.jndi.SimpleNamingContextBuilder bind
INFO: Static JNDI binding: [java:comp/env/logFilesCount] = [10]
Feb 02, 2021 3:50:11 PM org.springframework.mock.jndi.SimpleNamingContextBuilder bind
INFO: Static JNDI binding: [java:comp/env/configVersion] = [test]
Feb 02, 2021 3:50:11 PM org.springframework.mock.jndi.SimpleNamingContextBuilder bind
INFO: Static JNDI binding: [java:comp/env/applicationBaseURL] = [/Entando/]
Feb 02, 2021 3:50:11 PM org.springframework.mock.jndi.SimpleNamingContextBuilder bind
INFO: Static JNDI binding: [java:comp/env/resourceRootURL] = [/Entando/resources/]
Feb 02, 2021 3:50:11 PM org.springframework.mock.jndi.SimpleNamingContextBuilder bind
INFO: Static JNDI binding: [java:comp/env/protectedResourceRootURL] = [/Entando/protected/]
Feb 02, 2021 3:50:11 PM org.springframework.mock.jndi.SimpleNamingContextBuilder bind
INFO: Static JNDI binding: [java:comp/env/resourceDiskRootFolder] = [target/test/resources/]
Feb 02, 2021 3:50:11 PM org.springframework.mock.jndi.SimpleNamingContextBuilder bind
INFO: Static JNDI binding: [java:comp/env/protectedResourceDiskRootFolder] = [target/test/protected/]
Feb 02, 2021 3:50:11 PM org.springframework.mock.jndi.SimpleNamingContextBuilder bind
INFO: Static JNDI binding: [java:comp/env/indexDiskRootFolder] = [target/test/indexdir]
Feb 02, 2021 3:50:11 PM org.springframework.mock.jndi.SimpleNamingContextBuilder bind
INFO: Static JNDI binding: [java:comp/env/portDataSourceClassName] = [org.apache.derby.jdbc.EmbeddedDriver]
Feb 02, 2021 3:50:11 PM org.springframework.mock.jndi.SimpleNamingContextBuilder bind
INFO: Static JNDI binding: [java:comp/env/logActiveFileOutput] = [false]
Feb 02, 2021 3:50:11 PM org.springframework.mock.jndi.SimpleNamingContextBuilder bind
INFO: Static JNDI binding: [java:comp/env/jdbc.servDb.url] = [jdbc:derby:/workspace/source/target/test/db/entando-plugin-jpseotestServ;create=****]
Feb 02, 2021 3:50:11 PM org.springframework.mock.jndi.SimpleNamingContextBuilder bind
INFO: Static JNDI binding: [java:comp/env/servDataSourceClassName] = [org.apache.derby.jdbc.EmbeddedDriver]
Feb 02, 2021 3:50:11 PM org.springframework.mock.jndi.SimpleNamingContextBuilder bind
INFO: Static JNDI binding: [java:comp/env/logFilesCount] = [10]
Feb 02, 2021 3:50:11 PM org.springframework.mock.jndi.SimpleNamingContextBuilder bind
INFO: Static JNDI binding: [java:comp/env/applicationBaseURL] = [/Entando/]
Feb 02, 2021 3:50:11 PM org.springframework.mock.jndi.SimpleNamingContextBuilder bind
INFO: Static JNDI binding: [java:comp/env/jdbc.portDb.password] = [agile]
Feb 02, 2021 3:50:11 PM org.springframework.mock.jndi.SimpleNamingContextBuilder bind
INFO: Static JNDI binding: [java:comp/env/logLevel] = [ERROR]
Feb 02, 2021 3:50:11 PM org.springframework.mock.jndi.SimpleNamingContextBuilder bind
INFO: Static JNDI binding: [java:comp/env/indexDiskRootFolder] = [target/test/indexdir]
Feb 02, 2021 3:50:11 PM org.springframework.mock.jndi.SimpleNamingContextBuilder bind
INFO: Static JNDI binding: [java:comp/env/logFileSize] = [1048576]
Feb 02, 2021 3:50:11 PM org.springframework.mock.jndi.SimpleNamingContextBuilder bind
INFO: Static JNDI binding: [java:comp/env/resourceDiskRootFolder] = [target/test/resources/]
Feb 02, 2021 3:50:11 PM org.springframework.mock.jndi.SimpleNamingContextBuilder bind
INFO: Static JNDI binding: [java:comp/env/protectedResourceRootURL] = [/Entando/protected/]
Feb 02, 2021 3:50:11 PM org.springframework.mock.jndi.SimpleNamingContextBuilder bind
INFO: Static JNDI binding: [java:comp/env/resourceRootURL] = [/Entando/resources/]
Feb 02, 2021 3:50:11 PM org.springframework.mock.jndi.SimpleNamingContextBuilder bind
INFO: Static JNDI binding: [java:comp/env/configVersion] = [test]
Feb 02, 2021 3:50:11 PM org.springframework.mock.jndi.SimpleNamingContextBuilder bind
INFO: Static JNDI binding: [java:comp/env/jdbc.servDb.beanName] = [servDataSource]
Feb 02, 2021 3:50:11 PM org.springframework.mock.jndi.SimpleNamingContextBuilder bind
INFO: Static JNDI binding: [java:comp/env/jdbc.portDb.url] = [jdbc:derby:/workspace/source/target/test/db/entando-plugin-jpseotestPort;create=****]
Feb 02, 2021 3:50:11 PM org.springframework.mock.jndi.SimpleNamingContextBuilder bind
INFO: Static JNDI binding: [java:comp/env/jdbc.servDb.driverClassName] = [org.apache.derby.jdbc.EmbeddedDriver]
Feb 02, 2021 3:50:11 PM org.springframework.mock.jndi.SimpleNamingContextBuilder bind
INFO: Static JNDI binding: [java:comp/env/protectedResourceDiskRootFolder] = [target/test/protected/]
Feb 02, 2021 3:50:11 PM org.springframework.mock.jndi.SimpleNamingContextBuilder bind
INFO: Static JNDI binding: [java:comp/env/jdbc.portDb.beanName] = [portDataSource]
Feb 02, 2021 3:50:11 PM org.springframework.mock.jndi.SimpleNamingContextBuilder bind
INFO: Static JNDI binding: [java:comp/env/jdbc.servDb.password] = [agile]
Feb 02, 2021 3:50:11 PM org.springframework.mock.jndi.SimpleNamingContextBuilder bind
INFO: Static JNDI binding: [java:comp/env/jdbc.portDb.driverClassName] = [org.apache.derby.jdbc.EmbeddedDriver]
Feb 02, 2021 3:50:11 PM org.springframework.mock.jndi.SimpleNamingContextBuilder bind
INFO: Static JNDI binding: [java:comp/env/jdbc.portDb.username] = [agile]
Feb 02, 2021 3:50:11 PM org.springframework.mock.jndi.SimpleNamingContextBuilder bind
INFO: Static JNDI binding: [java:comp/env/jdbc.servDb.username] = [agile]
Feb 02, 2021 3:50:11 PM org.springframework.mock.jndi.SimpleNamingContextBuilder bind
INFO: Static JNDI binding: [java:comp/env/logName] = [/workspace/source/target/test/entando-plugin-jpseo]
Feb 02, 2021 3:50:11 PM org.springframework.mock.jndi.SimpleNamingContextBuilder bind
INFO: Static JNDI binding: [java:comp/env/logFileRotatePattern] = [/workspace/source/target/test/entando-plugin-jpseo_logs/entando-plugin-jpseo-%i.log.gz]
Feb 02, 2021 3:50:12 PM org.springframework.mock.jndi.SimpleNamingContextBuilder bind
INFO: Static JNDI binding: [java:comp/env/jdbc/servDataSource] = [org.apache.commons.dbcp2.BasicDataSource@7ff6804a]
Feb 02, 2021 3:50:12 PM org.springframework.mock.jndi.SimpleNamingContextBuilder bind
INFO: Static JNDI binding: [java:comp/env/jdbc/portDataSource] = [org.apache.commons.dbcp2.BasicDataSource@12aa519b]
Feb 02, 2021 3:50:12 PM org.springframework.mock.web.MockServletContext log
INFO: Initializing Spring **** WebApplicationContext
Feb 02, 2021 3:50:12 PM org.springframework.web.context.ContextLoader initWebApplicationContext
INFO: Root WebApplicationContext: initialization started
Feb 02, 2021 3:50:25 PM org.entando.entando.ent.util.EntLogging$EntLogger info
INFO: Report not availablejava.sql.SQLSyntaxErrorException: Schema 'AGILE' does not exist
Feb 02, 2021 3:50:25 PM org.entando.entando.ent.util.EntLogging$EntLogger info
INFO: + [ Component: Core ] :: DATA
|   
Feb 02, 2021 3:50:25 PM org.entando.entando.ent.util.EntLogging$EntLogger info
INFO: Created table - portDataSource/sysconfig
Feb 02, 2021 3:50:25 PM org.entando.entando.ent.util.EntLogging$EntLogger info
INFO: Created table - portDataSource/categories
Feb 02, 2021 3:50:25 PM org.entando.entando.ent.util.EntLogging$EntLogger info
INFO: Created table - portDataSource/localstrings
Feb 02, 2021 3:50:25 PM org.entando.entando.ent.util.EntLogging$EntLogger info
INFO: Created table - portDataSource/pagemodels
Feb 02, 2021 3:50:25 PM org.entando.entando.ent.util.EntLogging$EntLogger info
INFO: Created table - portDataSource/pages
Feb 02, 2021 3:50:25 PM org.entando.entando.ent.util.EntLogging$EntLogger info
INFO: Created table - portDataSource/pages_metadata_online
Feb 02, 2021 3:50:25 PM org.entando.entando.ent.util.EntLogging$EntLogger info
INFO: Created table - portDataSource/pages_metadata_draft
Feb 02, 2021 3:50:25 PM org.entando.entando.ent.util.EntLogging$EntLogger info
INFO: Created table - portDataSource/widgetcatalog
Feb 02, 2021 3:50:25 PM org.entando.entando.ent.util.EntLogging$EntLogger info
INFO: Created table - portDataSource/guifragment
Feb 02, 2021 3:50:26 PM org.entando.entando.ent.util.EntLogging$EntLogger info
INFO: Created table - portDataSource/widgetconfig
Feb 02, 2021 3:50:26 PM org.entando.entando.ent.util.EntLogging$EntLogger info
INFO: Created table - portDataSource/widgetconfig_draft
Feb 02, 2021 3:50:26 PM org.entando.entando.ent.util.EntLogging$EntLogger info
INFO: Created table - portDataSource/uniquekeys
Feb 02, 2021 3:50:26 PM org.entando.entando.ent.util.EntLogging$EntLogger info
INFO: Created table - portDataSource/userpreferences
Feb 02, 2021 3:50:27 PM org.entando.entando.ent.util.EntLogging$EntLogger info
INFO: Created table - servDataSource/authgroups
Feb 02, 2021 3:50:28 PM org.entando.entando.ent.util.EntLogging$EntLogger info
INFO: Created table - servDataSource/authpermissions
Feb 02, 2021 3:50:28 PM org.entando.entando.ent.util.EntLogging$EntLogger info
INFO: Created table - servDataSource/authroles
Feb 02, 2021 3:50:28 PM org.entando.entando.ent.util.EntLogging$EntLogger info
INFO: Created table - servDataSource/authrolepermissions
Feb 02, 2021 3:50:28 PM org.entando.entando.ent.util.EntLogging$EntLogger info
INFO: Created table - servDataSource/authusers
Feb 02, 2021 3:50:28 PM org.entando.entando.ent.util.EntLogging$EntLogger info
INFO: Created table - servDataSource/authusergrouprole
Feb 02, 2021 3:50:28 PM org.entando.entando.ent.util.EntLogging$EntLogger info
INFO: Created table - servDataSource/api_oauth_consumers
Feb 02, 2021 3:50:28 PM org.entando.entando.ent.util.EntLogging$EntLogger info
INFO: Created table - servDataSource/api_oauth_tokens
Feb 02, 2021 3:50:28 PM org.entando.entando.ent.util.EntLogging$EntLogger info
INFO: Created table - servDataSource/apicatalog_methods
Feb 02, 2021 3:50:28 PM org.entando.entando.ent.util.EntLogging$EntLogger info
INFO: Created table - servDataSource/apicatalog_services
Feb 02, 2021 3:50:28 PM org.entando.entando.ent.util.EntLogging$EntLogger info
INFO: Created table - servDataSource/authuserprofiles
Feb 02, 2021 3:50:28 PM org.entando.entando.ent.util.EntLogging$EntLogger info
INFO: Created table - servDataSource/authuserprofilesearch
Feb 02, 2021 3:50:28 PM org.entando.entando.ent.util.EntLogging$EntLogger info
INFO: Created table - servDataSource/authuserprofileattrroles
Feb 02, 2021 3:50:28 PM org.entando.entando.ent.util.EntLogging$EntLogger info
INFO: Created table - servDataSource/actionlogrecords
Feb 02, 2021 3:50:28 PM org.entando.entando.ent.util.EntLogging$EntLogger info
INFO: Created table - servDataSource/actionlogrelations
Feb 02, 2021 3:50:28 PM org.entando.entando.ent.util.EntLogging$EntLogger info
INFO: Created table - servDataSource/actionloglikerecords
Feb 02, 2021 3:50:29 PM org.entando.entando.ent.util.EntLogging$EntLogger info
INFO: Created table - servDataSource/actionlogcommentrecords
Feb 02, 2021 3:50:29 PM org.entando.entando.ent.util.EntLogging$EntLogger info
INFO: Created table - servDataSource/dataobjectmodels
Feb 02, 2021 3:50:29 PM org.entando.entando.ent.util.EntLogging$EntLogger info
INFO: Created table - servDataSource/dataobjects
Feb 02, 2021 3:50:29 PM org.entando.entando.ent.util.EntLogging$EntLogger info
INFO: Created table - servDataSource/dataobjectrelations
Feb 02, 2021 3:50:29 PM org.entando.entando.ent.util.EntLogging$EntLogger info
INFO: Created table - servDataSource/dataobjectsearch
Feb 02, 2021 3:50:29 PM org.entando.entando.ent.util.EntLogging$EntLogger info
INFO: Created table - servDataSource/dataobjectattributeroles
Feb 02, 2021 3:50:29 PM org.entando.entando.ent.util.EntLogging$EntLogger info
INFO: + [ Component: jacms ] :: DATA
|   
Feb 02, 2021 3:50:29 PM org.entando.entando.ent.util.EntLogging$EntLogger info
INFO: Created table - portDataSource/contentmodels
Feb 02, 2021 3:50:29 PM org.entando.entando.ent.util.EntLogging$EntLogger info
INFO: Created table - portDataSource/contents
Feb 02, 2021 3:50:29 PM org.entando.entando.ent.util.EntLogging$EntLogger info
INFO: Created table - portDataSource/resources
Feb 02, 2021 3:50:29 PM org.entando.entando.ent.util.EntLogging$EntLogger info
INFO: Created table - portDataSource/resourcerelations
Feb 02, 2021 3:50:30 PM org.entando.entando.ent.util.EntLogging$EntLogger info
INFO: Created table - portDataSource/contentrelations
Feb 02, 2021 3:50:30 PM org.entando.entando.ent.util.EntLogging$EntLogger info
INFO: Created table - portDataSource/contentsearch
Feb 02, 2021 3:50:30 PM org.entando.entando.ent.util.EntLogging$EntLogger info
INFO: Created table - portDataSource/contentattributeroles
Feb 02, 2021 3:50:30 PM org.entando.entando.ent.util.EntLogging$EntLogger info
INFO: Created table - portDataSource/workcontentrelations
Feb 02, 2021 3:50:30 PM org.entando.entando.ent.util.EntLogging$EntLogger info
INFO: Created table - portDataSource/workcontentsearch
Feb 02, 2021 3:50:30 PM org.entando.entando.ent.util.EntLogging$EntLogger info
INFO: Created table - portDataSource/workcontentattributeroles
Feb 02, 2021 3:50:30 PM org.entando.entando.ent.util.EntLogging$EntLogger info
INFO: + [ Component: entando-*****-console ] :: DATA
|   
Feb 02, 2021 3:50:30 PM org.entando.entando.ent.util.EntLogging$EntLogger info
INFO: Created table - servDataSource/authusershortcuts
Feb 02, 2021 3:50:30 PM org.entando.entando.ent.util.EntLogging$EntLogger info
INFO: + [ Component: entando-portal-ui ] :: DATA
|   
Feb 02, 2021 3:50:30 PM org.entando.entando.ent.util.EntLogging$EntLogger info
INFO: + [ Component: jpseo ] :: DATA
|   
Feb 02, 2021 3:50:30 PM org.entando.entando.ent.util.EntLogging$EntLogger info
INFO: Created table - portDataSource/jpseo_friendlycode
Feb 02, 2021 3:50:30 PM org.entando.entando.ent.util.EntLogging$EntLogger info
INFO: + [ Component: Core ] :: DATA
|   
Feb 02, 2021 3:50:32 PM org.entando.entando.ent.util.EntLogging$EntLogger info
INFO: + [ Component: jacms ] :: DATA
|   
Feb 02, 2021 3:50:34 PM org.entando.entando.ent.util.EntLogging$EntLogger info
INFO: + [ Component: entando-*****-console ] :: DATA
|   
Feb 02, 2021 3:50:34 PM org.entando.entando.ent.util.EntLogging$EntLogger info
INFO: + [ Component: entando-portal-ui ] :: DATA
|   
Feb 02, 2021 3:50:34 PM org.entando.entando.ent.util.EntLogging$EntLogger info
INFO: + [ Component: jpseo ] :: DATA
|   
Feb 02, 2021 3:50:40 PM org.entando.entando.ent.util.EntLogging$EntLogger info
INFO: Successfully created a random page_preview_hash
Feb 02, 2021 3:50:48 PM org.springframework.scheduling.concurrent.E**cutorConfigurationSupport initialize
INFO: Initializing E**cutorService 'entandoScheduler'
Feb 02, 2021 3:50:51 PM org.springframework.security.web.DefaultSecurityFilterChain <init>
INFO: Creating filter chain: OrRequestMatcher [requestMatchers=[Ant [pattern='/oauth/token'], Ant [pattern='/oauth/token_key'], Ant [pattern='/oauth/check_token']]], [org.springframework.security.web.context.request.async.WebAsyncManagerIntegrationFilter@e91bf01, org.springframework.security.web.context.SecurityContextPersistenceFilter@3bb5516e, org.springframework.security.web.header.HeaderWriterFilter@39e8e9f4, org.springframework.security.web.authentication.logout.LogoutFilter@7d28fec5, org.springframework.web.filter.CorsFilter@9f64299, org.springframework.security.web.authentication.www.BasicAuthenticationFilter@14470142, org.springframework.security.web.savedrequest.RequestCacheAwareFilter@7627ddd9, org.springframework.security.web.servletapi.SecurityContextHolderAwareRequestFilter@5c337c65, org.springframework.security.web.authentication.AnonymousAuthenticationFilter@a8b9cd, org.springframework.security.web.session.SessionManagementFilter@133b27a5, org.springframework.security.web.access.ExceptionTranslationFilter@2fdadb1a, org.springframework.security.web.access.intercept.FilterSecurityInterceptor@3de272c5]
Feb 02, 2021 3:50:51 PM org.springframework.security.web.DefaultSecurityFilterChain <init>
INFO: Creating filter chain: any request, [org.springframework.security.web.context.request.async.WebAsyncManagerIntegrationFilter@3de2d5ab, org.springframework.security.web.context.SecurityContextPersistenceFilter@4a40b7b7, org.springframework.security.web.header.HeaderWriterFilter@72627341, org.springframework.web.filter.CorsFilter@9f64299, org.springframework.security.web.authentication.logout.LogoutFilter@784845c0, org.springframework.security.web.savedrequest.RequestCacheAwareFilter@762bfc69, org.springframework.security.web.servletapi.SecurityContextHolderAwareRequestFilter@c5127e1, org.springframework.security.web.session.SessionManagementFilter@208f0172, org.springframework.security.web.access.ExceptionTranslationFilter@28c88457]
Feb 02, 2021 3:50:52 PM org.springframework.web.context.ContextLoader initWebApplicationContext
INFO: Root WebApplicationContext initialized in 39543 ms
Feb 02, 2021 3:50:52 PM org.springframework.scheduling.concurrent.E**cutorConfigurationSupport shutdown
INFO: Shutting down E**cutorService 'entandoScheduler'
Feb 02, 2021 3:50:55 PM org.entando.entando.ent.util.EntLogging$EntLogger info
INFO: + [ Component: Core ] :: DATA
|   
Feb 02, 2021 3:50:55 PM org.entando.entando.ent.util.EntLogging$EntLogger info
INFO: + [ Component: jacms ] :: DATA
|   
Feb 02, 2021 3:50:55 PM org.entando.entando.ent.util.EntLogging$EntLogger info
INFO: + [ Component: entando-*****-console ] :: DATA
|   
Feb 02, 2021 3:50:55 PM org.entando.entando.ent.util.EntLogging$EntLogger info
INFO: + [ Component: entando-portal-ui ] :: DATA
|   
Feb 02, 2021 3:50:55 PM org.entando.entando.ent.util.EntLogging$EntLogger info
INFO: + [ Component: jpseo ] :: DATA
|   
Feb 02, 2021 3:50:55 PM org.entando.entando.ent.util.EntLogging$EntLogger info
INFO: + [ Component: Core ] :: DATA
|   
Feb 02, 2021 3:50:55 PM org.entando.entando.ent.util.EntLogging$EntLogger info
INFO: + [ Component: jacms ] :: DATA
|   
Feb 02, 2021 3:50:55 PM org.entando.entando.ent.util.EntLogging$EntLogger info
INFO: + [ Component: entando-*****-console ] :: DATA
|   
Feb 02, 2021 3:50:55 PM org.entando.entando.ent.util.EntLogging$EntLogger info
INFO: + [ Component: entando-portal-ui ] :: DATA
|   
Feb 02, 2021 3:50:55 PM org.entando.entando.ent.util.EntLogging$EntLogger info
INFO: + [ Component: jpseo ] :: DATA
|   
Feb 02, 2021 3:51:05 PM org.springframework.scheduling.concurrent.E**cutorConfigurationSupport initialize
INFO: Initializing E**cutorService 'entandoScheduler'
Feb 02, 2021 3:51:06 PM org.springframework.security.web.DefaultSecurityFilterChain <init>
INFO: Creating filter chain: OrRequestMatcher [requestMatchers=[Ant [pattern='/oauth/token'], Ant [pattern='/oauth/token_key'], Ant [pattern='/oauth/check_token']]], [org.springframework.security.web.context.request.async.WebAsyncManagerIntegrationFilter@14ef127b, org.springframework.security.web.context.SecurityContextPersistenceFilter@f8a7843, org.springframework.security.web.header.HeaderWriterFilter@30437c2d, org.springframework.security.web.authentication.logout.LogoutFilter@20b02008, org.springframework.web.filter.CorsFilter@2167bdee, org.springframework.security.web.authentication.www.BasicAuthenticationFilter@6759c673, org.springframework.security.web.savedrequest.RequestCacheAwareFilter@560ae3ff, org.springframework.security.web.servletapi.SecurityContextHolderAwareRequestFilter@421786f4, org.springframework.security.web.authentication.AnonymousAuthenticationFilter@19e995e9, org.springframework.security.web.session.SessionManagementFilter@54004656, org.springframework.security.web.access.ExceptionTranslationFilter@7a3aebad, org.springframework.security.web.access.intercept.FilterSecurityInterceptor@84166fb]
Feb 02, 2021 3:51:06 PM org.springframework.security.web.DefaultSecurityFilterChain <init>
INFO: Creating filter chain: any request, [org.springframework.security.web.context.request.async.WebAsyncManagerIntegrationFilter@4496e617, org.springframework.security.web.context.SecurityContextPersistenceFilter@6951399a, org.springframework.security.web.header.HeaderWriterFilter@1e114c14, org.springframework.web.filter.CorsFilter@2167bdee, org.springframework.security.web.authentication.logout.LogoutFilter@7b74bb23, org.springframework.security.web.savedrequest.RequestCacheAwareFilter@7356fa88, org.springframework.security.web.servletapi.SecurityContextHolderAwareRequestFilter@601d28e0, org.springframework.security.web.session.SessionManagementFilter@2b878e3b, org.springframework.security.web.access.ExceptionTranslationFilter@3675051f]
Feb 02, 2021 3:51:09 PM org.springframework.scheduling.concurrent.E**cutorConfigurationSupport shutdown
INFO: Shutting down E**cutorService 'entandoScheduler'
[INFO] Tests run: 2, Failures: 0, Errors: 0, Skipped: 0, Time elapsed: 58.679 s - in org.entando.entando.aps.******.services.controller.control.SeoRequestValidatorIntegrationTest
[INFO] Running org.entando.entando.plugins.jpseo.aps*****.content.ContentActionIntegrationTest
Feb 02, 2021 3:51:09 PM org.springframework.mock.jndi.SimpleNamingContextBuilder bind
INFO: Static JNDI binding: [java:comp/env/logName] = [/workspace/source/target/test/entando-plugin-jpseo]
Feb 02, 2021 3:51:09 PM org.springframework.mock.jndi.SimpleNamingContextBuilder bind
INFO: Static JNDI binding: [java:comp/env/logFileRotatePattern] = [/workspace/source/target/test/entando-plugin-jpseo_logs/entando-plugin-jpseo-%i.log.gz]
Feb 02, 2021 3:51:09 PM org.springframework.mock.jndi.SimpleNamingContextBuilder bind
INFO: Static JNDI binding: [java:comp/env/logLevel] = [ERROR]
Feb 02, 2021 3:51:09 PM org.springframework.mock.jndi.SimpleNamingContextBuilder bind
INFO: Static JNDI binding: [java:comp/env/logFileSize] = [1048576]
Feb 02, 2021 3:51:09 PM org.springframework.mock.jndi.SimpleNamingContextBuilder bind
INFO: Static JNDI binding: [java:comp/env/logFilesCount] = [10]
Feb 02, 2021 3:51:09 PM org.springframework.mock.jndi.SimpleNamingContextBuilder bind
INFO: Static JNDI binding: [java:comp/env/configVersion] = [test]
Feb 02, 2021 3:51:09 PM org.springframework.mock.jndi.SimpleNamingContextBuilder bind
INFO: Static JNDI binding: [java:comp/env/applicationBaseURL] = [/Entando/]
Feb 02, 2021 3:51:09 PM org.springframework.mock.jndi.SimpleNamingContextBuilder bind
INFO: Static JNDI binding: [java:comp/env/resourceRootURL] = [/Entando/resources/]
Feb 02, 2021 3:51:09 PM org.springframework.mock.jndi.SimpleNamingContextBuilder bind
INFO: Static JNDI binding: [java:comp/env/protectedResourceRootURL] = [/Entando/protected/]
Feb 02, 2021 3:51:09 PM org.springframework.mock.jndi.SimpleNamingContextBuilder bind
INFO: Static JNDI binding: [java:comp/env/resourceDiskRootFolder] = [target/test/resources/]
Feb 02, 2021 3:51:09 PM org.springframework.mock.jndi.SimpleNamingContextBuilder bind
INFO: Static JNDI binding: [java:comp/env/protectedResourceDiskRootFolder] = [target/test/protected/]
Feb 02, 2021 3:51:09 PM org.springframework.mock.jndi.SimpleNamingContextBuilder bind
INFO: Static JNDI binding: [java:comp/env/indexDiskRootFolder] = [target/test/indexdir]
Feb 02, 2021 3:51:09 PM org.springframework.mock.jndi.SimpleNamingContextBuilder bind
INFO: Static JNDI binding: [java:comp/env/portDataSourceClassName] = [org.apache.derby.jdbc.EmbeddedDriver]
Feb 02, 2021 3:51:09 PM org.springframework.mock.jndi.SimpleNamingContextBuilder bind
INFO: Static JNDI binding: [java:comp/env/logActiveFileOutput] = [false]
Feb 02, 2021 3:51:09 PM org.springframework.mock.jndi.SimpleNamingContextBuilder bind
INFO: Static JNDI binding: [java:comp/env/jdbc.servDb.url] = [jdbc:derby:/workspace/source/target/test/db/entando-plugin-jpseotestServ;create=****]
Feb 02, 2021 3:51:09 PM org.springframework.mock.jndi.SimpleNamingContextBuilder bind
INFO: Static JNDI binding: [java:comp/env/servDataSourceClassName] = [org.apache.derby.jdbc.EmbeddedDriver]
Feb 02, 2021 3:51:09 PM org.springframework.mock.jndi.SimpleNamingContextBuilder bind
INFO: Static JNDI binding: [java:comp/env/logFilesCount] = [10]
Feb 02, 2021 3:51:09 PM org.springframework.mock.jndi.SimpleNamingContextBuilder bind
INFO: Static JNDI binding: [java:comp/env/applicationBaseURL] = [/Entando/]
Feb 02, 2021 3:51:09 PM org.springframework.mock.jndi.SimpleNamingContextBuilder bind
INFO: Static JNDI binding: [java:comp/env/jdbc.portDb.password] = [agile]
Feb 02, 2021 3:51:09 PM org.springframework.mock.jndi.SimpleNamingContextBuilder bind
INFO: Static JNDI binding: [java:comp/env/logLevel] = [ERROR]
Feb 02, 2021 3:51:09 PM org.springframework.mock.jndi.SimpleNamingContextBuilder bind
INFO: Static JNDI binding: [java:comp/env/indexDiskRootFolder] = [target/test/indexdir]
Feb 02, 2021 3:51:09 PM org.springframework.mock.jndi.SimpleNamingContextBuilder bind
INFO: Static JNDI binding: [java:comp/env/logFileSize] = [1048576]
Feb 02, 2021 3:51:09 PM org.springframework.mock.jndi.SimpleNamingContextBuilder bind
INFO: Static JNDI binding: [java:comp/env/resourceDiskRootFolder] = [target/test/resources/]
Feb 02, 2021 3:51:09 PM org.springframework.mock.jndi.SimpleNamingContextBuilder bind
INFO: Static JNDI binding: [java:comp/env/protectedResourceRootURL] = [/Entando/protected/]
Feb 02, 2021 3:51:09 PM org.springframework.mock.jndi.SimpleNamingContextBuilder bind
INFO: Static JNDI binding: [java:comp/env/resourceRootURL] = [/Entando/resources/]
Feb 02, 2021 3:51:09 PM org.springframework.mock.jndi.SimpleNamingContextBuilder bind
INFO: Static JNDI binding: [java:comp/env/configVersion] = [test]
Feb 02, 2021 3:51:09 PM org.springframework.mock.jndi.SimpleNamingContextBuilder bind
INFO: Static JNDI binding: [java:comp/env/jdbc.servDb.beanName] = [servDataSource]
Feb 02, 2021 3:51:09 PM org.springframework.mock.jndi.SimpleNamingContextBuilder bind
INFO: Static JNDI binding: [java:comp/env/jdbc.portDb.url] = [jdbc:derby:/workspace/source/target/test/db/entando-plugin-jpseotestPort;create=****]
Feb 02, 2021 3:51:09 PM org.springframework.mock.jndi.SimpleNamingContextBuilder bind
INFO: Static JNDI binding: [java:comp/env/jdbc.servDb.driverClassName] = [org.apache.derby.jdbc.EmbeddedDriver]
Feb 02, 2021 3:51:09 PM org.springframework.mock.jndi.SimpleNamingContextBuilder bind
INFO: Static JNDI binding: [java:comp/env/protectedResourceDiskRootFolder] = [target/test/protected/]
Feb 02, 2021 3:51:09 PM org.springframework.mock.jndi.SimpleNamingContextBuilder bind
INFO: Static JNDI binding: [java:comp/env/jdbc.portDb.beanName] = [portDataSource]
Feb 02, 2021 3:51:09 PM org.springframework.mock.jndi.SimpleNamingContextBuilder bind
INFO: Static JNDI binding: [java:comp/env/jdbc.servDb.password] = [agile]
Feb 02, 2021 3:51:09 PM org.springframework.mock.jndi.SimpleNamingContextBuilder bind
INFO: Static JNDI binding: [java:comp/env/jdbc.portDb.driverClassName] = [org.apache.derby.jdbc.EmbeddedDriver]
Feb 02, 2021 3:51:09 PM org.springframework.mock.jndi.SimpleNamingContextBuilder bind
INFO: Static JNDI binding: [java:comp/env/jdbc.portDb.username] = [agile]
Feb 02, 2021 3:51:09 PM org.springframework.mock.jndi.SimpleNamingContextBuilder bind
INFO: Static JNDI binding: [java:comp/env/jdbc.servDb.username] = [agile]
Feb 02, 2021 3:51:09 PM org.springframework.mock.jndi.SimpleNamingContextBuilder bind
INFO: Static JNDI binding: [java:comp/env/logName] = [/workspace/source/target/test/entando-plugin-jpseo]
Feb 02, 2021 3:51:09 PM org.springframework.mock.jndi.SimpleNamingContextBuilder bind
INFO: Static JNDI binding: [java:comp/env/logFileRotatePattern] = [/workspace/source/target/test/entando-plugin-jpseo_logs/entando-plugin-jpseo-%i.log.gz]
Feb 02, 2021 3:51:09 PM org.springframework.mock.jndi.SimpleNamingContextBuilder bind
INFO: Static JNDI binding: [java:comp/env/jdbc/servDataSource] = [org.apache.commons.dbcp2.BasicDataSource@45e4fa37]
Feb 02, 2021 3:51:09 PM org.springframework.mock.jndi.SimpleNamingContextBuilder bind
INFO: Static JNDI binding: [java:comp/env/jdbc/portDataSource] = [org.apache.commons.dbcp2.BasicDataSource@655de57a]
Feb 02, 2021 3:51:09 PM org.springframework.mock.web.MockServletContext log
INFO: Initializing Spring **** WebApplicationContext
Feb 02, 2021 3:51:09 PM org.springframework.web.context.ContextLoader initWebApplicationContext
INFO: Root WebApplicationContext: initialization started
Feb 02, 2021 3:51:14 PM org.entando.entando.ent.util.EntLogging$EntLogger info
INFO: + [ Component: Core ] :: DATA
|   
Feb 02, 2021 3:51:14 PM org.entando.entando.ent.util.EntLogging$EntLogger info
INFO: + [ Component: jacms ] :: DATA
|   
Feb 02, 2021 3:51:14 PM org.entando.entando.ent.util.EntLogging$EntLogger info
INFO: + [ Component: entando-*****-console ] :: DATA
|   
Feb 02, 2021 3:51:14 PM org.entando.entando.ent.util.EntLogging$EntLogger info
INFO: + [ Component: entando-portal-ui ] :: DATA
|   
Feb 02, 2021 3:51:14 PM org.entando.entando.ent.util.EntLogging$EntLogger info
INFO: + [ Component: jpseo ] :: DATA
|   
Feb 02, 2021 3:51:14 PM org.entando.entando.ent.util.EntLogging$EntLogger info
INFO: + [ Component: Core ] :: DATA
|   
Feb 02, 2021 3:51:14 PM org.entando.entando.ent.util.EntLogging$EntLogger info
INFO: + [ Component: jacms ] :: DATA
|   
Feb 02, 2021 3:51:14 PM org.entando.entando.ent.util.EntLogging$EntLogger info
INFO: + [ Component: entando-*****-console ] :: DATA
|   
Feb 02, 2021 3:51:14 PM org.entando.entando.ent.util.EntLogging$EntLogger info
INFO: + [ Component: entando-portal-ui ] :: DATA
|   
Feb 02, 2021 3:51:14 PM org.entando.entando.ent.util.EntLogging$EntLogger info
INFO: + [ Component: jpseo ] :: DATA
|   
Feb 02, 2021 3:51:24 PM org.springframework.scheduling.concurrent.E**cutorConfigurationSupport initialize
INFO: Initializing E**cutorService 'entandoScheduler'
Feb 02, 2021 3:51:26 PM org.springframework.security.web.DefaultSecurityFilterChain <init>
INFO: Creating filter chain: OrRequestMatcher [requestMatchers=[Ant [pattern='/oauth/token'], Ant [pattern='/oauth/token_key'], Ant [pattern='/oauth/check_token']]], [org.springframework.security.web.context.request.async.WebAsyncManagerIntegrationFilter@3ad621f4, org.springframework.security.web.context.SecurityContextPersistenceFilter@fd0fc5a, org.springframework.security.web.header.HeaderWriterFilter@6fbf1fb9, org.springframework.security.web.authentication.logout.LogoutFilter@49d5226d, org.springframework.web.filter.CorsFilter@43afaf20, org.springframework.security.web.authentication.www.BasicAuthenticationFilter@6fb4d03f, org.springframework.security.web.savedrequest.RequestCacheAwareFilter@244a4382, org.springframework.security.web.servletapi.SecurityContextHolderAwareRequestFilter@6f874b80, org.springframework.security.web.authentication.AnonymousAuthenticationFilter@6dd58c0c, org.springframework.security.web.session.SessionManagementFilter@58e25814, org.springframework.security.web.access.ExceptionTranslationFilter@4b03dbf6, org.springframework.security.web.access.intercept.FilterSecurityInterceptor@74dc4d9a]
Feb 02, 2021 3:51:26 PM org.springframework.security.web.DefaultSecurityFilterChain <init>
INFO: Creating filter chain: any request, [org.springframework.security.web.context.request.async.WebAsyncManagerIntegrationFilter@655c09c5, org.springframework.security.web.context.SecurityContextPersistenceFilter@2d9600fc, org.springframework.security.web.header.HeaderWriterFilter@4950fbfd, org.springframework.web.filter.CorsFilter@43afaf20, org.springframework.security.web.authentication.logout.LogoutFilter@454a4753, org.springframework.security.web.savedrequest.RequestCacheAwareFilter@3a01ce70, org.springframework.security.web.servletapi.SecurityContextHolderAwareRequestFilter@879b5e3, org.springframework.security.web.session.SessionManagementFilter@20f5426d, org.springframework.security.web.access.ExceptionTranslationFilter@258f2500]
Feb 02, 2021 3:51:26 PM org.springframework.web.context.ContextLoader initWebApplicationContext
INFO: Root WebApplicationContext initialized in 16253 ms
Feb 02, 2021 3:51:26 PM org.springframework.scheduling.concurrent.E**cutorConfigurationSupport shutdown
INFO: Shutting down E**cutorService 'entandoScheduler'
Feb 02, 2021 3:51:29 PM org.entando.entando.ent.util.EntLogging$EntLogger info
INFO: + [ Component: Core ] :: DATA
|   
Feb 02, 2021 3:51:29 PM org.entando.entando.ent.util.EntLogging$EntLogger info
INFO: + [ Component: jacms ] :: DATA
|   
Feb 02, 2021 3:51:29 PM org.entando.entando.ent.util.EntLogging$EntLogger info
INFO: + [ Component: entando-*****-console ] :: DATA
|   
Feb 02, 2021 3:51:29 PM org.entando.entando.ent.util.EntLogging$EntLogger info
INFO: + [ Component: entando-portal-ui ] :: DATA
|   
Feb 02, 2021 3:51:29 PM org.entando.entando.ent.util.EntLogging$EntLogger info
INFO: + [ Component: jpseo ] :: DATA
|   
Feb 02, 2021 3:51:29 PM org.entando.entando.ent.util.EntLogging$EntLogger info
INFO: + [ Component: Core ] :: DATA
|   
Feb 02, 2021 3:51:29 PM org.entando.entando.ent.util.EntLogging$EntLogger info
INFO: + [ Component: jacms ] :: DATA
|   
Feb 02, 2021 3:51:29 PM org.entando.entando.ent.util.EntLogging$EntLogger info
INFO: + [ Component: entando-*****-console ] :: DATA
|   
Feb 02, 2021 3:51:29 PM org.entando.entando.ent.util.EntLogging$EntLogger info
INFO: + [ Component: entando-portal-ui ] :: DATA
|   
Feb 02, 2021 3:51:29 PM org.entando.entando.ent.util.EntLogging$EntLogger info
INFO: + [ Component: jpseo ] :: DATA
|   
Feb 02, 2021 3:51:38 PM org.springframework.scheduling.concurrent.E**cutorConfigurationSupport initialize
INFO: Initializing E**cutorService 'entandoScheduler'
Feb 02, 2021 3:51:40 PM org.springframework.security.web.DefaultSecurityFilterChain <init>
INFO: Creating filter chain: OrRequestMatcher [requestMatchers=[Ant [pattern='/oauth/token'], Ant [pattern='/oauth/token_key'], Ant [pattern='/oauth/check_token']]], [org.springframework.security.web.context.request.async.WebAsyncManagerIntegrationFilter@327addd2, org.springframework.security.web.context.SecurityContextPersistenceFilter@7b58176d, org.springframework.security.web.header.HeaderWriterFilter@2d286fe, org.springframework.security.web.authentication.logout.LogoutFilter@4058ab14, org.springframework.web.filter.CorsFilter@fcb43bc, org.springframework.security.web.authentication.www.BasicAuthenticationFilter@5621e83b, org.springframework.security.web.savedrequest.RequestCacheAwareFilter@7b1dce6c, org.springframework.security.web.servletapi.SecurityContextHolderAwareRequestFilter@5b591761, org.springframework.security.web.authentication.AnonymousAuthenticationFilter@6f4cacfb, org.springframework.security.web.session.SessionManagementFilter@772e7ad7, org.springframework.security.web.access.ExceptionTranslationFilter@55f35a9e, org.springframework.security.web.access.intercept.FilterSecurityInterceptor@1c0dca2b]
Feb 02, 2021 3:51:40 PM org.springframework.security.web.DefaultSecurityFilterChain <init>
INFO: Creating filter chain: any request, [org.springframework.security.web.context.request.async.WebAsyncManagerIntegrationFilter@3d42d6e1, org.springframework.security.web.context.SecurityContextPersistenceFilter@32a0c1c1, org.springframework.security.web.header.HeaderWriterFilter@67fe0fb6, org.springframework.web.filter.CorsFilter@fcb43bc, org.springframework.security.web.authentication.logout.LogoutFilter@6d5edcb0, org.springframework.security.web.savedrequest.RequestCacheAwareFilter@6e5042c1, org.springframework.security.web.servletapi.SecurityContextHolderAwareRequestFilter@19fed49, org.springframework.security.web.session.SessionManagementFilter@14b3104d, org.springframework.security.web.access.ExceptionTranslationFilter@2dfb1a4e]
[INFO ] 2021-02-02 15:51:42.625 [main] SpringObjectFactory - Setting autowire strategy to name
[INFO ] 2021-02-02 15:51:43.866 [main] SpringObjectFactory - Setting autowire strategy to name
Feb 02, 2021 3:51:44 PM org.entando.entando.ent.util.EntLogging$EntLogger warn
WARNING: Unrecognized location of resource '/workspace/source/target/classes/org/entando/entando/plugins/jpseo/aps*****/global-messages_en.properties'
Feb 02, 2021 3:51:44 PM org.entando.entando.ent.util.EntLogging$EntLogger warn
WARNING: Unrecognized location of resource '/workspace/source/target/classes/org/entando/entando/plugins/jpseo/aps*****/global-messages_it.properties'
Feb 02, 2021 3:51:44 PM org.entando.entando.ent.util.EntLogging$EntLogger warn
WARNING: Unrecognized location of resource 'file:/home/jenkins/.mvnrepository/org/entando/entando/plugins/entando-plugin-jacms/6.3.11/entando-plugin-jacms-6.3.11-classes.jar!/org/entando/entando/plugins/jacms/aps*****/global-messages_en.properties'
Feb 02, 2021 3:51:44 PM org.entando.entando.ent.util.EntLogging$EntLogger warn
WARNING: Unrecognized location of resource 'file:/home/jenkins/.mvnrepository/org/entando/entando/plugins/entando-plugin-jacms/6.3.11/entando-plugin-jacms-6.3.11-classes.jar!/org/entando/entando/plugins/jacms/aps*****/global-messages_it.properties'
Feb 02, 2021 3:51:44 PM org.entando.entando.ent.util.EntLogging$EntLogger warn
WARNING: Unrecognized location of resource 'file:/home/jenkins/.mvnrepository/org/entando/entando/plugins/entando-plugin-jacms/6.3.11/entando-plugin-jacms-6.3.11-classes.jar!/com/agiletec/plugins/jacms/aps*****/global-messages_en.properties'
Feb 02, 2021 3:51:44 PM org.entando.entando.ent.util.EntLogging$EntLogger warn
WARNING: Unrecognized location of resource 'file:/home/jenkins/.mvnrepository/org/entando/entando/plugins/entando-plugin-jacms/6.3.11/entando-plugin-jacms-6.3.11-classes.jar!/com/agiletec/plugins/jacms/aps*****/global-messages_it.properties'
Feb 02, 2021 3:51:47 PM org.entando.entando.ent.util.EntLogging$EntLogger info
INFO: Saving content ART202 - Description: 'Il titolo' - User: *****
[INFO] Tests run: 1, Failures: 0, Errors: 0, Skipped: 0, Time elapsed: 37.784 s - in org.entando.entando.plugins.jpseo.aps*****.content.ContentActionIntegrationTest
[INFO] Running org.entando.entando.plugins.jpseo.aps*****.portal.PageSettingsActionAspectTest
Feb 02, 2021 3:51:49 PM org.entando.entando.ent.util.EntLogging$EntLogger error
SEVERE: error updating page settings for seo
org.entando.entando.ent.exception.EntException

[INFO] Tests run: 8, Failures: 0, Errors: 0, Skipped: 0, Time elapsed: 2.019 s - in org.entando.entando.plugins.jpseo.aps*****.portal.PageSettingsActionAspectTest
[INFO] Running org.entando.entando.plugins.jpseo.aps*****.portal.PageActionIntegrationTest
[INFO ] 2021-02-02 15:51:50.382 [main] SpringObjectFactory - Setting autowire strategy to name
[INFO] Tests run: 8, Failures: 0, Errors: 0, Skipped: 0, Time elapsed: 6.157 s - in org.entando.entando.plugins.jpseo.aps*****.portal.PageActionIntegrationTest
[INFO] Running org.entando.entando.plugins.jpseo.aps*****.portal.PageSettingsActionIntegrationTest
[INFO ] 2021-02-02 15:51:56.452 [main] SpringObjectFactory - Setting autowire strategy to name
[INFO] Tests run: 5, Failures: 0, Errors: 0, Skipped: 0, Time elapsed: 1.531 s - in org.entando.entando.plugins.jpseo.aps*****.portal.PageSettingsActionIntegrationTest
[INFO] Running org.entando.entando.plugins.jpseo.aps.******.services.metatag.MetatagCatalogueIntegrationTest
Feb 02, 2021 3:51:57 PM org.springframework.mock.jndi.SimpleNamingContextBuilder bind
INFO: Static JNDI binding: [java:comp/env/logName] = [/workspace/source/target/test/entando-plugin-jpseo]
Feb 02, 2021 3:51:57 PM org.springframework.mock.jndi.SimpleNamingContextBuilder bind
INFO: Static JNDI binding: [java:comp/env/logFileRotatePattern] = [/workspace/source/target/test/entando-plugin-jpseo_logs/entando-plugin-jpseo-%i.log.gz]
Feb 02, 2021 3:51:57 PM org.springframework.mock.jndi.SimpleNamingContextBuilder bind
INFO: Static JNDI binding: [java:comp/env/logLevel] = [ERROR]
Feb 02, 2021 3:51:57 PM org.springframework.mock.jndi.SimpleNamingContextBuilder bind
INFO: Static JNDI binding: [java:comp/env/logFileSize] = [1048576]
Feb 02, 2021 3:51:57 PM org.springframework.mock.jndi.SimpleNamingContextBuilder bind
INFO: Static JNDI binding: [java:comp/env/logFilesCount] = [10]
Feb 02, 2021 3:51:57 PM org.springframework.mock.jndi.SimpleNamingContextBuilder bind
INFO: Static JNDI binding: [java:comp/env/configVersion] = [test]
Feb 02, 2021 3:51:57 PM org.springframework.mock.jndi.SimpleNamingContextBuilder bind
INFO: Static JNDI binding: [java:comp/env/applicationBaseURL] = [/Entando/]
Feb 02, 2021 3:51:57 PM org.springframework.mock.jndi.SimpleNamingContextBuilder bind
INFO: Static JNDI binding: [java:comp/env/resourceRootURL] = [/Entando/resources/]
Feb 02, 2021 3:51:57 PM org.springframework.mock.jndi.SimpleNamingContextBuilder bind
INFO: Static JNDI binding: [java:comp/env/protectedResourceRootURL] = [/Entando/protected/]
Feb 02, 2021 3:51:57 PM org.springframework.mock.jndi.SimpleNamingContextBuilder bind
INFO: Static JNDI binding: [java:comp/env/resourceDiskRootFolder] = [target/test/resources/]
Feb 02, 2021 3:51:57 PM org.springframework.mock.jndi.SimpleNamingContextBuilder bind
INFO: Static JNDI binding: [java:comp/env/protectedResourceDiskRootFolder] = [target/test/protected/]
Feb 02, 2021 3:51:57 PM org.springframework.mock.jndi.SimpleNamingContextBuilder bind
INFO: Static JNDI binding: [java:comp/env/indexDiskRootFolder] = [target/test/indexdir]
Feb 02, 2021 3:51:57 PM org.springframework.mock.jndi.SimpleNamingContextBuilder bind
INFO: Static JNDI binding: [java:comp/env/portDataSourceClassName] = [org.apache.derby.jdbc.EmbeddedDriver]
Feb 02, 2021 3:51:57 PM org.springframework.mock.jndi.SimpleNamingContextBuilder bind
INFO: Static JNDI binding: [java:comp/env/logActiveFileOutput] = [false]
Feb 02, 2021 3:51:57 PM org.springframework.mock.jndi.SimpleNamingContextBuilder bind
INFO: Static JNDI binding: [java:comp/env/jdbc.servDb.url] = [jdbc:derby:/workspace/source/target/test/db/entando-plugin-jpseotestServ;create=****]
Feb 02, 2021 3:51:57 PM org.springframework.mock.jndi.SimpleNamingContextBuilder bind
INFO: Static JNDI binding: [java:comp/env/servDataSourceClassName] = [org.apache.derby.jdbc.EmbeddedDriver]
Feb 02, 2021 3:51:57 PM org.springframework.mock.jndi.SimpleNamingContextBuilder bind
INFO: Static JNDI binding: [java:comp/env/logFilesCount] = [10]
Feb 02, 2021 3:51:57 PM org.springframework.mock.jndi.SimpleNamingContextBuilder bind
INFO: Static JNDI binding: [java:comp/env/applicationBaseURL] = [/Entando/]
Feb 02, 2021 3:51:57 PM org.springframework.mock.jndi.SimpleNamingContextBuilder bind
INFO: Static JNDI binding: [java:comp/env/jdbc.portDb.password] = [agile]
Feb 02, 2021 3:51:57 PM org.springframework.mock.jndi.SimpleNamingContextBuilder bind
INFO: Static JNDI binding: [java:comp/env/logLevel] = [ERROR]
Feb 02, 2021 3:51:57 PM org.springframework.mock.jndi.SimpleNamingContextBuilder bind
INFO: Static JNDI binding: [java:comp/env/indexDiskRootFolder] = [target/test/indexdir]
Feb 02, 2021 3:51:57 PM org.springframework.mock.jndi.SimpleNamingContextBuilder bind
INFO: Static JNDI binding: [java:comp/env/logFileSize] = [1048576]
Feb 02, 2021 3:51:57 PM org.springframework.mock.jndi.SimpleNamingContextBuilder bind
INFO: Static JNDI binding: [java:comp/env/resourceDiskRootFolder] = [target/test/resources/]
Feb 02, 2021 3:51:57 PM org.springframework.mock.jndi.SimpleNamingContextBuilder bind
INFO: Static JNDI binding: [java:comp/env/protectedResourceRootURL] = [/Entando/protected/]
Feb 02, 2021 3:51:57 PM org.springframework.mock.jndi.SimpleNamingContextBuilder bind
INFO: Static JNDI binding: [java:comp/env/resourceRootURL] = [/Entando/resources/]
Feb 02, 2021 3:51:57 PM org.springframework.mock.jndi.SimpleNamingContextBuilder bind
INFO: Static JNDI binding: [java:comp/env/configVersion] = [test]
Feb 02, 2021 3:51:57 PM org.springframework.mock.jndi.SimpleNamingContextBuilder bind
INFO: Static JNDI binding: [java:comp/env/jdbc.servDb.beanName] = [servDataSource]
Feb 02, 2021 3:51:57 PM org.springframework.mock.jndi.SimpleNamingContextBuilder bind
INFO: Static JNDI binding: [java:comp/env/jdbc.portDb.url] = [jdbc:derby:/workspace/source/target/test/db/entando-plugin-jpseotestPort;create=****]
Feb 02, 2021 3:51:57 PM org.springframework.mock.jndi.SimpleNamingContextBuilder bind
INFO: Static JNDI binding: [java:comp/env/jdbc.servDb.driverClassName] = [org.apache.derby.jdbc.EmbeddedDriver]
Feb 02, 2021 3:51:57 PM org.springframework.mock.jndi.SimpleNamingContextBuilder bind
INFO: Static JNDI binding: [java:comp/env/protectedResourceDiskRootFolder] = [target/test/protected/]
Feb 02, 2021 3:51:57 PM org.springframework.mock.jndi.SimpleNamingContextBuilder bind
INFO: Static JNDI binding: [java:comp/env/jdbc.portDb.beanName] = [portDataSource]
Feb 02, 2021 3:51:57 PM org.springframework.mock.jndi.SimpleNamingContextBuilder bind
INFO: Static JNDI binding: [java:comp/env/jdbc.servDb.password] = [agile]
Feb 02, 2021 3:51:57 PM org.springframework.mock.jndi.SimpleNamingContextBuilder bind
INFO: Static JNDI binding: [java:comp/env/jdbc.portDb.driverClassName] = [org.apache.derby.jdbc.EmbeddedDriver]
Feb 02, 2021 3:51:57 PM org.springframework.mock.jndi.SimpleNamingContextBuilder bind
INFO: Static JNDI binding: [java:comp/env/jdbc.portDb.username] = [agile]
Feb 02, 2021 3:51:57 PM org.springframework.mock.jndi.SimpleNamingContextBuilder bind
INFO: Static JNDI binding: [java:comp/env/jdbc.servDb.username] = [agile]
Feb 02, 2021 3:51:57 PM org.springframework.mock.jndi.SimpleNamingContextBuilder bind
INFO: Static JNDI binding: [java:comp/env/logName] = [/workspace/source/target/test/entando-plugin-jpseo]
Feb 02, 2021 3:51:57 PM org.springframework.mock.jndi.SimpleNamingContextBuilder bind
INFO: Static JNDI binding: [java:comp/env/logFileRotatePattern] = [/workspace/source/target/test/entando-plugin-jpseo_logs/entando-plugin-jpseo-%i.log.gz]
Feb 02, 2021 3:51:57 PM org.springframework.mock.jndi.SimpleNamingContextBuilder bind
INFO: Static JNDI binding: [java:comp/env/jdbc/servDataSource] = [org.apache.commons.dbcp2.BasicDataSource@5b1b800f]
Feb 02, 2021 3:51:57 PM org.springframework.mock.jndi.SimpleNamingContextBuilder bind
INFO: Static JNDI binding: [java:comp/env/jdbc/portDataSource] = [org.apache.commons.dbcp2.BasicDataSource@62444585]
Feb 02, 2021 3:51:57 PM org.springframework.mock.web.MockServletContext log
INFO: Initializing Spring **** WebApplicationContext
Feb 02, 2021 3:51:57 PM org.springframework.web.context.ContextLoader initWebApplicationContext
INFO: Root WebApplicationContext: initialization started
Feb 02, 2021 3:52:01 PM org.entando.entando.ent.util.EntLogging$EntLogger info
INFO: + [ Component: Core ] :: DATA
|   
Feb 02, 2021 3:52:01 PM org.entando.entando.ent.util.EntLogging$EntLogger info
INFO: + [ Component: jacms ] :: DATA
|   
Feb 02, 2021 3:52:01 PM org.entando.entando.ent.util.EntLogging$EntLogger info
INFO: + [ Component: entando-*****-console ] :: DATA
|   
Feb 02, 2021 3:52:01 PM org.entando.entando.ent.util.EntLogging$EntLogger info
INFO: + [ Component: entando-portal-ui ] :: DATA
|   
Feb 02, 2021 3:52:01 PM org.entando.entando.ent.util.EntLogging$EntLogger info
INFO: + [ Component: jpseo ] :: DATA
|   
Feb 02, 2021 3:52:01 PM org.entando.entando.ent.util.EntLogging$EntLogger info
INFO: + [ Component: Core ] :: DATA
|   
Feb 02, 2021 3:52:01 PM org.entando.entando.ent.util.EntLogging$EntLogger info
INFO: + [ Component: jacms ] :: DATA
|   
Feb 02, 2021 3:52:01 PM org.entando.entando.ent.util.EntLogging$EntLogger info
INFO: + [ Component: entando-*****-console ] :: DATA
|   
Feb 02, 2021 3:52:01 PM org.entando.entando.ent.util.EntLogging$EntLogger info
INFO: + [ Component: entando-portal-ui ] :: DATA
|   
Feb 02, 2021 3:52:01 PM org.entando.entando.ent.util.EntLogging$EntLogger info
INFO: + [ Component: jpseo ] :: DATA
|   
Feb 02, 2021 3:52:11 PM org.springframework.scheduling.concurrent.E**cutorConfigurationSupport initialize
INFO: Initializing E**cutorService 'entandoScheduler'
Feb 02, 2021 3:52:13 PM org.springframework.security.web.DefaultSecurityFilterChain <init>
INFO: Creating filter chain: OrRequestMatcher [requestMatchers=[Ant [pattern='/oauth/token'], Ant [pattern='/oauth/token_key'], Ant [pattern='/oauth/check_token']]], [org.springframework.security.web.context.request.async.WebAsyncManagerIntegrationFilter@353b1bf6, org.springframework.security.web.context.SecurityContextPersistenceFilter@49b61ad9, org.springframework.security.web.header.HeaderWriterFilter@31e88193, org.springframework.security.web.authentication.logout.LogoutFilter@48651295, org.springframework.web.filter.CorsFilter@36ad767b, org.springframework.security.web.authentication.www.BasicAuthenticationFilter@4ea15039, org.springframework.security.web.savedrequest.RequestCacheAwareFilter@50df1077, org.springframework.security.web.servletapi.SecurityContextHolderAwareRequestFilter@3751f5d3, org.springframework.security.web.authentication.AnonymousAuthenticationFilter@46bc8fb5, org.springframework.security.web.session.SessionManagementFilter@5861a4c6, org.springframework.security.web.access.ExceptionTranslationFilter@2ec79325, org.springframework.security.web.access.intercept.FilterSecurityInterceptor@423ecc09]
Feb 02, 2021 3:52:13 PM org.springframework.security.web.DefaultSecurityFilterChain <init>
INFO: Creating filter chain: any request, [org.springframework.security.web.context.request.async.WebAsyncManagerIntegrationFilter@3d29fea1, org.springframework.security.web.context.SecurityContextPersistenceFilter@3e35b181, org.springframework.security.web.header.HeaderWriterFilter@41fbb85b, org.springframework.web.filter.CorsFilter@36ad767b, org.springframework.security.web.authentication.logout.LogoutFilter@4ad9bfb1, org.springframework.security.web.savedrequest.RequestCacheAwareFilter@29364084, org.springframework.security.web.servletapi.SecurityContextHolderAwareRequestFilter@22bd24f2, org.springframework.security.web.session.SessionManagementFilter@7084a3d3, org.springframework.security.web.access.ExceptionTranslationFilter@4c740be]
Feb 02, 2021 3:52:13 PM org.springframework.web.context.ContextLoader initWebApplicationContext
INFO: Root WebApplicationContext initialized in 15826 ms
Feb 02, 2021 3:52:13 PM org.springframework.scheduling.concurrent.E**cutorConfigurationSupport shutdown
INFO: Shutting down E**cutorService 'entandoScheduler'
Feb 02, 2021 3:52:16 PM org.entando.entando.ent.util.EntLogging$EntLogger info
INFO: + [ Component: Core ] :: DATA
|   
Feb 02, 2021 3:52:16 PM org.entando.entando.ent.util.EntLogging$EntLogger info
INFO: + [ Component: jacms ] :: DATA
|   
Feb 02, 2021 3:52:16 PM org.entando.entando.ent.util.EntLogging$EntLogger info
INFO: + [ Component: entando-*****-console ] :: DATA
|   
Feb 02, 2021 3:52:16 PM org.entando.entando.ent.util.EntLogging$EntLogger info
INFO: + [ Component: entando-portal-ui ] :: DATA
|   
Feb 02, 2021 3:52:16 PM org.entando.entando.ent.util.EntLogging$EntLogger info
INFO: + [ Component: jpseo ] :: DATA
|   
Feb 02, 2021 3:52:16 PM org.entando.entando.ent.util.EntLogging$EntLogger info
INFO: + [ Component: Core ] :: DATA
|   
Feb 02, 2021 3:52:16 PM org.entando.entando.ent.util.EntLogging$EntLogger info
INFO: + [ Component: jacms ] :: DATA
|   
Feb 02, 2021 3:52:16 PM org.entando.entando.ent.util.EntLogging$EntLogger info
INFO: + [ Component: entando-*****-console ] :: DATA
|   
Feb 02, 2021 3:52:16 PM org.entando.entando.ent.util.EntLogging$EntLogger info
INFO: + [ Component: entando-portal-ui ] :: DATA
|   
Feb 02, 2021 3:52:16 PM org.entando.entando.ent.util.EntLogging$EntLogger info
INFO: + [ Component: jpseo ] :: DATA
|   
Feb 02, 2021 3:52:25 PM org.springframework.scheduling.concurrent.E**cutorConfigurationSupport initialize
INFO: Initializing E**cutorService 'entandoScheduler'
Feb 02, 2021 3:52:27 PM org.springframework.security.web.DefaultSecurityFilterChain <init>
INFO: Creating filter chain: OrRequestMatcher [requestMatchers=[Ant [pattern='/oauth/token'], Ant [pattern='/oauth/token_key'], Ant [pattern='/oauth/check_token']]], [org.springframework.security.web.context.request.async.WebAsyncManagerIntegrationFilter@7c14ab77, org.springframework.security.web.context.SecurityContextPersistenceFilter@5ace10a3, org.springframework.security.web.header.HeaderWriterFilter@3630f493, org.springframework.security.web.authentication.logout.LogoutFilter@10e6b4f3, org.springframework.web.filter.CorsFilter@1db6c3f0, org.springframework.security.web.authentication.www.BasicAuthenticationFilter@3bd31943, org.springframework.security.web.savedrequest.RequestCacheAwareFilter@681dff75, org.springframework.security.web.servletapi.SecurityContextHolderAwareRequestFilter@1a08b611, org.springframework.security.web.authentication.AnonymousAuthenticationFilter@76b62db7, org.springframework.security.web.session.SessionManagementFilter@59673f5f, org.springframework.security.web.access.ExceptionTranslationFilter@70a5c1b5, org.springframework.security.web.access.intercept.FilterSecurityInterceptor@54aeaccc]
Feb 02, 2021 3:52:27 PM org.springframework.security.web.DefaultSecurityFilterChain <init>
INFO: Creating filter chain: any request, [org.springframework.security.web.context.request.async.WebAsyncManagerIntegrationFilter@46b3dbaa, org.springframework.security.web.context.SecurityContextPersistenceFilter@574cbe7f, org.springframework.security.web.header.HeaderWriterFilter@37c5e399, org.springframework.web.filter.CorsFilter@1db6c3f0, org.springframework.security.web.authentication.logout.LogoutFilter@652e7234, org.springframework.security.web.savedrequest.RequestCacheAwareFilter@36ee4e6e, org.springframework.security.web.servletapi.SecurityContextHolderAwareRequestFilter@70b177f1, org.springframework.security.web.session.SessionManagementFilter@73e48f44, org.springframework.security.web.access.ExceptionTranslationFilter@37b99014]
Feb 02, 2021 3:52:27 PM org.springframework.scheduling.concurrent.E**cutorConfigurationSupport shutdown
INFO: Shutting down E**cutorService 'entandoScheduler'
[INFO] Tests run: 1, Failures: 0, Errors: 0, Skipped: 0, Time elapsed: 29.871 s - in org.entando.entando.plugins.jpseo.aps.******.services.metatag.MetatagCatalogueIntegrationTest
[INFO] Running org.entando.entando.plugins.jpseo.aps.******.services.mapping.SeoMappingManagerIntegrationTest
Feb 02, 2021 3:52:27 PM org.springframework.mock.jndi.SimpleNamingContextBuilder bind
INFO: Static JNDI binding: [java:comp/env/logName] = [/workspace/source/target/test/entando-plugin-jpseo]
Feb 02, 2021 3:52:27 PM org.springframework.mock.jndi.SimpleNamingContextBuilder bind
INFO: Static JNDI binding: [java:comp/env/logFileRotatePattern] = [/workspace/source/target/test/entando-plugin-jpseo_logs/entando-plugin-jpseo-%i.log.gz]
Feb 02, 2021 3:52:27 PM org.springframework.mock.jndi.SimpleNamingContextBuilder bind
INFO: Static JNDI binding: [java:comp/env/logLevel] = [ERROR]
Feb 02, 2021 3:52:27 PM org.springframework.mock.jndi.SimpleNamingContextBuilder bind
INFO: Static JNDI binding: [java:comp/env/logFileSize] = [1048576]
Feb 02, 2021 3:52:27 PM org.springframework.mock.jndi.SimpleNamingContextBuilder bind
INFO: Static JNDI binding: [java:comp/env/logFilesCount] = [10]
Feb 02, 2021 3:52:27 PM org.springframework.mock.jndi.SimpleNamingContextBuilder bind
INFO: Static JNDI binding: [java:comp/env/configVersion] = [test]
Feb 02, 2021 3:52:27 PM org.springframework.mock.jndi.SimpleNamingContextBuilder bind
INFO: Static JNDI binding: [java:comp/env/applicationBaseURL] = [/Entando/]
Feb 02, 2021 3:52:27 PM org.springframework.mock.jndi.SimpleNamingContextBuilder bind
INFO: Static JNDI binding: [java:comp/env/resourceRootURL] = [/Entando/resources/]
Feb 02, 2021 3:52:27 PM org.springframework.mock.jndi.SimpleNamingContextBuilder bind
INFO: Static JNDI binding: [java:comp/env/protectedResourceRootURL] = [/Entando/protected/]
Feb 02, 2021 3:52:27 PM org.springframework.mock.jndi.SimpleNamingContextBuilder bind
INFO: Static JNDI binding: [java:comp/env/resourceDiskRootFolder] = [target/test/resources/]
Feb 02, 2021 3:52:27 PM org.springframework.mock.jndi.SimpleNamingContextBuilder bind
INFO: Static JNDI binding: [java:comp/env/protectedResourceDiskRootFolder] = [target/test/protected/]
Feb 02, 2021 3:52:27 PM org.springframework.mock.jndi.SimpleNamingContextBuilder bind
INFO: Static JNDI binding: [java:comp/env/indexDiskRootFolder] = [target/test/indexdir]
Feb 02, 2021 3:52:27 PM org.springframework.mock.jndi.SimpleNamingContextBuilder bind
INFO: Static JNDI binding: [java:comp/env/portDataSourceClassName] = [org.apache.derby.jdbc.EmbeddedDriver]
Feb 02, 2021 3:52:27 PM org.springframework.mock.jndi.SimpleNamingContextBuilder bind
INFO: Static JNDI binding: [java:comp/env/logActiveFileOutput] = [false]
Feb 02, 2021 3:52:27 PM org.springframework.mock.jndi.SimpleNamingContextBuilder bind
INFO: Static JNDI binding: [java:comp/env/jdbc.servDb.url] = [jdbc:derby:/workspace/source/target/test/db/entando-plugin-jpseotestServ;create=****]
Feb 02, 2021 3:52:27 PM org.springframework.mock.jndi.SimpleNamingContextBuilder bind
INFO: Static JNDI binding: [java:comp/env/servDataSourceClassName] = [org.apache.derby.jdbc.EmbeddedDriver]
Feb 02, 2021 3:52:27 PM org.springframework.mock.jndi.SimpleNamingContextBuilder bind
INFO: Static JNDI binding: [java:comp/env/logFilesCount] = [10]
Feb 02, 2021 3:52:27 PM org.springframework.mock.jndi.SimpleNamingContextBuilder bind
INFO: Static JNDI binding: [java:comp/env/applicationBaseURL] = [/Entando/]
Feb 02, 2021 3:52:27 PM org.springframework.mock.jndi.SimpleNamingContextBuilder bind
INFO: Static JNDI binding: [java:comp/env/jdbc.portDb.password] = [agile]
Feb 02, 2021 3:52:27 PM org.springframework.mock.jndi.SimpleNamingContextBuilder bind
INFO: Static JNDI binding: [java:comp/env/logLevel] = [ERROR]
Feb 02, 2021 3:52:27 PM org.springframework.mock.jndi.SimpleNamingContextBuilder bind
INFO: Static JNDI binding: [java:comp/env/indexDiskRootFolder] = [target/test/indexdir]
Feb 02, 2021 3:52:27 PM org.springframework.mock.jndi.SimpleNamingContextBuilder bind
INFO: Static JNDI binding: [java:comp/env/logFileSize] = [1048576]
Feb 02, 2021 3:52:27 PM org.springframework.mock.jndi.SimpleNamingContextBuilder bind
INFO: Static JNDI binding: [java:comp/env/resourceDiskRootFolder] = [target/test/resources/]
Feb 02, 2021 3:52:27 PM org.springframework.mock.jndi.SimpleNamingContextBuilder bind
INFO: Static JNDI binding: [java:comp/env/protectedResourceRootURL] = [/Entando/protected/]
Feb 02, 2021 3:52:27 PM org.springframework.mock.jndi.SimpleNamingContextBuilder bind
INFO: Static JNDI binding: [java:comp/env/resourceRootURL] = [/Entando/resources/]
Feb 02, 2021 3:52:27 PM org.springframework.mock.jndi.SimpleNamingContextBuilder bind
INFO: Static JNDI binding: [java:comp/env/configVersion] = [test]
Feb 02, 2021 3:52:27 PM org.springframework.mock.jndi.SimpleNamingContextBuilder bind
INFO: Static JNDI binding: [java:comp/env/jdbc.servDb.beanName] = [servDataSource]
Feb 02, 2021 3:52:27 PM org.springframework.mock.jndi.SimpleNamingContextBuilder bind
INFO: Static JNDI binding: [java:comp/env/jdbc.portDb.url] = [jdbc:derby:/workspace/source/target/test/db/entando-plugin-jpseotestPort;create=****]
Feb 02, 2021 3:52:27 PM org.springframework.mock.jndi.SimpleNamingContextBuilder bind
INFO: Static JNDI binding: [java:comp/env/jdbc.servDb.driverClassName] = [org.apache.derby.jdbc.EmbeddedDriver]
Feb 02, 2021 3:52:27 PM org.springframework.mock.jndi.SimpleNamingContextBuilder bind
INFO: Static JNDI binding: [java:comp/env/protectedResourceDiskRootFolder] = [target/test/protected/]
Feb 02, 2021 3:52:27 PM org.springframework.mock.jndi.SimpleNamingContextBuilder bind
INFO: Static JNDI binding: [java:comp/env/jdbc.portDb.beanName] = [portDataSource]
Feb 02, 2021 3:52:27 PM org.springframework.mock.jndi.SimpleNamingContextBuilder bind
INFO: Static JNDI binding: [java:comp/env/jdbc.servDb.password] = [agile]
Feb 02, 2021 3:52:27 PM org.springframework.mock.jndi.SimpleNamingContextBuilder bind
INFO: Static JNDI binding: [java:comp/env/jdbc.portDb.driverClassName] = [org.apache.derby.jdbc.EmbeddedDriver]
Feb 02, 2021 3:52:27 PM org.springframework.mock.jndi.SimpleNamingContextBuilder bind
INFO: Static JNDI binding: [java:comp/env/jdbc.portDb.username] = [agile]
Feb 02, 2021 3:52:27 PM org.springframework.mock.jndi.SimpleNamingContextBuilder bind
INFO: Static JNDI binding: [java:comp/env/jdbc.servDb.username] = [agile]
Feb 02, 2021 3:52:27 PM org.springframework.mock.jndi.SimpleNamingContextBuilder bind
INFO: Static JNDI binding: [java:comp/env/logName] = [/workspace/source/target/test/entando-plugin-jpseo]
Feb 02, 2021 3:52:27 PM org.springframework.mock.jndi.SimpleNamingContextBuilder bind
INFO: Static JNDI binding: [java:comp/env/logFileRotatePattern] = [/workspace/source/target/test/entando-plugin-jpseo_logs/entando-plugin-jpseo-%i.log.gz]
Feb 02, 2021 3:52:27 PM org.springframework.mock.jndi.SimpleNamingContextBuilder bind
INFO: Static JNDI binding: [java:comp/env/jdbc/servDataSource] = [org.apache.commons.dbcp2.BasicDataSource@2b1e6e52]
Feb 02, 2021 3:52:27 PM org.springframework.mock.jndi.SimpleNamingContextBuilder bind
INFO: Static JNDI binding: [java:comp/env/jdbc/portDataSource] = [org.apache.commons.dbcp2.BasicDataSource@681507ed]
Feb 02, 2021 3:52:27 PM org.springframework.mock.web.MockServletContext log
INFO: Initializing Spring **** WebApplicationContext
Feb 02, 2021 3:52:27 PM org.springframework.web.context.ContextLoader initWebApplicationContext
INFO: Root WebApplicationContext: initialization started
Feb 02, 2021 3:52:30 PM org.entando.entando.ent.util.EntLogging$EntLogger info
INFO: + [ Component: Core ] :: DATA
|   
Feb 02, 2021 3:52:30 PM org.entando.entando.ent.util.EntLogging$EntLogger info
INFO: + [ Component: jacms ] :: DATA
|   
Feb 02, 2021 3:52:30 PM org.entando.entando.ent.util.EntLogging$EntLogger info
INFO: + [ Component: entando-*****-console ] :: DATA
|   
Feb 02, 2021 3:52:30 PM org.entando.entando.ent.util.EntLogging$EntLogger info
INFO: + [ Component: entando-portal-ui ] :: DATA
|   
Feb 02, 2021 3:52:30 PM org.entando.entando.ent.util.EntLogging$EntLogger info
INFO: + [ Component: jpseo ] :: DATA
|   
Feb 02, 2021 3:52:30 PM org.entando.entando.ent.util.EntLogging$EntLogger info
INFO: + [ Component: Core ] :: DATA
|   
Feb 02, 2021 3:52:30 PM org.entando.entando.ent.util.EntLogging$EntLogger info
INFO: + [ Component: jacms ] :: DATA
|   
Feb 02, 2021 3:52:30 PM org.entando.entando.ent.util.EntLogging$EntLogger info
INFO: + [ Component: entando-*****-console ] :: DATA
|   
Feb 02, 2021 3:52:30 PM org.entando.entando.ent.util.EntLogging$EntLogger info
INFO: + [ Component: entando-portal-ui ] :: DATA
|   
Feb 02, 2021 3:52:30 PM org.entando.entando.ent.util.EntLogging$EntLogger info
INFO: + [ Component: jpseo ] :: DATA
|   
Feb 02, 2021 3:52:39 PM org.springframework.scheduling.concurrent.E**cutorConfigurationSupport initialize
INFO: Initializing E**cutorService 'entandoScheduler'
Feb 02, 2021 3:52:41 PM org.springframework.security.web.DefaultSecurityFilterChain <init>
INFO: Creating filter chain: OrRequestMatcher [requestMatchers=[Ant [pattern='/oauth/token'], Ant [pattern='/oauth/token_key'], Ant [pattern='/oauth/check_token']]], [org.springframework.security.web.context.request.async.WebAsyncManagerIntegrationFilter@391fd334, org.springframework.security.web.context.SecurityContextPersistenceFilter@6cff8427, org.springframework.security.web.header.HeaderWriterFilter@553a040b, org.springframework.security.web.authentication.logout.LogoutFilter@57310484, org.springframework.web.filter.CorsFilter@4536bf0d, org.springframework.security.web.authentication.www.BasicAuthenticationFilter@26f5aceb, org.springframework.security.web.savedrequest.RequestCacheAwareFilter@5d847852, org.springframework.security.web.servletapi.SecurityContextHolderAwareRequestFilter@1c743fa8, org.springframework.security.web.authentication.AnonymousAuthenticationFilter@c23c156, org.springframework.security.web.session.SessionManagementFilter@57d62584, org.springframework.security.web.access.ExceptionTranslationFilter@72e616d6, org.springframework.security.web.access.intercept.FilterSecurityInterceptor@5d35e11b]
Feb 02, 2021 3:52:41 PM org.springframework.security.web.DefaultSecurityFilterChain <init>
INFO: Creating filter chain: any request, [org.springframework.security.web.context.request.async.WebAsyncManagerIntegrationFilter@4ee940c4, org.springframework.security.web.context.SecurityContextPersistenceFilter@537a7f56, org.springframework.security.web.header.HeaderWriterFilter@505302ec, org.springframework.web.filter.CorsFilter@4536bf0d, org.springframework.security.web.authentication.logout.LogoutFilter@4101342b, org.springframework.security.web.savedrequest.RequestCacheAwareFilter@6ae29242, org.springframework.security.web.servletapi.SecurityContextHolderAwareRequestFilter@6d98bce0, org.springframework.security.web.session.SessionManagementFilter@2459b754, org.springframework.security.web.access.ExceptionTranslationFilter@22c78eb5]
Feb 02, 2021 3:52:41 PM org.springframework.web.context.ContextLoader initWebApplicationContext
INFO: Root WebApplicationContext initialized in 13829 ms
Feb 02, 2021 3:52:41 PM org.springframework.scheduling.concurrent.E**cutorConfigurationSupport shutdown
INFO: Shutting down E**cutorService 'entandoScheduler'
Feb 02, 2021 3:52:44 PM org.entando.entando.ent.util.EntLogging$EntLogger info
INFO: + [ Component: Core ] :: DATA
|   
Feb 02, 2021 3:52:44 PM org.entando.entando.ent.util.EntLogging$EntLogger info
INFO: + [ Component: jacms ] :: DATA
|   
Feb 02, 2021 3:52:44 PM org.entando.entando.ent.util.EntLogging$EntLogger info
INFO: + [ Component: entando-*****-console ] :: DATA
|   
Feb 02, 2021 3:52:44 PM org.entando.entando.ent.util.EntLogging$EntLogger info
INFO: + [ Component: entando-portal-ui ] :: DATA
|   
Feb 02, 2021 3:52:44 PM org.entando.entando.ent.util.EntLogging$EntLogger info
INFO: + [ Component: jpseo ] :: DATA
|   
Feb 02, 2021 3:52:44 PM org.entando.entando.ent.util.EntLogging$EntLogger info
INFO: + [ Component: Core ] :: DATA
|   
Feb 02, 2021 3:52:44 PM org.entando.entando.ent.util.EntLogging$EntLogger info
INFO: + [ Component: jacms ] :: DATA
|   
Feb 02, 2021 3:52:44 PM org.entando.entando.ent.util.EntLogging$EntLogger info
INFO: + [ Component: entando-*****-console ] :: DATA
|   
Feb 02, 2021 3:52:44 PM org.entando.entando.ent.util.EntLogging$EntLogger info
INFO: + [ Component: entando-portal-ui ] :: DATA
|   
Feb 02, 2021 3:52:44 PM org.entando.entando.ent.util.EntLogging$EntLogger info
INFO: + [ Component: jpseo ] :: DATA
|   
Feb 02, 2021 3:52:52 PM org.springframework.scheduling.concurrent.E**cutorConfigurationSupport initialize
INFO: Initializing E**cutorService 'entandoScheduler'
Feb 02, 2021 3:52:54 PM org.springframework.security.web.DefaultSecurityFilterChain <init>
INFO: Creating filter chain: OrRequestMatcher [requestMatchers=[Ant [pattern='/oauth/token'], Ant [pattern='/oauth/token_key'], Ant [pattern='/oauth/check_token']]], [org.springframework.security.web.context.request.async.WebAsyncManagerIntegrationFilter@3b79e0d, org.springframework.security.web.context.SecurityContextPersistenceFilter@7524f21, org.springframework.security.web.header.HeaderWriterFilter@110791d3, org.springframework.security.web.authentication.logout.LogoutFilter@673e76b, org.springframework.web.filter.CorsFilter@68f91d09, org.springframework.security.web.authentication.www.BasicAuthenticationFilter@4c66959f, org.springframework.security.web.savedrequest.RequestCacheAwareFilter@5fdbee74, org.springframework.security.web.servletapi.SecurityContextHolderAwareRequestFilter@15313729, org.springframework.security.web.authentication.AnonymousAuthenticationFilter@24717075, org.springframework.security.web.session.SessionManagementFilter@36d02e97, org.springframework.security.web.access.ExceptionTranslationFilter@28f13076, org.springframework.security.web.access.intercept.FilterSecurityInterceptor@540e8eab]
Feb 02, 2021 3:52:54 PM org.springframework.security.web.DefaultSecurityFilterChain <init>
INFO: Creating filter chain: any request, [org.springframework.security.web.context.request.async.WebAsyncManagerIntegrationFilter@58983193, org.springframework.security.web.context.SecurityContextPersistenceFilter@32030f24, org.springframework.security.web.header.HeaderWriterFilter@5b001eda, org.springframework.web.filter.CorsFilter@68f91d09, org.springframework.security.web.authentication.logout.LogoutFilter@573ea5d7, org.springframework.security.web.savedrequest.RequestCacheAwareFilter@701882e5, org.springframework.security.web.servletapi.SecurityContextHolderAwareRequestFilter@24ddb861, org.springframework.security.web.session.SessionManagementFilter@1ba13d92, org.springframework.security.web.access.ExceptionTranslationFilter@1bccdc4b]
Feb 02, 2021 3:52:57 PM org.entando.entando.ent.util.EntLogging$EntLogger info
INFO: Content EVN218 with friendly codes [wonders_theater, teatro_delle_meraviglie]
Feb 02, 2021 3:53:00 PM org.springframework.scheduling.concurrent.E**cutorConfigurationSupport shutdown
INFO: Shutting down E**cutorService 'entandoScheduler'
[INFO] Tests run: 3, Failures: 0, Errors: 0, Skipped: 0, Time elapsed: 32.543 s - in org.entando.entando.plugins.jpseo.aps.******.services.mapping.SeoMappingManagerIntegrationTest
[INFO] Running org.entando.entando.plugins.jpseo.aps.******.services.page.SeoPageServiceTest
Feb 02, 2021 3:53:00 PM org.springframework.mock.jndi.SimpleNamingContextBuilder bind
INFO: Static JNDI binding: [java:comp/env/logName] = [/workspace/source/target/test/entando-plugin-jpseo]
Feb 02, 2021 3:53:00 PM org.springframework.mock.jndi.SimpleNamingContextBuilder bind
INFO: Static JNDI binding: [java:comp/env/logFileRotatePattern] = [/workspace/source/target/test/entando-plugin-jpseo_logs/entando-plugin-jpseo-%i.log.gz]
Feb 02, 2021 3:53:00 PM org.springframework.mock.jndi.SimpleNamingContextBuilder bind
INFO: Static JNDI binding: [java:comp/env/logLevel] = [ERROR]
Feb 02, 2021 3:53:00 PM org.springframework.mock.jndi.SimpleNamingContextBuilder bind
INFO: Static JNDI binding: [java:comp/env/logFileSize] = [1048576]
Feb 02, 2021 3:53:00 PM org.springframework.mock.jndi.SimpleNamingContextBuilder bind
INFO: Static JNDI binding: [java:comp/env/logFilesCount] = [10]
Feb 02, 2021 3:53:00 PM org.springframework.mock.jndi.SimpleNamingContextBuilder bind
INFO: Static JNDI binding: [java:comp/env/configVersion] = [test]
Feb 02, 2021 3:53:00 PM org.springframework.mock.jndi.SimpleNamingContextBuilder bind
INFO: Static JNDI binding: [java:comp/env/applicationBaseURL] = [/Entando/]
Feb 02, 2021 3:53:00 PM org.springframework.mock.jndi.SimpleNamingContextBuilder bind
INFO: Static JNDI binding: [java:comp/env/resourceRootURL] = [/Entando/resources/]
Feb 02, 2021 3:53:00 PM org.springframework.mock.jndi.SimpleNamingContextBuilder bind
INFO: Static JNDI binding: [java:comp/env/protectedResourceRootURL] = [/Entando/protected/]
Feb 02, 2021 3:53:00 PM org.springframework.mock.jndi.SimpleNamingContextBuilder bind
INFO: Static JNDI binding: [java:comp/env/resourceDiskRootFolder] = [target/test/resources/]
Feb 02, 2021 3:53:00 PM org.springframework.mock.jndi.SimpleNamingContextBuilder bind
INFO: Static JNDI binding: [java:comp/env/protectedResourceDiskRootFolder] = [target/test/protected/]
Feb 02, 2021 3:53:00 PM org.springframework.mock.jndi.SimpleNamingContextBuilder bind
INFO: Static JNDI binding: [java:comp/env/indexDiskRootFolder] = [target/test/indexdir]
Feb 02, 2021 3:53:00 PM org.springframework.mock.jndi.SimpleNamingContextBuilder bind
INFO: Static JNDI binding: [java:comp/env/portDataSourceClassName] = [org.apache.derby.jdbc.EmbeddedDriver]
Feb 02, 2021 3:53:00 PM org.springframework.mock.jndi.SimpleNamingContextBuilder bind
INFO: Static JNDI binding: [java:comp/env/logActiveFileOutput] = [false]
Feb 02, 2021 3:53:00 PM org.springframework.mock.jndi.SimpleNamingContextBuilder bind
INFO: Static JNDI binding: [java:comp/env/jdbc.servDb.url] = [jdbc:derby:/workspace/source/target/test/db/entando-plugin-jpseotestServ;create=****]
Feb 02, 2021 3:53:00 PM org.springframework.mock.jndi.SimpleNamingContextBuilder bind
INFO: Static JNDI binding: [java:comp/env/servDataSourceClassName] = [org.apache.derby.jdbc.EmbeddedDriver]
Feb 02, 2021 3:53:00 PM org.springframework.mock.jndi.SimpleNamingContextBuilder bind
INFO: Static JNDI binding: [java:comp/env/logFilesCount] = [10]
Feb 02, 2021 3:53:00 PM org.springframework.mock.jndi.SimpleNamingContextBuilder bind
INFO: Static JNDI binding: [java:comp/env/applicationBaseURL] = [/Entando/]
Feb 02, 2021 3:53:00 PM org.springframework.mock.jndi.SimpleNamingContextBuilder bind
INFO: Static JNDI binding: [java:comp/env/jdbc.portDb.password] = [agile]
Feb 02, 2021 3:53:00 PM org.springframework.mock.jndi.SimpleNamingContextBuilder bind
INFO: Static JNDI binding: [java:comp/env/logLevel] = [ERROR]
Feb 02, 2021 3:53:00 PM org.springframework.mock.jndi.SimpleNamingContextBuilder bind
INFO: Static JNDI binding: [java:comp/env/indexDiskRootFolder] = [target/test/indexdir]
Feb 02, 2021 3:53:00 PM org.springframework.mock.jndi.SimpleNamingContextBuilder bind
INFO: Static JNDI binding: [java:comp/env/logFileSize] = [1048576]
Feb 02, 2021 3:53:00 PM org.springframework.mock.jndi.SimpleNamingContextBuilder bind
INFO: Static JNDI binding: [java:comp/env/resourceDiskRootFolder] = [target/test/resources/]
Feb 02, 2021 3:53:00 PM org.springframework.mock.jndi.SimpleNamingContextBuilder bind
INFO: Static JNDI binding: [java:comp/env/protectedResourceRootURL] = [/Entando/protected/]
Feb 02, 2021 3:53:00 PM org.springframework.mock.jndi.SimpleNamingContextBuilder bind
INFO: Static JNDI binding: [java:comp/env/resourceRootURL] = [/Entando/resources/]
Feb 02, 2021 3:53:00 PM org.springframework.mock.jndi.SimpleNamingContextBuilder bind
INFO: Static JNDI binding: [java:comp/env/configVersion] = [test]
Feb 02, 2021 3:53:00 PM org.springframework.mock.jndi.SimpleNamingContextBuilder bind
INFO: Static JNDI binding: [java:comp/env/jdbc.servDb.beanName] = [servDataSource]
Feb 02, 2021 3:53:00 PM org.springframework.mock.jndi.SimpleNamingContextBuilder bind
INFO: Static JNDI binding: [java:comp/env/jdbc.portDb.url] = [jdbc:derby:/workspace/source/target/test/db/entando-plugin-jpseotestPort;create=****]
Feb 02, 2021 3:53:00 PM org.springframework.mock.jndi.SimpleNamingContextBuilder bind
INFO: Static JNDI binding: [java:comp/env/jdbc.servDb.driverClassName] = [org.apache.derby.jdbc.EmbeddedDriver]
Feb 02, 2021 3:53:00 PM org.springframework.mock.jndi.SimpleNamingContextBuilder bind
INFO: Static JNDI binding: [java:comp/env/protectedResourceDiskRootFolder] = [target/test/protected/]
Feb 02, 2021 3:53:00 PM org.springframework.mock.jndi.SimpleNamingContextBuilder bind
INFO: Static JNDI binding: [java:comp/env/jdbc.portDb.beanName] = [portDataSource]
Feb 02, 2021 3:53:00 PM org.springframework.mock.jndi.SimpleNamingContextBuilder bind
INFO: Static JNDI binding: [java:comp/env/jdbc.servDb.password] = [agile]
Feb 02, 2021 3:53:00 PM org.springframework.mock.jndi.SimpleNamingContextBuilder bind
INFO: Static JNDI binding: [java:comp/env/jdbc.portDb.driverClassName] = [org.apache.derby.jdbc.EmbeddedDriver]
Feb 02, 2021 3:53:00 PM org.springframework.mock.jndi.SimpleNamingContextBuilder bind
INFO: Static JNDI binding: [java:comp/env/jdbc.portDb.username] = [agile]
Feb 02, 2021 3:53:00 PM org.springframework.mock.jndi.SimpleNamingContextBuilder bind
INFO: Static JNDI binding: [java:comp/env/jdbc.servDb.username] = [agile]
Feb 02, 2021 3:53:00 PM org.springframework.mock.jndi.SimpleNamingContextBuilder bind
INFO: Static JNDI binding: [java:comp/env/logName] = [/workspace/source/target/test/entando-plugin-jpseo]
Feb 02, 2021 3:53:00 PM org.springframework.mock.jndi.SimpleNamingContextBuilder bind
INFO: Static JNDI binding: [java:comp/env/logFileRotatePattern] = [/workspace/source/target/test/entando-plugin-jpseo_logs/entando-plugin-jpseo-%i.log.gz]
Feb 02, 2021 3:53:00 PM org.springframework.mock.jndi.SimpleNamingContextBuilder bind
INFO: Static JNDI binding: [java:comp/env/jdbc/servDataSource] = [org.apache.commons.dbcp2.BasicDataSource@1a8f3bd9]
Feb 02, 2021 3:53:00 PM org.springframework.mock.jndi.SimpleNamingContextBuilder bind
INFO: Static JNDI binding: [java:comp/env/jdbc/portDataSource] = [org.apache.commons.dbcp2.BasicDataSource@84b45d5]
Feb 02, 2021 3:53:00 PM org.springframework.mock.web.MockServletContext log
INFO: Initializing Spring **** WebApplicationContext
Feb 02, 2021 3:53:00 PM org.springframework.web.context.ContextLoader initWebApplicationContext
INFO: Root WebApplicationContext: initialization started
Feb 02, 2021 3:53:03 PM org.entando.entando.ent.util.EntLogging$EntLogger info
INFO: + [ Component: Core ] :: DATA
|   
Feb 02, 2021 3:53:03 PM org.entando.entando.ent.util.EntLogging$EntLogger info
INFO: + [ Component: jacms ] :: DATA
|   
Feb 02, 2021 3:53:03 PM org.entando.entando.ent.util.EntLogging$EntLogger info
INFO: + [ Component: entando-*****-console ] :: DATA
|   
Feb 02, 2021 3:53:03 PM org.entando.entando.ent.util.EntLogging$EntLogger info
INFO: + [ Component: entando-portal-ui ] :: DATA
|   
Feb 02, 2021 3:53:03 PM org.entando.entando.ent.util.EntLogging$EntLogger info
INFO: + [ Component: jpseo ] :: DATA
|   
Feb 02, 2021 3:53:03 PM org.entando.entando.ent.util.EntLogging$EntLogger info
INFO: + [ Component: Core ] :: DATA
|   
Feb 02, 2021 3:53:03 PM org.entando.entando.ent.util.EntLogging$EntLogger info
INFO: + [ Component: jacms ] :: DATA
|   
Feb 02, 2021 3:53:03 PM org.entando.entando.ent.util.EntLogging$EntLogger info
INFO: + [ Component: entando-*****-console ] :: DATA
|   
Feb 02, 2021 3:53:03 PM org.entando.entando.ent.util.EntLogging$EntLogger info
INFO: + [ Component: entando-portal-ui ] :: DATA
|   
Feb 02, 2021 3:53:03 PM org.entando.entando.ent.util.EntLogging$EntLogger info
INFO: + [ Component: jpseo ] :: DATA
|   
Feb 02, 2021 3:53:12 PM org.springframework.scheduling.concurrent.E**cutorConfigurationSupport initialize
INFO: Initializing E**cutorService 'entandoScheduler'
Feb 02, 2021 3:53:13 PM org.springframework.security.web.DefaultSecurityFilterChain <init>
INFO: Creating filter chain: OrRequestMatcher [requestMatchers=[Ant [pattern='/oauth/token'], Ant [pattern='/oauth/token_key'], Ant [pattern='/oauth/check_token']]], [org.springframework.security.web.context.request.async.WebAsyncManagerIntegrationFilter@7da44937, org.springframework.security.web.context.SecurityContextPersistenceFilter@1ab3ee37, org.springframework.security.web.header.HeaderWriterFilter@46a4d627, org.springframework.security.web.authentication.logout.LogoutFilter@63397bf3, org.springframework.web.filter.CorsFilter@625307a0, org.springframework.security.web.authentication.www.BasicAuthenticationFilter@7dcf3055, org.springframework.security.web.savedrequest.RequestCacheAwareFilter@3ee43e76, org.springframework.security.web.servletapi.SecurityContextHolderAwareRequestFilter@67ef555c, org.springframework.security.web.authentication.AnonymousAuthenticationFilter@65f6f113, org.springframework.security.web.session.SessionManagementFilter@60c2c2d7, org.springframework.security.web.access.ExceptionTranslationFilter@1749f1d6, org.springframework.security.web.access.intercept.FilterSecurityInterceptor@59af5aae]
Feb 02, 2021 3:53:13 PM org.springframework.security.web.DefaultSecurityFilterChain <init>
INFO: Creating filter chain: any request, [org.springframework.security.web.context.request.async.WebAsyncManagerIntegrationFilter@7116d088, org.springframework.security.web.context.SecurityContextPersistenceFilter@261e9bbc, org.springframework.security.web.header.HeaderWriterFilter@3e632074, org.springframework.web.filter.CorsFilter@625307a0, org.springframework.security.web.authentication.logout.LogoutFilter@42a701ec, org.springframework.security.web.savedrequest.RequestCacheAwareFilter@7d42487d, org.springframework.security.web.servletapi.SecurityContextHolderAwareRequestFilter@ec670af, org.springframework.security.web.session.SessionManagementFilter@17dbea6c, org.springframework.security.web.access.ExceptionTranslationFilter@778c4880]
Feb 02, 2021 3:53:13 PM org.springframework.web.context.ContextLoader initWebApplicationContext
INFO: Root WebApplicationContext initialized in 13944 ms
Feb 02, 2021 3:53:13 PM org.springframework.scheduling.concurrent.E**cutorConfigurationSupport shutdown
INFO: Shutting down E**cutorService 'entandoScheduler'
Feb 02, 2021 3:53:16 PM org.entando.entando.ent.util.EntLogging$EntLogger info
INFO: + [ Component: Core ] :: DATA
|   
Feb 02, 2021 3:53:16 PM org.entando.entando.ent.util.EntLogging$EntLogger info
INFO: + [ Component: jacms ] :: DATA
|   
Feb 02, 2021 3:53:16 PM org.entando.entando.ent.util.EntLogging$EntLogger info
INFO: + [ Component: entando-*****-console ] :: DATA
|   
Feb 02, 2021 3:53:16 PM org.entando.entando.ent.util.EntLogging$EntLogger info
INFO: + [ Component: entando-portal-ui ] :: DATA
|   
Feb 02, 2021 3:53:16 PM org.entando.entando.ent.util.EntLogging$EntLogger info
INFO: + [ Component: jpseo ] :: DATA
|   
Feb 02, 2021 3:53:16 PM org.entando.entando.ent.util.EntLogging$EntLogger info
INFO: + [ Component: Core ] :: DATA
|   
Feb 02, 2021 3:53:16 PM org.entando.entando.ent.util.EntLogging$EntLogger info
INFO: + [ Component: jacms ] :: DATA
|   
Feb 02, 2021 3:53:16 PM org.entando.entando.ent.util.EntLogging$EntLogger info
INFO: + [ Component: entando-*****-console ] :: DATA
|   
Feb 02, 2021 3:53:16 PM org.entando.entando.ent.util.EntLogging$EntLogger info
INFO: + [ Component: entando-portal-ui ] :: DATA
|   
Feb 02, 2021 3:53:16 PM org.entando.entando.ent.util.EntLogging$EntLogger info
INFO: + [ Component: jpseo ] :: DATA
|   
Feb 02, 2021 3:53:26 PM org.springframework.scheduling.concurrent.E**cutorConfigurationSupport initialize
INFO: Initializing E**cutorService 'entandoScheduler'
Feb 02, 2021 3:53:27 PM org.springframework.security.web.DefaultSecurityFilterChain <init>
INFO: Creating filter chain: OrRequestMatcher [requestMatchers=[Ant [pattern='/oauth/token'], Ant [pattern='/oauth/token_key'], Ant [pattern='/oauth/check_token']]], [org.springframework.security.web.context.request.async.WebAsyncManagerIntegrationFilter@28075e97, org.springframework.security.web.context.SecurityContextPersistenceFilter@488a67a5, org.springframework.security.web.header.HeaderWriterFilter@413d1534, org.springframework.security.web.authentication.logout.LogoutFilter@4e91168c, org.springframework.web.filter.CorsFilter@207986f6, org.springframework.security.web.authentication.www.BasicAuthenticationFilter@5de5771c, org.springframework.security.web.savedrequest.RequestCacheAwareFilter@5e678acf, org.springframework.security.web.servletapi.SecurityContextHolderAwareRequestFilter@8e9ae1d, org.springframework.security.web.authentication.AnonymousAuthenticationFilter@3c1d7123, org.springframework.security.web.session.SessionManagementFilter@5e136428, org.springframework.security.web.access.ExceptionTranslationFilter@afbf6fa, org.springframework.security.web.access.intercept.FilterSecurityInterceptor@22e5e10c]
Feb 02, 2021 3:53:28 PM org.springframework.security.web.DefaultSecurityFilterChain <init>
INFO: Creating filter chain: any request, [org.springframework.security.web.context.request.async.WebAsyncManagerIntegrationFilter@381755bf, org.springframework.security.web.context.SecurityContextPersistenceFilter@69247850, org.springframework.security.web.header.HeaderWriterFilter@56ffa5f3, org.springframework.web.filter.CorsFilter@207986f6, org.springframework.security.web.authentication.logout.LogoutFilter@781c8cda, org.springframework.security.web.savedrequest.RequestCacheAwareFilter@47ac953a, org.springframework.security.web.servletapi.SecurityContextHolderAwareRequestFilter@2d25e779, org.springframework.security.web.session.SessionManagementFilter@375628d9, org.springframework.security.web.access.ExceptionTranslationFilter@a631706]
Feb 02, 2021 3:53:28 PM org.springframework.scheduling.concurrent.E**cutorConfigurationSupport shutdown
INFO: Shutting down E**cutorService 'entandoScheduler'
[INFO] Tests run: 1, Failures: 0, Errors: 0, Skipped: 0, Time elapsed: 28.194 s - in org.entando.entando.plugins.jpseo.aps.******.services.page.SeoPageServiceTest
[INFO] Running org.entando.entando.plugins.jpseo.web.page.SeoPageControllerTest
[INFO ] 2021-02-02 15:53:28.993 [main] Version - HV000001: Hibernate Validator 6.0.17.Final
Feb 02, 2021 3:53:29 PM org.springframework.mock.web.MockServletContext log
INFO: Initializing Spring TestDispatcherServlet ''
Feb 02, 2021 3:53:29 PM org.springframework.web.servlet.FrameworkServlet initServletBean
INFO: Initializing Servlet ''
Feb 02, 2021 3:53:29 PM org.springframework.web.servlet.FrameworkServlet initServletBean
INFO: Completed initialization in 1 ms
Feb 02, 2021 3:53:29 PM org.springframework.mock.web.MockServletContext log
INFO: Initializing Spring TestDispatcherServlet ''
Feb 02, 2021 3:53:29 PM org.springframework.web.servlet.FrameworkServlet initServletBean
INFO: Initializing Servlet ''
Feb 02, 2021 3:53:29 PM org.springframework.web.servlet.FrameworkServlet initServletBean
INFO: Completed initialization in 0 ms
[INFO] Tests run: 2, Failures: 0, Errors: 0, Skipped: 0, Time elapsed: 1.719 s - in org.entando.entando.plugins.jpseo.web.page.SeoPageControllerTest
[INFO] Running org.entando.entando.plugins.jpseo.web.page.SeoPageControllerIntegrationTest
Feb 02, 2021 3:53:30 PM org.springframework.test.context.support.AbstractTestContextBootstrapper getDefaultTestE**cutionListenerClassNames
INFO: Loaded default TestE**cutionListener class names from location [META-INF/spring.factories]: [org.springframework.test.context.web.ServletTestE**cutionListener, org.springframework.test.context.support.DirtiesContextBeforeModesTestE**cutionListener, org.springframework.test.context.support.DependencyInjectionTestE**cutionListener, org.springframework.test.context.support.DirtiesContextTestE**cutionListener, org.springframework.test.context.transaction.TransactionalTestE**cutionListener, org.springframework.test.context.jdbc.SqlScriptsTestE**cutionListener]
Feb 02, 2021 3:53:30 PM org.springframework.test.context.support.AbstractTestContextBootstrapper getTestE**cutionListeners
INFO: Using TestE**cutionListeners: [org.springframework.test.context.web.ServletTestE**cutionListener@34c9e47d, org.springframework.test.context.support.DirtiesContextBeforeModesTestE**cutionListener@6e6c42d0, org.springframework.test.context.support.DependencyInjectionTestE**cutionListener@28ba1080, org.springframework.test.context.support.DirtiesContextTestE**cutionListener@6d75314c, org.springframework.test.context.transaction.TransactionalTestE**cutionListener@1664da93, org.springframework.test.context.jdbc.SqlScriptsTestE**cutionListener@1a12704d]
Feb 02, 2021 3:53:30 PM org.springframework.mock.jndi.SimpleNamingContextBuilder bind
INFO: Static JNDI binding: [java:comp/env/logName] = [/workspace/source/target/test/entando-plugin-jpseo]
Feb 02, 2021 3:53:30 PM org.springframework.mock.jndi.SimpleNamingContextBuilder bind
INFO: Static JNDI binding: [java:comp/env/logFileRotatePattern] = [/workspace/source/target/test/entando-plugin-jpseo_logs/entando-plugin-jpseo-%i.log.gz]
Feb 02, 2021 3:53:30 PM org.springframework.mock.jndi.SimpleNamingContextBuilder bind
INFO: Static JNDI binding: [java:comp/env/logLevel] = [ERROR]
Feb 02, 2021 3:53:30 PM org.springframework.mock.jndi.SimpleNamingContextBuilder bind
INFO: Static JNDI binding: [java:comp/env/logFileSize] = [1048576]
Feb 02, 2021 3:53:30 PM org.springframework.mock.jndi.SimpleNamingContextBuilder bind
INFO: Static JNDI binding: [java:comp/env/logFilesCount] = [10]
Feb 02, 2021 3:53:30 PM org.springframework.mock.jndi.SimpleNamingContextBuilder bind
INFO: Static JNDI binding: [java:comp/env/configVersion] = [test]
Feb 02, 2021 3:53:30 PM org.springframework.mock.jndi.SimpleNamingContextBuilder bind
INFO: Static JNDI binding: [java:comp/env/applicationBaseURL] = [/Entando/]
Feb 02, 2021 3:53:30 PM org.springframework.mock.jndi.SimpleNamingContextBuilder bind
INFO: Static JNDI binding: [java:comp/env/resourceRootURL] = [/Entando/resources/]
Feb 02, 2021 3:53:30 PM org.springframework.mock.jndi.SimpleNamingContextBuilder bind
INFO: Static JNDI binding: [java:comp/env/protectedResourceRootURL] = [/Entando/protected/]
Feb 02, 2021 3:53:30 PM org.springframework.mock.jndi.SimpleNamingContextBuilder bind
INFO: Static JNDI binding: [java:comp/env/resourceDiskRootFolder] = [target/test/resources/]
Feb 02, 2021 3:53:30 PM org.springframework.mock.jndi.SimpleNamingContextBuilder bind
INFO: Static JNDI binding: [java:comp/env/protectedResourceDiskRootFolder] = [target/test/protected/]
Feb 02, 2021 3:53:30 PM org.springframework.mock.jndi.SimpleNamingContextBuilder bind
INFO: Static JNDI binding: [java:comp/env/indexDiskRootFolder] = [target/test/indexdir]
Feb 02, 2021 3:53:30 PM org.springframework.mock.jndi.SimpleNamingContextBuilder bind
INFO: Static JNDI binding: [java:comp/env/portDataSourceClassName] = [org.apache.derby.jdbc.EmbeddedDriver]
Feb 02, 2021 3:53:30 PM org.springframework.mock.jndi.SimpleNamingContextBuilder bind
INFO: Static JNDI binding: [java:comp/env/servDataSourceClassName] = [org.apache.derby.jdbc.EmbeddedDriver]
Feb 02, 2021 3:53:30 PM org.springframework.mock.jndi.SimpleNamingContextBuilder bind
INFO: Static JNDI binding: [java:comp/env/portDataSourceClassName] = [org.apache.derby.jdbc.EmbeddedDriver]
Feb 02, 2021 3:53:30 PM org.springframework.mock.jndi.SimpleNamingContextBuilder bind
INFO: Static JNDI binding: [java:comp/env/logActiveFileOutput] = [false]
Feb 02, 2021 3:53:30 PM org.springframework.mock.jndi.SimpleNamingContextBuilder bind
INFO: Static JNDI binding: [java:comp/env/jdbc.servDb.url] = [jdbc:derby:/workspace/source/target/test/db/entando-plugin-jpseotestServ;create=****]
Feb 02, 2021 3:53:30 PM org.springframework.mock.jndi.SimpleNamingContextBuilder bind
INFO: Static JNDI binding: [java:comp/env/servDataSourceClassName] = [org.apache.derby.jdbc.EmbeddedDriver]
Feb 02, 2021 3:53:30 PM org.springframework.mock.jndi.SimpleNamingContextBuilder bind
INFO: Static JNDI binding: [java:comp/env/logFilesCount] = [10]
Feb 02, 2021 3:53:30 PM org.springframework.mock.jndi.SimpleNamingContextBuilder bind
INFO: Static JNDI binding: [java:comp/env/applicationBaseURL] = [/Entando/]
Feb 02, 2021 3:53:30 PM org.springframework.mock.jndi.SimpleNamingContextBuilder bind
INFO: Static JNDI binding: [java:comp/env/jdbc.portDb.password] = [agile]
Feb 02, 2021 3:53:30 PM org.springframework.mock.jndi.SimpleNamingContextBuilder bind
INFO: Static JNDI binding: [java:comp/env/logLevel] = [ERROR]
Feb 02, 2021 3:53:30 PM org.springframework.mock.jndi.SimpleNamingContextBuilder bind
INFO: Static JNDI binding: [java:comp/env/indexDiskRootFolder] = [target/test/indexdir]
Feb 02, 2021 3:53:30 PM org.springframework.mock.jndi.SimpleNamingContextBuilder bind
INFO: Static JNDI binding: [java:comp/env/logFileSize] = [1048576]
Feb 02, 2021 3:53:30 PM org.springframework.mock.jndi.SimpleNamingContextBuilder bind
INFO: Static JNDI binding: [java:comp/env/resourceDiskRootFolder] = [target/test/resources/]
Feb 02, 2021 3:53:30 PM org.springframework.mock.jndi.SimpleNamingContextBuilder bind
INFO: Static JNDI binding: [java:comp/env/protectedResourceRootURL] = [/Entando/protected/]
Feb 02, 2021 3:53:30 PM org.springframework.mock.jndi.SimpleNamingContextBuilder bind
INFO: Static JNDI binding: [java:comp/env/resourceRootURL] = [/Entando/resources/]
Feb 02, 2021 3:53:30 PM org.springframework.mock.jndi.SimpleNamingContextBuilder bind
INFO: Static JNDI binding: [java:comp/env/configVersion] = [test]
Feb 02, 2021 3:53:30 PM org.springframework.mock.jndi.SimpleNamingContextBuilder bind
INFO: Static JNDI binding: [java:comp/env/jdbc.servDb.beanName] = [servDataSource]
Feb 02, 2021 3:53:30 PM org.springframework.mock.jndi.SimpleNamingContextBuilder bind
INFO: Static JNDI binding: [java:comp/env/jdbc.portDb.url] = [jdbc:derby:/workspace/source/target/test/db/entando-plugin-jpseotestPort;create=****]
Feb 02, 2021 3:53:30 PM org.springframework.mock.jndi.SimpleNamingContextBuilder bind
INFO: Static JNDI binding: [java:comp/env/jdbc.servDb.driverClassName] = [org.apache.derby.jdbc.EmbeddedDriver]
Feb 02, 2021 3:53:30 PM org.springframework.mock.jndi.SimpleNamingContextBuilder bind
INFO: Static JNDI binding: [java:comp/env/protectedResourceDiskRootFolder] = [target/test/protected/]
Feb 02, 2021 3:53:30 PM org.springframework.mock.jndi.SimpleNamingContextBuilder bind
INFO: Static JNDI binding: [java:comp/env/jdbc.portDb.beanName] = [portDataSource]
Feb 02, 2021 3:53:30 PM org.springframework.mock.jndi.SimpleNamingContextBuilder bind
INFO: Static JNDI binding: [java:comp/env/jdbc.servDb.password] = [agile]
Feb 02, 2021 3:53:30 PM org.springframework.mock.jndi.SimpleNamingContextBuilder bind
INFO: Static JNDI binding: [java:comp/env/jdbc.portDb.driverClassName] = [org.apache.derby.jdbc.EmbeddedDriver]
Feb 02, 2021 3:53:30 PM org.springframework.mock.jndi.SimpleNamingContextBuilder bind
INFO: Static JNDI binding: [java:comp/env/jdbc.portDb.username] = [agile]
Feb 02, 2021 3:53:30 PM org.springframework.mock.jndi.SimpleNamingContextBuilder bind
INFO: Static JNDI binding: [java:comp/env/jdbc.servDb.username] = [agile]
Feb 02, 2021 3:53:30 PM org.springframework.mock.jndi.SimpleNamingContextBuilder bind
INFO: Static JNDI binding: [java:comp/env/logName] = [/workspace/source/target/test/entando-plugin-jpseo]
Feb 02, 2021 3:53:30 PM org.springframework.mock.jndi.SimpleNamingContextBuilder bind
INFO: Static JNDI binding: [java:comp/env/logFileRotatePattern] = [/workspace/source/target/test/entando-plugin-jpseo_logs/entando-plugin-jpseo-%i.log.gz]
Feb 02, 2021 3:53:30 PM org.springframework.mock.jndi.SimpleNamingContextBuilder bind
INFO: Static JNDI binding: [java:comp/env/jdbc/servDataSource] = [org.apache.commons.dbcp2.BasicDataSource@512a5e5c]
Feb 02, 2021 3:53:30 PM org.springframework.mock.jndi.SimpleNamingContextBuilder bind
INFO: Static JNDI binding: [java:comp/env/jdbc/portDataSource] = [org.apache.commons.dbcp2.BasicDataSource@4eafeae5]
Feb 02, 2021 3:53:30 PM org.springframework.mock.jndi.SimpleNamingContextBuilder activate
INFO: Activating simple JNDI environment
Feb 02, 2021 3:53:33 PM org.entando.entando.ent.util.EntLogging$EntLogger info
INFO: + [ Component: Core ] :: DATA
|   
Feb 02, 2021 3:53:33 PM org.entando.entando.ent.util.EntLogging$EntLogger info
INFO: + [ Component: jacms ] :: DATA
|   
Feb 02, 2021 3:53:33 PM org.entando.entando.ent.util.EntLogging$EntLogger info
INFO: + [ Component: entando-*****-console ] :: DATA
|   
Feb 02, 2021 3:53:33 PM org.entando.entando.ent.util.EntLogging$EntLogger info
INFO: + [ Component: entando-portal-ui ] :: DATA
|   
Feb 02, 2021 3:53:33 PM org.entando.entando.ent.util.EntLogging$EntLogger info
INFO: + [ Component: jpseo ] :: DATA
|   
Feb 02, 2021 3:53:33 PM org.entando.entando.ent.util.EntLogging$EntLogger info
INFO: + [ Component: Core ] :: DATA
|   
Feb 02, 2021 3:53:33 PM org.entando.entando.ent.util.EntLogging$EntLogger info
INFO: + [ Component: jacms ] :: DATA
|   
Feb 02, 2021 3:53:33 PM org.entando.entando.ent.util.EntLogging$EntLogger info
INFO: + [ Component: entando-*****-console ] :: DATA
|   
Feb 02, 2021 3:53:33 PM org.entando.entando.ent.util.EntLogging$EntLogger info
INFO: + [ Component: entando-portal-ui ] :: DATA
|   
Feb 02, 2021 3:53:33 PM org.entando.entando.ent.util.EntLogging$EntLogger info
INFO: + [ Component: jpseo ] :: DATA
|   
Feb 02, 2021 3:53:42 PM org.springframework.scheduling.concurrent.E**cutorConfigurationSupport initialize
INFO: Initializing E**cutorService 'entandoScheduler'
Feb 02, 2021 3:53:46 PM org.springframework.security.web.DefaultSecurityFilterChain <init>
INFO: Creating filter chain: OrRequestMatcher [requestMatchers=[Ant [pattern='/oauth/token'], Ant [pattern='/oauth/token_key'], Ant [pattern='/oauth/check_token']]], [org.springframework.security.web.context.request.async.WebAsyncManagerIntegrationFilter@12545ab7, org.springframework.security.web.context.SecurityContextPersistenceFilter@8f95be4, org.springframework.security.web.header.HeaderWriterFilter@4042a9b, org.springframework.security.web.authentication.logout.LogoutFilter@5011d61e, org.springframework.web.filter.CorsFilter@11c7018b, org.springframework.security.web.authentication.www.BasicAuthenticationFilter@fc9c02b, org.springframework.security.web.savedrequest.RequestCacheAwareFilter@3a83f3ca, org.springframework.security.web.servletapi.SecurityContextHolderAwareRequestFilter@1b6fcac4, org.springframework.security.web.authentication.AnonymousAuthenticationFilter@4f3e59fd, org.springframework.security.web.session.SessionManagementFilter@52eed98, org.springframework.security.web.access.ExceptionTranslationFilter@3c7c6ad6, org.springframework.security.web.access.intercept.FilterSecurityInterceptor@4ae7ee27]
Feb 02, 2021 3:53:46 PM org.springframework.security.web.DefaultSecurityFilterChain <init>
INFO: Creating filter chain: any request, [org.springframework.security.web.context.request.async.WebAsyncManagerIntegrationFilter@603be6d7, org.springframework.security.web.context.SecurityContextPersistenceFilter@684b9435, org.springframework.security.web.header.HeaderWriterFilter@68fd17c8, org.springframework.web.filter.CorsFilter@11c7018b, org.springframework.security.web.authentication.logout.LogoutFilter@1ab9bf14, org.springframework.security.web.savedrequest.RequestCacheAwareFilter@883de55, org.springframework.security.web.servletapi.SecurityContextHolderAwareRequestFilter@7aaab64c, org.springframework.security.web.session.SessionManagementFilter@61c29f88, org.springframework.security.web.access.ExceptionTranslationFilter@1b2f4fc9]
Feb 02, 2021 3:53:46 PM org.springframework.mock.web.MockServletContext log
INFO: Initializing Spring TestDispatcherServlet ''
Feb 02, 2021 3:53:46 PM org.springframework.web.servlet.FrameworkServlet initServletBean
INFO: Initializing Servlet ''
Feb 02, 2021 3:53:46 PM org.springframework.web.servlet.FrameworkServlet initServletBean
INFO: Completed initialization in 55 ms
Feb 02, 2021 3:53:47 PM org.entando.entando.ent.util.EntLogging$EntLogger error
SEVERE: Invalid friendly Code test_page_2
Feb 02, 2021 3:53:47 PM org.springframework.mock.web.MockServletContext log
INFO: Initializing Spring TestDispatcherServlet ''
Feb 02, 2021 3:53:47 PM org.springframework.web.servlet.FrameworkServlet initServletBean
INFO: Initializing Servlet ''
Feb 02, 2021 3:53:47 PM org.springframework.web.servlet.FrameworkServlet initServletBean
INFO: Completed initialization in 4 ms
Feb 02, 2021 3:53:47 PM org.springframework.mock.web.MockServletContext log
INFO: Initializing Spring TestDispatcherServlet ''
Feb 02, 2021 3:53:47 PM org.springframework.web.servlet.FrameworkServlet initServletBean
INFO: Initializing Servlet ''
Feb 02, 2021 3:53:47 PM org.springframework.web.servlet.FrameworkServlet initServletBean
INFO: Completed initialization in 3 ms
Feb 02, 2021 3:53:47 PM org.springframework.mock.web.MockServletContext log
INFO: Initializing Spring TestDispatcherServlet ''
Feb 02, 2021 3:53:47 PM org.springframework.web.servlet.FrameworkServlet initServletBean
INFO: Initializing Servlet ''
Feb 02, 2021 3:53:47 PM org.springframework.web.servlet.FrameworkServlet initServletBean
INFO: Completed initialization in 3 ms
Feb 02, 2021 3:53:47 PM org.springframework.mock.web.MockServletContext log
INFO: Initializing Spring TestDispatcherServlet ''
Feb 02, 2021 3:53:47 PM org.springframework.web.servlet.FrameworkServlet initServletBean
INFO: Initializing Servlet ''
Feb 02, 2021 3:53:47 PM org.springframework.web.servlet.FrameworkServlet initServletBean
INFO: Completed initialization in 3 ms
Feb 02, 2021 3:53:50 PM org.entando.entando.ent.util.EntLogging$EntLogger error
SEVERE: Invalid friendly Code test_page_2_fc
Feb 02, 2021 3:53:50 PM org.entando.entando.ent.util.EntLogging$EntLogger error
SEVERE: Invalid friendly Code test_page_2_fc
Feb 02, 2021 3:53:50 PM org.springframework.mock.web.MockServletContext log
INFO: Initializing Spring TestDispatcherServlet ''
Feb 02, 2021 3:53:50 PM org.springframework.web.servlet.FrameworkServlet initServletBean
INFO: Initializing Servlet ''
Feb 02, 2021 3:53:50 PM org.springframework.web.servlet.FrameworkServlet initServletBean
INFO: Completed initialization in 3 ms
Feb 02, 2021 3:53:50 PM org.springframework.mock.web.MockServletContext log
INFO: Initializing Spring TestDispatcherServlet ''
Feb 02, 2021 3:53:50 PM org.springframework.web.servlet.FrameworkServlet initServletBean
INFO: Initializing Servlet ''
Feb 02, 2021 3:53:50 PM org.springframework.web.servlet.FrameworkServlet initServletBean
INFO: Completed initialization in 3 ms
[INFO] Tests run: 7, Failures: 0, Errors: 0, Skipped: 0, Time elapsed: 21.046 s - in org.entando.entando.plugins.jpseo.web.page.SeoPageControllerIntegrationTest
[INFO] 
[INFO] Results:
[INFO] 
[INFO] Tests run: 38, Failures: 0, Errors: 0, Skipped: 0
[INFO] 
[INFO] 
[INFO] --- maven-war-plugin:2.1.1:war (default-war) @ entando-plugin-jpseo ---
[INFO] Packaging webapp
[INFO] Assembling webapp [entando-plugin-jpseo] in [/workspace/source/target/entando-plugin-jpseo-0.0.0-SNAPSHOT-PR-29-2]
[INFO] Processing war project
[INFO] Copying webapp resources [/workspace/source/src/main/webapp]
[INFO] Building jar: /workspace/source/target/entando-plugin-jpseo-0.0.0-SNAPSHOT-PR-29-2/WEB-INF/lib/entando-plugin-jpseo-0.0.0-SNAPSHOT-PR-29-2.jar
[INFO] Webapp assembled in [1317 msecs]
[INFO] Building war: /workspace/source/target/entando-plugin-jpseo-0.0.0-SNAPSHOT-PR-29-2.war
[INFO] 
[INFO] --- maven-assembly-plugin:2.2.1:single (package-classes) @ entando-plugin-jpseo ---
[INFO] Reading assembly descriptor: /workspace/source/src/main/assembly/classes.xml
[INFO] Building jar: /workspace/source/target/entando-plugin-jpseo-0.0.0-SNAPSHOT-PR-29-2-classes.jar
[INFO] 
[INFO] --- maven-jar-plugin:3.2.0:test-jar (build-test-jar) @ entando-plugin-jpseo ---
[INFO] Building jar: /workspace/source/target/entando-plugin-jpseo-0.0.0-SNAPSHOT-PR-29-2-tests.jar
[INFO] 
[INFO] --- maven-surefire-report-plugin:3.0.0-M4:failsafe-report-only (integration-tests) @ entando-plugin-jpseo ---
[INFO] 
[INFO] --- dependency-check-maven:5.3.2:aggregate (default) @ entando-plugin-jpseo ---
[INFO] Skipping National Vulnerability Database Report
[INFO] 
[INFO] --- jacoco-maven-plugin:0.8.5:report (report) @ entando-plugin-jpseo ---
[INFO] Loading e**cution data file /workspace/source/target/jacoco.e**c
[INFO] Analyzed bundle 'Entando Plugin: SEO' with 44 classes
[INFO] 
[INFO] --- maven-surefire-report-plugin:3.0.0-M4:report-only (unit-tests) @ entando-plugin-jpseo ---
[WARNING] Unable to locate Test Source XRef to link to - DISABLED
[INFO] 
[INFO] --- maven-install-plugin:2.4:install (default-install) @ entando-plugin-jpseo ---
[INFO] Installing /workspace/source/target/entando-plugin-jpseo-0.0.0-SNAPSHOT-PR-29-2.war to /home/jenkins/.mvnrepository/org/entando/entando/plugins/entando-plugin-jpseo/0.0.0-SNAPSHOT-PR-29-2/entando-plugin-jpseo-0.0.0-SNAPSHOT-PR-29-2.war
[INFO] Installing /workspace/source/pom.xml to /home/jenkins/.mvnrepository/org/entando/entando/plugins/entando-plugin-jpseo/0.0.0-SNAPSHOT-PR-29-2/entando-plugin-jpseo-0.0.0-SNAPSHOT-PR-29-2.pom
[INFO] Installing /workspace/source/target/entando-plugin-jpseo-0.0.0-SNAPSHOT-PR-29-2-classes.jar to /home/jenkins/.mvnrepository/org/entando/entando/plugins/entando-plugin-jpseo/0.0.0-SNAPSHOT-PR-29-2/entando-plugin-jpseo-0.0.0-SNAPSHOT-PR-29-2-classes.jar
[INFO] Installing /workspace/source/target/entando-plugin-jpseo-0.0.0-SNAPSHOT-PR-29-2-tests.jar to /home/jenkins/.mvnrepository/org/entando/entando/plugins/entando-plugin-jpseo/0.0.0-SNAPSHOT-PR-29-2/entando-plugin-jpseo-0.0.0-SNAPSHOT-PR-29-2-tests.jar
[INFO] 
[INFO] --- maven-deploy-plugin:2.8.2:deploy (default-deploy) @ entando-plugin-jpseo ---
[INFO] Using alternate deployment repository local-nexus::default::http://nexus/repository/maven-releases/
[INFO] 
[INFO] ----------< org.entando.entando.plugins:entando-plugin-jpseo >----------
[INFO] Building Entando Plugin: SEO 0.0.0-SNAPSHOT-PR-29-2
[INFO] --------------------------------[ war ]---------------------------------
[INFO] 
[INFO] --- sonar-maven-plugin:3.8.0.2131:sonar (default-cli) @ entando-plugin-jpseo ---
[INFO] User cache: /****/.sonar/cache
[INFO] SonarQube version: 8.5.0
[INFO] Default locale: "en_US", source code encoding: "UTF-8"
[INFO] Load global settings
[INFO] Load global settings (done) | time=398ms
[INFO] Server id: 1BD809FA-AWHW8ct9-T_TB3XqouNu
[INFO] User cache: /****/.sonar/cache
[INFO] Load/download plugins
[INFO] Load plugins index
[INFO] Load plugins index (done) | time=77ms
[INFO] Load/download plugins (done) | time=26038ms
[INFO] Loaded core extensions: developer-scanner
[INFO] JavaScript/TypeScript frontend is enabled
[INFO] Load project settings for component key: 'entando_entando-plugin-jpseo'
[INFO] Load project settings for component key: 'entando_entando-plugin-jpseo' (done) | time=36ms
[INFO] Process project properties
[INFO] E**cute project builders
[INFO] E**cute project builders (done) | time=3ms
[INFO] Project key: entando_entando-plugin-jpseo
[INFO] Base dir: /workspace/source
[INFO] Working dir: /workspace/source/target/sonar
[INFO] Load project branches
[INFO] Load project branches (done) | time=37ms
[INFO] Check ALM binding of project 'entando_entando-plugin-jpseo'
[INFO] Detected project binding: NOT_BOUND
[INFO] Check ALM binding of project 'entando_entando-plugin-jpseo' (done) | time=40ms
[INFO] Load project pull requests
[INFO] Load project pull requests (done) | time=50ms
[INFO] Load branch configuration
[INFO] Load branch configuration (done) | time=3ms
[INFO] Load quality profiles
[INFO] Load quality profiles (done) | time=77ms
[INFO] Load active rules
[INFO] Load active rules (done) | time=1730ms
[INFO] Organization key: entando
[INFO] Pull request 29 for merge into master from PR-29
[INFO] SCM collecting changed files in the branch
[WARNING] Exception caught during e**cution of command '[/usr/local/git/bin/git, config, --******, --edit]' in '/usr/local/git/bin', return code '128', error message 'fatal: Invalid path '/usr/local/git/etc': No such file or directory
'
[INFO] SCM collecting changed files in the branch (done) | time=361ms
[INFO] Indexing files...
[INFO] Project configuration:
[INFO] 90 files inde**d
[INFO] 0 files ignored because of scm ignore settings
[INFO] Quality profile for css: Sonar way
[INFO] Quality profile for java: Sonar way
[INFO] Quality profile for jsp: Sonar way
[INFO] Quality profile for xml: Sonar way
[INFO] ------------- Run sensors on module Entando Plugin: SEO
[INFO] JavaScript/TypeScript frontend is enabled
[INFO] Load metrics repository
[INFO] Load metrics repository (done) | time=27ms
[INFO] Sensor JavaSquidSensor [java]
[INFO] Configured Java source version (sonar.java.source): 8
[INFO] JavaClasspath initialization
[INFO] JavaClasspath initialization (done) | time=21ms
[INFO] JavaTestClasspath initialization
[INFO] JavaTestClasspath initialization (done) | time=3ms
Feb 02, 2021 3:54:47 PM org.apache.jasper.servlet.TldScanner scanJars
INFO: At least one JAR was scanned for TLDs yet contained no TLDs. Enable debug logging for this logger for a complete list of JARs that were scanned but no TLDs were found in them. Skipping unneeded JARs during scanning can improve startup time and JSP compilation time.
[WARNING] Some JSP pages failed to transpile. Enable debug log for details.
[INFO] Java Main Files AST scan
[INFO] 50 source files to be analyzed
[INFO] 12/50 files analyzed, current file: src/main/java/org/entando/entando/plugins/jpseo/aps/tags/SeoMetatagTag.java
[INFO] 34/50 files analyzed, current file: src/main/java/org/entando/entando/plugins/jpseo/aps/tags/SeoMetatagsTag.java
[INFO] 50/50 source files have been analyzed
[INFO] Java Main Files AST scan (done) | time=27294ms
[INFO] Java Test Files AST scan
[INFO] 11 source files to be analyzed
[INFO] Java Test Files AST scan (done) | time=2717ms
[INFO] Java Generated Files AST scan
[INFO] 5 source files to be analyzed
[INFO] 11/11 source files have been analyzed
[INFO] Java Generated Files AST scan (done) | time=3471ms
[INFO] Sensor JavaSquidSensor [java] (done) | time=37207ms
[INFO] Sensor SonarCSS Metrics [cssfamily]
[INFO] 5/5 source files have been analyzed
[INFO] Sensor SonarCSS Metrics [cssfamily] (done) | time=43ms
[INFO] Sensor SonarCSS Rules [cssfamily]
[INFO] 1 source files to be analyzed
[INFO] 1/1 source files have been analyzed
[INFO] Sensor SonarCSS Rules [cssfamily] (done) | time=7510ms
[INFO] Sensor C# Properties [csharp]
[INFO] Sensor C# Properties [csharp] (done) | time=1ms
[INFO] Sensor Import of Checkstyle issues [java]
[WARNING] Checkstyle report not found: /workspace/source/target/checkstyle-result.xml
[INFO] Sensor Import of Checkstyle issues [java] (done) | time=3ms
[INFO] Sensor SurefireSensor [java]
[INFO] parsing [/workspace/source/target/surefire-reports]
[INFO] Sensor SurefireSensor [java] (done) | time=122ms
[INFO] Sensor JavaXmlSensor [java]
[INFO] 6 source files to be analyzed
[INFO] Sensor JavaXmlSensor [java] (done) | time=354ms
[INFO] Sensor HTML [web]
[INFO] 6/6 source files have been analyzed
[INFO] Sensor HTML [web] (done) | time=277ms
[INFO] Sensor XML Sensor [xml]
[INFO] 6 source files to be analyzed
[INFO] Sensor XML Sensor [xml] (done) | time=281ms
[INFO] Sensor VB.NET Properties [vbnet]
[INFO] Sensor VB.NET Properties [vbnet] (done) | time=2ms
[INFO] Sensor JaCoCo XML Report Importer [jacoco]
[INFO] 6/6 source files have been analyzed
[INFO] Importing 1 report(s). Turn your logs in debug mode in order to see the exhaustive list.
[INFO] Sensor JaCoCo XML Report Importer [jacoco] (done) | time=205ms
[INFO] Sensor ThymeLeaf template sensor [securityjavafrontend]
[INFO] Sensor ThymeLeaf template sensor [securityjavafrontend] (done) | time=18ms
[INFO] Sensor JavaSecuritySensor [security]
[INFO] Reading type hierarchy from: /workspace/source/target/sonar/ucfg2/java
[INFO] Read 338 type definitions
[INFO] Reading UCFGs from: /workspace/source/target/sonar/ucfg2/java
[INFO] 15:55:33.080535 Building Runtime Type propagation graph
[INFO] 15:55:33.239233 Running Tarjan on 5312 nodes
[INFO] 15:55:33.28459 Tarjan found 5307 components
[INFO] 15:55:33.339457 Variable type analysis: done
[INFO] 15:55:33.353782 Building Runtime Type propagation graph
[INFO] 15:55:33.45359 Running Tarjan on 5312 nodes
[INFO] 15:55:33.813915 Tarjan found 5307 components
[INFO] 15:55:33.827735 Variable type analysis: done
[INFO] Analyzing 696 ucfgs to detect vulnerabilities.
[INFO] All rules entrypoints : 2 Retained UCFGs : 9
[INFO] rule: S5131, entrypoints: 0
[INFO] rule: S5131 done
[INFO] rule: S3649, entrypoints: 0
[INFO] rule: S3649 done
[INFO] rule: S2076, entrypoints: 0
[INFO] rule: S2076 done
[INFO] rule: S2091, entrypoints: 0
[INFO] rule: S2091 done
[INFO] rule: S2078, entrypoints: 0
[INFO] rule: S2078 done
[INFO] rule: S2631, entrypoints: 0
[INFO] rule: S2631 done
[INFO] rule: S5135, entrypoints: 0
[INFO] rule: S5135 done
[INFO] rule: S2083, entrypoints: 2
[INFO] Running symbolic analysis
[INFO] rule: S2083 done
[INFO] rule: S5167, entrypoints: 0
[INFO] rule: S5167 done
[INFO] rule: S5144, entrypoints: 0
[INFO] rule: S5144 done
[INFO] rule: S5145, entrypoints: 0
[INFO] rule: S5145 done
[INFO] rule: S5146, entrypoints: 0
[INFO] rule: S5146 done
[INFO] rule: S5334, entrypoints: 0
[INFO] rule: S5334 done
[INFO] Sensor JavaSecuritySensor [security] (done) | time=8732ms
[INFO] Sensor CSharpSecuritySensor [security]
[INFO] Reading type hierarchy from: /workspace/source/target/ucfg_cs2
[INFO] Read 0 type definitions
[INFO] Reading UCFGs from: /workspace/source/target/ucfg_cs2
[INFO] No UCFGs have been included for analysis.
[INFO] Sensor CSharpSecuritySensor [security] (done) | time=1ms
[INFO] Sensor PhpSecuritySensor [security]
[INFO] Reading type hierarchy from: /workspace/source/target/sonar/ucfg2/php
[INFO] Read 0 type definitions
[INFO] Reading UCFGs from: /workspace/source/target/sonar/ucfg2/php
[INFO] No UCFGs have been included for analysis.
[INFO] Sensor PhpSecuritySensor [security] (done) | time=1ms
[INFO] Sensor PythonSecuritySensor [security]
[INFO] Reading type hierarchy from: /workspace/source/target/sonar/ucfg2/python
[INFO] Read 0 type definitions
[INFO] Reading UCFGs from: /workspace/source/target/sonar/ucfg2/python
[INFO] No UCFGs have been included for analysis.
[INFO] Sensor PythonSecuritySensor [security] (done) | time=1ms
[INFO] Sensor JsSecuritySensor [security]
[INFO] Reading type hierarchy from: /workspace/source/target/sonar/ucfg2/js
[INFO] Read 0 type definitions
[INFO] Reading UCFGs from: /workspace/source/target/sonar/ucfg2/js
[INFO] No UCFGs have been included for analysis.
[INFO] Sensor JsSecuritySensor [security] (done) | time=2ms
[INFO] ------------- Run sensors on project
[INFO] Sensor Zero Coverage Sensor
[INFO] Sensor Zero Coverage Sensor (done) | time=1ms
[INFO] Sensor Java CPD Block Inde**r
[INFO] Sensor Java CPD Block Inde**r (done) | time=446ms
[INFO] SCM Publisher SCM provider for this project is: git
[INFO] SCM Publisher 11 source files to be analyzed
[INFO] SCM Publisher 10/11 source files have been analyzed (done) | time=378ms
[WARNING] Missing blame information for the following files:
[WARNING]   * pom.xml
[WARNING] This may lead to missing/broken features in SonarCloud
[INFO] CPD E**cutor 8 files had no CPD blocks
[INFO] CPD E**cutor Calculating CPD for 49 files
[INFO] CPD E**cutor CPD calculation finished (done) | time=88ms
[INFO] SCM writing changed lines
[INFO] SCM writing changed lines (done) | time=207ms
[INFO] Analysis report generated in 341ms, dir size=427 KB
[INFO] Analysis report compressed in 106ms, zip size=155 KB
[INFO] Analysis report uploaded in 197ms
[INFO] ANALYSIS SUCCESSFUL, you can find the results at: https://sonarcloud.io/dashboard?id=entando_entando-plugin-jpseo&pullRequest=29
[INFO] Note that you will be able to access the updated dashboard once the server has processed the submitted analysis report
[INFO] More about the report processing at https://sonarcloud.io/api/ce/task?id=AXdjdOnKuNGVILhuamyg
[INFO] Analysis total time: 1:04.862 s
[INFO] ------------------------------------------------------------------------
[INFO] BUILD SUCCESS
[INFO] ------------------------------------------------------------------------
[INFO] Total time:  06:07 min
[INFO] Finished at: 2021-02-02T15:55:42Z
[INFO] ------------------------------------------------------------------------
Picked up _JAVA_OPTIONS: -XX:+UnlockExperimentalVMOptions -Dsun.zip.disableMemoryMapping=**** -XX:+UseParallelGC -XX:MinHeapFreeRatio=5 -XX:MaxHeapFreeRatio=10 -XX:GCTimeRatio=4 -XX:AdaptiveSizePolicyWeight=90 -Xms10m -Xmx8000m
[INFO] Scanning for projects...
[INFO] 
[INFO] ----------< org.entando.entando.plugins:entando-plugin-jpseo >----------
[INFO] Building Entando Plugin: SEO 0.0.0-SNAPSHOT-PR-29-2
[INFO] --------------------------------[ war ]---------------------------------
[WARNING] The POM for com.sun.xml.bind:jaxb-impl:jar:2.2.11 is invalid, transitive dependencies (if any) will not be available, enable debug logging for more details
[INFO] 
[INFO] --- maven-site-plugin:3.9.0:site (default-site) @ entando-plugin-jpseo ---
[INFO] configuring report plugin org.apache.maven.plugins:maven-project-info-reports-plugin:3.0.0
[INFO] 9 reports configured for maven-project-info-reports-plugin:3.0.0: dependency-info, distribution-management, index, ci-management, issue-management, licenses, plugins, scm, summary
[INFO] Rendering site with default locale English (en)
[WARNING] Unable to find a URL to the parent project. The parent menu will NOT be added.
[INFO] Relativizing decoration links with respect to localized project URL: http://www.entando.com/
[INFO] Rendering content with org.apache.maven.skins:maven-default-skin:jar:1.3 skin.
[INFO] Generating "Dependency Information" report --- maven-project-info-reports-plugin:3.0.0:dependency-info
[INFO] Generating "About" report         --- maven-project-info-reports-plugin:3.0.0:index
[INFO] Generating "Issue Management" report --- maven-project-info-reports-plugin:3.0.0:issue-management
[INFO] Generating "Licenses" report      --- maven-project-info-reports-plugin:3.0.0:licenses
[INFO] Generating "Plugins" report       --- maven-project-info-reports-plugin:3.0.0:plugins
[INFO] Generating "Source Code Management" report --- maven-project-info-reports-plugin:3.0.0:scm
[INFO] Generating "Summary" report       --- maven-project-info-reports-plugin:3.0.0:summary
[INFO] ------------------------------------------------------------------------
[INFO] BUILD SUCCESS
[INFO] ------------------------------------------------------------------------
[INFO] Total time:  12.910 s
[INFO] Finished at: 2021-02-02T15:55:58Z
[INFO] ------------------------------------------------------------------------
error: failed to collect patterns target/site/* to path entando-plugin-jpseo/PR-29: Have you set up a git credential helper? See https://help.github.com/articles/caching-your-github-password-in-git/
: git output: To https://github.com/entando-k8s/devops-results.git
 ! [rejected]        gh-pages -> gh-pages (fetch first)
error: failed to push some refs to 'https://github.com/entando-k8s/devops-results.git'
hint: Updates were rejected because the remote contains work that you do
hint: not have locally. This is usually caused by another repository pushing
hint: to the same ref. You may want to first integrate the remote changes
hint: (e.g., 'git pull ...') before pushing again.
hint: See the 'Note about fast-forwards' in 'git push --help' for details.: failed to run 'git push origin gh-pages' command in directory '/tmp/jenkins-x-collect310396014', output: 'To https://github.com/entando-k8s/devops-results.git
 ! [rejected]        gh-pages -> gh-pages (fetch first)
error: failed to push some refs to 'https://github.com/entando-k8s/devops-results.git'
hint: Updates were rejected because the remote contains work that you do
hint: not have locally. This is usually caused by another repository pushing
hint: to the same ref. You may want to first integrate the remote changes
hint: (e.g., 'git pull ...') before pushing again.
hint: See the 'Note about fast-forwards' in 'git push --help' for details.'
  % Total    % Received % Xferd  Average Speed   Time    Time     Time  Current
                                 Dload  Upload   Total   Spent    Left  Speed
{
  "url": "https://api.github.com/repos/entando/entando-plugin-jpseo/statuses/16eda489c7174b8ab9e090cfd3dfe654c17bd852",
  "avatar_url": "https://avatars.githubusercontent.com/u/57885396?v=4",
  "id": 12043633695,
  "node_id": "MDEzOlN0YXR1c0NvbnRleHQxMjA0MzYzMzY5NQ==",
  "state": "success",
  "description": "Pre-deployment tests success!",
  "target_url": "https://entando-k8s.github.io/devops-results/entando-plugin-jpseo/PR-29/surefire-report.html",
  "context": "Pre-deployment tests",
  "created_at": "2021-02-02T15:56:18Z",
  "updated_at": "2021-02-02T15:56:18Z",
  "creator": {
    "login": "**********",
    "id": 57885396,
    "node_id": "MDQ6VXNlcjU3ODg1Mzk2",
    "avatar_url": "https://avatars.githubusercontent.com/u/57885396?v=4",
    "gravatar_id": "",
    "url": "https://api.github.com/users/entando-**",
    "html_url": "https://github.com/**********",
    "followers_url": "https://api.github.com/users/**********/followers",
    "following_url": "https://api.github.com/users/**********/following{/other_user}",
    "gists_url": "https://api.github.com/users/**********/gists{/gist_id}",
    "starred_url": "https://api.github.com/users/entando-**/starred{/owner}{/repo}",
    "subscriptions_url": "https://api.github.com/users/entando-**/subscriptions",
    "organizations_url": "https://api.github.com/users/**********/orgs",
    "repos_url": "https://api.github.com/users/entando-**/repos",
    "events_url": "https://api.github.com/users/entando-**/events{/privacy}",
    "received_events_url": "https://api.github.com/users/**********/received_events",
    "type": "User",
    "site_*****": false
  }
}
  0     0    0     0    0     0      0      0 --:--:-- --:--:-- --:--:--     0  0     0    0     0    0     0      0      0 --:--:-- --:--:-- --:--:--     0100  1843  100  1631  100   212   2282    296 --:--:-- --:--:-- --:--:--  2300
Congratulations! No build failures found for entando-plugin-jpseo-PR-29.
