
Showing logs for build [32mentando-entando-plugin-jpseo-pr-xcvn2-3[0m stage [32mfrom-build-pack[0m and container [32mstep-credential-initializer-grhkh[0m
{"level":"warn","ts":1612286168.5468001,"logger":"fallback-logger","caller":"logging/config.go:69","msg":"Fetch GitHub commit ID from kodata failed: \"ref: refs/heads/0.8.0-**-support-backwards-incompats\" is not a valid GitHub commit ID"}
{"level":"info","ts":1612286168.5540526,"logger":"fallback-logger","caller":"creds-init/main.go:40","msg":"Credentials initialized."}

Showing logs for build [32mentando-entando-plugin-jpseo-pr-xcvn2-3[0m stage [32mfrom-build-pack[0m and container [32mstep-working-dir-initializer-bzcll[0m
{"level":"warn","ts":1612286173.3442829,"logger":"fallback-logger","caller":"logging/config.go:69","msg":"Fetch GitHub commit ID from kodata failed: open /var/run/ko/HEAD: no such file or directory"}
{"level":"info","ts":1612286173.3574467,"logger":"fallback-logger","caller":"bash/main.go:64","msg":"Successfully e**cuted command \"sh -c mkdir -p /workspace/source\"; output "}

Showing logs for build [32mentando-entando-plugin-jpseo-pr-xcvn2-3[0m stage [32mfrom-build-pack[0m and container [32mstep-place-tools[0m

Showing logs for build [32mentando-entando-plugin-jpseo-pr-xcvn2-3[0m stage [32mfrom-build-pack[0m and container [32mstep-git-source-entando-entando-plugin-jpseo-pr-lts5k[0m
{"level":"warn","ts":1612286208.4808364,"logger":"fallback-logger","caller":"logging/config.go:69","msg":"Fetch GitHub commit ID from kodata failed: \"ref: refs/heads/0.8.0-**-support-backwards-incompats\" is not a valid GitHub commit ID"}
{"level":"info","ts":1612286209.9835315,"logger":"fallback-logger","caller":"git/git.go:103","msg":"Successfully cloned https://github.com/entando/entando-plugin-jpseo.git @ master in path /workspace/source"}

Showing logs for build [32mentando-entando-plugin-jpseo-pr-xcvn2-3[0m stage [32mfrom-build-pack[0m and container [32mstep-git-merge[0m
Using SHAs from PULL_REFS=master:3602b80cd45755fab86fd17650d94419dc67783e,29:f2a2fec6fa4e54fbb4783bf837f7d1de1f2a5b9e
DEBUG: ran git fetch --unshallow origin f2a2fec6fa4e54fbb4783bf837f7d1de1f2a5b9e: 3602b80cd45755fab86fd17650d94419dc67783e: in 
DEBUG: ran git checkout master in 
DEBUG: ran git reset --hard 3602b80cd45755fab86fd17650d94419dc67783e in 
DEBUG: ran clean --force -d . in 
DEBUG: ran git merge f2a2fec6fa4e54fbb4783bf837f7d1de1f2a5b9e in 
Merged SHA f2a2fec6fa4e54fbb4783bf837f7d1de1f2a5b9e with commit message 'Fi**d some code smell' into base branch master
Merged SHA 16eda489c7174b8ab9e090cfd3dfe654c17bd852 with commit message 'ENG-1745: Upgrade core-parent and bom version' into base branch master
Merged SHA fac4fbae055b0e29babd11e50fd4cf154a1be68c with commit message 'ENG-1745: Fix code smell' into base branch master
Merged SHA 6794f0b388a0fa16bf4947a4489035ddfff43b5f with commit message 'ENG-1745: Override of configuration in parent pom' into base branch master
Merged SHA d81cd6455929108a117fdb6bbf9681b9a8be1170 with commit message 'ENG-1745: junit5 integration' into base branch master

Showing logs for build [32mentando-entando-plugin-jpseo-pr-xcvn2-3[0m stage [32mfrom-build-pack[0m and container [32mstep-build-set-version[0m
Picked up _JAVA_OPTIONS: -XX:+UnlockExperimentalVMOptions -Dsun.zip.disableMemoryMapping=**** -XX:+UseParallelGC -XX:MinHeapFreeRatio=5 -XX:MaxHeapFreeRatio=10 -XX:GCTimeRatio=4 -XX:AdaptiveSizePolicyWeight=90 -Xms10m -Xmx8000m
[INFO] Scanning for projects...
[INFO] 
[INFO] ----------< org.entando.entando.plugins:entando-plugin-jpseo >----------
[INFO] Building Entando Plugin: SEO 6.3.0-SNAPSHOT
[INFO] --------------------------------[ war ]---------------------------------
[INFO] 
[INFO] --- versions-maven-plugin:2.8.1:set (default-cli) @ entando-plugin-jpseo ---
[INFO] Local aggregation ****: /workspace/source
[INFO] Processing change of org.entando.entando.plugins:entando-plugin-jpseo:6.3.0-SNAPSHOT -> 0.0.0-SNAPSHOT-PR-29-3
[INFO] Processing org.entando.entando.plugins:entando-plugin-jpseo
[INFO]     Updating project org.entando.entando.plugins:entando-plugin-jpseo
[INFO]         from version 6.3.0-SNAPSHOT to 0.0.0-SNAPSHOT-PR-29-3
[INFO] 
[INFO] ------------------------------------------------------------------------
[INFO] BUILD SUCCESS
[INFO] ------------------------------------------------------------------------
[INFO] Total time:  14.382 s
[INFO] Finished at: 2021-02-02T17:17:09Z
[INFO] ------------------------------------------------------------------------

Showing logs for build [32mentando-entando-plugin-jpseo-pr-xcvn2-3[0m stage [32mfrom-build-pack[0m and container [32mstep-build-fix-git-for-sonar[0m
Switched to a new branch 'PR-29'
M	pom.xml
Deleted branch master (was f2a2fec).
From https://github.com/entando/entando-plugin-jpseo
 * [new branch]      master            -> master
 * [new tag]         pia-crs4          -> pia-crs4
 * [new tag]         v6.2.0-sprint1-rc -> v6.2.0-sprint1-rc
 * [new tag]         v6.2.0-sprint2-rc -> v6.2.0-sprint2-rc
 * [new tag]         v6.2.0-sprint3-rc -> v6.2.0-sprint3-rc
 * [new tag]         v6.2.0-sprint4-rc -> v6.2.0-sprint4-rc
 * [new tag]         v6.2.0-sprint5-rc -> v6.2.0-sprint5-rc

Showing logs for build [32mentando-entando-plugin-jpseo-pr-xcvn2-3[0m stage [32mfrom-build-pack[0m and container [32mstep-build-mvn-verify-pr[0m
  % Total    % Received % Xferd  Average Speed   Time    Time     Time  Current
                                 Dload  Upload   Total   Spent    Left  Speed
{
  "url": "https://api.github.com/repos/entando/entando-plugin-jpseo/statuses/f2a2fec6fa4e54fbb4783bf837f7d1de1f2a5b9e",
  "avatar_url": "https://avatars.githubusercontent.com/u/57885396?v=4",
  "id": 12044792852,
  "node_id": "MDEzOlN0YXR1c0NvbnRleHQxMjA0NDc5Mjg1Mg==",
  "state": "pending",
  "description": "Pre-deployment tests pending!",
  "target_url": "https://entando-k8s.github.io/devops-results/entando-plugin-jpseo/PR-29/surefire-report.html",
  "context": "Pre-deployment tests",
  "created_at": "2021-02-02T17:17:12Z",
  "updated_at": "2021-02-02T17:17:12Z",
  "creator": {
    "login": "**********",
    "id": 57885396,
    "node_id": "MDQ6VXNlcjU3ODg1Mzk2",
    "avatar_url": "https://avatars.githubusercontent.com/u/57885396?v=4",
    "gravatar_id": "",
    "url": "https://api.github.com/users/entando-**",
    "html_url": "https://github.com/**********",
    "followers_url": "https://api.github.com/users/entando-**/followers",
    "following_url": "https://api.github.com/users/entando-**/following{/other_user}",
    "gists_url": "https://api.github.com/users/entando-**/gists{/gist_id}",
    "starred_url": "https://api.github.com/users/entando-**/starred{/owner}{/repo}",
    "subscriptions_url": "https://api.github.com/users/entando-**/subscriptions",
    "organizations_url": "https://api.github.com/users/entando-**/orgs",
    "repos_url": "https://api.github.com/users/entando-**/repos",
    "events_url": "https://api.github.com/users/**********/events{/privacy}",
    "received_events_url": "https://api.github.com/users/entando-**/received_events",
    "type": "User",
    "site_*****": false
  }
}
  0     0    0     0    0     0      0      0 --:--:-- --:--:-- --:--:--     0100  1843  100  1631  100   212   2029    263 --:--:-- --:--:-- --:--:--  2048
Picked up _JAVA_OPTIONS: -XX:+UnlockExperimentalVMOptions -Dsun.zip.disableMemoryMapping=**** -XX:+UseParallelGC -XX:MinHeapFreeRatio=5 -XX:MaxHeapFreeRatio=10 -XX:GCTimeRatio=4 -XX:AdaptiveSizePolicyWeight=90 -Xms10m -Xmx8000m
[INFO] Scanning for projects...
[INFO] 
[INFO] ----------< org.entando.entando.plugins:entando-plugin-jpseo >----------
[INFO] Building Entando Plugin: SEO 0.0.0-SNAPSHOT-PR-29-3
[INFO] --------------------------------[ war ]---------------------------------
[WARNING] The POM for com.sun.xml.bind:jaxb-impl:jar:2.2.11 is invalid, transitive dependencies (if any) will not be available, enable debug logging for more details
[INFO] 
[INFO] --- maven-checkstyle-plugin:3.1.1:check (validate) @ entando-plugin-jpseo ---
[INFO] 
[INFO] --- maven-checkstyle-plugin:3.1.1:checkstyle (validate) @ entando-plugin-jpseo ---
[INFO] 
[INFO] --- jacoco-maven-plugin:0.8.5:prepare-agent (prepare-agent) @ entando-plugin-jpseo ---
[INFO] argLine set to -javaagent:/home/jenkins/.mvnrepository/org/jacoco/org.jacoco.agent/0.8.5/org.jacoco.agent-0.8.5-runtime.jar=destfile=/workspace/source/target/jacoco.e**c
[INFO] 
[INFO] --- maven-resources-plugin:2.5:resources (default-resources) @ entando-plugin-jpseo ---
[debug] e**cute contextualize
[INFO] Using 'UTF-8' encoding to copy filtered resources.
[INFO] Copying 12 resources
[INFO] Copying 1 resource
[INFO] Copying 5 resources
[INFO] Copying 11 resources
[INFO] Copying 2 resources to META-INF
[INFO] 
[INFO] --- maven-compiler-plugin:3.8.1:compile (default-compile) @ entando-plugin-jpseo ---
[INFO] Changes detected - recompiling the module!
[INFO] Compiling 50 source files to /workspace/source/target/classes
[WARNING] /workspace/source/src/main/java/org/entando/entando/plugins/jpseo/aps/******/services/page/SeoPageExtraConfigDOM.java:[92,73] unchecked conversion
  required: java.util.List<org.jdom.Element>
  found:    java.util.List
[WARNING] /workspace/source/src/main/java/org/entando/entando/plugins/jpseo/aps/******/services/page/SeoPageExtraConfigDOM.java:[100,65] unchecked conversion
  required: java.util.List<org.jdom.Element>
  found:    java.util.List
[WARNING] /workspace/source/src/main/java/org/entando/entando/plugins/jpseo/aps/******/services/page/SeoPageExtraConfigDOM.java:[122,66] unchecked conversion
  required: java.util.List<org.jdom.Element>
  found:    java.util.List
[WARNING] /workspace/source/src/main/java/org/entando/entando/plugins/jpseo/aps/******/services/page/SeoPageExtraConfigDOM.java:[186,70] unchecked conversion
  required: java.util.List<org.jdom.Element>
  found:    java.util.List
[WARNING] /workspace/source/src/main/java/org/entando/entando/plugins/jpseo/aps/******/services/page/SeoPageExtraConfigDOM.java:[203,70] unchecked conversion
  required: java.util.List<org.jdom.Element>
  found:    java.util.List
[WARNING] /workspace/source/src/main/java/org/entando/entando/plugins/jpseo/aps/******/services/page/SeoPageService.java:[270,62] unchecked conversion
  required: java.util.Map<java.lang.String,java.util.Map<java.lang.String,org.entando.entando.plugins.jpseo.aps.******.services.page.PageMetatag>>
  found:    java.util.HashMap
[WARNING] /workspace/source/src/main/java/org/entando/entando/plugins/jpseo/aps/******/services/mapping/cache/SeoMappingCacheWrapper.java:[119,61] unchecked cast
  required: java.util.List<java.lang.String>
  found:    java.util.List
[WARNING] /workspace/source/src/main/java/org/entando/entando/plugins/jpseo/aps/******/services/mapping/cache/SeoMappingCacheWrapper.java:[129,56] unchecked cast
  required: java.util.List<java.lang.String>
  found:    java.util.List
[WARNING] /workspace/source/src/main/java/org/entando/entando/plugins/jpseo/aps/******/services/mapping/cache/SeoMappingCacheWrapper.java:[167,46] unchecked conversion
  required: java.util.Map<java.lang.String,java.lang.String>
  found:    java.util.Map
[WARNING] /workspace/source/src/main/java/org/entando/entando/plugins/jpseo/aps/******/services/mapping/cache/SeoMappingCacheWrapper.java:[174,46] unchecked conversion
  required: java.util.Map<java.lang.String,java.lang.String>
  found:    java.util.Map
[WARNING] /workspace/source/src/main/java/org/entando/entando/plugins/jpseo/aps/tags/SiteMapTag.java:[90,44] unchecked call to FieldSearchFilter(java.lang.String,T,boolean) as a member of the raw type com.agiletec.aps.******.common.FieldSearchFilter
[WARNING] /workspace/source/src/main/java/org/entando/entando/plugins/jpseo/aps/******/services/url/URLManager.java:[73,38] unchecked method invocation: method createURL in class com.agiletec.aps.******.services.url.URLManager is applied to given types
  required: com.agiletec.aps.******.services.page.IPage,com.agiletec.aps.******.services.lang.Lang,java.util.Map<java.lang.String,java.lang.String>,boolean,javax.servlet.http.HttpServletRequest
  found: com.agiletec.aps.******.services.page.IPage,com.agiletec.aps.******.services.lang.Lang,java.util.Map,boolean,javax.servlet.http.HttpServletRequest
[WARNING] /workspace/source/src/main/java/org/entando/entando/plugins/jpseo/aps/******/services/url/URLManager.java:[73,72] unchecked conversion
  required: java.util.Map<java.lang.String,java.lang.String>
  found:    java.util.Map
[WARNING] /workspace/source/src/main/java/org/entando/entando/plugins/jpseo/aps/******/services/url/URLManager.java:[75,45] unchecked method invocation: method createFriendlyUrl in class org.entando.entando.plugins.jpseo.aps.******.services.url.URLManager is applied to given types
  required: java.lang.String,com.agiletec.aps.******.services.lang.Lang,java.util.Map<java.lang.String,java.lang.String>,boolean,javax.servlet.http.HttpServletRequest
  found: java.lang.String,com.agiletec.aps.******.services.lang.Lang,java.util.Map,boolean,javax.servlet.http.HttpServletRequest
[WARNING] /workspace/source/src/main/java/org/entando/entando/plugins/jpseo/aps/******/services/url/URLManager.java:[75,83] unchecked conversion
  required: java.util.Map<java.lang.String,java.lang.String>
  found:    java.util.Map
[WARNING] /workspace/source/src/main/java/org/entando/entando/plugins/jpseo/aps/******/services/metatag/MetatagDOM.java:[44,83] unchecked conversion
  required: java.util.List<org.jdom.Element>
  found:    java.util.List
[WARNING] /workspace/source/src/main/java/org/entando/entando/plugins/jpseo/aps/******/sitemap/SitemapAction.java:[109,44] unchecked call to FieldSearchFilter(java.lang.String,T,boolean) as a member of the raw type com.agiletec.aps.******.common.FieldSearchFilter
[INFO] /workspace/source/src/main/java/org/entando/entando/plugins/jpseo/aps/******/services/controller/control/RequestValidator.java: /workspace/source/src/main/java/org/entando/entando/plugins/jpseo/aps/******/services/controller/control/RequestValidator.java uses or overrides a deprecated API.
[INFO] /workspace/source/src/main/java/org/entando/entando/plugins/jpseo/aps/******/services/controller/control/RequestValidator.java: Recompile with -Xlint:deprecation for details.
[INFO] 
[INFO] --- maven-resources-plugin:2.5:copy-resources (copy-resources-test) @ entando-plugin-jpseo ---
[debug] e**cute contextualize
[INFO] Using 'UTF-8' encoding to copy filtered resources.
[INFO] Copying 5 resources
[INFO] 
[INFO] --- maven-resources-plugin:2.5:copy-resources (copy-resources-file-test-) @ entando-plugin-jpseo ---
[debug] e**cute contextualize
[INFO] Using 'UTF-8' encoding to copy filtered resources.
[INFO] Copying 5 resources
[INFO] 
[INFO] --- maven-resources-plugin:2.5:testResources (default-testResources) @ entando-plugin-jpseo ---
[debug] e**cute contextualize
[INFO] Using 'UTF-8' encoding to copy filtered resources.
[INFO] Copying 3 resources
[INFO] 
[INFO] --- maven-compiler-plugin:3.8.1:testCompile (default-testCompile) @ entando-plugin-jpseo ---
[INFO] Changes detected - recompiling the module!
[INFO] Compiling 11 source files to /workspace/source/target/test-classes
[WARNING] /workspace/source/src/test/java/org/entando/entando/plugins/jpseo/aps*****/portal/PageActionIntegrationTest.java:[90,125] unchecked cast
  required: java.util.Map<java.lang.String,java.util.Map<java.lang.String,org.entando.entando.plugins.jpseo.aps.******.services.page.PageMetatag>>
  found:    java.lang.Object
[WARNING] /workspace/source/src/test/java/org/entando/entando/plugins/jpseo/aps*****/portal/PageActionIntegrationTest.java:[395,67] unchecked conversion
  required: java.util.Map<java.lang.String,java.util.Map<java.lang.String,org.entando.entando.plugins.jpseo.aps.******.services.page.PageMetatag>>
  found:    java.util.Map
[WARNING] /workspace/source/src/test/java/org/entando/entando/plugins/jpseo/aps*****/portal/PageActionIntegrationTest.java:[407,29] unchecked conversion
  required: java.util.Map<java.lang.String,java.util.Map<java.lang.String,org.entando.entando.plugins.jpseo.aps.******.services.page.PageMetatag>>
  found:    java.util.Map
[WARNING] /workspace/source/src/test/java/org/entando/entando/plugins/jpseo/aps*****/portal/PageSettingsActionAspectTest.java:[100,49] unchecked method invocation: method convertValue in class com.opensymphony.xwork2.conversion.impl.XWorkConverter is applied to given types
  required: java.util.Map<java.lang.String,java.lang.Object>,java.lang.Object,java.lang.Class
  found: java.util.Map,java.lang.Object,java.lang.Class
[WARNING] /workspace/source/src/test/java/org/entando/entando/plugins/jpseo/aps*****/portal/PageSettingsActionAspectTest.java:[100,61] unchecked conversion
  required: java.util.Map<java.lang.String,java.lang.Object>
  found:    java.util.Map
[WARNING] /workspace/source/src/test/java/org/entando/entando/plugins/jpseo/aps*****/content/ContentActionIntegrationTest.java:[68,46] unchecked call to EntitySearchFilter(java.lang.String,boolean,T,boolean) as a member of the raw type com.agiletec.aps.******.common.entity.model.EntitySearchFilter
[INFO] 
[INFO] --- maven-surefire-plugin:3.0.0-M4:test (default-test) @ entando-plugin-jpseo ---
[INFO] 
[INFO] -------------------------------------------------------
[INFO]  T E S T S
[INFO] -------------------------------------------------------
[INFO] Running org.entando.entando.aps.******.services.controller.control.SeoRequestValidatorIntegrationTest
SLF4J: Class path contains multiple SLF4J bindings.
SLF4J: Found binding in [jar:file:/home/jenkins/.mvnrepository/org/slf4j/slf4j-jdk14/1.7.26/slf4j-jdk14-1.7.26.jar!/org/slf4j/impl/StaticLoggerBinder.class]
SLF4J: Found binding in [jar:file:/home/jenkins/.mvnrepository/org/apache/logging/log4j/log4j-slf4j-impl/2.13.3/log4j-slf4j-impl-2.13.3.jar!/org/slf4j/impl/StaticLoggerBinder.class]
SLF4J: See http://www.slf4j.org/codes.html#multiple_bindings for an explanation.
SLF4J: Actual binding is of type [org.slf4j.impl.JDK14LoggerFactory]
Feb 02, 2021 5:17:47 PM org.springframework.mock.jndi.SimpleNamingContextBuilder activate
INFO: Activating simple JNDI environment
Feb 02, 2021 5:17:47 PM org.springframework.mock.jndi.SimpleNamingContextBuilder bind
INFO: Static JNDI binding: [java:comp/env/logName] = [/workspace/source/target/test/entando-plugin-jpseo]
Feb 02, 2021 5:17:47 PM org.springframework.mock.jndi.SimpleNamingContextBuilder bind
INFO: Static JNDI binding: [java:comp/env/logFileRotatePattern] = [/workspace/source/target/test/entando-plugin-jpseo_logs/entando-plugin-jpseo-%i.log.gz]
Feb 02, 2021 5:17:47 PM org.springframework.mock.jndi.SimpleNamingContextBuilder bind
INFO: Static JNDI binding: [java:comp/env/logLevel] = [ERROR]
Feb 02, 2021 5:17:47 PM org.springframework.mock.jndi.SimpleNamingContextBuilder bind
INFO: Static JNDI binding: [java:comp/env/logFileSize] = [1048576]
Feb 02, 2021 5:17:47 PM org.springframework.mock.jndi.SimpleNamingContextBuilder bind
INFO: Static JNDI binding: [java:comp/env/logFilesCount] = [10]
Feb 02, 2021 5:17:47 PM org.springframework.mock.jndi.SimpleNamingContextBuilder bind
INFO: Static JNDI binding: [java:comp/env/configVersion] = [test]
Feb 02, 2021 5:17:47 PM org.springframework.mock.jndi.SimpleNamingContextBuilder bind
INFO: Static JNDI binding: [java:comp/env/applicationBaseURL] = [/Entando/]
Feb 02, 2021 5:17:47 PM org.springframework.mock.jndi.SimpleNamingContextBuilder bind
INFO: Static JNDI binding: [java:comp/env/resourceRootURL] = [/Entando/resources/]
Feb 02, 2021 5:17:47 PM org.springframework.mock.jndi.SimpleNamingContextBuilder bind
INFO: Static JNDI binding: [java:comp/env/protectedResourceRootURL] = [/Entando/protected/]
Feb 02, 2021 5:17:47 PM org.springframework.mock.jndi.SimpleNamingContextBuilder bind
INFO: Static JNDI binding: [java:comp/env/resourceDiskRootFolder] = [target/test/resources/]
Feb 02, 2021 5:17:47 PM org.springframework.mock.jndi.SimpleNamingContextBuilder bind
INFO: Static JNDI binding: [java:comp/env/protectedResourceDiskRootFolder] = [target/test/protected/]
Feb 02, 2021 5:17:47 PM org.springframework.mock.jndi.SimpleNamingContextBuilder bind
INFO: Static JNDI binding: [java:comp/env/indexDiskRootFolder] = [target/test/indexdir]
Feb 02, 2021 5:17:47 PM org.springframework.mock.jndi.SimpleNamingContextBuilder bind
INFO: Static JNDI binding: [java:comp/env/portDataSourceClassName] = [org.apache.derby.jdbc.EmbeddedDriver]
Feb 02, 2021 5:17:47 PM org.springframework.mock.jndi.SimpleNamingContextBuilder bind
INFO: Static JNDI binding: [java:comp/env/logActiveFileOutput] = [false]
Feb 02, 2021 5:17:47 PM org.springframework.mock.jndi.SimpleNamingContextBuilder bind
INFO: Static JNDI binding: [java:comp/env/jdbc.servDb.url] = [jdbc:derby:/workspace/source/target/test/db/entando-plugin-jpseotestServ;create=****]
Feb 02, 2021 5:17:47 PM org.springframework.mock.jndi.SimpleNamingContextBuilder bind
INFO: Static JNDI binding: [java:comp/env/servDataSourceClassName] = [org.apache.derby.jdbc.EmbeddedDriver]
Feb 02, 2021 5:17:47 PM org.springframework.mock.jndi.SimpleNamingContextBuilder bind
INFO: Static JNDI binding: [java:comp/env/logFilesCount] = [10]
Feb 02, 2021 5:17:47 PM org.springframework.mock.jndi.SimpleNamingContextBuilder bind
INFO: Static JNDI binding: [java:comp/env/applicationBaseURL] = [/Entando/]
Feb 02, 2021 5:17:47 PM org.springframework.mock.jndi.SimpleNamingContextBuilder bind
INFO: Static JNDI binding: [java:comp/env/jdbc.portDb.password] = [agile]
Feb 02, 2021 5:17:47 PM org.springframework.mock.jndi.SimpleNamingContextBuilder bind
INFO: Static JNDI binding: [java:comp/env/logLevel] = [ERROR]
Feb 02, 2021 5:17:47 PM org.springframework.mock.jndi.SimpleNamingContextBuilder bind
INFO: Static JNDI binding: [java:comp/env/indexDiskRootFolder] = [target/test/indexdir]
Feb 02, 2021 5:17:47 PM org.springframework.mock.jndi.SimpleNamingContextBuilder bind
INFO: Static JNDI binding: [java:comp/env/logFileSize] = [1048576]
Feb 02, 2021 5:17:47 PM org.springframework.mock.jndi.SimpleNamingContextBuilder bind
INFO: Static JNDI binding: [java:comp/env/resourceDiskRootFolder] = [target/test/resources/]
Feb 02, 2021 5:17:47 PM org.springframework.mock.jndi.SimpleNamingContextBuilder bind
INFO: Static JNDI binding: [java:comp/env/protectedResourceRootURL] = [/Entando/protected/]
Feb 02, 2021 5:17:47 PM org.springframework.mock.jndi.SimpleNamingContextBuilder bind
INFO: Static JNDI binding: [java:comp/env/resourceRootURL] = [/Entando/resources/]
Feb 02, 2021 5:17:47 PM org.springframework.mock.jndi.SimpleNamingContextBuilder bind
INFO: Static JNDI binding: [java:comp/env/configVersion] = [test]
Feb 02, 2021 5:17:47 PM org.springframework.mock.jndi.SimpleNamingContextBuilder bind
INFO: Static JNDI binding: [java:comp/env/jdbc.servDb.beanName] = [servDataSource]
Feb 02, 2021 5:17:47 PM org.springframework.mock.jndi.SimpleNamingContextBuilder bind
INFO: Static JNDI binding: [java:comp/env/jdbc.portDb.url] = [jdbc:derby:/workspace/source/target/test/db/entando-plugin-jpseotestPort;create=****]
Feb 02, 2021 5:17:47 PM org.springframework.mock.jndi.SimpleNamingContextBuilder bind
INFO: Static JNDI binding: [java:comp/env/jdbc.servDb.driverClassName] = [org.apache.derby.jdbc.EmbeddedDriver]
Feb 02, 2021 5:17:47 PM org.springframework.mock.jndi.SimpleNamingContextBuilder bind
INFO: Static JNDI binding: [java:comp/env/protectedResourceDiskRootFolder] = [target/test/protected/]
Feb 02, 2021 5:17:47 PM org.springframework.mock.jndi.SimpleNamingContextBuilder bind
INFO: Static JNDI binding: [java:comp/env/jdbc.portDb.beanName] = [portDataSource]
Feb 02, 2021 5:17:47 PM org.springframework.mock.jndi.SimpleNamingContextBuilder bind
INFO: Static JNDI binding: [java:comp/env/jdbc.servDb.password] = [agile]
Feb 02, 2021 5:17:47 PM org.springframework.mock.jndi.SimpleNamingContextBuilder bind
INFO: Static JNDI binding: [java:comp/env/jdbc.portDb.driverClassName] = [org.apache.derby.jdbc.EmbeddedDriver]
Feb 02, 2021 5:17:47 PM org.springframework.mock.jndi.SimpleNamingContextBuilder bind
INFO: Static JNDI binding: [java:comp/env/jdbc.portDb.username] = [agile]
Feb 02, 2021 5:17:47 PM org.springframework.mock.jndi.SimpleNamingContextBuilder bind
INFO: Static JNDI binding: [java:comp/env/jdbc.servDb.username] = [agile]
Feb 02, 2021 5:17:47 PM org.springframework.mock.jndi.SimpleNamingContextBuilder bind
INFO: Static JNDI binding: [java:comp/env/logName] = [/workspace/source/target/test/entando-plugin-jpseo]
Feb 02, 2021 5:17:47 PM org.springframework.mock.jndi.SimpleNamingContextBuilder bind
INFO: Static JNDI binding: [java:comp/env/logFileRotatePattern] = [/workspace/source/target/test/entando-plugin-jpseo_logs/entando-plugin-jpseo-%i.log.gz]
Feb 02, 2021 5:17:48 PM org.springframework.mock.jndi.SimpleNamingContextBuilder bind
INFO: Static JNDI binding: [java:comp/env/jdbc/servDataSource] = [org.apache.commons.dbcp2.BasicDataSource@7c5c20ed]
Feb 02, 2021 5:17:48 PM org.springframework.mock.jndi.SimpleNamingContextBuilder bind
INFO: Static JNDI binding: [java:comp/env/jdbc/portDataSource] = [org.apache.commons.dbcp2.BasicDataSource@6113a26f]
Feb 02, 2021 5:17:48 PM org.springframework.mock.web.MockServletContext log
INFO: Initializing Spring **** WebApplicationContext
Feb 02, 2021 5:17:48 PM org.springframework.web.context.ContextLoader initWebApplicationContext
INFO: Root WebApplicationContext: initialization started
Feb 02, 2021 5:17:59 PM org.entando.entando.ent.util.EntLogging$EntLogger info
INFO: Report not availablejava.sql.SQLSyntaxErrorException: Schema 'AGILE' does not exist
Feb 02, 2021 5:17:59 PM org.entando.entando.ent.util.EntLogging$EntLogger info
INFO: + [ Component: Core ] :: DATA
|   
Feb 02, 2021 5:17:59 PM org.entando.entando.ent.util.EntLogging$EntLogger info
INFO: Created table - portDataSource/sysconfig
Feb 02, 2021 5:17:59 PM org.entando.entando.ent.util.EntLogging$EntLogger info
INFO: Created table - portDataSource/categories
Feb 02, 2021 5:17:59 PM org.entando.entando.ent.util.EntLogging$EntLogger info
INFO: Created table - portDataSource/localstrings
Feb 02, 2021 5:17:59 PM org.entando.entando.ent.util.EntLogging$EntLogger info
INFO: Created table - portDataSource/pagemodels
Feb 02, 2021 5:17:59 PM org.entando.entando.ent.util.EntLogging$EntLogger info
INFO: Created table - portDataSource/pages
Feb 02, 2021 5:17:59 PM org.entando.entando.ent.util.EntLogging$EntLogger info
INFO: Created table - portDataSource/pages_metadata_online
Feb 02, 2021 5:17:59 PM org.entando.entando.ent.util.EntLogging$EntLogger info
INFO: Created table - portDataSource/pages_metadata_draft
Feb 02, 2021 5:17:59 PM org.entando.entando.ent.util.EntLogging$EntLogger info
INFO: Created table - portDataSource/widgetcatalog
Feb 02, 2021 5:17:59 PM org.entando.entando.ent.util.EntLogging$EntLogger info
INFO: Created table - portDataSource/guifragment
Feb 02, 2021 5:18:00 PM org.entando.entando.ent.util.EntLogging$EntLogger info
INFO: Created table - portDataSource/widgetconfig
Feb 02, 2021 5:18:00 PM org.entando.entando.ent.util.EntLogging$EntLogger info
INFO: Created table - portDataSource/widgetconfig_draft
Feb 02, 2021 5:18:00 PM org.entando.entando.ent.util.EntLogging$EntLogger info
INFO: Created table - portDataSource/uniquekeys
Feb 02, 2021 5:18:00 PM org.entando.entando.ent.util.EntLogging$EntLogger info
INFO: Created table - portDataSource/userpreferences
Feb 02, 2021 5:18:01 PM org.entando.entando.ent.util.EntLogging$EntLogger info
INFO: Created table - servDataSource/authgroups
Feb 02, 2021 5:18:01 PM org.entando.entando.ent.util.EntLogging$EntLogger info
INFO: Created table - servDataSource/authpermissions
Feb 02, 2021 5:18:01 PM org.entando.entando.ent.util.EntLogging$EntLogger info
INFO: Created table - servDataSource/authroles
Feb 02, 2021 5:18:01 PM org.entando.entando.ent.util.EntLogging$EntLogger info
INFO: Created table - servDataSource/authrolepermissions
Feb 02, 2021 5:18:01 PM org.entando.entando.ent.util.EntLogging$EntLogger info
INFO: Created table - servDataSource/authusers
Feb 02, 2021 5:18:01 PM org.entando.entando.ent.util.EntLogging$EntLogger info
INFO: Created table - servDataSource/authusergrouprole
Feb 02, 2021 5:18:01 PM org.entando.entando.ent.util.EntLogging$EntLogger info
INFO: Created table - servDataSource/api_oauth_consumers
Feb 02, 2021 5:18:01 PM org.entando.entando.ent.util.EntLogging$EntLogger info
INFO: Created table - servDataSource/api_oauth_tokens
Feb 02, 2021 5:18:01 PM org.entando.entando.ent.util.EntLogging$EntLogger info
INFO: Created table - servDataSource/apicatalog_methods
Feb 02, 2021 5:18:01 PM org.entando.entando.ent.util.EntLogging$EntLogger info
INFO: Created table - servDataSource/apicatalog_services
Feb 02, 2021 5:18:01 PM org.entando.entando.ent.util.EntLogging$EntLogger info
INFO: Created table - servDataSource/authuserprofiles
Feb 02, 2021 5:18:01 PM org.entando.entando.ent.util.EntLogging$EntLogger info
INFO: Created table - servDataSource/authuserprofilesearch
Feb 02, 2021 5:18:01 PM org.entando.entando.ent.util.EntLogging$EntLogger info
INFO: Created table - servDataSource/authuserprofileattrroles
Feb 02, 2021 5:18:01 PM org.entando.entando.ent.util.EntLogging$EntLogger info
INFO: Created table - servDataSource/actionlogrecords
Feb 02, 2021 5:18:01 PM org.entando.entando.ent.util.EntLogging$EntLogger info
INFO: Created table - servDataSource/actionlogrelations
Feb 02, 2021 5:18:01 PM org.entando.entando.ent.util.EntLogging$EntLogger info
INFO: Created table - servDataSource/actionloglikerecords
Feb 02, 2021 5:18:01 PM org.entando.entando.ent.util.EntLogging$EntLogger info
INFO: Created table - servDataSource/actionlogcommentrecords
Feb 02, 2021 5:18:02 PM org.entando.entando.ent.util.EntLogging$EntLogger info
INFO: Created table - servDataSource/dataobjectmodels
Feb 02, 2021 5:18:02 PM org.entando.entando.ent.util.EntLogging$EntLogger info
INFO: Created table - servDataSource/dataobjects
Feb 02, 2021 5:18:02 PM org.entando.entando.ent.util.EntLogging$EntLogger info
INFO: Created table - servDataSource/dataobjectrelations
Feb 02, 2021 5:18:02 PM org.entando.entando.ent.util.EntLogging$EntLogger info
INFO: Created table - servDataSource/dataobjectsearch
Feb 02, 2021 5:18:02 PM org.entando.entando.ent.util.EntLogging$EntLogger info
INFO: Created table - servDataSource/dataobjectattributeroles
Feb 02, 2021 5:18:02 PM org.entando.entando.ent.util.EntLogging$EntLogger info
INFO: + [ Component: jacms ] :: DATA
|   
Feb 02, 2021 5:18:02 PM org.entando.entando.ent.util.EntLogging$EntLogger info
INFO: Created table - portDataSource/contentmodels
Feb 02, 2021 5:18:02 PM org.entando.entando.ent.util.EntLogging$EntLogger info
INFO: Created table - portDataSource/contents
Feb 02, 2021 5:18:02 PM org.entando.entando.ent.util.EntLogging$EntLogger info
INFO: Created table - portDataSource/resources
Feb 02, 2021 5:18:02 PM org.entando.entando.ent.util.EntLogging$EntLogger info
INFO: Created table - portDataSource/resourcerelations
Feb 02, 2021 5:18:03 PM org.entando.entando.ent.util.EntLogging$EntLogger info
INFO: Created table - portDataSource/contentrelations
Feb 02, 2021 5:18:03 PM org.entando.entando.ent.util.EntLogging$EntLogger info
INFO: Created table - portDataSource/contentsearch
Feb 02, 2021 5:18:03 PM org.entando.entando.ent.util.EntLogging$EntLogger info
INFO: Created table - portDataSource/contentattributeroles
Feb 02, 2021 5:18:03 PM org.entando.entando.ent.util.EntLogging$EntLogger info
INFO: Created table - portDataSource/workcontentrelations
Feb 02, 2021 5:18:03 PM org.entando.entando.ent.util.EntLogging$EntLogger info
INFO: Created table - portDataSource/workcontentsearch
Feb 02, 2021 5:18:04 PM org.entando.entando.ent.util.EntLogging$EntLogger info
INFO: Created table - portDataSource/workcontentattributeroles
Feb 02, 2021 5:18:04 PM org.entando.entando.ent.util.EntLogging$EntLogger info
INFO: + [ Component: entando-*****-console ] :: DATA
|   
Feb 02, 2021 5:18:04 PM org.entando.entando.ent.util.EntLogging$EntLogger info
INFO: Created table - servDataSource/authusershortcuts
Feb 02, 2021 5:18:04 PM org.entando.entando.ent.util.EntLogging$EntLogger info
INFO: + [ Component: entando-portal-ui ] :: DATA
|   
Feb 02, 2021 5:18:04 PM org.entando.entando.ent.util.EntLogging$EntLogger info
INFO: + [ Component: jpseo ] :: DATA
|   
Feb 02, 2021 5:18:04 PM org.entando.entando.ent.util.EntLogging$EntLogger info
INFO: Created table - portDataSource/jpseo_friendlycode
Feb 02, 2021 5:18:04 PM org.entando.entando.ent.util.EntLogging$EntLogger info
INFO: + [ Component: Core ] :: DATA
|   
Feb 02, 2021 5:18:06 PM org.entando.entando.ent.util.EntLogging$EntLogger info
INFO: + [ Component: jacms ] :: DATA
|   
Feb 02, 2021 5:18:07 PM org.entando.entando.ent.util.EntLogging$EntLogger info
INFO: + [ Component: entando-*****-console ] :: DATA
|   
Feb 02, 2021 5:18:07 PM org.entando.entando.ent.util.EntLogging$EntLogger info
INFO: + [ Component: entando-portal-ui ] :: DATA
|   
Feb 02, 2021 5:18:07 PM org.entando.entando.ent.util.EntLogging$EntLogger info
INFO: + [ Component: jpseo ] :: DATA
|   
Feb 02, 2021 5:18:13 PM org.entando.entando.ent.util.EntLogging$EntLogger info
INFO: Successfully created a random page_preview_hash
Feb 02, 2021 5:18:22 PM org.springframework.scheduling.concurrent.E**cutorConfigurationSupport initialize
INFO: Initializing E**cutorService 'entandoScheduler'
Feb 02, 2021 5:18:25 PM org.springframework.security.web.DefaultSecurityFilterChain <init>
INFO: Creating filter chain: OrRequestMatcher [requestMatchers=[Ant [pattern='/oauth/token'], Ant [pattern='/oauth/token_key'], Ant [pattern='/oauth/check_token']]], [org.springframework.security.web.context.request.async.WebAsyncManagerIntegrationFilter@5f744978, org.springframework.security.web.context.SecurityContextPersistenceFilter@4cebd7f1, org.springframework.security.web.header.HeaderWriterFilter@9318df2, org.springframework.security.web.authentication.logout.LogoutFilter@7a964fe8, org.springframework.web.filter.CorsFilter@17e77540, org.springframework.security.web.authentication.www.BasicAuthenticationFilter@1a18917, org.springframework.security.web.savedrequest.RequestCacheAwareFilter@5c91fa84, org.springframework.security.web.servletapi.SecurityContextHolderAwareRequestFilter@3496b6c9, org.springframework.security.web.authentication.AnonymousAuthenticationFilter@11082307, org.springframework.security.web.session.SessionManagementFilter@6db3c9d4, org.springframework.security.web.access.ExceptionTranslationFilter@7b8328e, org.springframework.security.web.access.intercept.FilterSecurityInterceptor@160887a4]
Feb 02, 2021 5:18:25 PM org.springframework.security.web.DefaultSecurityFilterChain <init>
INFO: Creating filter chain: any request, [org.springframework.security.web.context.request.async.WebAsyncManagerIntegrationFilter@1315304e, org.springframework.security.web.context.SecurityContextPersistenceFilter@cc5a575, org.springframework.security.web.header.HeaderWriterFilter@3e897610, org.springframework.web.filter.CorsFilter@17e77540, org.springframework.security.web.authentication.logout.LogoutFilter@bf16fd7, org.springframework.security.web.savedrequest.RequestCacheAwareFilter@f95f08d, org.springframework.security.web.servletapi.SecurityContextHolderAwareRequestFilter@35308784, org.springframework.security.web.session.SessionManagementFilter@a541b2e, org.springframework.security.web.access.ExceptionTranslationFilter@4d663bbf]
Feb 02, 2021 5:18:25 PM org.springframework.web.context.ContextLoader initWebApplicationContext
INFO: Root WebApplicationContext initialized in 37434 ms
Feb 02, 2021 5:18:25 PM org.springframework.scheduling.concurrent.E**cutorConfigurationSupport shutdown
INFO: Shutting down E**cutorService 'entandoScheduler'
Feb 02, 2021 5:18:29 PM org.entando.entando.ent.util.EntLogging$EntLogger info
INFO: + [ Component: Core ] :: DATA
|   
Feb 02, 2021 5:18:29 PM org.entando.entando.ent.util.EntLogging$EntLogger info
INFO: + [ Component: jacms ] :: DATA
|   
Feb 02, 2021 5:18:29 PM org.entando.entando.ent.util.EntLogging$EntLogger info
INFO: + [ Component: entando-*****-console ] :: DATA
|   
Feb 02, 2021 5:18:29 PM org.entando.entando.ent.util.EntLogging$EntLogger info
INFO: + [ Component: entando-portal-ui ] :: DATA
|   
Feb 02, 2021 5:18:29 PM org.entando.entando.ent.util.EntLogging$EntLogger info
INFO: + [ Component: jpseo ] :: DATA
|   
Feb 02, 2021 5:18:29 PM org.entando.entando.ent.util.EntLogging$EntLogger info
INFO: + [ Component: Core ] :: DATA
|   
Feb 02, 2021 5:18:29 PM org.entando.entando.ent.util.EntLogging$EntLogger info
INFO: + [ Component: jacms ] :: DATA
|   
Feb 02, 2021 5:18:29 PM org.entando.entando.ent.util.EntLogging$EntLogger info
INFO: + [ Component: entando-*****-console ] :: DATA
|   
Feb 02, 2021 5:18:29 PM org.entando.entando.ent.util.EntLogging$EntLogger info
INFO: + [ Component: entando-portal-ui ] :: DATA
|   
Feb 02, 2021 5:18:29 PM org.entando.entando.ent.util.EntLogging$EntLogger info
INFO: + [ Component: jpseo ] :: DATA
|   
Feb 02, 2021 5:18:37 PM org.springframework.scheduling.concurrent.E**cutorConfigurationSupport initialize
INFO: Initializing E**cutorService 'entandoScheduler'
Feb 02, 2021 5:18:38 PM org.springframework.security.web.DefaultSecurityFilterChain <init>
INFO: Creating filter chain: OrRequestMatcher [requestMatchers=[Ant [pattern='/oauth/token'], Ant [pattern='/oauth/token_key'], Ant [pattern='/oauth/check_token']]], [org.springframework.security.web.context.request.async.WebAsyncManagerIntegrationFilter@2123fd78, org.springframework.security.web.context.SecurityContextPersistenceFilter@50d5fecf, org.springframework.security.web.header.HeaderWriterFilter@230e69e, org.springframework.security.web.authentication.logout.LogoutFilter@782a0d0a, org.springframework.web.filter.CorsFilter@717d9de9, org.springframework.security.web.authentication.www.BasicAuthenticationFilter@5a13447b, org.springframework.security.web.savedrequest.RequestCacheAwareFilter@71b88865, org.springframework.security.web.servletapi.SecurityContextHolderAwareRequestFilter@42a3dcce, org.springframework.security.web.authentication.AnonymousAuthenticationFilter@6759c673, org.springframework.security.web.session.SessionManagementFilter@4e319a77, org.springframework.security.web.access.ExceptionTranslationFilter@9970b0d, org.springframework.security.web.access.intercept.FilterSecurityInterceptor@7d501e8f]
Feb 02, 2021 5:18:38 PM org.springframework.security.web.DefaultSecurityFilterChain <init>
INFO: Creating filter chain: any request, [org.springframework.security.web.context.request.async.WebAsyncManagerIntegrationFilter@192fb938, org.springframework.security.web.context.SecurityContextPersistenceFilter@13c66eb5, org.springframework.security.web.header.HeaderWriterFilter@44f8d2ac, org.springframework.web.filter.CorsFilter@717d9de9, org.springframework.security.web.authentication.logout.LogoutFilter@5b9ee4bb, org.springframework.security.web.savedrequest.RequestCacheAwareFilter@25ea0e9, org.springframework.security.web.servletapi.SecurityContextHolderAwareRequestFilter@3ba20a53, org.springframework.security.web.session.SessionManagementFilter@42fbe844, org.springframework.security.web.access.ExceptionTranslationFilter@7157742d]
Feb 02, 2021 5:18:40 PM org.springframework.scheduling.concurrent.E**cutorConfigurationSupport shutdown
INFO: Shutting down E**cutorService 'entandoScheduler'
[INFO] Tests run: 2, Failures: 0, Errors: 0, Skipped: 0, Time elapsed: 53.453 s - in org.entando.entando.aps.******.services.controller.control.SeoRequestValidatorIntegrationTest
[INFO] Running org.entando.entando.plugins.jpseo.aps*****.content.ContentActionIntegrationTest
Feb 02, 2021 5:18:40 PM org.springframework.mock.jndi.SimpleNamingContextBuilder bind
INFO: Static JNDI binding: [java:comp/env/logName] = [/workspace/source/target/test/entando-plugin-jpseo]
Feb 02, 2021 5:18:40 PM org.springframework.mock.jndi.SimpleNamingContextBuilder bind
INFO: Static JNDI binding: [java:comp/env/logFileRotatePattern] = [/workspace/source/target/test/entando-plugin-jpseo_logs/entando-plugin-jpseo-%i.log.gz]
Feb 02, 2021 5:18:40 PM org.springframework.mock.jndi.SimpleNamingContextBuilder bind
INFO: Static JNDI binding: [java:comp/env/logLevel] = [ERROR]
Feb 02, 2021 5:18:40 PM org.springframework.mock.jndi.SimpleNamingContextBuilder bind
INFO: Static JNDI binding: [java:comp/env/logFileSize] = [1048576]
Feb 02, 2021 5:18:40 PM org.springframework.mock.jndi.SimpleNamingContextBuilder bind
INFO: Static JNDI binding: [java:comp/env/logFilesCount] = [10]
Feb 02, 2021 5:18:40 PM org.springframework.mock.jndi.SimpleNamingContextBuilder bind
INFO: Static JNDI binding: [java:comp/env/configVersion] = [test]
Feb 02, 2021 5:18:40 PM org.springframework.mock.jndi.SimpleNamingContextBuilder bind
INFO: Static JNDI binding: [java:comp/env/applicationBaseURL] = [/Entando/]
Feb 02, 2021 5:18:40 PM org.springframework.mock.jndi.SimpleNamingContextBuilder bind
INFO: Static JNDI binding: [java:comp/env/resourceRootURL] = [/Entando/resources/]
Feb 02, 2021 5:18:40 PM org.springframework.mock.jndi.SimpleNamingContextBuilder bind
INFO: Static JNDI binding: [java:comp/env/protectedResourceRootURL] = [/Entando/protected/]
Feb 02, 2021 5:18:40 PM org.springframework.mock.jndi.SimpleNamingContextBuilder bind
INFO: Static JNDI binding: [java:comp/env/resourceDiskRootFolder] = [target/test/resources/]
Feb 02, 2021 5:18:40 PM org.springframework.mock.jndi.SimpleNamingContextBuilder bind
INFO: Static JNDI binding: [java:comp/env/protectedResourceDiskRootFolder] = [target/test/protected/]
Feb 02, 2021 5:18:40 PM org.springframework.mock.jndi.SimpleNamingContextBuilder bind
INFO: Static JNDI binding: [java:comp/env/indexDiskRootFolder] = [target/test/indexdir]
Feb 02, 2021 5:18:40 PM org.springframework.mock.jndi.SimpleNamingContextBuilder bind
INFO: Static JNDI binding: [java:comp/env/portDataSourceClassName] = [org.apache.derby.jdbc.EmbeddedDriver]
Feb 02, 2021 5:18:40 PM org.springframework.mock.jndi.SimpleNamingContextBuilder bind
INFO: Static JNDI binding: [java:comp/env/logActiveFileOutput] = [false]
Feb 02, 2021 5:18:40 PM org.springframework.mock.jndi.SimpleNamingContextBuilder bind
INFO: Static JNDI binding: [java:comp/env/jdbc.servDb.url] = [jdbc:derby:/workspace/source/target/test/db/entando-plugin-jpseotestServ;create=****]
Feb 02, 2021 5:18:40 PM org.springframework.mock.jndi.SimpleNamingContextBuilder bind
INFO: Static JNDI binding: [java:comp/env/servDataSourceClassName] = [org.apache.derby.jdbc.EmbeddedDriver]
Feb 02, 2021 5:18:40 PM org.springframework.mock.jndi.SimpleNamingContextBuilder bind
INFO: Static JNDI binding: [java:comp/env/logFilesCount] = [10]
Feb 02, 2021 5:18:40 PM org.springframework.mock.jndi.SimpleNamingContextBuilder bind
INFO: Static JNDI binding: [java:comp/env/applicationBaseURL] = [/Entando/]
Feb 02, 2021 5:18:40 PM org.springframework.mock.jndi.SimpleNamingContextBuilder bind
INFO: Static JNDI binding: [java:comp/env/jdbc.portDb.password] = [agile]
Feb 02, 2021 5:18:40 PM org.springframework.mock.jndi.SimpleNamingContextBuilder bind
INFO: Static JNDI binding: [java:comp/env/logLevel] = [ERROR]
Feb 02, 2021 5:18:40 PM org.springframework.mock.jndi.SimpleNamingContextBuilder bind
INFO: Static JNDI binding: [java:comp/env/indexDiskRootFolder] = [target/test/indexdir]
Feb 02, 2021 5:18:40 PM org.springframework.mock.jndi.SimpleNamingContextBuilder bind
INFO: Static JNDI binding: [java:comp/env/logFileSize] = [1048576]
Feb 02, 2021 5:18:40 PM org.springframework.mock.jndi.SimpleNamingContextBuilder bind
INFO: Static JNDI binding: [java:comp/env/resourceDiskRootFolder] = [target/test/resources/]
Feb 02, 2021 5:18:40 PM org.springframework.mock.jndi.SimpleNamingContextBuilder bind
INFO: Static JNDI binding: [java:comp/env/protectedResourceRootURL] = [/Entando/protected/]
Feb 02, 2021 5:18:40 PM org.springframework.mock.jndi.SimpleNamingContextBuilder bind
INFO: Static JNDI binding: [java:comp/env/resourceRootURL] = [/Entando/resources/]
Feb 02, 2021 5:18:40 PM org.springframework.mock.jndi.SimpleNamingContextBuilder bind
INFO: Static JNDI binding: [java:comp/env/configVersion] = [test]
Feb 02, 2021 5:18:40 PM org.springframework.mock.jndi.SimpleNamingContextBuilder bind
INFO: Static JNDI binding: [java:comp/env/jdbc.servDb.beanName] = [servDataSource]
Feb 02, 2021 5:18:40 PM org.springframework.mock.jndi.SimpleNamingContextBuilder bind
INFO: Static JNDI binding: [java:comp/env/jdbc.portDb.url] = [jdbc:derby:/workspace/source/target/test/db/entando-plugin-jpseotestPort;create=****]
Feb 02, 2021 5:18:40 PM org.springframework.mock.jndi.SimpleNamingContextBuilder bind
INFO: Static JNDI binding: [java:comp/env/jdbc.servDb.driverClassName] = [org.apache.derby.jdbc.EmbeddedDriver]
Feb 02, 2021 5:18:40 PM org.springframework.mock.jndi.SimpleNamingContextBuilder bind
INFO: Static JNDI binding: [java:comp/env/protectedResourceDiskRootFolder] = [target/test/protected/]
Feb 02, 2021 5:18:40 PM org.springframework.mock.jndi.SimpleNamingContextBuilder bind
INFO: Static JNDI binding: [java:comp/env/jdbc.portDb.beanName] = [portDataSource]
Feb 02, 2021 5:18:40 PM org.springframework.mock.jndi.SimpleNamingContextBuilder bind
INFO: Static JNDI binding: [java:comp/env/jdbc.servDb.password] = [agile]
Feb 02, 2021 5:18:40 PM org.springframework.mock.jndi.SimpleNamingContextBuilder bind
INFO: Static JNDI binding: [java:comp/env/jdbc.portDb.driverClassName] = [org.apache.derby.jdbc.EmbeddedDriver]
Feb 02, 2021 5:18:40 PM org.springframework.mock.jndi.SimpleNamingContextBuilder bind
INFO: Static JNDI binding: [java:comp/env/jdbc.portDb.username] = [agile]
Feb 02, 2021 5:18:40 PM org.springframework.mock.jndi.SimpleNamingContextBuilder bind
INFO: Static JNDI binding: [java:comp/env/jdbc.servDb.username] = [agile]
Feb 02, 2021 5:18:40 PM org.springframework.mock.jndi.SimpleNamingContextBuilder bind
INFO: Static JNDI binding: [java:comp/env/logName] = [/workspace/source/target/test/entando-plugin-jpseo]
Feb 02, 2021 5:18:40 PM org.springframework.mock.jndi.SimpleNamingContextBuilder bind
INFO: Static JNDI binding: [java:comp/env/logFileRotatePattern] = [/workspace/source/target/test/entando-plugin-jpseo_logs/entando-plugin-jpseo-%i.log.gz]
Feb 02, 2021 5:18:40 PM org.springframework.mock.jndi.SimpleNamingContextBuilder bind
INFO: Static JNDI binding: [java:comp/env/jdbc/servDataSource] = [org.apache.commons.dbcp2.BasicDataSource@139cb2e0]
Feb 02, 2021 5:18:40 PM org.springframework.mock.jndi.SimpleNamingContextBuilder bind
INFO: Static JNDI binding: [java:comp/env/jdbc/portDataSource] = [org.apache.commons.dbcp2.BasicDataSource@426500f6]
Feb 02, 2021 5:18:40 PM org.springframework.mock.web.MockServletContext log
INFO: Initializing Spring **** WebApplicationContext
Feb 02, 2021 5:18:40 PM org.springframework.web.context.ContextLoader initWebApplicationContext
INFO: Root WebApplicationContext: initialization started
Feb 02, 2021 5:18:43 PM org.entando.entando.ent.util.EntLogging$EntLogger info
INFO: + [ Component: Core ] :: DATA
|   
Feb 02, 2021 5:18:43 PM org.entando.entando.ent.util.EntLogging$EntLogger info
INFO: + [ Component: jacms ] :: DATA
|   
Feb 02, 2021 5:18:43 PM org.entando.entando.ent.util.EntLogging$EntLogger info
INFO: + [ Component: entando-*****-console ] :: DATA
|   
Feb 02, 2021 5:18:43 PM org.entando.entando.ent.util.EntLogging$EntLogger info
INFO: + [ Component: entando-portal-ui ] :: DATA
|   
Feb 02, 2021 5:18:43 PM org.entando.entando.ent.util.EntLogging$EntLogger info
INFO: + [ Component: jpseo ] :: DATA
|   
Feb 02, 2021 5:18:43 PM org.entando.entando.ent.util.EntLogging$EntLogger info
INFO: + [ Component: Core ] :: DATA
|   
Feb 02, 2021 5:18:43 PM org.entando.entando.ent.util.EntLogging$EntLogger info
INFO: + [ Component: jacms ] :: DATA
|   
Feb 02, 2021 5:18:43 PM org.entando.entando.ent.util.EntLogging$EntLogger info
INFO: + [ Component: entando-*****-console ] :: DATA
|   
Feb 02, 2021 5:18:43 PM org.entando.entando.ent.util.EntLogging$EntLogger info
INFO: + [ Component: entando-portal-ui ] :: DATA
|   
Feb 02, 2021 5:18:43 PM org.entando.entando.ent.util.EntLogging$EntLogger info
INFO: + [ Component: jpseo ] :: DATA
|   
Feb 02, 2021 5:18:51 PM org.springframework.scheduling.concurrent.E**cutorConfigurationSupport initialize
INFO: Initializing E**cutorService 'entandoScheduler'
Feb 02, 2021 5:18:53 PM org.springframework.security.web.DefaultSecurityFilterChain <init>
INFO: Creating filter chain: OrRequestMatcher [requestMatchers=[Ant [pattern='/oauth/token'], Ant [pattern='/oauth/token_key'], Ant [pattern='/oauth/check_token']]], [org.springframework.security.web.context.request.async.WebAsyncManagerIntegrationFilter@7a2fbb13, org.springframework.security.web.context.SecurityContextPersistenceFilter@6e1fcc74, org.springframework.security.web.header.HeaderWriterFilter@4a2b452f, org.springframework.security.web.authentication.logout.LogoutFilter@1b754405, org.springframework.web.filter.CorsFilter@44e4f9e9, org.springframework.security.web.authentication.www.BasicAuthenticationFilter@f844cf4, org.springframework.security.web.savedrequest.RequestCacheAwareFilter@45f0f10f, org.springframework.security.web.servletapi.SecurityContextHolderAwareRequestFilter@2c81c37e, org.springframework.security.web.authentication.AnonymousAuthenticationFilter@550ac390, org.springframework.security.web.session.SessionManagementFilter@5336b473, org.springframework.security.web.access.ExceptionTranslationFilter@3141fe6a, org.springframework.security.web.access.intercept.FilterSecurityInterceptor@7e6dd3e9]
Feb 02, 2021 5:18:53 PM org.springframework.security.web.DefaultSecurityFilterChain <init>
INFO: Creating filter chain: any request, [org.springframework.security.web.context.request.async.WebAsyncManagerIntegrationFilter@6519d946, org.springframework.security.web.context.SecurityContextPersistenceFilter@7e154972, org.springframework.security.web.header.HeaderWriterFilter@494a722e, org.springframework.web.filter.CorsFilter@44e4f9e9, org.springframework.security.web.authentication.logout.LogoutFilter@30425606, org.springframework.security.web.savedrequest.RequestCacheAwareFilter@54d5ba87, org.springframework.security.web.servletapi.SecurityContextHolderAwareRequestFilter@70a58a25, org.springframework.security.web.session.SessionManagementFilter@3ad15dbd, org.springframework.security.web.access.ExceptionTranslationFilter@6e27b3cd]
Feb 02, 2021 5:18:53 PM org.springframework.web.context.ContextLoader initWebApplicationContext
INFO: Root WebApplicationContext initialized in 13015 ms
Feb 02, 2021 5:18:53 PM org.springframework.scheduling.concurrent.E**cutorConfigurationSupport shutdown
INFO: Shutting down E**cutorService 'entandoScheduler'
Feb 02, 2021 5:18:56 PM org.entando.entando.ent.util.EntLogging$EntLogger info
INFO: + [ Component: Core ] :: DATA
|   
Feb 02, 2021 5:18:56 PM org.entando.entando.ent.util.EntLogging$EntLogger info
INFO: + [ Component: jacms ] :: DATA
|   
Feb 02, 2021 5:18:56 PM org.entando.entando.ent.util.EntLogging$EntLogger info
INFO: + [ Component: entando-*****-console ] :: DATA
|   
Feb 02, 2021 5:18:56 PM org.entando.entando.ent.util.EntLogging$EntLogger info
INFO: + [ Component: entando-portal-ui ] :: DATA
|   
Feb 02, 2021 5:18:56 PM org.entando.entando.ent.util.EntLogging$EntLogger info
INFO: + [ Component: jpseo ] :: DATA
|   
Feb 02, 2021 5:18:56 PM org.entando.entando.ent.util.EntLogging$EntLogger info
INFO: + [ Component: Core ] :: DATA
|   
Feb 02, 2021 5:18:56 PM org.entando.entando.ent.util.EntLogging$EntLogger info
INFO: + [ Component: jacms ] :: DATA
|   
Feb 02, 2021 5:18:56 PM org.entando.entando.ent.util.EntLogging$EntLogger info
INFO: + [ Component: entando-*****-console ] :: DATA
|   
Feb 02, 2021 5:18:56 PM org.entando.entando.ent.util.EntLogging$EntLogger info
INFO: + [ Component: entando-portal-ui ] :: DATA
|   
Feb 02, 2021 5:18:56 PM org.entando.entando.ent.util.EntLogging$EntLogger info
INFO: + [ Component: jpseo ] :: DATA
|   
Feb 02, 2021 5:19:05 PM org.springframework.scheduling.concurrent.E**cutorConfigurationSupport initialize
INFO: Initializing E**cutorService 'entandoScheduler'
Feb 02, 2021 5:19:06 PM org.springframework.security.web.DefaultSecurityFilterChain <init>
INFO: Creating filter chain: OrRequestMatcher [requestMatchers=[Ant [pattern='/oauth/token'], Ant [pattern='/oauth/token_key'], Ant [pattern='/oauth/check_token']]], [org.springframework.security.web.context.request.async.WebAsyncManagerIntegrationFilter@408fb688, org.springframework.security.web.context.SecurityContextPersistenceFilter@799ea61a, org.springframework.security.web.header.HeaderWriterFilter@6974c48c, org.springframework.security.web.authentication.logout.LogoutFilter@70972d1f, org.springframework.web.filter.CorsFilter@40b93b45, org.springframework.security.web.authentication.www.BasicAuthenticationFilter@7f2f19ca, org.springframework.security.web.savedrequest.RequestCacheAwareFilter@4b8552cb, org.springframework.security.web.servletapi.SecurityContextHolderAwareRequestFilter@63416892, org.springframework.security.web.authentication.AnonymousAuthenticationFilter@50c52457, org.springframework.security.web.session.SessionManagementFilter@9e8ba52, org.springframework.security.web.access.ExceptionTranslationFilter@511dd55b, org.springframework.security.web.access.intercept.FilterSecurityInterceptor@6a3d0a21]
Feb 02, 2021 5:19:06 PM org.springframework.security.web.DefaultSecurityFilterChain <init>
INFO: Creating filter chain: any request, [org.springframework.security.web.context.request.async.WebAsyncManagerIntegrationFilter@5b931e7a, org.springframework.security.web.context.SecurityContextPersistenceFilter@23cad8d, org.springframework.security.web.header.HeaderWriterFilter@5e0a1e34, org.springframework.web.filter.CorsFilter@40b93b45, org.springframework.security.web.authentication.logout.LogoutFilter@171cad04, org.springframework.security.web.savedrequest.RequestCacheAwareFilter@4cac60cf, org.springframework.security.web.servletapi.SecurityContextHolderAwareRequestFilter@64e36740, org.springframework.security.web.session.SessionManagementFilter@3c3581e6, org.springframework.security.web.access.ExceptionTranslationFilter@1c7a1bbf]
[INFO ] 2021-02-02 17:19:08.260 [main] SpringObjectFactory - Setting autowire strategy to name
[INFO ] 2021-02-02 17:19:09.085 [main] SpringObjectFactory - Setting autowire strategy to name
Feb 02, 2021 5:19:09 PM org.entando.entando.ent.util.EntLogging$EntLogger warn
WARNING: Unrecognized location of resource '/workspace/source/target/classes/org/entando/entando/plugins/jpseo/aps*****/global-messages_en.properties'
Feb 02, 2021 5:19:09 PM org.entando.entando.ent.util.EntLogging$EntLogger warn
WARNING: Unrecognized location of resource '/workspace/source/target/classes/org/entando/entando/plugins/jpseo/aps*****/global-messages_it.properties'
Feb 02, 2021 5:19:09 PM org.entando.entando.ent.util.EntLogging$EntLogger warn
WARNING: Unrecognized location of resource 'file:/home/jenkins/.mvnrepository/org/entando/entando/plugins/entando-plugin-jacms/6.3.11/entando-plugin-jacms-6.3.11-classes.jar!/org/entando/entando/plugins/jacms/aps*****/global-messages_en.properties'
Feb 02, 2021 5:19:09 PM org.entando.entando.ent.util.EntLogging$EntLogger warn
WARNING: Unrecognized location of resource 'file:/home/jenkins/.mvnrepository/org/entando/entando/plugins/entando-plugin-jacms/6.3.11/entando-plugin-jacms-6.3.11-classes.jar!/org/entando/entando/plugins/jacms/aps*****/global-messages_it.properties'
Feb 02, 2021 5:19:09 PM org.entando.entando.ent.util.EntLogging$EntLogger warn
WARNING: Unrecognized location of resource 'file:/home/jenkins/.mvnrepository/org/entando/entando/plugins/entando-plugin-jacms/6.3.11/entando-plugin-jacms-6.3.11-classes.jar!/com/agiletec/plugins/jacms/aps*****/global-messages_en.properties'
Feb 02, 2021 5:19:09 PM org.entando.entando.ent.util.EntLogging$EntLogger warn
WARNING: Unrecognized location of resource 'file:/home/jenkins/.mvnrepository/org/entando/entando/plugins/entando-plugin-jacms/6.3.11/entando-plugin-jacms-6.3.11-classes.jar!/com/agiletec/plugins/jacms/aps*****/global-messages_it.properties'
Feb 02, 2021 5:19:12 PM org.entando.entando.ent.util.EntLogging$EntLogger info
INFO: Saving content ART202 - Description: 'Il titolo' - User: *****
[INFO] Tests run: 1, Failures: 0, Errors: 0, Skipped: 0, Time elapsed: 32.308 s - in org.entando.entando.plugins.jpseo.aps*****.content.ContentActionIntegrationTest
[INFO] Running org.entando.entando.plugins.jpseo.aps*****.portal.PageSettingsActionAspectTest
Feb 02, 2021 5:19:14 PM org.entando.entando.ent.util.EntLogging$EntLogger error
SEVERE: error updating page settings for seo
org.entando.entando.ent.exception.EntException

[INFO] Tests run: 8, Failures: 0, Errors: 0, Skipped: 0, Time elapsed: 1.589 s - in org.entando.entando.plugins.jpseo.aps*****.portal.PageSettingsActionAspectTest
[INFO] Running org.entando.entando.plugins.jpseo.aps*****.portal.PageActionIntegrationTest
[INFO ] 2021-02-02 17:19:14.769 [main] SpringObjectFactory - Setting autowire strategy to name
[INFO] Tests run: 8, Failures: 0, Errors: 0, Skipped: 0, Time elapsed: 5.594 s - in org.entando.entando.plugins.jpseo.aps*****.portal.PageActionIntegrationTest
[INFO] Running org.entando.entando.plugins.jpseo.aps*****.portal.PageSettingsActionIntegrationTest
[INFO ] 2021-02-02 17:19:20.273 [main] SpringObjectFactory - Setting autowire strategy to name
Feb 02, 2021 5:19:21 PM org.springframework.mock.jndi.SimpleNamingContextBuilder bind
INFO: Static JNDI binding: [java:comp/env/logName] = [/workspace/source/target/test/entando-plugin-jpseo]
Feb 02, 2021 5:19:21 PM org.springframework.mock.jndi.SimpleNamingContextBuilder bind
INFO: Static JNDI binding: [java:comp/env/logFileRotatePattern] = [/workspace/source/target/test/entando-plugin-jpseo_logs/entando-plugin-jpseo-%i.log.gz]
Feb 02, 2021 5:19:21 PM org.springframework.mock.jndi.SimpleNamingContextBuilder bind
INFO: Static JNDI binding: [java:comp/env/logLevel] = [ERROR]
Feb 02, 2021 5:19:21 PM org.springframework.mock.jndi.SimpleNamingContextBuilder bind
INFO: Static JNDI binding: [java:comp/env/logFileSize] = [1048576]
Feb 02, 2021 5:19:21 PM org.springframework.mock.jndi.SimpleNamingContextBuilder bind
INFO: Static JNDI binding: [java:comp/env/logFilesCount] = [10]
Feb 02, 2021 5:19:21 PM org.springframework.mock.jndi.SimpleNamingContextBuilder bind
INFO: Static JNDI binding: [java:comp/env/configVersion] = [test]
Feb 02, 2021 5:19:21 PM org.springframework.mock.jndi.SimpleNamingContextBuilder bind
INFO: Static JNDI binding: [java:comp/env/applicationBaseURL] = [/Entando/]
Feb 02, 2021 5:19:21 PM org.springframework.mock.jndi.SimpleNamingContextBuilder bind
INFO: Static JNDI binding: [java:comp/env/resourceRootURL] = [/Entando/resources/]
Feb 02, 2021 5:19:21 PM org.springframework.mock.jndi.SimpleNamingContextBuilder bind
INFO: Static JNDI binding: [java:comp/env/protectedResourceRootURL] = [/Entando/protected/]
Feb 02, 2021 5:19:21 PM org.springframework.mock.jndi.SimpleNamingContextBuilder bind
INFO: Static JNDI binding: [java:comp/env/resourceDiskRootFolder] = [target/test/resources/]
Feb 02, 2021 5:19:21 PM org.springframework.mock.jndi.SimpleNamingContextBuilder bind
INFO: Static JNDI binding: [java:comp/env/protectedResourceDiskRootFolder] = [target/test/protected/]
Feb 02, 2021 5:19:21 PM org.springframework.mock.jndi.SimpleNamingContextBuilder bind
INFO: Static JNDI binding: [java:comp/env/indexDiskRootFolder] = [target/test/indexdir]
Feb 02, 2021 5:19:21 PM org.springframework.mock.jndi.SimpleNamingContextBuilder bind
INFO: Static JNDI binding: [java:comp/env/portDataSourceClassName] = [org.apache.derby.jdbc.EmbeddedDriver]
Feb 02, 2021 5:19:21 PM org.springframework.mock.jndi.SimpleNamingContextBuilder bind
INFO: Static JNDI binding: [java:comp/env/logActiveFileOutput] = [false]
Feb 02, 2021 5:19:21 PM org.springframework.mock.jndi.SimpleNamingContextBuilder bind
INFO: Static JNDI binding: [java:comp/env/jdbc.servDb.url] = [jdbc:derby:/workspace/source/target/test/db/entando-plugin-jpseotestServ;create=****]
Feb 02, 2021 5:19:21 PM org.springframework.mock.jndi.SimpleNamingContextBuilder bind
INFO: Static JNDI binding: [java:comp/env/servDataSourceClassName] = [org.apache.derby.jdbc.EmbeddedDriver]
[INFO] Tests run: 5, Failures: 0, Errors: 0, Skipped: 0, Time elapsed: 1.346 s - in org.entando.entando.plugins.jpseo.aps*****.portal.PageSettingsActionIntegrationTest
[INFO] Running org.entando.entando.plugins.jpseo.aps.******.services.metatag.MetatagCatalogueIntegrationTest
Feb 02, 2021 5:19:21 PM org.springframework.mock.jndi.SimpleNamingContextBuilder bind
INFO: Static JNDI binding: [java:comp/env/logFilesCount] = [10]
Feb 02, 2021 5:19:21 PM org.springframework.mock.jndi.SimpleNamingContextBuilder bind
INFO: Static JNDI binding: [java:comp/env/applicationBaseURL] = [/Entando/]
Feb 02, 2021 5:19:21 PM org.springframework.mock.jndi.SimpleNamingContextBuilder bind
INFO: Static JNDI binding: [java:comp/env/jdbc.portDb.password] = [agile]
Feb 02, 2021 5:19:21 PM org.springframework.mock.jndi.SimpleNamingContextBuilder bind
INFO: Static JNDI binding: [java:comp/env/logLevel] = [ERROR]
Feb 02, 2021 5:19:21 PM org.springframework.mock.jndi.SimpleNamingContextBuilder bind
INFO: Static JNDI binding: [java:comp/env/indexDiskRootFolder] = [target/test/indexdir]
Feb 02, 2021 5:19:21 PM org.springframework.mock.jndi.SimpleNamingContextBuilder bind
INFO: Static JNDI binding: [java:comp/env/logFileSize] = [1048576]
Feb 02, 2021 5:19:21 PM org.springframework.mock.jndi.SimpleNamingContextBuilder bind
INFO: Static JNDI binding: [java:comp/env/resourceDiskRootFolder] = [target/test/resources/]
Feb 02, 2021 5:19:21 PM org.springframework.mock.jndi.SimpleNamingContextBuilder bind
INFO: Static JNDI binding: [java:comp/env/protectedResourceRootURL] = [/Entando/protected/]
Feb 02, 2021 5:19:21 PM org.springframework.mock.jndi.SimpleNamingContextBuilder bind
INFO: Static JNDI binding: [java:comp/env/resourceRootURL] = [/Entando/resources/]
Feb 02, 2021 5:19:21 PM org.springframework.mock.jndi.SimpleNamingContextBuilder bind
INFO: Static JNDI binding: [java:comp/env/configVersion] = [test]
Feb 02, 2021 5:19:21 PM org.springframework.mock.jndi.SimpleNamingContextBuilder bind
INFO: Static JNDI binding: [java:comp/env/jdbc.servDb.beanName] = [servDataSource]
Feb 02, 2021 5:19:21 PM org.springframework.mock.jndi.SimpleNamingContextBuilder bind
INFO: Static JNDI binding: [java:comp/env/jdbc.portDb.url] = [jdbc:derby:/workspace/source/target/test/db/entando-plugin-jpseotestPort;create=****]
Feb 02, 2021 5:19:21 PM org.springframework.mock.jndi.SimpleNamingContextBuilder bind
INFO: Static JNDI binding: [java:comp/env/jdbc.servDb.driverClassName] = [org.apache.derby.jdbc.EmbeddedDriver]
Feb 02, 2021 5:19:21 PM org.springframework.mock.jndi.SimpleNamingContextBuilder bind
INFO: Static JNDI binding: [java:comp/env/protectedResourceDiskRootFolder] = [target/test/protected/]
Feb 02, 2021 5:19:21 PM org.springframework.mock.jndi.SimpleNamingContextBuilder bind
INFO: Static JNDI binding: [java:comp/env/jdbc.portDb.beanName] = [portDataSource]
Feb 02, 2021 5:19:21 PM org.springframework.mock.jndi.SimpleNamingContextBuilder bind
INFO: Static JNDI binding: [java:comp/env/jdbc.servDb.password] = [agile]
Feb 02, 2021 5:19:21 PM org.springframework.mock.jndi.SimpleNamingContextBuilder bind
INFO: Static JNDI binding: [java:comp/env/jdbc.portDb.driverClassName] = [org.apache.derby.jdbc.EmbeddedDriver]
Feb 02, 2021 5:19:21 PM org.springframework.mock.jndi.SimpleNamingContextBuilder bind
INFO: Static JNDI binding: [java:comp/env/jdbc.portDb.username] = [agile]
Feb 02, 2021 5:19:21 PM org.springframework.mock.jndi.SimpleNamingContextBuilder bind
INFO: Static JNDI binding: [java:comp/env/jdbc.servDb.username] = [agile]
Feb 02, 2021 5:19:21 PM org.springframework.mock.jndi.SimpleNamingContextBuilder bind
INFO: Static JNDI binding: [java:comp/env/logName] = [/workspace/source/target/test/entando-plugin-jpseo]
Feb 02, 2021 5:19:21 PM org.springframework.mock.jndi.SimpleNamingContextBuilder bind
INFO: Static JNDI binding: [java:comp/env/logFileRotatePattern] = [/workspace/source/target/test/entando-plugin-jpseo_logs/entando-plugin-jpseo-%i.log.gz]
Feb 02, 2021 5:19:21 PM org.springframework.mock.jndi.SimpleNamingContextBuilder bind
INFO: Static JNDI binding: [java:comp/env/jdbc/servDataSource] = [org.apache.commons.dbcp2.BasicDataSource@41005237]
Feb 02, 2021 5:19:21 PM org.springframework.mock.jndi.SimpleNamingContextBuilder bind
INFO: Static JNDI binding: [java:comp/env/jdbc/portDataSource] = [org.apache.commons.dbcp2.BasicDataSource@586c6c65]
Feb 02, 2021 5:19:21 PM org.springframework.mock.web.MockServletContext log
INFO: Initializing Spring **** WebApplicationContext
Feb 02, 2021 5:19:21 PM org.springframework.web.context.ContextLoader initWebApplicationContext
INFO: Root WebApplicationContext: initialization started
Feb 02, 2021 5:19:24 PM org.entando.entando.ent.util.EntLogging$EntLogger info
INFO: + [ Component: Core ] :: DATA
|   
Feb 02, 2021 5:19:24 PM org.entando.entando.ent.util.EntLogging$EntLogger info
INFO: + [ Component: jacms ] :: DATA
|   
Feb 02, 2021 5:19:24 PM org.entando.entando.ent.util.EntLogging$EntLogger info
INFO: + [ Component: entando-*****-console ] :: DATA
|   
Feb 02, 2021 5:19:24 PM org.entando.entando.ent.util.EntLogging$EntLogger info
INFO: + [ Component: entando-portal-ui ] :: DATA
|   
Feb 02, 2021 5:19:24 PM org.entando.entando.ent.util.EntLogging$EntLogger info
INFO: + [ Component: jpseo ] :: DATA
|   
Feb 02, 2021 5:19:24 PM org.entando.entando.ent.util.EntLogging$EntLogger info
INFO: + [ Component: Core ] :: DATA
|   
Feb 02, 2021 5:19:24 PM org.entando.entando.ent.util.EntLogging$EntLogger info
INFO: + [ Component: jacms ] :: DATA
|   
Feb 02, 2021 5:19:24 PM org.entando.entando.ent.util.EntLogging$EntLogger info
INFO: + [ Component: entando-*****-console ] :: DATA
|   
Feb 02, 2021 5:19:24 PM org.entando.entando.ent.util.EntLogging$EntLogger info
INFO: + [ Component: entando-portal-ui ] :: DATA
|   
Feb 02, 2021 5:19:24 PM org.entando.entando.ent.util.EntLogging$EntLogger info
INFO: + [ Component: jpseo ] :: DATA
|   
Feb 02, 2021 5:19:32 PM org.springframework.scheduling.concurrent.E**cutorConfigurationSupport initialize
INFO: Initializing E**cutorService 'entandoScheduler'
Feb 02, 2021 5:19:33 PM org.springframework.security.web.DefaultSecurityFilterChain <init>
INFO: Creating filter chain: OrRequestMatcher [requestMatchers=[Ant [pattern='/oauth/token'], Ant [pattern='/oauth/token_key'], Ant [pattern='/oauth/check_token']]], [org.springframework.security.web.context.request.async.WebAsyncManagerIntegrationFilter@4931ec99, org.springframework.security.web.context.SecurityContextPersistenceFilter@1124c6cc, org.springframework.security.web.header.HeaderWriterFilter@73d399e4, org.springframework.security.web.authentication.logout.LogoutFilter@689804e2, org.springframework.web.filter.CorsFilter@5f8d7011, org.springframework.security.web.authentication.www.BasicAuthenticationFilter@658ac383, org.springframework.security.web.savedrequest.RequestCacheAwareFilter@72a6d1ec, org.springframework.security.web.servletapi.SecurityContextHolderAwareRequestFilter@424522a, org.springframework.security.web.authentication.AnonymousAuthenticationFilter@5dbf0b58, org.springframework.security.web.session.SessionManagementFilter@187bb79a, org.springframework.security.web.access.ExceptionTranslationFilter@4db2d088, org.springframework.security.web.access.intercept.FilterSecurityInterceptor@135a0615]
Feb 02, 2021 5:19:33 PM org.springframework.security.web.DefaultSecurityFilterChain <init>
INFO: Creating filter chain: any request, [org.springframework.security.web.context.request.async.WebAsyncManagerIntegrationFilter@3b605fdf, org.springframework.security.web.context.SecurityContextPersistenceFilter@12520910, org.springframework.security.web.header.HeaderWriterFilter@460ad5be, org.springframework.web.filter.CorsFilter@5f8d7011, org.springframework.security.web.authentication.logout.LogoutFilter@7f31cf26, org.springframework.security.web.savedrequest.RequestCacheAwareFilter@780eeb7a, org.springframework.security.web.servletapi.SecurityContextHolderAwareRequestFilter@6d460007, org.springframework.security.web.session.SessionManagementFilter@6eed9bd4, org.springframework.security.web.access.ExceptionTranslationFilter@2638e599]
Feb 02, 2021 5:19:34 PM org.springframework.web.context.ContextLoader initWebApplicationContext
INFO: Root WebApplicationContext initialized in 12720 ms
Feb 02, 2021 5:19:34 PM org.springframework.scheduling.concurrent.E**cutorConfigurationSupport shutdown
INFO: Shutting down E**cutorService 'entandoScheduler'
Feb 02, 2021 5:19:36 PM org.entando.entando.ent.util.EntLogging$EntLogger info
INFO: + [ Component: Core ] :: DATA
|   
Feb 02, 2021 5:19:36 PM org.entando.entando.ent.util.EntLogging$EntLogger info
INFO: + [ Component: jacms ] :: DATA
|   
Feb 02, 2021 5:19:36 PM org.entando.entando.ent.util.EntLogging$EntLogger info
INFO: + [ Component: entando-*****-console ] :: DATA
|   
Feb 02, 2021 5:19:36 PM org.entando.entando.ent.util.EntLogging$EntLogger info
INFO: + [ Component: entando-portal-ui ] :: DATA
|   
Feb 02, 2021 5:19:36 PM org.entando.entando.ent.util.EntLogging$EntLogger info
INFO: + [ Component: jpseo ] :: DATA
|   
Feb 02, 2021 5:19:36 PM org.entando.entando.ent.util.EntLogging$EntLogger info
INFO: + [ Component: Core ] :: DATA
|   
Feb 02, 2021 5:19:36 PM org.entando.entando.ent.util.EntLogging$EntLogger info
INFO: + [ Component: jacms ] :: DATA
|   
Feb 02, 2021 5:19:36 PM org.entando.entando.ent.util.EntLogging$EntLogger info
INFO: + [ Component: entando-*****-console ] :: DATA
|   
Feb 02, 2021 5:19:36 PM org.entando.entando.ent.util.EntLogging$EntLogger info
INFO: + [ Component: entando-portal-ui ] :: DATA
|   
Feb 02, 2021 5:19:36 PM org.entando.entando.ent.util.EntLogging$EntLogger info
INFO: + [ Component: jpseo ] :: DATA
|   
Feb 02, 2021 5:19:44 PM org.springframework.scheduling.concurrent.E**cutorConfigurationSupport initialize
INFO: Initializing E**cutorService 'entandoScheduler'
Feb 02, 2021 5:19:46 PM org.springframework.security.web.DefaultSecurityFilterChain <init>
INFO: Creating filter chain: OrRequestMatcher [requestMatchers=[Ant [pattern='/oauth/token'], Ant [pattern='/oauth/token_key'], Ant [pattern='/oauth/check_token']]], [org.springframework.security.web.context.request.async.WebAsyncManagerIntegrationFilter@2d0fec67, org.springframework.security.web.context.SecurityContextPersistenceFilter@2b2710bb, org.springframework.security.web.header.HeaderWriterFilter@372287a2, org.springframework.security.web.authentication.logout.LogoutFilter@30383c68, org.springframework.web.filter.CorsFilter@6f73dcee, org.springframework.security.web.authentication.www.BasicAuthenticationFilter@6a6a7a00, org.springframework.security.web.savedrequest.RequestCacheAwareFilter@4f95266a, org.springframework.security.web.servletapi.SecurityContextHolderAwareRequestFilter@67afd6cf, org.springframework.security.web.authentication.AnonymousAuthenticationFilter@2f881c33, org.springframework.security.web.session.SessionManagementFilter@3b4afce4, org.springframework.security.web.access.ExceptionTranslationFilter@5d5e172b, org.springframework.security.web.access.intercept.FilterSecurityInterceptor@72425dbb]
Feb 02, 2021 5:19:46 PM org.springframework.security.web.DefaultSecurityFilterChain <init>
INFO: Creating filter chain: any request, [org.springframework.security.web.context.request.async.WebAsyncManagerIntegrationFilter@4057a06a, org.springframework.security.web.context.SecurityContextPersistenceFilter@29e9ab8f, org.springframework.security.web.header.HeaderWriterFilter@74b68428, org.springframework.web.filter.CorsFilter@6f73dcee, org.springframework.security.web.authentication.logout.LogoutFilter@12ae0dc0, org.springframework.security.web.savedrequest.RequestCacheAwareFilter@5ea930fe, org.springframework.security.web.servletapi.SecurityContextHolderAwareRequestFilter@3b59d080, org.springframework.security.web.session.SessionManagementFilter@23421069, org.springframework.security.web.access.ExceptionTranslationFilter@bfd49d5]
Feb 02, 2021 5:19:46 PM org.springframework.scheduling.concurrent.E**cutorConfigurationSupport shutdown
INFO: Shutting down E**cutorService 'entandoScheduler'
[INFO] Tests run: 1, Failures: 0, Errors: 0, Skipped: 0, Time elapsed: 25.107 s - in org.entando.entando.plugins.jpseo.aps.******.services.metatag.MetatagCatalogueIntegrationTest
[INFO] Running org.entando.entando.plugins.jpseo.aps.******.services.mapping.SeoMappingManagerIntegrationTest
Feb 02, 2021 5:19:46 PM org.springframework.mock.jndi.SimpleNamingContextBuilder bind
INFO: Static JNDI binding: [java:comp/env/logName] = [/workspace/source/target/test/entando-plugin-jpseo]
Feb 02, 2021 5:19:46 PM org.springframework.mock.jndi.SimpleNamingContextBuilder bind
INFO: Static JNDI binding: [java:comp/env/logFileRotatePattern] = [/workspace/source/target/test/entando-plugin-jpseo_logs/entando-plugin-jpseo-%i.log.gz]
Feb 02, 2021 5:19:46 PM org.springframework.mock.jndi.SimpleNamingContextBuilder bind
INFO: Static JNDI binding: [java:comp/env/logLevel] = [ERROR]
Feb 02, 2021 5:19:46 PM org.springframework.mock.jndi.SimpleNamingContextBuilder bind
INFO: Static JNDI binding: [java:comp/env/logFileSize] = [1048576]
Feb 02, 2021 5:19:46 PM org.springframework.mock.jndi.SimpleNamingContextBuilder bind
INFO: Static JNDI binding: [java:comp/env/logFilesCount] = [10]
Feb 02, 2021 5:19:46 PM org.springframework.mock.jndi.SimpleNamingContextBuilder bind
INFO: Static JNDI binding: [java:comp/env/configVersion] = [test]
Feb 02, 2021 5:19:46 PM org.springframework.mock.jndi.SimpleNamingContextBuilder bind
INFO: Static JNDI binding: [java:comp/env/applicationBaseURL] = [/Entando/]
Feb 02, 2021 5:19:46 PM org.springframework.mock.jndi.SimpleNamingContextBuilder bind
INFO: Static JNDI binding: [java:comp/env/resourceRootURL] = [/Entando/resources/]
Feb 02, 2021 5:19:46 PM org.springframework.mock.jndi.SimpleNamingContextBuilder bind
INFO: Static JNDI binding: [java:comp/env/protectedResourceRootURL] = [/Entando/protected/]
Feb 02, 2021 5:19:46 PM org.springframework.mock.jndi.SimpleNamingContextBuilder bind
INFO: Static JNDI binding: [java:comp/env/resourceDiskRootFolder] = [target/test/resources/]
Feb 02, 2021 5:19:46 PM org.springframework.mock.jndi.SimpleNamingContextBuilder bind
INFO: Static JNDI binding: [java:comp/env/protectedResourceDiskRootFolder] = [target/test/protected/]
Feb 02, 2021 5:19:46 PM org.springframework.mock.jndi.SimpleNamingContextBuilder bind
INFO: Static JNDI binding: [java:comp/env/indexDiskRootFolder] = [target/test/indexdir]
Feb 02, 2021 5:19:46 PM org.springframework.mock.jndi.SimpleNamingContextBuilder bind
INFO: Static JNDI binding: [java:comp/env/portDataSourceClassName] = [org.apache.derby.jdbc.EmbeddedDriver]
Feb 02, 2021 5:19:46 PM org.springframework.mock.jndi.SimpleNamingContextBuilder bind
INFO: Static JNDI binding: [java:comp/env/logActiveFileOutput] = [false]
Feb 02, 2021 5:19:46 PM org.springframework.mock.jndi.SimpleNamingContextBuilder bind
INFO: Static JNDI binding: [java:comp/env/jdbc.servDb.url] = [jdbc:derby:/workspace/source/target/test/db/entando-plugin-jpseotestServ;create=****]
Feb 02, 2021 5:19:46 PM org.springframework.mock.jndi.SimpleNamingContextBuilder bind
INFO: Static JNDI binding: [java:comp/env/servDataSourceClassName] = [org.apache.derby.jdbc.EmbeddedDriver]
Feb 02, 2021 5:19:46 PM org.springframework.mock.jndi.SimpleNamingContextBuilder bind
INFO: Static JNDI binding: [java:comp/env/logFilesCount] = [10]
Feb 02, 2021 5:19:46 PM org.springframework.mock.jndi.SimpleNamingContextBuilder bind
INFO: Static JNDI binding: [java:comp/env/applicationBaseURL] = [/Entando/]
Feb 02, 2021 5:19:46 PM org.springframework.mock.jndi.SimpleNamingContextBuilder bind
INFO: Static JNDI binding: [java:comp/env/jdbc.portDb.password] = [agile]
Feb 02, 2021 5:19:46 PM org.springframework.mock.jndi.SimpleNamingContextBuilder bind
INFO: Static JNDI binding: [java:comp/env/logLevel] = [ERROR]
Feb 02, 2021 5:19:46 PM org.springframework.mock.jndi.SimpleNamingContextBuilder bind
INFO: Static JNDI binding: [java:comp/env/indexDiskRootFolder] = [target/test/indexdir]
Feb 02, 2021 5:19:46 PM org.springframework.mock.jndi.SimpleNamingContextBuilder bind
INFO: Static JNDI binding: [java:comp/env/logFileSize] = [1048576]
Feb 02, 2021 5:19:46 PM org.springframework.mock.jndi.SimpleNamingContextBuilder bind
INFO: Static JNDI binding: [java:comp/env/resourceDiskRootFolder] = [target/test/resources/]
Feb 02, 2021 5:19:46 PM org.springframework.mock.jndi.SimpleNamingContextBuilder bind
INFO: Static JNDI binding: [java:comp/env/protectedResourceRootURL] = [/Entando/protected/]
Feb 02, 2021 5:19:46 PM org.springframework.mock.jndi.SimpleNamingContextBuilder bind
INFO: Static JNDI binding: [java:comp/env/resourceRootURL] = [/Entando/resources/]
Feb 02, 2021 5:19:46 PM org.springframework.mock.jndi.SimpleNamingContextBuilder bind
INFO: Static JNDI binding: [java:comp/env/configVersion] = [test]
Feb 02, 2021 5:19:46 PM org.springframework.mock.jndi.SimpleNamingContextBuilder bind
INFO: Static JNDI binding: [java:comp/env/jdbc.servDb.beanName] = [servDataSource]
Feb 02, 2021 5:19:46 PM org.springframework.mock.jndi.SimpleNamingContextBuilder bind
INFO: Static JNDI binding: [java:comp/env/jdbc.portDb.url] = [jdbc:derby:/workspace/source/target/test/db/entando-plugin-jpseotestPort;create=****]
Feb 02, 2021 5:19:46 PM org.springframework.mock.jndi.SimpleNamingContextBuilder bind
INFO: Static JNDI binding: [java:comp/env/jdbc.servDb.driverClassName] = [org.apache.derby.jdbc.EmbeddedDriver]
Feb 02, 2021 5:19:46 PM org.springframework.mock.jndi.SimpleNamingContextBuilder bind
INFO: Static JNDI binding: [java:comp/env/protectedResourceDiskRootFolder] = [target/test/protected/]
Feb 02, 2021 5:19:46 PM org.springframework.mock.jndi.SimpleNamingContextBuilder bind
INFO: Static JNDI binding: [java:comp/env/jdbc.portDb.beanName] = [portDataSource]
Feb 02, 2021 5:19:46 PM org.springframework.mock.jndi.SimpleNamingContextBuilder bind
INFO: Static JNDI binding: [java:comp/env/jdbc.servDb.password] = [agile]
Feb 02, 2021 5:19:46 PM org.springframework.mock.jndi.SimpleNamingContextBuilder bind
INFO: Static JNDI binding: [java:comp/env/jdbc.portDb.driverClassName] = [org.apache.derby.jdbc.EmbeddedDriver]
Feb 02, 2021 5:19:46 PM org.springframework.mock.jndi.SimpleNamingContextBuilder bind
INFO: Static JNDI binding: [java:comp/env/jdbc.portDb.username] = [agile]
Feb 02, 2021 5:19:46 PM org.springframework.mock.jndi.SimpleNamingContextBuilder bind
INFO: Static JNDI binding: [java:comp/env/jdbc.servDb.username] = [agile]
Feb 02, 2021 5:19:46 PM org.springframework.mock.jndi.SimpleNamingContextBuilder bind
INFO: Static JNDI binding: [java:comp/env/logName] = [/workspace/source/target/test/entando-plugin-jpseo]
Feb 02, 2021 5:19:46 PM org.springframework.mock.jndi.SimpleNamingContextBuilder bind
INFO: Static JNDI binding: [java:comp/env/logFileRotatePattern] = [/workspace/source/target/test/entando-plugin-jpseo_logs/entando-plugin-jpseo-%i.log.gz]
Feb 02, 2021 5:19:46 PM org.springframework.mock.jndi.SimpleNamingContextBuilder bind
INFO: Static JNDI binding: [java:comp/env/jdbc/servDataSource] = [org.apache.commons.dbcp2.BasicDataSource@549dd610]
Feb 02, 2021 5:19:46 PM org.springframework.mock.jndi.SimpleNamingContextBuilder bind
INFO: Static JNDI binding: [java:comp/env/jdbc/portDataSource] = [org.apache.commons.dbcp2.BasicDataSource@74a8abe3]
Feb 02, 2021 5:19:46 PM org.springframework.mock.web.MockServletContext log
INFO: Initializing Spring **** WebApplicationContext
Feb 02, 2021 5:19:46 PM org.springframework.web.context.ContextLoader initWebApplicationContext
INFO: Root WebApplicationContext: initialization started
Feb 02, 2021 5:19:49 PM org.entando.entando.ent.util.EntLogging$EntLogger info
INFO: + [ Component: Core ] :: DATA
|   
Feb 02, 2021 5:19:49 PM org.entando.entando.ent.util.EntLogging$EntLogger info
INFO: + [ Component: jacms ] :: DATA
|   
Feb 02, 2021 5:19:49 PM org.entando.entando.ent.util.EntLogging$EntLogger info
INFO: + [ Component: entando-*****-console ] :: DATA
|   
Feb 02, 2021 5:19:49 PM org.entando.entando.ent.util.EntLogging$EntLogger info
INFO: + [ Component: entando-portal-ui ] :: DATA
|   
Feb 02, 2021 5:19:49 PM org.entando.entando.ent.util.EntLogging$EntLogger info
INFO: + [ Component: jpseo ] :: DATA
|   
Feb 02, 2021 5:19:49 PM org.entando.entando.ent.util.EntLogging$EntLogger info
INFO: + [ Component: Core ] :: DATA
|   
Feb 02, 2021 5:19:49 PM org.entando.entando.ent.util.EntLogging$EntLogger info
INFO: + [ Component: jacms ] :: DATA
|   
Feb 02, 2021 5:19:49 PM org.entando.entando.ent.util.EntLogging$EntLogger info
INFO: + [ Component: entando-*****-console ] :: DATA
|   
Feb 02, 2021 5:19:49 PM org.entando.entando.ent.util.EntLogging$EntLogger info
INFO: + [ Component: entando-portal-ui ] :: DATA
|   
Feb 02, 2021 5:19:49 PM org.entando.entando.ent.util.EntLogging$EntLogger info
INFO: + [ Component: jpseo ] :: DATA
|   
Feb 02, 2021 5:19:56 PM org.springframework.scheduling.concurrent.E**cutorConfigurationSupport initialize
INFO: Initializing E**cutorService 'entandoScheduler'
Feb 02, 2021 5:19:58 PM org.springframework.security.web.DefaultSecurityFilterChain <init>
INFO: Creating filter chain: OrRequestMatcher [requestMatchers=[Ant [pattern='/oauth/token'], Ant [pattern='/oauth/token_key'], Ant [pattern='/oauth/check_token']]], [org.springframework.security.web.context.request.async.WebAsyncManagerIntegrationFilter@1b8f7489, org.springframework.security.web.context.SecurityContextPersistenceFilter@5ab4dfd2, org.springframework.security.web.header.HeaderWriterFilter@8d975f2, org.springframework.security.web.authentication.logout.LogoutFilter@5eb2ac14, org.springframework.web.filter.CorsFilter@7df7b7ab, org.springframework.security.web.authentication.www.BasicAuthenticationFilter@53b88225, org.springframework.security.web.savedrequest.RequestCacheAwareFilter@7b2b9a4, org.springframework.security.web.servletapi.SecurityContextHolderAwareRequestFilter@13181c31, org.springframework.security.web.authentication.AnonymousAuthenticationFilter@7d5cfb04, org.springframework.security.web.session.SessionManagementFilter@41670c83, org.springframework.security.web.access.ExceptionTranslationFilter@7d8e9ea6, org.springframework.security.web.access.intercept.FilterSecurityInterceptor@353c01d5]
Feb 02, 2021 5:19:58 PM org.springframework.security.web.DefaultSecurityFilterChain <init>
INFO: Creating filter chain: any request, [org.springframework.security.web.context.request.async.WebAsyncManagerIntegrationFilter@275defb5, org.springframework.security.web.context.SecurityContextPersistenceFilter@1160e399, org.springframework.security.web.header.HeaderWriterFilter@2e4a379a, org.springframework.web.filter.CorsFilter@7df7b7ab, org.springframework.security.web.authentication.logout.LogoutFilter@36fd0afb, org.springframework.security.web.savedrequest.RequestCacheAwareFilter@42802cdb, org.springframework.security.web.servletapi.SecurityContextHolderAwareRequestFilter@48d554b8, org.springframework.security.web.session.SessionManagementFilter@5b502a8d, org.springframework.security.web.access.ExceptionTranslationFilter@57310484]
Feb 02, 2021 5:19:58 PM org.springframework.web.context.ContextLoader initWebApplicationContext
INFO: Root WebApplicationContext initialized in 11872 ms
Feb 02, 2021 5:19:58 PM org.springframework.scheduling.concurrent.E**cutorConfigurationSupport shutdown
INFO: Shutting down E**cutorService 'entandoScheduler'
Feb 02, 2021 5:20:00 PM org.entando.entando.ent.util.EntLogging$EntLogger info
INFO: + [ Component: Core ] :: DATA
|   
Feb 02, 2021 5:20:00 PM org.entando.entando.ent.util.EntLogging$EntLogger info
INFO: + [ Component: jacms ] :: DATA
|   
Feb 02, 2021 5:20:00 PM org.entando.entando.ent.util.EntLogging$EntLogger info
INFO: + [ Component: entando-*****-console ] :: DATA
|   
Feb 02, 2021 5:20:00 PM org.entando.entando.ent.util.EntLogging$EntLogger info
INFO: + [ Component: entando-portal-ui ] :: DATA
|   
Feb 02, 2021 5:20:00 PM org.entando.entando.ent.util.EntLogging$EntLogger info
INFO: + [ Component: jpseo ] :: DATA
|   
Feb 02, 2021 5:20:00 PM org.entando.entando.ent.util.EntLogging$EntLogger info
INFO: + [ Component: Core ] :: DATA
|   
Feb 02, 2021 5:20:00 PM org.entando.entando.ent.util.EntLogging$EntLogger info
INFO: + [ Component: jacms ] :: DATA
|   
Feb 02, 2021 5:20:00 PM org.entando.entando.ent.util.EntLogging$EntLogger info
INFO: + [ Component: entando-*****-console ] :: DATA
|   
Feb 02, 2021 5:20:00 PM org.entando.entando.ent.util.EntLogging$EntLogger info
INFO: + [ Component: entando-portal-ui ] :: DATA
|   
Feb 02, 2021 5:20:00 PM org.entando.entando.ent.util.EntLogging$EntLogger info
INFO: + [ Component: jpseo ] :: DATA
|   
Feb 02, 2021 5:20:09 PM org.springframework.scheduling.concurrent.E**cutorConfigurationSupport initialize
INFO: Initializing E**cutorService 'entandoScheduler'
Feb 02, 2021 5:20:10 PM org.springframework.security.web.DefaultSecurityFilterChain <init>
INFO: Creating filter chain: OrRequestMatcher [requestMatchers=[Ant [pattern='/oauth/token'], Ant [pattern='/oauth/token_key'], Ant [pattern='/oauth/check_token']]], [org.springframework.security.web.context.request.async.WebAsyncManagerIntegrationFilter@61f94773, org.springframework.security.web.context.SecurityContextPersistenceFilter@30c558fc, org.springframework.security.web.header.HeaderWriterFilter@68ea54b3, org.springframework.security.web.authentication.logout.LogoutFilter@fe9af04, org.springframework.web.filter.CorsFilter@64f74c25, org.springframework.security.web.authentication.www.BasicAuthenticationFilter@2542e550, org.springframework.security.web.savedrequest.RequestCacheAwareFilter@4250f344, org.springframework.security.web.servletapi.SecurityContextHolderAwareRequestFilter@3ac19a6f, org.springframework.security.web.authentication.AnonymousAuthenticationFilter@1a4d0f28, org.springframework.security.web.session.SessionManagementFilter@d411bc9, org.springframework.security.web.access.ExceptionTranslationFilter@c6f0c9c, org.springframework.security.web.access.intercept.FilterSecurityInterceptor@fff38e2]
Feb 02, 2021 5:20:10 PM org.springframework.security.web.DefaultSecurityFilterChain <init>
INFO: Creating filter chain: any request, [org.springframework.security.web.context.request.async.WebAsyncManagerIntegrationFilter@e6414bc, org.springframework.security.web.context.SecurityContextPersistenceFilter@66b7e79c, org.springframework.security.web.header.HeaderWriterFilter@79cd27ce, org.springframework.web.filter.CorsFilter@64f74c25, org.springframework.security.web.authentication.logout.LogoutFilter@3f7e8ea7, org.springframework.security.web.savedrequest.RequestCacheAwareFilter@33ce7a42, org.springframework.security.web.servletapi.SecurityContextHolderAwareRequestFilter@480e69f0, org.springframework.security.web.session.SessionManagementFilter@6e07dda, org.springframework.security.web.access.ExceptionTranslationFilter@1a162824]
Feb 02, 2021 5:20:13 PM org.entando.entando.ent.util.EntLogging$EntLogger info
INFO: Content EVN218 with friendly codes [wonders_theater, teatro_delle_meraviglie]
Feb 02, 2021 5:20:15 PM org.springframework.scheduling.concurrent.E**cutorConfigurationSupport shutdown
INFO: Shutting down E**cutorService 'entandoScheduler'
[INFO] Tests run: 3, Failures: 0, Errors: 0, Skipped: 0, Time elapsed: 29.363 s - in org.entando.entando.plugins.jpseo.aps.******.services.mapping.SeoMappingManagerIntegrationTest
[INFO] Running org.entando.entando.plugins.jpseo.aps.******.services.page.SeoPageServiceTest
Feb 02, 2021 5:20:15 PM org.springframework.mock.jndi.SimpleNamingContextBuilder bind
INFO: Static JNDI binding: [java:comp/env/logName] = [/workspace/source/target/test/entando-plugin-jpseo]
Feb 02, 2021 5:20:15 PM org.springframework.mock.jndi.SimpleNamingContextBuilder bind
INFO: Static JNDI binding: [java:comp/env/logFileRotatePattern] = [/workspace/source/target/test/entando-plugin-jpseo_logs/entando-plugin-jpseo-%i.log.gz]
Feb 02, 2021 5:20:15 PM org.springframework.mock.jndi.SimpleNamingContextBuilder bind
INFO: Static JNDI binding: [java:comp/env/logLevel] = [ERROR]
Feb 02, 2021 5:20:15 PM org.springframework.mock.jndi.SimpleNamingContextBuilder bind
INFO: Static JNDI binding: [java:comp/env/logFileSize] = [1048576]
Feb 02, 2021 5:20:15 PM org.springframework.mock.jndi.SimpleNamingContextBuilder bind
INFO: Static JNDI binding: [java:comp/env/logFilesCount] = [10]
Feb 02, 2021 5:20:15 PM org.springframework.mock.jndi.SimpleNamingContextBuilder bind
INFO: Static JNDI binding: [java:comp/env/configVersion] = [test]
Feb 02, 2021 5:20:15 PM org.springframework.mock.jndi.SimpleNamingContextBuilder bind
INFO: Static JNDI binding: [java:comp/env/applicationBaseURL] = [/Entando/]
Feb 02, 2021 5:20:15 PM org.springframework.mock.jndi.SimpleNamingContextBuilder bind
INFO: Static JNDI binding: [java:comp/env/resourceRootURL] = [/Entando/resources/]
Feb 02, 2021 5:20:15 PM org.springframework.mock.jndi.SimpleNamingContextBuilder bind
INFO: Static JNDI binding: [java:comp/env/protectedResourceRootURL] = [/Entando/protected/]
Feb 02, 2021 5:20:15 PM org.springframework.mock.jndi.SimpleNamingContextBuilder bind
INFO: Static JNDI binding: [java:comp/env/resourceDiskRootFolder] = [target/test/resources/]
Feb 02, 2021 5:20:15 PM org.springframework.mock.jndi.SimpleNamingContextBuilder bind
INFO: Static JNDI binding: [java:comp/env/protectedResourceDiskRootFolder] = [target/test/protected/]
Feb 02, 2021 5:20:15 PM org.springframework.mock.jndi.SimpleNamingContextBuilder bind
INFO: Static JNDI binding: [java:comp/env/indexDiskRootFolder] = [target/test/indexdir]
Feb 02, 2021 5:20:15 PM org.springframework.mock.jndi.SimpleNamingContextBuilder bind
INFO: Static JNDI binding: [java:comp/env/portDataSourceClassName] = [org.apache.derby.jdbc.EmbeddedDriver]
Feb 02, 2021 5:20:15 PM org.springframework.mock.jndi.SimpleNamingContextBuilder bind
INFO: Static JNDI binding: [java:comp/env/logActiveFileOutput] = [false]
Feb 02, 2021 5:20:15 PM org.springframework.mock.jndi.SimpleNamingContextBuilder bind
INFO: Static JNDI binding: [java:comp/env/jdbc.servDb.url] = [jdbc:derby:/workspace/source/target/test/db/entando-plugin-jpseotestServ;create=****]
Feb 02, 2021 5:20:15 PM org.springframework.mock.jndi.SimpleNamingContextBuilder bind
INFO: Static JNDI binding: [java:comp/env/servDataSourceClassName] = [org.apache.derby.jdbc.EmbeddedDriver]
Feb 02, 2021 5:20:15 PM org.springframework.mock.jndi.SimpleNamingContextBuilder bind
INFO: Static JNDI binding: [java:comp/env/logFilesCount] = [10]
Feb 02, 2021 5:20:15 PM org.springframework.mock.jndi.SimpleNamingContextBuilder bind
INFO: Static JNDI binding: [java:comp/env/applicationBaseURL] = [/Entando/]
Feb 02, 2021 5:20:15 PM org.springframework.mock.jndi.SimpleNamingContextBuilder bind
INFO: Static JNDI binding: [java:comp/env/jdbc.portDb.password] = [agile]
Feb 02, 2021 5:20:15 PM org.springframework.mock.jndi.SimpleNamingContextBuilder bind
INFO: Static JNDI binding: [java:comp/env/logLevel] = [ERROR]
Feb 02, 2021 5:20:15 PM org.springframework.mock.jndi.SimpleNamingContextBuilder bind
INFO: Static JNDI binding: [java:comp/env/indexDiskRootFolder] = [target/test/indexdir]
Feb 02, 2021 5:20:15 PM org.springframework.mock.jndi.SimpleNamingContextBuilder bind
INFO: Static JNDI binding: [java:comp/env/logFileSize] = [1048576]
Feb 02, 2021 5:20:15 PM org.springframework.mock.jndi.SimpleNamingContextBuilder bind
INFO: Static JNDI binding: [java:comp/env/resourceDiskRootFolder] = [target/test/resources/]
Feb 02, 2021 5:20:15 PM org.springframework.mock.jndi.SimpleNamingContextBuilder bind
INFO: Static JNDI binding: [java:comp/env/protectedResourceRootURL] = [/Entando/protected/]
Feb 02, 2021 5:20:15 PM org.springframework.mock.jndi.SimpleNamingContextBuilder bind
INFO: Static JNDI binding: [java:comp/env/resourceRootURL] = [/Entando/resources/]
Feb 02, 2021 5:20:15 PM org.springframework.mock.jndi.SimpleNamingContextBuilder bind
INFO: Static JNDI binding: [java:comp/env/configVersion] = [test]
Feb 02, 2021 5:20:15 PM org.springframework.mock.jndi.SimpleNamingContextBuilder bind
INFO: Static JNDI binding: [java:comp/env/jdbc.servDb.beanName] = [servDataSource]
Feb 02, 2021 5:20:15 PM org.springframework.mock.jndi.SimpleNamingContextBuilder bind
INFO: Static JNDI binding: [java:comp/env/jdbc.portDb.url] = [jdbc:derby:/workspace/source/target/test/db/entando-plugin-jpseotestPort;create=****]
Feb 02, 2021 5:20:15 PM org.springframework.mock.jndi.SimpleNamingContextBuilder bind
INFO: Static JNDI binding: [java:comp/env/jdbc.servDb.driverClassName] = [org.apache.derby.jdbc.EmbeddedDriver]
Feb 02, 2021 5:20:15 PM org.springframework.mock.jndi.SimpleNamingContextBuilder bind
INFO: Static JNDI binding: [java:comp/env/protectedResourceDiskRootFolder] = [target/test/protected/]
Feb 02, 2021 5:20:15 PM org.springframework.mock.jndi.SimpleNamingContextBuilder bind
INFO: Static JNDI binding: [java:comp/env/jdbc.portDb.beanName] = [portDataSource]
Feb 02, 2021 5:20:15 PM org.springframework.mock.jndi.SimpleNamingContextBuilder bind
INFO: Static JNDI binding: [java:comp/env/jdbc.servDb.password] = [agile]
Feb 02, 2021 5:20:15 PM org.springframework.mock.jndi.SimpleNamingContextBuilder bind
INFO: Static JNDI binding: [java:comp/env/jdbc.portDb.driverClassName] = [org.apache.derby.jdbc.EmbeddedDriver]
Feb 02, 2021 5:20:15 PM org.springframework.mock.jndi.SimpleNamingContextBuilder bind
INFO: Static JNDI binding: [java:comp/env/jdbc.portDb.username] = [agile]
Feb 02, 2021 5:20:15 PM org.springframework.mock.jndi.SimpleNamingContextBuilder bind
INFO: Static JNDI binding: [java:comp/env/jdbc.servDb.username] = [agile]
Feb 02, 2021 5:20:15 PM org.springframework.mock.jndi.SimpleNamingContextBuilder bind
INFO: Static JNDI binding: [java:comp/env/logName] = [/workspace/source/target/test/entando-plugin-jpseo]
Feb 02, 2021 5:20:15 PM org.springframework.mock.jndi.SimpleNamingContextBuilder bind
INFO: Static JNDI binding: [java:comp/env/logFileRotatePattern] = [/workspace/source/target/test/entando-plugin-jpseo_logs/entando-plugin-jpseo-%i.log.gz]
Feb 02, 2021 5:20:15 PM org.springframework.mock.jndi.SimpleNamingContextBuilder bind
INFO: Static JNDI binding: [java:comp/env/jdbc/servDataSource] = [org.apache.commons.dbcp2.BasicDataSource@646ced1b]
Feb 02, 2021 5:20:15 PM org.springframework.mock.jndi.SimpleNamingContextBuilder bind
INFO: Static JNDI binding: [java:comp/env/jdbc/portDataSource] = [org.apache.commons.dbcp2.BasicDataSource@6ff5454d]
Feb 02, 2021 5:20:15 PM org.springframework.mock.web.MockServletContext log
INFO: Initializing Spring **** WebApplicationContext
Feb 02, 2021 5:20:15 PM org.springframework.web.context.ContextLoader initWebApplicationContext
INFO: Root WebApplicationContext: initialization started
Feb 02, 2021 5:20:18 PM org.entando.entando.ent.util.EntLogging$EntLogger info
INFO: + [ Component: Core ] :: DATA
|   
Feb 02, 2021 5:20:18 PM org.entando.entando.ent.util.EntLogging$EntLogger info
INFO: + [ Component: jacms ] :: DATA
|   
Feb 02, 2021 5:20:18 PM org.entando.entando.ent.util.EntLogging$EntLogger info
INFO: + [ Component: entando-*****-console ] :: DATA
|   
Feb 02, 2021 5:20:18 PM org.entando.entando.ent.util.EntLogging$EntLogger info
INFO: + [ Component: entando-portal-ui ] :: DATA
|   
Feb 02, 2021 5:20:18 PM org.entando.entando.ent.util.EntLogging$EntLogger info
INFO: + [ Component: jpseo ] :: DATA
|   
Feb 02, 2021 5:20:18 PM org.entando.entando.ent.util.EntLogging$EntLogger info
INFO: + [ Component: Core ] :: DATA
|   
Feb 02, 2021 5:20:18 PM org.entando.entando.ent.util.EntLogging$EntLogger info
INFO: + [ Component: jacms ] :: DATA
|   
Feb 02, 2021 5:20:18 PM org.entando.entando.ent.util.EntLogging$EntLogger info
INFO: + [ Component: entando-*****-console ] :: DATA
|   
Feb 02, 2021 5:20:18 PM org.entando.entando.ent.util.EntLogging$EntLogger info
INFO: + [ Component: entando-portal-ui ] :: DATA
|   
Feb 02, 2021 5:20:18 PM org.entando.entando.ent.util.EntLogging$EntLogger info
INFO: + [ Component: jpseo ] :: DATA
|   
Feb 02, 2021 5:20:26 PM org.springframework.scheduling.concurrent.E**cutorConfigurationSupport initialize
INFO: Initializing E**cutorService 'entandoScheduler'
Feb 02, 2021 5:20:27 PM org.springframework.security.web.DefaultSecurityFilterChain <init>
INFO: Creating filter chain: OrRequestMatcher [requestMatchers=[Ant [pattern='/oauth/token'], Ant [pattern='/oauth/token_key'], Ant [pattern='/oauth/check_token']]], [org.springframework.security.web.context.request.async.WebAsyncManagerIntegrationFilter@5d6f2ebf, org.springframework.security.web.context.SecurityContextPersistenceFilter@61c9e73a, org.springframework.security.web.header.HeaderWriterFilter@6722f736, org.springframework.security.web.authentication.logout.LogoutFilter@cbf4728, org.springframework.web.filter.CorsFilter@6608f736, org.springframework.security.web.authentication.www.BasicAuthenticationFilter@179f7c76, org.springframework.security.web.savedrequest.RequestCacheAwareFilter@5a6f1db9, org.springframework.security.web.servletapi.SecurityContextHolderAwareRequestFilter@40f4af02, org.springframework.security.web.authentication.AnonymousAuthenticationFilter@3d1adedb, org.springframework.security.web.session.SessionManagementFilter@4b09b7e1, org.springframework.security.web.access.ExceptionTranslationFilter@1e9852cf, org.springframework.security.web.access.intercept.FilterSecurityInterceptor@38192091]
Feb 02, 2021 5:20:27 PM org.springframework.security.web.DefaultSecurityFilterChain <init>
INFO: Creating filter chain: any request, [org.springframework.security.web.context.request.async.WebAsyncManagerIntegrationFilter@2a1112a3, org.springframework.security.web.context.SecurityContextPersistenceFilter@1e639846, org.springframework.security.web.header.HeaderWriterFilter@4d0571ca, org.springframework.web.filter.CorsFilter@6608f736, org.springframework.security.web.authentication.logout.LogoutFilter@3bec43ef, org.springframework.security.web.savedrequest.RequestCacheAwareFilter@66d0b761, org.springframework.security.web.servletapi.SecurityContextHolderAwareRequestFilter@63de7b7d, org.springframework.security.web.session.SessionManagementFilter@5f8275f, org.springframework.security.web.access.ExceptionTranslationFilter@660e5922]
Feb 02, 2021 5:20:27 PM org.springframework.web.context.ContextLoader initWebApplicationContext
INFO: Root WebApplicationContext initialized in 11891 ms
Feb 02, 2021 5:20:27 PM org.springframework.scheduling.concurrent.E**cutorConfigurationSupport shutdown
INFO: Shutting down E**cutorService 'entandoScheduler'
Feb 02, 2021 5:20:30 PM org.entando.entando.ent.util.EntLogging$EntLogger info
INFO: + [ Component: Core ] :: DATA
|   
Feb 02, 2021 5:20:30 PM org.entando.entando.ent.util.EntLogging$EntLogger info
INFO: + [ Component: jacms ] :: DATA
|   
Feb 02, 2021 5:20:30 PM org.entando.entando.ent.util.EntLogging$EntLogger info
INFO: + [ Component: entando-*****-console ] :: DATA
|   
Feb 02, 2021 5:20:30 PM org.entando.entando.ent.util.EntLogging$EntLogger info
INFO: + [ Component: entando-portal-ui ] :: DATA
|   
Feb 02, 2021 5:20:30 PM org.entando.entando.ent.util.EntLogging$EntLogger info
INFO: + [ Component: jpseo ] :: DATA
|   
Feb 02, 2021 5:20:30 PM org.entando.entando.ent.util.EntLogging$EntLogger info
INFO: + [ Component: Core ] :: DATA
|   
Feb 02, 2021 5:20:30 PM org.entando.entando.ent.util.EntLogging$EntLogger info
INFO: + [ Component: jacms ] :: DATA
|   
Feb 02, 2021 5:20:30 PM org.entando.entando.ent.util.EntLogging$EntLogger info
INFO: + [ Component: entando-*****-console ] :: DATA
|   
Feb 02, 2021 5:20:30 PM org.entando.entando.ent.util.EntLogging$EntLogger info
INFO: + [ Component: entando-portal-ui ] :: DATA
|   
Feb 02, 2021 5:20:30 PM org.entando.entando.ent.util.EntLogging$EntLogger info
INFO: + [ Component: jpseo ] :: DATA
|   
Feb 02, 2021 5:20:38 PM org.springframework.scheduling.concurrent.E**cutorConfigurationSupport initialize
INFO: Initializing E**cutorService 'entandoScheduler'
Feb 02, 2021 5:20:40 PM org.springframework.security.web.DefaultSecurityFilterChain <init>
INFO: Creating filter chain: OrRequestMatcher [requestMatchers=[Ant [pattern='/oauth/token'], Ant [pattern='/oauth/token_key'], Ant [pattern='/oauth/check_token']]], [org.springframework.security.web.context.request.async.WebAsyncManagerIntegrationFilter@6647082e, org.springframework.security.web.context.SecurityContextPersistenceFilter@6cb15b5c, org.springframework.security.web.header.HeaderWriterFilter@2b761425, org.springframework.security.web.authentication.logout.LogoutFilter@3860ed53, org.springframework.web.filter.CorsFilter@fe2d26c, org.springframework.security.web.authentication.www.BasicAuthenticationFilter@2e6db148, org.springframework.security.web.savedrequest.RequestCacheAwareFilter@7634d8c5, org.springframework.security.web.servletapi.SecurityContextHolderAwareRequestFilter@18bd5759, org.springframework.security.web.authentication.AnonymousAuthenticationFilter@340beec0, org.springframework.security.web.session.SessionManagementFilter@9be4405, org.springframework.security.web.access.ExceptionTranslationFilter@6cfeaf15, org.springframework.security.web.access.intercept.FilterSecurityInterceptor@7e09cd6e]
Feb 02, 2021 5:20:40 PM org.springframework.security.web.DefaultSecurityFilterChain <init>
INFO: Creating filter chain: any request, [org.springframework.security.web.context.request.async.WebAsyncManagerIntegrationFilter@42ae85c7, org.springframework.security.web.context.SecurityContextPersistenceFilter@4c626be3, org.springframework.security.web.header.HeaderWriterFilter@535164c8, org.springframework.web.filter.CorsFilter@fe2d26c, org.springframework.security.web.authentication.logout.LogoutFilter@8ab4fd9, org.springframework.security.web.savedrequest.RequestCacheAwareFilter@16175179, org.springframework.security.web.servletapi.SecurityContextHolderAwareRequestFilter@735099dd, org.springframework.security.web.session.SessionManagementFilter@2b5b81b5, org.springframework.security.web.access.ExceptionTranslationFilter@16724ea4]
Feb 02, 2021 5:20:40 PM org.springframework.scheduling.concurrent.E**cutorConfigurationSupport shutdown
INFO: Shutting down E**cutorService 'entandoScheduler'
[INFO] Tests run: 1, Failures: 0, Errors: 0, Skipped: 0, Time elapsed: 24.967 s - in org.entando.entando.plugins.jpseo.aps.******.services.page.SeoPageServiceTest
[INFO] Running org.entando.entando.plugins.jpseo.web.page.SeoPageControllerTest
[INFO ] 2021-02-02 17:20:41.681 [main] Version - HV000001: Hibernate Validator 6.0.17.Final
Feb 02, 2021 5:20:42 PM org.springframework.mock.web.MockServletContext log
INFO: Initializing Spring TestDispatcherServlet ''
Feb 02, 2021 5:20:42 PM org.springframework.web.servlet.FrameworkServlet initServletBean
INFO: Initializing Servlet ''
Feb 02, 2021 5:20:42 PM org.springframework.web.servlet.FrameworkServlet initServletBean
INFO: Completed initialization in 1 ms
Feb 02, 2021 5:20:42 PM org.springframework.mock.web.MockServletContext log
INFO: Initializing Spring TestDispatcherServlet ''
Feb 02, 2021 5:20:42 PM org.springframework.web.servlet.FrameworkServlet initServletBean
INFO: Initializing Servlet ''
Feb 02, 2021 5:20:42 PM org.springframework.web.servlet.FrameworkServlet initServletBean
INFO: Completed initialization in 0 ms
[INFO] Tests run: 2, Failures: 0, Errors: 0, Skipped: 0, Time elapsed: 1.901 s - in org.entando.entando.plugins.jpseo.web.page.SeoPageControllerTest
[INFO] Running org.entando.entando.plugins.jpseo.web.page.SeoPageControllerIntegrationTest
Feb 02, 2021 5:20:42 PM org.springframework.test.context.support.AbstractTestContextBootstrapper getDefaultTestE**cutionListenerClassNames
INFO: Loaded default TestE**cutionListener class names from location [META-INF/spring.factories]: [org.springframework.test.context.web.ServletTestE**cutionListener, org.springframework.test.context.support.DirtiesContextBeforeModesTestE**cutionListener, org.springframework.test.context.support.DependencyInjectionTestE**cutionListener, org.springframework.test.context.support.DirtiesContextTestE**cutionListener, org.springframework.test.context.transaction.TransactionalTestE**cutionListener, org.springframework.test.context.jdbc.SqlScriptsTestE**cutionListener]
Feb 02, 2021 5:20:42 PM org.springframework.test.context.support.AbstractTestContextBootstrapper getTestE**cutionListeners
INFO: Using TestE**cutionListeners: [org.springframework.test.context.web.ServletTestE**cutionListener@6e46014f, org.springframework.test.context.support.DirtiesContextBeforeModesTestE**cutionListener@59711c08, org.springframework.test.context.support.DependencyInjectionTestE**cutionListener@217a1bf6, org.springframework.test.context.support.DirtiesContextTestE**cutionListener@636600b9, org.springframework.test.context.transaction.TransactionalTestE**cutionListener@3d7429e3, org.springframework.test.context.jdbc.SqlScriptsTestE**cutionListener@6cb4f319]
Feb 02, 2021 5:20:42 PM org.springframework.mock.jndi.SimpleNamingContextBuilder bind
INFO: Static JNDI binding: [java:comp/env/logName] = [/workspace/source/target/test/entando-plugin-jpseo]
Feb 02, 2021 5:20:42 PM org.springframework.mock.jndi.SimpleNamingContextBuilder bind
INFO: Static JNDI binding: [java:comp/env/logFileRotatePattern] = [/workspace/source/target/test/entando-plugin-jpseo_logs/entando-plugin-jpseo-%i.log.gz]
Feb 02, 2021 5:20:42 PM org.springframework.mock.jndi.SimpleNamingContextBuilder bind
INFO: Static JNDI binding: [java:comp/env/logLevel] = [ERROR]
Feb 02, 2021 5:20:42 PM org.springframework.mock.jndi.SimpleNamingContextBuilder bind
INFO: Static JNDI binding: [java:comp/env/logFileSize] = [1048576]
Feb 02, 2021 5:20:42 PM org.springframework.mock.jndi.SimpleNamingContextBuilder bind
INFO: Static JNDI binding: [java:comp/env/logFilesCount] = [10]
Feb 02, 2021 5:20:42 PM org.springframework.mock.jndi.SimpleNamingContextBuilder bind
INFO: Static JNDI binding: [java:comp/env/configVersion] = [test]
Feb 02, 2021 5:20:42 PM org.springframework.mock.jndi.SimpleNamingContextBuilder bind
INFO: Static JNDI binding: [java:comp/env/applicationBaseURL] = [/Entando/]
Feb 02, 2021 5:20:42 PM org.springframework.mock.jndi.SimpleNamingContextBuilder bind
INFO: Static JNDI binding: [java:comp/env/resourceRootURL] = [/Entando/resources/]
Feb 02, 2021 5:20:42 PM org.springframework.mock.jndi.SimpleNamingContextBuilder bind
INFO: Static JNDI binding: [java:comp/env/protectedResourceRootURL] = [/Entando/protected/]
Feb 02, 2021 5:20:42 PM org.springframework.mock.jndi.SimpleNamingContextBuilder bind
INFO: Static JNDI binding: [java:comp/env/resourceDiskRootFolder] = [target/test/resources/]
Feb 02, 2021 5:20:42 PM org.springframework.mock.jndi.SimpleNamingContextBuilder bind
INFO: Static JNDI binding: [java:comp/env/protectedResourceDiskRootFolder] = [target/test/protected/]
Feb 02, 2021 5:20:42 PM org.springframework.mock.jndi.SimpleNamingContextBuilder bind
INFO: Static JNDI binding: [java:comp/env/indexDiskRootFolder] = [target/test/indexdir]
Feb 02, 2021 5:20:42 PM org.springframework.mock.jndi.SimpleNamingContextBuilder bind
INFO: Static JNDI binding: [java:comp/env/portDataSourceClassName] = [org.apache.derby.jdbc.EmbeddedDriver]
Feb 02, 2021 5:20:42 PM org.springframework.mock.jndi.SimpleNamingContextBuilder bind
INFO: Static JNDI binding: [java:comp/env/servDataSourceClassName] = [org.apache.derby.jdbc.EmbeddedDriver]
Feb 02, 2021 5:20:42 PM org.springframework.mock.jndi.SimpleNamingContextBuilder bind
INFO: Static JNDI binding: [java:comp/env/portDataSourceClassName] = [org.apache.derby.jdbc.EmbeddedDriver]
Feb 02, 2021 5:20:42 PM org.springframework.mock.jndi.SimpleNamingContextBuilder bind
INFO: Static JNDI binding: [java:comp/env/logActiveFileOutput] = [false]
Feb 02, 2021 5:20:42 PM org.springframework.mock.jndi.SimpleNamingContextBuilder bind
INFO: Static JNDI binding: [java:comp/env/jdbc.servDb.url] = [jdbc:derby:/workspace/source/target/test/db/entando-plugin-jpseotestServ;create=****]
Feb 02, 2021 5:20:42 PM org.springframework.mock.jndi.SimpleNamingContextBuilder bind
INFO: Static JNDI binding: [java:comp/env/servDataSourceClassName] = [org.apache.derby.jdbc.EmbeddedDriver]
Feb 02, 2021 5:20:42 PM org.springframework.mock.jndi.SimpleNamingContextBuilder bind
INFO: Static JNDI binding: [java:comp/env/logFilesCount] = [10]
Feb 02, 2021 5:20:42 PM org.springframework.mock.jndi.SimpleNamingContextBuilder bind
INFO: Static JNDI binding: [java:comp/env/applicationBaseURL] = [/Entando/]
Feb 02, 2021 5:20:42 PM org.springframework.mock.jndi.SimpleNamingContextBuilder bind
INFO: Static JNDI binding: [java:comp/env/jdbc.portDb.password] = [agile]
Feb 02, 2021 5:20:42 PM org.springframework.mock.jndi.SimpleNamingContextBuilder bind
INFO: Static JNDI binding: [java:comp/env/logLevel] = [ERROR]
Feb 02, 2021 5:20:42 PM org.springframework.mock.jndi.SimpleNamingContextBuilder bind
INFO: Static JNDI binding: [java:comp/env/indexDiskRootFolder] = [target/test/indexdir]
Feb 02, 2021 5:20:42 PM org.springframework.mock.jndi.SimpleNamingContextBuilder bind
INFO: Static JNDI binding: [java:comp/env/logFileSize] = [1048576]
Feb 02, 2021 5:20:42 PM org.springframework.mock.jndi.SimpleNamingContextBuilder bind
INFO: Static JNDI binding: [java:comp/env/resourceDiskRootFolder] = [target/test/resources/]
Feb 02, 2021 5:20:42 PM org.springframework.mock.jndi.SimpleNamingContextBuilder bind
INFO: Static JNDI binding: [java:comp/env/protectedResourceRootURL] = [/Entando/protected/]
Feb 02, 2021 5:20:42 PM org.springframework.mock.jndi.SimpleNamingContextBuilder bind
INFO: Static JNDI binding: [java:comp/env/resourceRootURL] = [/Entando/resources/]
Feb 02, 2021 5:20:42 PM org.springframework.mock.jndi.SimpleNamingContextBuilder bind
INFO: Static JNDI binding: [java:comp/env/configVersion] = [test]
Feb 02, 2021 5:20:42 PM org.springframework.mock.jndi.SimpleNamingContextBuilder bind
INFO: Static JNDI binding: [java:comp/env/jdbc.servDb.beanName] = [servDataSource]
Feb 02, 2021 5:20:42 PM org.springframework.mock.jndi.SimpleNamingContextBuilder bind
INFO: Static JNDI binding: [java:comp/env/jdbc.portDb.url] = [jdbc:derby:/workspace/source/target/test/db/entando-plugin-jpseotestPort;create=****]
Feb 02, 2021 5:20:42 PM org.springframework.mock.jndi.SimpleNamingContextBuilder bind
INFO: Static JNDI binding: [java:comp/env/jdbc.servDb.driverClassName] = [org.apache.derby.jdbc.EmbeddedDriver]
Feb 02, 2021 5:20:42 PM org.springframework.mock.jndi.SimpleNamingContextBuilder bind
INFO: Static JNDI binding: [java:comp/env/protectedResourceDiskRootFolder] = [target/test/protected/]
Feb 02, 2021 5:20:42 PM org.springframework.mock.jndi.SimpleNamingContextBuilder bind
INFO: Static JNDI binding: [java:comp/env/jdbc.portDb.beanName] = [portDataSource]
Feb 02, 2021 5:20:42 PM org.springframework.mock.jndi.SimpleNamingContextBuilder bind
INFO: Static JNDI binding: [java:comp/env/jdbc.servDb.password] = [agile]
Feb 02, 2021 5:20:42 PM org.springframework.mock.jndi.SimpleNamingContextBuilder bind
INFO: Static JNDI binding: [java:comp/env/jdbc.portDb.driverClassName] = [org.apache.derby.jdbc.EmbeddedDriver]
Feb 02, 2021 5:20:42 PM org.springframework.mock.jndi.SimpleNamingContextBuilder bind
INFO: Static JNDI binding: [java:comp/env/jdbc.portDb.username] = [agile]
Feb 02, 2021 5:20:42 PM org.springframework.mock.jndi.SimpleNamingContextBuilder bind
INFO: Static JNDI binding: [java:comp/env/jdbc.servDb.username] = [agile]
Feb 02, 2021 5:20:42 PM org.springframework.mock.jndi.SimpleNamingContextBuilder bind
INFO: Static JNDI binding: [java:comp/env/logName] = [/workspace/source/target/test/entando-plugin-jpseo]
Feb 02, 2021 5:20:42 PM org.springframework.mock.jndi.SimpleNamingContextBuilder bind
INFO: Static JNDI binding: [java:comp/env/logFileRotatePattern] = [/workspace/source/target/test/entando-plugin-jpseo_logs/entando-plugin-jpseo-%i.log.gz]
Feb 02, 2021 5:20:42 PM org.springframework.mock.jndi.SimpleNamingContextBuilder bind
INFO: Static JNDI binding: [java:comp/env/jdbc/servDataSource] = [org.apache.commons.dbcp2.BasicDataSource@7b0cde91]
Feb 02, 2021 5:20:42 PM org.springframework.mock.jndi.SimpleNamingContextBuilder bind
INFO: Static JNDI binding: [java:comp/env/jdbc/portDataSource] = [org.apache.commons.dbcp2.BasicDataSource@6615a657]
Feb 02, 2021 5:20:42 PM org.springframework.mock.jndi.SimpleNamingContextBuilder activate
INFO: Activating simple JNDI environment
Feb 02, 2021 5:20:46 PM org.entando.entando.ent.util.EntLogging$EntLogger info
INFO: + [ Component: Core ] :: DATA
|   
Feb 02, 2021 5:20:46 PM org.entando.entando.ent.util.EntLogging$EntLogger info
INFO: + [ Component: jacms ] :: DATA
|   
Feb 02, 2021 5:20:46 PM org.entando.entando.ent.util.EntLogging$EntLogger info
INFO: + [ Component: entando-*****-console ] :: DATA
|   
Feb 02, 2021 5:20:46 PM org.entando.entando.ent.util.EntLogging$EntLogger info
INFO: + [ Component: entando-portal-ui ] :: DATA
|   
Feb 02, 2021 5:20:46 PM org.entando.entando.ent.util.EntLogging$EntLogger info
INFO: + [ Component: jpseo ] :: DATA
|   
Feb 02, 2021 5:20:46 PM org.entando.entando.ent.util.EntLogging$EntLogger info
INFO: + [ Component: Core ] :: DATA
|   
Feb 02, 2021 5:20:46 PM org.entando.entando.ent.util.EntLogging$EntLogger info
INFO: + [ Component: jacms ] :: DATA
|   
Feb 02, 2021 5:20:46 PM org.entando.entando.ent.util.EntLogging$EntLogger info
INFO: + [ Component: entando-*****-console ] :: DATA
|   
Feb 02, 2021 5:20:46 PM org.entando.entando.ent.util.EntLogging$EntLogger info
INFO: + [ Component: entando-portal-ui ] :: DATA
|   
Feb 02, 2021 5:20:46 PM org.entando.entando.ent.util.EntLogging$EntLogger info
INFO: + [ Component: jpseo ] :: DATA
|   
Feb 02, 2021 5:20:55 PM org.springframework.scheduling.concurrent.E**cutorConfigurationSupport initialize
INFO: Initializing E**cutorService 'entandoScheduler'
Feb 02, 2021 5:20:58 PM org.springframework.security.web.DefaultSecurityFilterChain <init>
INFO: Creating filter chain: OrRequestMatcher [requestMatchers=[Ant [pattern='/oauth/token'], Ant [pattern='/oauth/token_key'], Ant [pattern='/oauth/check_token']]], [org.springframework.security.web.context.request.async.WebAsyncManagerIntegrationFilter@29537a3d, org.springframework.security.web.context.SecurityContextPersistenceFilter@14282067, org.springframework.security.web.header.HeaderWriterFilter@63005203, org.springframework.security.web.authentication.logout.LogoutFilter@3446d3fc, org.springframework.web.filter.CorsFilter@73c75e74, org.springframework.security.web.authentication.www.BasicAuthenticationFilter@3e3d09ca, org.springframework.security.web.savedrequest.RequestCacheAwareFilter@29eaa627, org.springframework.security.web.servletapi.SecurityContextHolderAwareRequestFilter@473c38eb, org.springframework.security.web.authentication.AnonymousAuthenticationFilter@4bdb556d, org.springframework.security.web.session.SessionManagementFilter@6318addb, org.springframework.security.web.access.ExceptionTranslationFilter@1131ca22, org.springframework.security.web.access.intercept.FilterSecurityInterceptor@651df3b0]
Feb 02, 2021 5:20:58 PM org.springframework.security.web.DefaultSecurityFilterChain <init>
INFO: Creating filter chain: any request, [org.springframework.security.web.context.request.async.WebAsyncManagerIntegrationFilter@580fa7a, org.springframework.security.web.context.SecurityContextPersistenceFilter@238e89f5, org.springframework.security.web.header.HeaderWriterFilter@58549bb1, org.springframework.web.filter.CorsFilter@73c75e74, org.springframework.security.web.authentication.logout.LogoutFilter@301bcabb, org.springframework.security.web.savedrequest.RequestCacheAwareFilter@542f2762, org.springframework.security.web.servletapi.SecurityContextHolderAwareRequestFilter@3cdea68d, org.springframework.security.web.session.SessionManagementFilter@5c617877, org.springframework.security.web.access.ExceptionTranslationFilter@a770345]
Feb 02, 2021 5:20:59 PM org.springframework.mock.web.MockServletContext log
INFO: Initializing Spring TestDispatcherServlet ''
Feb 02, 2021 5:20:59 PM org.springframework.web.servlet.FrameworkServlet initServletBean
INFO: Initializing Servlet ''
Feb 02, 2021 5:20:59 PM org.springframework.web.servlet.FrameworkServlet initServletBean
INFO: Completed initialization in 71 ms
Feb 02, 2021 5:20:59 PM org.entando.entando.ent.util.EntLogging$EntLogger error
SEVERE: Invalid friendly Code test_page_2
Feb 02, 2021 5:20:59 PM org.springframework.mock.web.MockServletContext log
INFO: Initializing Spring TestDispatcherServlet ''
Feb 02, 2021 5:20:59 PM org.springframework.web.servlet.FrameworkServlet initServletBean
INFO: Initializing Servlet ''
Feb 02, 2021 5:20:59 PM org.springframework.web.servlet.FrameworkServlet initServletBean
INFO: Completed initialization in 3 ms
Feb 02, 2021 5:20:59 PM org.springframework.mock.web.MockServletContext log
INFO: Initializing Spring TestDispatcherServlet ''
Feb 02, 2021 5:20:59 PM org.springframework.web.servlet.FrameworkServlet initServletBean
INFO: Initializing Servlet ''
Feb 02, 2021 5:20:59 PM org.springframework.web.servlet.FrameworkServlet initServletBean
INFO: Completed initialization in 4 ms
Feb 02, 2021 5:20:59 PM org.springframework.mock.web.MockServletContext log
INFO: Initializing Spring TestDispatcherServlet ''
Feb 02, 2021 5:20:59 PM org.springframework.web.servlet.FrameworkServlet initServletBean
INFO: Initializing Servlet ''
Feb 02, 2021 5:20:59 PM org.springframework.web.servlet.FrameworkServlet initServletBean
INFO: Completed initialization in 15 ms
Feb 02, 2021 5:21:00 PM org.springframework.mock.web.MockServletContext log
INFO: Initializing Spring TestDispatcherServlet ''
Feb 02, 2021 5:21:00 PM org.springframework.web.servlet.FrameworkServlet initServletBean
INFO: Initializing Servlet ''
Feb 02, 2021 5:21:00 PM org.springframework.web.servlet.FrameworkServlet initServletBean
INFO: Completed initialization in 4 ms
Feb 02, 2021 5:21:02 PM org.entando.entando.ent.util.EntLogging$EntLogger error
SEVERE: Invalid friendly Code test_page_2_fc
Feb 02, 2021 5:21:03 PM org.entando.entando.ent.util.EntLogging$EntLogger error
SEVERE: Invalid friendly Code test_page_2_fc
Feb 02, 2021 5:21:03 PM org.springframework.mock.web.MockServletContext log
INFO: Initializing Spring TestDispatcherServlet ''
Feb 02, 2021 5:21:03 PM org.springframework.web.servlet.FrameworkServlet initServletBean
INFO: Initializing Servlet ''
Feb 02, 2021 5:21:03 PM org.springframework.web.servlet.FrameworkServlet initServletBean
INFO: Completed initialization in 39 ms
Feb 02, 2021 5:21:03 PM org.springframework.mock.web.MockServletContext log
INFO: Initializing Spring TestDispatcherServlet ''
Feb 02, 2021 5:21:03 PM org.springframework.web.servlet.FrameworkServlet initServletBean
INFO: Initializing Servlet ''
Feb 02, 2021 5:21:03 PM org.springframework.web.servlet.FrameworkServlet initServletBean
INFO: Completed initialization in 3 ms
[INFO] Tests run: 7, Failures: 0, Errors: 0, Skipped: 0, Time elapsed: 21.088 s - in org.entando.entando.plugins.jpseo.web.page.SeoPageControllerIntegrationTest
[INFO] 
[INFO] Results:
[INFO] 
[INFO] Tests run: 38, Failures: 0, Errors: 0, Skipped: 0
[INFO] 
[INFO] 
[INFO] --- maven-war-plugin:2.1.1:war (default-war) @ entando-plugin-jpseo ---
[INFO] Packaging webapp
[INFO] Assembling webapp [entando-plugin-jpseo] in [/workspace/source/target/entando-plugin-jpseo-0.0.0-SNAPSHOT-PR-29-3]
[INFO] Processing war project
[INFO] Copying webapp resources [/workspace/source/src/main/webapp]
[INFO] Building jar: /workspace/source/target/entando-plugin-jpseo-0.0.0-SNAPSHOT-PR-29-3/WEB-INF/lib/entando-plugin-jpseo-0.0.0-SNAPSHOT-PR-29-3.jar
[INFO] Webapp assembled in [1045 msecs]
[INFO] Building war: /workspace/source/target/entando-plugin-jpseo-0.0.0-SNAPSHOT-PR-29-3.war
[INFO] 
[INFO] --- maven-assembly-plugin:2.2.1:single (package-classes) @ entando-plugin-jpseo ---
[INFO] Reading assembly descriptor: /workspace/source/src/main/assembly/classes.xml
[INFO] Building jar: /workspace/source/target/entando-plugin-jpseo-0.0.0-SNAPSHOT-PR-29-3-classes.jar
[INFO] 
[INFO] --- maven-jar-plugin:3.2.0:test-jar (build-test-jar) @ entando-plugin-jpseo ---
[INFO] Building jar: /workspace/source/target/entando-plugin-jpseo-0.0.0-SNAPSHOT-PR-29-3-tests.jar
[INFO] 
[INFO] --- maven-surefire-report-plugin:3.0.0-M4:failsafe-report-only (integration-tests) @ entando-plugin-jpseo ---
[INFO] 
[INFO] --- dependency-check-maven:5.3.2:aggregate (default) @ entando-plugin-jpseo ---
[INFO] Skipping National Vulnerability Database Report
[INFO] 
[INFO] --- jacoco-maven-plugin:0.8.5:report (report) @ entando-plugin-jpseo ---
[INFO] Loading e**cution data file /workspace/source/target/jacoco.e**c
[INFO] Analyzed bundle 'Entando Plugin: SEO' with 44 classes
[INFO] 
[INFO] --- maven-surefire-report-plugin:3.0.0-M4:report-only (unit-tests) @ entando-plugin-jpseo ---
[WARNING] Unable to locate Test Source XRef to link to - DISABLED
[INFO] 
[INFO] --- maven-install-plugin:2.4:install (default-install) @ entando-plugin-jpseo ---
[INFO] Installing /workspace/source/target/entando-plugin-jpseo-0.0.0-SNAPSHOT-PR-29-3.war to /home/jenkins/.mvnrepository/org/entando/entando/plugins/entando-plugin-jpseo/0.0.0-SNAPSHOT-PR-29-3/entando-plugin-jpseo-0.0.0-SNAPSHOT-PR-29-3.war
[INFO] Installing /workspace/source/pom.xml to /home/jenkins/.mvnrepository/org/entando/entando/plugins/entando-plugin-jpseo/0.0.0-SNAPSHOT-PR-29-3/entando-plugin-jpseo-0.0.0-SNAPSHOT-PR-29-3.pom
[INFO] Installing /workspace/source/target/entando-plugin-jpseo-0.0.0-SNAPSHOT-PR-29-3-classes.jar to /home/jenkins/.mvnrepository/org/entando/entando/plugins/entando-plugin-jpseo/0.0.0-SNAPSHOT-PR-29-3/entando-plugin-jpseo-0.0.0-SNAPSHOT-PR-29-3-classes.jar
[INFO] Installing /workspace/source/target/entando-plugin-jpseo-0.0.0-SNAPSHOT-PR-29-3-tests.jar to /home/jenkins/.mvnrepository/org/entando/entando/plugins/entando-plugin-jpseo/0.0.0-SNAPSHOT-PR-29-3/entando-plugin-jpseo-0.0.0-SNAPSHOT-PR-29-3-tests.jar
[INFO] 
[INFO] --- maven-deploy-plugin:2.8.2:deploy (default-deploy) @ entando-plugin-jpseo ---
[INFO] Using alternate deployment repository local-nexus::default::http://nexus/repository/maven-releases/
[INFO] 
[INFO] ----------< org.entando.entando.plugins:entando-plugin-jpseo >----------
[INFO] Building Entando Plugin: SEO 0.0.0-SNAPSHOT-PR-29-3
[INFO] --------------------------------[ war ]---------------------------------
[INFO] 
[INFO] --- sonar-maven-plugin:3.8.0.2131:sonar (default-cli) @ entando-plugin-jpseo ---
[INFO] User cache: /****/.sonar/cache
[INFO] SonarQube version: 8.5.0
[INFO] Default locale: "en_US", source code encoding: "UTF-8"
[INFO] Load global settings
[INFO] Load global settings (done) | time=230ms
[INFO] Server id: 1BD809FA-AWHW8ct9-T_TB3XqouNu
[INFO] User cache: /****/.sonar/cache
[INFO] Load/download plugins
[INFO] Load plugins index
[INFO] Load plugins index (done) | time=84ms
[INFO] Load/download plugins (done) | time=26049ms
[INFO] Loaded core extensions: developer-scanner
[INFO] JavaScript/TypeScript frontend is enabled
[INFO] Load project settings for component key: 'entando_entando-plugin-jpseo'
[INFO] Load project settings for component key: 'entando_entando-plugin-jpseo' (done) | time=56ms
[INFO] Process project properties
[INFO] E**cute project builders
[INFO] E**cute project builders (done) | time=2ms
[INFO] Project key: entando_entando-plugin-jpseo
[INFO] Base dir: /workspace/source
[INFO] Working dir: /workspace/source/target/sonar
[INFO] Load project branches
[INFO] Load project branches (done) | time=30ms
[INFO] Check ALM binding of project 'entando_entando-plugin-jpseo'
[INFO] Detected project binding: NOT_BOUND
[INFO] Check ALM binding of project 'entando_entando-plugin-jpseo' (done) | time=54ms
[INFO] Load project pull requests
[INFO] Load project pull requests (done) | time=106ms
[INFO] Load branch configuration
[INFO] Load branch configuration (done) | time=5ms
[INFO] Load quality profiles
[INFO] Load quality profiles (done) | time=298ms
[INFO] Load active rules
[INFO] Load active rules (done) | time=1499ms
[INFO] Organization key: entando
[INFO] Pull request 29 for merge into master from PR-29
[INFO] SCM collecting changed files in the branch
[WARNING] Exception caught during e**cution of command '[/usr/local/git/bin/git, config, --******, --edit]' in '/usr/local/git/bin', return code '128', error message 'fatal: Invalid path '/usr/local/git/etc': No such file or directory
'
[INFO] SCM collecting changed files in the branch (done) | time=615ms
[INFO] Indexing files...
[INFO] Project configuration:
[INFO] 90 files inde**d
[INFO] 0 files ignored because of scm ignore settings
[INFO] Quality profile for css: Sonar way
[INFO] Quality profile for java: Sonar way
[INFO] Quality profile for jsp: Sonar way
[INFO] Quality profile for xml: Sonar way
[INFO] ------------- Run sensors on module Entando Plugin: SEO
[INFO] JavaScript/TypeScript frontend is enabled
[INFO] Load metrics repository
[INFO] Load metrics repository (done) | time=30ms
[INFO] Sensor JavaSquidSensor [java]
[INFO] Configured Java source version (sonar.java.source): 8
[INFO] JavaClasspath initialization
[INFO] JavaClasspath initialization (done) | time=22ms
[INFO] JavaTestClasspath initialization
[INFO] JavaTestClasspath initialization (done) | time=4ms
Feb 02, 2021 5:22:02 PM org.apache.jasper.servlet.TldScanner scanJars
INFO: At least one JAR was scanned for TLDs yet contained no TLDs. Enable debug logging for this logger for a complete list of JARs that were scanned but no TLDs were found in them. Skipping unneeded JARs during scanning can improve startup time and JSP compilation time.
[WARNING] Some JSP pages failed to transpile. Enable debug log for details.
[INFO] Java Main Files AST scan
[INFO] 50 source files to be analyzed
[INFO] 8/50 files analyzed, current file: src/main/java/org/entando/entando/plugins/jpseo/aps/******/services/metatag/MetatagDOM.java
[INFO] 32/50 files analyzed, current file: src/main/java/org/entando/entando/plugins/jpseo/aps/tags/SiteMapTag.java
[INFO] 50/50 source files have been analyzed
[INFO] Java Main Files AST scan (done) | time=29692ms
[INFO] Java Test Files AST scan
[INFO] 11 source files to be analyzed
[INFO] Java Test Files AST scan (done) | time=2662ms
[INFO] Java Generated Files AST scan
[INFO] 11/11 source files have been analyzed
[INFO] 5 source files to be analyzed
[INFO] Java Generated Files AST scan (done) | time=3936ms
[INFO] 5/5 source files have been analyzed
[INFO] Sensor JavaSquidSensor [java] (done) | time=41160ms
[INFO] Sensor SonarCSS Metrics [cssfamily]
[INFO] Sensor SonarCSS Metrics [cssfamily] (done) | time=38ms
[INFO] Sensor SonarCSS Rules [cssfamily]
[INFO] 1 source files to be analyzed
[INFO] 1/1 source files have been analyzed
[INFO] Sensor SonarCSS Rules [cssfamily] (done) | time=6973ms
[INFO] Sensor C# Properties [csharp]
[INFO] Sensor C# Properties [csharp] (done) | time=2ms
[INFO] Sensor Import of Checkstyle issues [java]
[WARNING] Checkstyle report not found: /workspace/source/target/checkstyle-result.xml
[INFO] Sensor Import of Checkstyle issues [java] (done) | time=3ms
[INFO] Sensor SurefireSensor [java]
[INFO] parsing [/workspace/source/target/surefire-reports]
[INFO] Sensor SurefireSensor [java] (done) | time=92ms
[INFO] Sensor JavaXmlSensor [java]
[INFO] 6 source files to be analyzed
[INFO] Sensor JavaXmlSensor [java] (done) | time=220ms
[INFO] Sensor HTML [web]
[INFO] 6/6 source files have been analyzed
[INFO] Sensor HTML [web] (done) | time=375ms
[INFO] Sensor XML Sensor [xml]
[INFO] 6 source files to be analyzed
[INFO] Sensor XML Sensor [xml] (done) | time=239ms
[INFO] Sensor VB.NET Properties [vbnet]
[INFO] Sensor VB.NET Properties [vbnet] (done) | time=2ms
[INFO] Sensor JaCoCo XML Report Importer [jacoco]
[INFO] 6/6 source files have been analyzed
[INFO] Importing 1 report(s). Turn your logs in debug mode in order to see the exhaustive list.
[INFO] Sensor JaCoCo XML Report Importer [jacoco] (done) | time=121ms
[INFO] Sensor ThymeLeaf template sensor [securityjavafrontend]
[INFO] Sensor ThymeLeaf template sensor [securityjavafrontend] (done) | time=4ms
[INFO] Sensor JavaSecuritySensor [security]
[INFO] Reading type hierarchy from: /workspace/source/target/sonar/ucfg2/java
[INFO] Read 338 type definitions
[INFO] Reading UCFGs from: /workspace/source/target/sonar/ucfg2/java
[INFO] 17:22:50.054297 Building Runtime Type propagation graph
[INFO] 17:22:50.170713 Running Tarjan on 5312 nodes
[INFO] 17:22:50.186089 Tarjan found 5307 components
[INFO] 17:22:50.6222 Variable type analysis: done
[INFO] 17:22:50.627205 Building Runtime Type propagation graph
[INFO] 17:22:50.69513 Running Tarjan on 5312 nodes
[INFO] 17:22:50.706229 Tarjan found 5307 components
[INFO] 17:22:50.726821 Variable type analysis: done
[INFO] Analyzing 696 ucfgs to detect vulnerabilities.
[INFO] All rules entrypoints : 2 Retained UCFGs : 9
[INFO] rule: S5131, entrypoints: 0
[INFO] rule: S5131 done
[INFO] rule: S3649, entrypoints: 0
[INFO] rule: S3649 done
[INFO] rule: S2076, entrypoints: 0
[INFO] rule: S2076 done
[INFO] rule: S2091, entrypoints: 0
[INFO] rule: S2091 done
[INFO] rule: S2078, entrypoints: 0
[INFO] rule: S2078 done
[INFO] rule: S2631, entrypoints: 0
[INFO] rule: S2631 done
[INFO] rule: S5135, entrypoints: 0
[INFO] rule: S5135 done
[INFO] rule: S2083, entrypoints: 2
[INFO] Running symbolic analysis
[INFO] rule: S2083 done
[INFO] rule: S5167, entrypoints: 0
[INFO] rule: S5167 done
[INFO] rule: S5144, entrypoints: 0
[INFO] rule: S5144 done
[INFO] rule: S5145, entrypoints: 0
[INFO] rule: S5145 done
[INFO] rule: S5146, entrypoints: 0
[INFO] rule: S5146 done
[INFO] rule: S5334, entrypoints: 0
[INFO] rule: S5334 done
[INFO] Sensor JavaSecuritySensor [security] (done) | time=8250ms
[INFO] Sensor CSharpSecuritySensor [security]
[INFO] Reading type hierarchy from: /workspace/source/target/ucfg_cs2
[INFO] Read 0 type definitions
[INFO] Reading UCFGs from: /workspace/source/target/ucfg_cs2
[INFO] No UCFGs have been included for analysis.
[INFO] Sensor CSharpSecuritySensor [security] (done) | time=1ms
[INFO] Sensor PhpSecuritySensor [security]
[INFO] Reading type hierarchy from: /workspace/source/target/sonar/ucfg2/php
[INFO] Read 0 type definitions
[INFO] Reading UCFGs from: /workspace/source/target/sonar/ucfg2/php
[INFO] No UCFGs have been included for analysis.
[INFO] Sensor PhpSecuritySensor [security] (done) | time=0ms
[INFO] Sensor PythonSecuritySensor [security]
[INFO] Reading type hierarchy from: /workspace/source/target/sonar/ucfg2/python
[INFO] Read 0 type definitions
[INFO] Reading UCFGs from: /workspace/source/target/sonar/ucfg2/python
[INFO] No UCFGs have been included for analysis.
[INFO] Sensor PythonSecuritySensor [security] (done) | time=0ms
[INFO] Sensor JsSecuritySensor [security]
[INFO] Reading type hierarchy from: /workspace/source/target/sonar/ucfg2/js
[INFO] Read 0 type definitions
[INFO] Reading UCFGs from: /workspace/source/target/sonar/ucfg2/js
[INFO] No UCFGs have been included for analysis.
[INFO] Sensor JsSecuritySensor [security] (done) | time=1ms
[INFO] ------------- Run sensors on project
[INFO] Sensor Zero Coverage Sensor
[INFO] Sensor Zero Coverage Sensor (done) | time=1ms
[INFO] Sensor Java CPD Block Inde**r
[INFO] Sensor Java CPD Block Inde**r (done) | time=125ms
[INFO] SCM Publisher SCM provider for this project is: git
[INFO] SCM Publisher 11 source files to be analyzed
[INFO] SCM Publisher 10/11 source files have been analyzed (done) | time=694ms
[WARNING] Missing blame information for the following files:
[WARNING]   * pom.xml
[WARNING] This may lead to missing/broken features in SonarCloud
[INFO] CPD E**cutor 8 files had no CPD blocks
[INFO] CPD E**cutor Calculating CPD for 49 files
[INFO] CPD E**cutor CPD calculation finished (done) | time=104ms
[INFO] SCM writing changed lines
[INFO] SCM writing changed lines (done) | time=207ms
[INFO] Analysis report generated in 434ms, dir size=427 KB
[INFO] Analysis report compressed in 89ms, zip size=155 KB
[INFO] Analysis report uploaded in 189ms
[INFO] ANALYSIS SUCCESSFUL, you can find the results at: https://sonarcloud.io/dashboard?id=entando_entando-plugin-jpseo&pullRequest=29
[INFO] Note that you will be able to access the updated dashboard once the server has processed the submitted analysis report
[INFO] More about the report processing at https://sonarcloud.io/api/ce/task?id=AXd**NCGfFqIyZZn2dJm
[INFO] Analysis total time: 1:08.035 s
[INFO] ------------------------------------------------------------------------
[INFO] BUILD SUCCESS
[INFO] ------------------------------------------------------------------------
[INFO] Total time:  05:44 min
[INFO] Finished at: 2021-02-02T17:22:59Z
[INFO] ------------------------------------------------------------------------
Picked up _JAVA_OPTIONS: -XX:+UnlockExperimentalVMOptions -Dsun.zip.disableMemoryMapping=**** -XX:+UseParallelGC -XX:MinHeapFreeRatio=5 -XX:MaxHeapFreeRatio=10 -XX:GCTimeRatio=4 -XX:AdaptiveSizePolicyWeight=90 -Xms10m -Xmx8000m
[INFO] Scanning for projects...
[INFO] 
[INFO] ----------< org.entando.entando.plugins:entando-plugin-jpseo >----------
[INFO] Building Entando Plugin: SEO 0.0.0-SNAPSHOT-PR-29-3
[INFO] --------------------------------[ war ]---------------------------------
[WARNING] The POM for com.sun.xml.bind:jaxb-impl:jar:2.2.11 is invalid, transitive dependencies (if any) will not be available, enable debug logging for more details
[INFO] 
[INFO] --- maven-site-plugin:3.9.0:site (default-site) @ entando-plugin-jpseo ---
[INFO] configuring report plugin org.apache.maven.plugins:maven-project-info-reports-plugin:3.0.0
[INFO] 9 reports configured for maven-project-info-reports-plugin:3.0.0: dependency-info, distribution-management, index, ci-management, issue-management, licenses, plugins, scm, summary
[INFO] Rendering site with default locale English (en)
[WARNING] Unable to find a URL to the parent project. The parent menu will NOT be added.
[INFO] Relativizing decoration links with respect to localized project URL: http://www.entando.com/
[INFO] Rendering content with org.apache.maven.skins:maven-default-skin:jar:1.3 skin.
[INFO] Generating "Dependency Information" report --- maven-project-info-reports-plugin:3.0.0:dependency-info
[INFO] Generating "About" report         --- maven-project-info-reports-plugin:3.0.0:index
[INFO] Generating "Issue Management" report --- maven-project-info-reports-plugin:3.0.0:issue-management
[INFO] Generating "Licenses" report      --- maven-project-info-reports-plugin:3.0.0:licenses
[INFO] Generating "Plugins" report       --- maven-project-info-reports-plugin:3.0.0:plugins
[INFO] Generating "Source Code Management" report --- maven-project-info-reports-plugin:3.0.0:scm
[INFO] Generating "Summary" report       --- maven-project-info-reports-plugin:3.0.0:summary
[INFO] ------------------------------------------------------------------------
[INFO] BUILD SUCCESS
[INFO] ------------------------------------------------------------------------
[INFO] Total time:  19.661 s
[INFO] Finished at: 2021-02-02T17:23:22Z
[INFO] ------------------------------------------------------------------------
error: etcdserver: request is too large
  % Total    % Received % Xferd  Average Speed   Time    Time     Time  Current
                                 Dload  Upload   Total   Spent    Left  Speed
{
  "url": "https://api.github.com/repos/entando/entando-plugin-jpseo/statuses/f2a2fec6fa4e54fbb4783bf837f7d1de1f2a5b9e",
  "avatar_url": "https://avatars.githubusercontent.com/u/57885396?v=4",
  "id": 12044881388,
  "node_id": "MDEzOlN0YXR1c0NvbnRleHQxMjA0NDg4MTM4OA==",
  "state": "success",
  "description": "Pre-deployment tests success!",
  "target_url": "https://entando-k8s.github.io/devops-results/entando-plugin-jpseo/PR-29/surefire-report.html",
  "context": "Pre-deployment tests",
  "created_at": "2021-02-02T17:23:40Z",
  "updated_at": "2021-02-02T17:23:40Z",
  "creator": {
    "login": "entando-**",
    "id": 57885396,
    "node_id": "MDQ6VXNlcjU3ODg1Mzk2",
    "avatar_url": "https://avatars.githubusercontent.com/u/57885396?v=4",
    "gravatar_id": "",
    "url": "https://api.github.com/users/**********",
    "html_url": "https://github.com/entando-**",
    "followers_url": "https://api.github.com/users/**********/followers",
    "following_url": "https://api.github.com/users/**********/following{/other_user}",
    "gists_url": "https://api.github.com/users/**********/gists{/gist_id}",
    "starred_url": "https://api.github.com/users/entando-**/starred{/owner}{/repo}",
    "subscriptions_url": "https://api.github.com/users/**********/subscriptions",
    "organizations_url": "https://api.github.com/users/entando-**/orgs",
    "repos_url": "https://api.github.com/users/entando-**/repos",
    "events_url": "https://api.github.com/users/**********/events{/privacy}",
    "received_events_url": "https://api.github.com/users/**********/received_events",
    "type": "User",
    "site_*****": false
  }
}
Congratulations! No build failures found for entando-plugin-jpseo-PR-29.
  0     0    0     0    0     0      0      0 --:--:-- --:--:-- --:--:--     0100  1843  100  1631  100   212   2383    309 --:--:-- --:--:-- --:--:--  2409
